[2024-09-25 02:09:55] local.DEBUG: ---------------------------------------  
[2024-09-25 02:09:55] local.DEBUG: advertisement=Illuminate\Support\Collection Object
(
    [items:protected] => Array
        (
        )

    [escapeWhenCastingToString:protected] => 
)
  
[2024-09-25 02:11:19] local.DEBUG: ---------------------------------------  
[2024-09-25 02:11:19] local.DEBUG: advertisement=Illuminate\Support\Collection Object
(
    [items:protected] => Array
        (
        )

    [escapeWhenCastingToString:protected] => 
)
  
[2024-09-25 02:11:19] local.DEBUG: advertisement=Illuminate\Support\Collection Object
(
    [items:protected] => Array
        (
        )

    [escapeWhenCastingToString:protected] => 
)
  
[2024-09-25 02:11:19] local.DEBUG: advertisement=Illuminate\Support\Collection Object
(
    [items:protected] => Array
        (
        )

    [escapeWhenCastingToString:protected] => 
)
  
[2024-09-25 02:11:53] local.DEBUG: ---------------------------------------  
[2024-09-25 02:11:53] local.DEBUG: advertisement=Illuminate\Support\Collection Object
(
    [items:protected] => Array
        (
            [0] => stdClass Object
                (
                    [id] => 11
                    [name] => 楽天
                    [aff_id] => 48
                    [memo] => 購入金額の1%
                    [click_cnt] => 0
                    [type] => banner
                    [sdate] => 
                    [days] => 
                    [age] => 30
                    [priority] => 1
                    [disp_flag] => 1
                    [created_at] => 2024-09-23 13:32:23
                    [updated_at] => 2024-09-25 02:11:49
                    [href] => https://rpx.a8.net/svt/ejp?a8mat=3ZDR00+D5X2B6+2HOM+66OZ5&rakuten=y&a8ejpredirect=http%3A%2F%2Fhb.afl.rakuten.co.jp%2Fhgc%2F0ea62065.34400275.0ea62066.204f04c0%2Fa24082691477_3ZDR00_D5X2B6_2HOM_66OZ5%3Fpc%3Dhttp%253A%252F%252Fwww.rakuten.co.jp%252F%26m%3Dhttp%253A%252F%252Fm.rakuten.co.jp%252F
                    [src] => http://hbb.afl.rakuten.co.jp/hsb/0eb4bbb9.b33dd4ef.0eb4bbaa.95151395/
                    [tracking_src] => https://www10.a8.net/0.gif?a8mat=3ZDR00+D5X2B6+2HOM+66OZ5
                )

        )

    [escapeWhenCastingToString:protected] => 
)
  
[2024-09-25 02:12:37] local.DEBUG: ---------------------------------------  
[2024-09-25 02:12:37] local.DEBUG: advertisement=Illuminate\Support\Collection Object
(
    [items:protected] => Array
        (
            [0] => stdClass Object
                (
                    [id] => 11
                    [name] => 楽天
                    [aff_id] => 48
                    [memo] => 購入金額の1%
                    [click_cnt] => 0
                    [type] => banner
                    [sdate] => 
                    [days] => 
                    [age] => 30
                    [priority] => 1
                    [disp_flag] => 1
                    [created_at] => 2024-09-23 13:32:23
                    [updated_at] => 2024-09-25 02:11:49
                    [href] => https://rpx.a8.net/svt/ejp?a8mat=3ZDR00+D5X2B6+2HOM+66OZ5&rakuten=y&a8ejpredirect=http%3A%2F%2Fhb.afl.rakuten.co.jp%2Fhgc%2F0ea62065.34400275.0ea62066.204f04c0%2Fa24082691477_3ZDR00_D5X2B6_2HOM_66OZ5%3Fpc%3Dhttp%253A%252F%252Fwww.rakuten.co.jp%252F%26m%3Dhttp%253A%252F%252Fm.rakuten.co.jp%252F
                    [src] => http://hbb.afl.rakuten.co.jp/hsb/0eb4bbb9.b33dd4ef.0eb4bbaa.95151395/
                    [tracking_src] => https://www10.a8.net/0.gif?a8mat=3ZDR00+D5X2B6+2HOM+66OZ5
                )

        )

    [escapeWhenCastingToString:protected] => 
)
  
[2024-09-25 02:13:42] local.DEBUG: ---------------------------------------  
[2024-09-25 02:13:42] local.DEBUG: advertisement=Illuminate\Support\Collection Object
(
    [items:protected] => Array
        (
            [0] => stdClass Object
                (
                    [id] => 11
                    [name] => 楽天
                    [aff_id] => 48
                    [memo] => 購入金額の1%
                    [click_cnt] => 0
                    [type] => banner
                    [sdate] => 
                    [days] => 
                    [age] => 30
                    [priority] => 1
                    [disp_flag] => 1
                    [created_at] => 2024-09-23 13:32:23
                    [updated_at] => 2024-09-25 02:11:49
                    [href] => https://rpx.a8.net/svt/ejp?a8mat=3ZDR00+D5X2B6+2HOM+66OZ5&rakuten=y&a8ejpredirect=http%3A%2F%2Fhb.afl.rakuten.co.jp%2Fhgc%2F0ea62065.34400275.0ea62066.204f04c0%2Fa24082691477_3ZDR00_D5X2B6_2HOM_66OZ5%3Fpc%3Dhttp%253A%252F%252Fwww.rakuten.co.jp%252F%26m%3Dhttp%253A%252F%252Fm.rakuten.co.jp%252F
                    [src] => http://hbb.afl.rakuten.co.jp/hsb/0eb4bbb9.b33dd4ef.0eb4bbaa.95151395/
                    [tracking_src] => https://www10.a8.net/0.gif?a8mat=3ZDR00+D5X2B6+2HOM+66OZ5
                )

        )

    [escapeWhenCastingToString:protected] => 
)
  
[2024-09-25 02:14:27] local.DEBUG: ---------------------------------------  
[2024-09-25 02:14:27] local.DEBUG: advertisement=Illuminate\Support\Collection Object
(
    [items:protected] => Array
        (
            [0] => stdClass Object
                (
                    [id] => 11
                    [name] => 楽天
                    [aff_id] => 48
                    [memo] => 購入金額の1%
                    [click_cnt] => 0
                    [type] => banner
                    [sdate] => 
                    [days] => 
                    [age] => 30
                    [priority] => 1
                    [disp_flag] => 1
                    [created_at] => 2024-09-23 13:32:23
                    [updated_at] => 2024-09-25 02:11:49
                    [href] => https://rpx.a8.net/svt/ejp?a8mat=3ZDR00+D5X2B6+2HOM+66OZ5&rakuten=y&a8ejpredirect=http%3A%2F%2Fhb.afl.rakuten.co.jp%2Fhgc%2F0ea62065.34400275.0ea62066.204f04c0%2Fa24082691477_3ZDR00_D5X2B6_2HOM_66OZ5%3Fpc%3Dhttp%253A%252F%252Fwww.rakuten.co.jp%252F%26m%3Dhttp%253A%252F%252Fm.rakuten.co.jp%252F
                    [src] => http://hbb.afl.rakuten.co.jp/hsb/0eb4bbb9.b33dd4ef.0eb4bbaa.95151395/
                    [tracking_src] => https://www10.a8.net/0.gif?a8mat=3ZDR00+D5X2B6+2HOM+66OZ5
                )

        )

    [escapeWhenCastingToString:protected] => 
)
  
[2024-09-25 02:15:09] local.DEBUG: ---------------------------------------  
[2024-09-25 02:15:09] local.DEBUG: advertisement=Illuminate\Support\Collection Object
(
    [items:protected] => Array
        (
            [0] => stdClass Object
                (
                    [id] => 11
                    [name] => 楽天
                    [aff_id] => 48
                    [memo] => 購入金額の1%
                    [click_cnt] => 0
                    [type] => banner
                    [sdate] => 
                    [days] => 
                    [age] => 30
                    [priority] => 1
                    [disp_flag] => 1
                    [created_at] => 2024-09-23 13:32:23
                    [updated_at] => 2024-09-25 02:11:49
                    [href] => https://rpx.a8.net/svt/ejp?a8mat=3ZDR00+D5X2B6+2HOM+66OZ5&rakuten=y&a8ejpredirect=http%3A%2F%2Fhb.afl.rakuten.co.jp%2Fhgc%2F0ea62065.34400275.0ea62066.204f04c0%2Fa24082691477_3ZDR00_D5X2B6_2HOM_66OZ5%3Fpc%3Dhttp%253A%252F%252Fwww.rakuten.co.jp%252F%26m%3Dhttp%253A%252F%252Fm.rakuten.co.jp%252F
                    [src] => http://hbb.afl.rakuten.co.jp/hsb/0eb4bbb9.b33dd4ef.0eb4bbaa.95151395/
                    [tracking_src] => https://www10.a8.net/0.gif?a8mat=3ZDR00+D5X2B6+2HOM+66OZ5
                )

        )

    [escapeWhenCastingToString:protected] => 
)
  
[2024-09-25 21:21:53] local.DEBUG: ---------------------------------------  
[2024-09-25 21:21:53] local.DEBUG: advertisement=Illuminate\Support\Collection Object
(
    [items:protected] => Array
        (
            [0] => stdClass Object
                (
                    [id] => 11
                    [name] => 楽天
                    [aff_id] => 48
                    [memo] => 購入金額の1%
                    [click_cnt] => 0
                    [type] => banner
                    [sdate] => 
                    [days] => 
                    [age] => 30
                    [priority] => 1
                    [disp_flag] => 1
                    [created_at] => 2024-09-23 13:32:23
                    [updated_at] => 2024-09-25 02:11:49
                    [href] => https://rpx.a8.net/svt/ejp?a8mat=3ZDR00+D5X2B6+2HOM+66OZ5&rakuten=y&a8ejpredirect=http%3A%2F%2Fhb.afl.rakuten.co.jp%2Fhgc%2F0ea62065.34400275.0ea62066.204f04c0%2Fa24082691477_3ZDR00_D5X2B6_2HOM_66OZ5%3Fpc%3Dhttp%253A%252F%252Fwww.rakuten.co.jp%252F%26m%3Dhttp%253A%252F%252Fm.rakuten.co.jp%252F
                    [src] => http://hbb.afl.rakuten.co.jp/hsb/0eb4bbb9.b33dd4ef.0eb4bbaa.95151395/
                    [tracking_src] => https://www10.a8.net/0.gif?a8mat=3ZDR00+D5X2B6+2HOM+66OZ5
                )

        )

    [escapeWhenCastingToString:protected] => 
)
  
[2024-09-25 21:28:49] local.DEBUG: ---------------------------------------  
[2024-09-25 21:28:49] local.DEBUG: advertisement=Illuminate\Support\Collection Object
(
    [items:protected] => Array
        (
            [0] => stdClass Object
                (
                    [id] => 11
                    [name] => 楽天
                    [aff_id] => 48
                    [memo] => 購入金額の1%
                    [click_cnt] => 0
                    [type] => banner
                    [sdate] => 
                    [days] => 
                    [age] => 30
                    [priority] => 1
                    [disp_flag] => 1
                    [created_at] => 2024-09-23 13:32:23
                    [updated_at] => 2024-09-25 02:11:49
                    [href] => https://rpx.a8.net/svt/ejp?a8mat=3ZDR00+D5X2B6+2HOM+66OZ5&rakuten=y&a8ejpredirect=http%3A%2F%2Fhb.afl.rakuten.co.jp%2Fhgc%2F0ea62065.34400275.0ea62066.204f04c0%2Fa24082691477_3ZDR00_D5X2B6_2HOM_66OZ5%3Fpc%3Dhttp%253A%252F%252Fwww.rakuten.co.jp%252F%26m%3Dhttp%253A%252F%252Fm.rakuten.co.jp%252F
                    [src] => http://hbb.afl.rakuten.co.jp/hsb/0eb4bbb9.b33dd4ef.0eb4bbaa.95151395/
                    [tracking_src] => https://www10.a8.net/0.gif?a8mat=3ZDR00+D5X2B6+2HOM+66OZ5
                )

        )

    [escapeWhenCastingToString:protected] => 
)
  
[2024-09-25 21:28:57] local.DEBUG: ---------------------------------------  
[2024-09-25 21:28:57] local.DEBUG: advertisement=Illuminate\Support\Collection Object
(
    [items:protected] => Array
        (
            [0] => stdClass Object
                (
                    [id] => 11
                    [name] => 楽天
                    [aff_id] => 48
                    [memo] => 購入金額の1%
                    [click_cnt] => 0
                    [type] => banner
                    [sdate] => 
                    [days] => 
                    [age] => 30
                    [priority] => 1
                    [disp_flag] => 1
                    [created_at] => 2024-09-23 13:32:23
                    [updated_at] => 2024-09-25 02:11:49
                    [href] => https://rpx.a8.net/svt/ejp?a8mat=3ZDR00+D5X2B6+2HOM+66OZ5&rakuten=y&a8ejpredirect=http%3A%2F%2Fhb.afl.rakuten.co.jp%2Fhgc%2F0ea62065.34400275.0ea62066.204f04c0%2Fa24082691477_3ZDR00_D5X2B6_2HOM_66OZ5%3Fpc%3Dhttp%253A%252F%252Fwww.rakuten.co.jp%252F%26m%3Dhttp%253A%252F%252Fm.rakuten.co.jp%252F
                    [src] => http://hbb.afl.rakuten.co.jp/hsb/0eb4bbb9.b33dd4ef.0eb4bbaa.95151395/
                    [tracking_src] => https://www10.a8.net/0.gif?a8mat=3ZDR00+D5X2B6+2HOM+66OZ5
                )

        )

    [escapeWhenCastingToString:protected] => 
)
  
[2024-09-25 21:29:04] local.DEBUG: ---------------------------------------  
[2024-09-25 21:29:04] local.DEBUG: advertisement=Illuminate\Support\Collection Object
(
    [items:protected] => Array
        (
            [0] => stdClass Object
                (
                    [id] => 11
                    [name] => 楽天
                    [aff_id] => 48
                    [memo] => 購入金額の1%
                    [click_cnt] => 0
                    [type] => banner
                    [sdate] => 
                    [days] => 
                    [age] => 30
                    [priority] => 1
                    [disp_flag] => 1
                    [created_at] => 2024-09-23 13:32:23
                    [updated_at] => 2024-09-25 02:11:49
                    [href] => https://rpx.a8.net/svt/ejp?a8mat=3ZDR00+D5X2B6+2HOM+66OZ5&rakuten=y&a8ejpredirect=http%3A%2F%2Fhb.afl.rakuten.co.jp%2Fhgc%2F0ea62065.34400275.0ea62066.204f04c0%2Fa24082691477_3ZDR00_D5X2B6_2HOM_66OZ5%3Fpc%3Dhttp%253A%252F%252Fwww.rakuten.co.jp%252F%26m%3Dhttp%253A%252F%252Fm.rakuten.co.jp%252F
                    [src] => http://hbb.afl.rakuten.co.jp/hsb/0eb4bbb9.b33dd4ef.0eb4bbaa.95151395/
                    [tracking_src] => https://www10.a8.net/0.gif?a8mat=3ZDR00+D5X2B6+2HOM+66OZ5
                )

        )

    [escapeWhenCastingToString:protected] => 
)
  
[2024-09-25 21:29:32] local.DEBUG: ---------------------------------------  
[2024-09-25 21:29:32] local.DEBUG: advertisement=Illuminate\Support\Collection Object
(
    [items:protected] => Array
        (
        )

    [escapeWhenCastingToString:protected] => 
)
  
[2024-09-25 21:29:34] local.DEBUG: ---------------------------------------  
[2024-09-25 21:29:34] local.DEBUG: advertisement=Illuminate\Support\Collection Object
(
    [items:protected] => Array
        (
        )

    [escapeWhenCastingToString:protected] => 
)
  
[2024-09-25 21:29:48] local.DEBUG: ---------------------------------------  
[2024-09-25 21:29:48] local.DEBUG: advertisement=Illuminate\Support\Collection Object
(
    [items:protected] => Array
        (
        )

    [escapeWhenCastingToString:protected] => 
)
  
[2024-09-25 21:30:04] local.DEBUG: ---------------------------------------  
[2024-09-25 21:30:04] local.DEBUG: advertisement=Illuminate\Support\Collection Object
(
    [items:protected] => Array
        (
        )

    [escapeWhenCastingToString:protected] => 
)
  
[2024-09-25 21:31:06] local.DEBUG: ---------------------------------------  
[2024-09-25 21:31:06] local.DEBUG: advertisement=Illuminate\Support\Collection Object
(
    [items:protected] => Array
        (
            [0] => stdClass Object
                (
                    [id] => 8
                    [name] => DMM FX
                    [aff_id] => 36
                    [memo] => 新規アカウント登録
 1取引55000
                    [click_cnt] => 0
                    [type] => banner
                    [sdate] => 
                    [days] => 
                    [age] => 
                    [priority] => 1
                    [disp_flag] => 1
                    [created_at] => 2024-09-19 20:13:29
                    [updated_at] => 2024-09-25 21:31:04
                    [href] => https://px.a8.net/svt/ejp?a8mat=3ZDR00+D5BMPE+1WP2+64C3L
                    [src] => https://www24.a8.net/svt/bgt?aid=240826608795&wid=001&eno=01&mid=s00000008903001028000&mc=1
                    [tracking_src] => https://www14.a8.net/0.gif?a8mat=3ZDR00+D5BMPE+1WP2+64C3L
                )

        )

    [escapeWhenCastingToString:protected] => 
)
  
[2024-09-25 21:32:14] local.DEBUG: ---------------------------------------  
[2024-09-25 21:32:14] local.DEBUG: advertisement=Illuminate\Support\Collection Object
(
    [items:protected] => Array
        (
            [0] => stdClass Object
                (
                    [id] => 8
                    [name] => DMM FX
                    [aff_id] => 36
                    [memo] => 新規アカウント登録
 1取引55000
                    [click_cnt] => 0
                    [type] => banner
                    [sdate] => 
                    [days] => 
                    [age] => 
                    [priority] => 1
                    [disp_flag] => 1
                    [created_at] => 2024-09-19 20:13:29
                    [updated_at] => 2024-09-25 21:31:04
                    [href] => https://px.a8.net/svt/ejp?a8mat=3ZDR00+D5BMPE+1WP2+64C3L
                    [src] => https://www24.a8.net/svt/bgt?aid=240826608795&wid=001&eno=01&mid=s00000008903001028000&mc=1
                    [tracking_src] => https://www14.a8.net/0.gif?a8mat=3ZDR00+D5BMPE+1WP2+64C3L
                )

            [1] => stdClass Object
                (
                    [id] => 11
                    [name] => 楽天
                    [aff_id] => 48
                    [memo] => 購入金額の1%
                    [click_cnt] => 0
                    [type] => banner
                    [sdate] => 09-24
                    [days] => 2
                    [age] => 
                    [priority] => 1
                    [disp_flag] => 0
                    [created_at] => 2024-09-23 13:32:23
                    [updated_at] => 2024-09-25 21:30:02
                    [href] => https://rpx.a8.net/svt/ejp?a8mat=3ZDR00+D5X2B6+2HOM+66OZ5&rakuten=y&a8ejpredirect=http%3A%2F%2Fhb.afl.rakuten.co.jp%2Fhgc%2F0ea62065.34400275.0ea62066.204f04c0%2Fa24082691477_3ZDR00_D5X2B6_2HOM_66OZ5%3Fpc%3Dhttp%253A%252F%252Fwww.rakuten.co.jp%252F%26m%3Dhttp%253A%252F%252Fm.rakuten.co.jp%252F
                    [src] => http://hbb.afl.rakuten.co.jp/hsb/0eb4bbb9.b33dd4ef.0eb4bbaa.95151395/
                    [tracking_src] => https://www10.a8.net/0.gif?a8mat=3ZDR00+D5X2B6+2HOM+66OZ5
                )

        )

    [escapeWhenCastingToString:protected] => 
)
  
[2024-09-25 21:33:10] local.DEBUG: ---------------------------------------  
[2024-09-25 21:33:10] local.DEBUG: advertisement=Illuminate\Support\Collection Object
(
    [items:protected] => Array
        (
            [0] => stdClass Object
                (
                    [id] => 8
                    [name] => DMM FX
                    [aff_id] => 36
                    [memo] => 新規アカウント登録
 1取引55000
                    [click_cnt] => 0
                    [type] => banner
                    [sdate] => 
                    [days] => 
                    [age] => 
                    [priority] => 1
                    [disp_flag] => 1
                    [created_at] => 2024-09-19 20:13:29
                    [updated_at] => 2024-09-25 21:31:04
                    [href] => https://px.a8.net/svt/ejp?a8mat=3ZDR00+D5BMPE+1WP2+64C3L
                    [src] => https://www24.a8.net/svt/bgt?aid=240826608795&wid=001&eno=01&mid=s00000008903001028000&mc=1
                    [tracking_src] => https://www14.a8.net/0.gif?a8mat=3ZDR00+D5BMPE+1WP2+64C3L
                )

        )

    [escapeWhenCastingToString:protected] => 
)
  
[2024-09-25 21:33:27] local.DEBUG: ---------------------------------------  
[2024-09-25 21:33:27] local.DEBUG: advertisement=Illuminate\Support\Collection Object
(
    [items:protected] => Array
        (
            [0] => stdClass Object
                (
                    [id] => 8
                    [name] => DMM FX
                    [aff_id] => 36
                    [memo] => 新規アカウント登録
 1取引55000
                    [click_cnt] => 0
                    [type] => banner
                    [sdate] => 
                    [days] => 
                    [age] => 
                    [priority] => 1
                    [disp_flag] => 1
                    [created_at] => 2024-09-19 20:13:29
                    [updated_at] => 2024-09-25 21:31:04
                    [href] => https://px.a8.net/svt/ejp?a8mat=3ZDR00+D5BMPE+1WP2+64C3L
                    [src] => https://www24.a8.net/svt/bgt?aid=240826608795&wid=001&eno=01&mid=s00000008903001028000&mc=1
                    [tracking_src] => https://www14.a8.net/0.gif?a8mat=3ZDR00+D5BMPE+1WP2+64C3L
                )

            [1] => stdClass Object
                (
                    [id] => 11
                    [name] => 楽天
                    [aff_id] => 48
                    [memo] => 購入金額の1%
                    [click_cnt] => 0
                    [type] => banner
                    [sdate] => 09-24
                    [days] => 2
                    [age] => 
                    [priority] => 1
                    [disp_flag] => 1
                    [created_at] => 2024-09-23 13:32:23
                    [updated_at] => 2024-09-25 21:33:19
                    [href] => https://rpx.a8.net/svt/ejp?a8mat=3ZDR00+D5X2B6+2HOM+66OZ5&rakuten=y&a8ejpredirect=http%3A%2F%2Fhb.afl.rakuten.co.jp%2Fhgc%2F0ea62065.34400275.0ea62066.204f04c0%2Fa24082691477_3ZDR00_D5X2B6_2HOM_66OZ5%3Fpc%3Dhttp%253A%252F%252Fwww.rakuten.co.jp%252F%26m%3Dhttp%253A%252F%252Fm.rakuten.co.jp%252F
                    [src] => http://hbb.afl.rakuten.co.jp/hsb/0eb4bbb9.b33dd4ef.0eb4bbaa.95151395/
                    [tracking_src] => https://www10.a8.net/0.gif?a8mat=3ZDR00+D5X2B6+2HOM+66OZ5
                )

        )

    [escapeWhenCastingToString:protected] => 
)
  
[2024-09-25 21:33:38] local.DEBUG: ---------------------------------------  
[2024-09-25 21:33:38] local.DEBUG: advertisement=Illuminate\Support\Collection Object
(
    [items:protected] => Array
        (
            [0] => stdClass Object
                (
                    [id] => 8
                    [name] => DMM FX
                    [aff_id] => 36
                    [memo] => 新規アカウント登録
 1取引55000
                    [click_cnt] => 0
                    [type] => banner
                    [sdate] => 
                    [days] => 
                    [age] => 
                    [priority] => 1
                    [disp_flag] => 1
                    [created_at] => 2024-09-19 20:13:29
                    [updated_at] => 2024-09-25 21:31:04
                    [href] => https://px.a8.net/svt/ejp?a8mat=3ZDR00+D5BMPE+1WP2+64C3L
                    [src] => https://www24.a8.net/svt/bgt?aid=240826608795&wid=001&eno=01&mid=s00000008903001028000&mc=1
                    [tracking_src] => https://www14.a8.net/0.gif?a8mat=3ZDR00+D5BMPE+1WP2+64C3L
                )

        )

    [escapeWhenCastingToString:protected] => 
)
  
[2024-09-25 21:34:11] local.DEBUG: ---------------------------------------  
[2024-09-25 21:34:11] local.DEBUG: advertisement=Illuminate\Support\Collection Object
(
    [items:protected] => Array
        (
            [0] => stdClass Object
                (
                    [id] => 8
                    [name] => DMM FX
                    [aff_id] => 36
                    [memo] => 新規アカウント登録
 1取引55000
                    [click_cnt] => 0
                    [type] => banner
                    [sdate] => 
                    [days] => 
                    [age] => 
                    [priority] => 1
                    [disp_flag] => 1
                    [created_at] => 2024-09-19 20:13:29
                    [updated_at] => 2024-09-25 21:31:04
                    [href] => https://px.a8.net/svt/ejp?a8mat=3ZDR00+D5BMPE+1WP2+64C3L
                    [src] => https://www24.a8.net/svt/bgt?aid=240826608795&wid=001&eno=01&mid=s00000008903001028000&mc=1
                    [tracking_src] => https://www14.a8.net/0.gif?a8mat=3ZDR00+D5BMPE+1WP2+64C3L
                )

            [1] => stdClass Object
                (
                    [id] => 11
                    [name] => 楽天
                    [aff_id] => 48
                    [memo] => 購入金額の1%
                    [click_cnt] => 0
                    [type] => banner
                    [sdate] => 09-25
                    [days] => 1
                    [age] => 
                    [priority] => 1
                    [disp_flag] => 1
                    [created_at] => 2024-09-23 13:32:23
                    [updated_at] => 2024-09-25 21:34:05
                    [href] => https://rpx.a8.net/svt/ejp?a8mat=3ZDR00+D5X2B6+2HOM+66OZ5&rakuten=y&a8ejpredirect=http%3A%2F%2Fhb.afl.rakuten.co.jp%2Fhgc%2F0ea62065.34400275.0ea62066.204f04c0%2Fa24082691477_3ZDR00_D5X2B6_2HOM_66OZ5%3Fpc%3Dhttp%253A%252F%252Fwww.rakuten.co.jp%252F%26m%3Dhttp%253A%252F%252Fm.rakuten.co.jp%252F
                    [src] => http://hbb.afl.rakuten.co.jp/hsb/0eb4bbb9.b33dd4ef.0eb4bbaa.95151395/
                    [tracking_src] => https://www10.a8.net/0.gif?a8mat=3ZDR00+D5X2B6+2HOM+66OZ5
                )

        )

    [escapeWhenCastingToString:protected] => 
)
  
[2024-09-25 21:34:23] local.DEBUG: ---------------------------------------  
[2024-09-25 21:34:23] local.DEBUG: advertisement=Illuminate\Support\Collection Object
(
    [items:protected] => Array
        (
            [0] => stdClass Object
                (
                    [id] => 8
                    [name] => DMM FX
                    [aff_id] => 36
                    [memo] => 新規アカウント登録
 1取引55000
                    [click_cnt] => 0
                    [type] => banner
                    [sdate] => 
                    [days] => 
                    [age] => 
                    [priority] => 1
                    [disp_flag] => 1
                    [created_at] => 2024-09-19 20:13:29
                    [updated_at] => 2024-09-25 21:31:04
                    [href] => https://px.a8.net/svt/ejp?a8mat=3ZDR00+D5BMPE+1WP2+64C3L
                    [src] => https://www24.a8.net/svt/bgt?aid=240826608795&wid=001&eno=01&mid=s00000008903001028000&mc=1
                    [tracking_src] => https://www14.a8.net/0.gif?a8mat=3ZDR00+D5BMPE+1WP2+64C3L
                )

        )

    [escapeWhenCastingToString:protected] => 
)
  
[2024-09-25 21:34:35] local.DEBUG: ---------------------------------------  
[2024-09-25 21:34:35] local.DEBUG: advertisement=Illuminate\Support\Collection Object
(
    [items:protected] => Array
        (
            [0] => stdClass Object
                (
                    [id] => 8
                    [name] => DMM FX
                    [aff_id] => 36
                    [memo] => 新規アカウント登録
 1取引55000
                    [click_cnt] => 0
                    [type] => banner
                    [sdate] => 
                    [days] => 
                    [age] => 
                    [priority] => 1
                    [disp_flag] => 1
                    [created_at] => 2024-09-19 20:13:29
                    [updated_at] => 2024-09-25 21:31:04
                    [href] => https://px.a8.net/svt/ejp?a8mat=3ZDR00+D5BMPE+1WP2+64C3L
                    [src] => https://www24.a8.net/svt/bgt?aid=240826608795&wid=001&eno=01&mid=s00000008903001028000&mc=1
                    [tracking_src] => https://www14.a8.net/0.gif?a8mat=3ZDR00+D5BMPE+1WP2+64C3L
                )

        )

    [escapeWhenCastingToString:protected] => 
)
  
[2024-09-25 21:34:43] local.DEBUG: ---------------------------------------  
[2024-09-25 21:34:43] local.DEBUG: advertisement=Illuminate\Support\Collection Object
(
    [items:protected] => Array
        (
            [0] => stdClass Object
                (
                    [id] => 8
                    [name] => DMM FX
                    [aff_id] => 36
                    [memo] => 新規アカウント登録
 1取引55000
                    [click_cnt] => 0
                    [type] => banner
                    [sdate] => 
                    [days] => 
                    [age] => 
                    [priority] => 1
                    [disp_flag] => 1
                    [created_at] => 2024-09-19 20:13:29
                    [updated_at] => 2024-09-25 21:31:04
                    [href] => https://px.a8.net/svt/ejp?a8mat=3ZDR00+D5BMPE+1WP2+64C3L
                    [src] => https://www24.a8.net/svt/bgt?aid=240826608795&wid=001&eno=01&mid=s00000008903001028000&mc=1
                    [tracking_src] => https://www14.a8.net/0.gif?a8mat=3ZDR00+D5BMPE+1WP2+64C3L
                )

            [1] => stdClass Object
                (
                    [id] => 11
                    [name] => 楽天
                    [aff_id] => 48
                    [memo] => 購入金額の1%
                    [click_cnt] => 0
                    [type] => banner
                    [sdate] => 09-24
                    [days] => 2
                    [age] => 
                    [priority] => 1
                    [disp_flag] => 1
                    [created_at] => 2024-09-23 13:32:23
                    [updated_at] => 2024-09-25 21:34:42
                    [href] => https://rpx.a8.net/svt/ejp?a8mat=3ZDR00+D5X2B6+2HOM+66OZ5&rakuten=y&a8ejpredirect=http%3A%2F%2Fhb.afl.rakuten.co.jp%2Fhgc%2F0ea62065.34400275.0ea62066.204f04c0%2Fa24082691477_3ZDR00_D5X2B6_2HOM_66OZ5%3Fpc%3Dhttp%253A%252F%252Fwww.rakuten.co.jp%252F%26m%3Dhttp%253A%252F%252Fm.rakuten.co.jp%252F
                    [src] => http://hbb.afl.rakuten.co.jp/hsb/0eb4bbb9.b33dd4ef.0eb4bbaa.95151395/
                    [tracking_src] => https://www10.a8.net/0.gif?a8mat=3ZDR00+D5X2B6+2HOM+66OZ5
                )

        )

    [escapeWhenCastingToString:protected] => 
)
  
