[2024-07-02 15:13:16] local.DEBUG: after_data=Array
(
    [name] => サザンオールスターズ
    [debut] => 1978-06-25
    [sex] => 0
)
  
[2024-07-02 18:34:20] local.DEBUG: after_data=Array
(
    [name] => ケツメイシ
    [sex] => 0
)
  
[2024-07-02 18:34:47] local.DEBUG: after_data=Array
(
    [name] => ケツメイシ
    [sex] => 0
)
  
[2024-08-25 23:33:37] local.DEBUG: after_data=Array
(
    [name] => ケツメイシ
    [debut] => 2001-04-01
    [sex] => 1
)
  
[2024-08-26 16:43:52] local.DEBUG: after_data=Array
(
    [name] => ケツメイシ１
    [debut] => 2001-04-01
    [sex] => 1
)
  
[2024-08-26 16:43:56] local.DEBUG: after_data=Array
(
    [name] => ケツメイシ
    [debut] => 2001-04-01
    [sex] => 1
)
  
[2024-08-27 20:54:42] local.DEBUG: after_data=Array
(
    [name] => ケツメイシ
    [debut] => 2001-04-01
    [sex] => 0
)
  
[2024-08-27 21:33:34] local.DEBUG: after_data=Array
(
    [name] => 女王蜂
    [name2] => じょうおうばち
    [debut] => 2011-09-07
    [sex] => 1
)
  
[2024-11-16 18:11:32] local.DEBUG: after_data=Array
(
    [name] => HY
    [name2] => エイチワ
    [debut] => 2001-09-22
    [sex] => 0
)
  
[2024-11-16 18:11:44] local.DEBUG: after_data=Array
(
    [name] => HY
    [name2] => エイチワイ
    [debut] => 2001-09-22
    [sex] => 0
)
  
