[2024-04-02 22:58:06] local.DEBUG: -------start-------  
[2024-04-02 22:58:06] local.DEBUG: id=16 art_id=6 name=アルバム新規登録  
[2024-04-02 22:58:06] local.DEBUG: change:musics.art_id  
[2024-04-02 23:04:25] local.DEBUG: -------start-------  
[2024-04-02 23:04:25] local.DEBUG: id=16 art_id=2 name=アルバム新規登録  
[2024-04-02 23:04:25] local.DEBUG: change:musics.art_id  
[2024-04-02 23:04:33] local.DEBUG: -------start-------  
[2024-04-02 23:04:33] local.DEBUG: id=16 art_id=2 name=アルバム新規登録  
[2024-04-02 23:05:22] local.DEBUG: -------start-------  
[2024-04-02 23:05:22] local.DEBUG: id=16 art_id=2 name=アルバム新規登録  
[2024-04-02 23:05:39] local.DEBUG: -------start-------  
[2024-04-02 23:05:39] local.DEBUG: id=16 art_id=3 name=アルバム新規登録  
[2024-04-02 23:05:39] local.DEBUG: change:musics.art_id  
[2024-04-02 23:05:39] local.ERROR: Undefined variable $music {"userId":1,"exception":"[object] (ErrorException(code: 0): Undefined variable $music at C:\\xampp\\htdocs\\app01\\app\\Models\\Album.php:118)
[stacktrace]
#0 C:\\xampp\\htdocs\\app01\\vendor\\laravel\\framework\\src\\Illuminate\\Foundation\\Bootstrap\\HandleExceptions.php(255): Illuminate\\Foundation\\Bootstrap\\HandleExceptions->handleError(2, 'Undefined varia...', 'C:\\\\xampp\\\\htdocs...', 118)
#1 C:\\xampp\\htdocs\\app01\\app\\Models\\Album.php(118): Illuminate\\Foundation\\Bootstrap\\HandleExceptions->Illuminate\\Foundation\\Bootstrap\\{closure}(2, 'Undefined varia...', 'C:\\\\xampp\\\\htdocs...', 118)
#2 C:\\xampp\\htdocs\\app01\\app\\Http\\Controllers\\Admin\\AdminAlbumController.php(144): App\\Models\\Album::chgAlbum(Array)
#3 C:\\xampp\\htdocs\\app01\\vendor\\laravel\\framework\\src\\Illuminate\\Routing\\Controller.php(54): App\\Http\\Controllers\\Admin\\AdminAlbumController->album_chg(Object(Illuminate\\Http\\Request))
#4 C:\\xampp\\htdocs\\app01\\vendor\\laravel\\framework\\src\\Illuminate\\Routing\\ControllerDispatcher.php(43): Illuminate\\Routing\\Controller->callAction('album_chg', Array)
#5 C:\\xampp\\htdocs\\app01\\vendor\\laravel\\framework\\src\\Illuminate\\Routing\\Route.php(259): Illuminate\\Routing\\ControllerDispatcher->dispatch(Object(Illuminate\\Routing\\Route), Object(App\\Http\\Controllers\\Admin\\AdminAlbumController), 'album_chg')
#6 C:\\xampp\\htdocs\\app01\\vendor\\laravel\\framework\\src\\Illuminate\\Routing\\Route.php(205): Illuminate\\Routing\\Route->runController()
#7 C:\\xampp\\htdocs\\app01\\vendor\\laravel\\framework\\src\\Illuminate\\Routing\\Router.php(806): Illuminate\\Routing\\Route->run()
#8 C:\\xampp\\htdocs\\app01\\vendor\\laravel\\framework\\src\\Illuminate\\Pipeline\\Pipeline.php(144): Illuminate\\Routing\\Router->Illuminate\\Routing\\{closure}(Object(Illuminate\\Http\\Request))
#9 C:\\xampp\\htdocs\\app01\\app\\Http\\Middleware\\AdminMiddleware.php(16): Illuminate\\Pipeline\\Pipeline->Illuminate\\Pipeline\\{closure}(Object(Illuminate\\Http\\Request))
#10 C:\\xampp\\htdocs\\app01\\vendor\\laravel\\framework\\src\\Illuminate\\Pipeline\\Pipeline.php(183): App\\Http\\Middleware\\AdminMiddleware->handle(Object(Illuminate\\Http\\Request), Object(Closure))
#11 C:\\xampp\\htdocs\\app01\\vendor\\laravel\\framework\\src\\Illuminate\\Routing\\Middleware\\SubstituteBindings.php(50): Illuminate\\Pipeline\\Pipeline->Illuminate\\Pipeline\\{closure}(Object(Illuminate\\Http\\Request))
#12 C:\\xampp\\htdocs\\app01\\vendor\\laravel\\framework\\src\\Illuminate\\Pipeline\\Pipeline.php(183): Illuminate\\Routing\\Middleware\\SubstituteBindings->handle(Object(Illuminate\\Http\\Request), Object(Closure))
#13 C:\\xampp\\htdocs\\app01\\vendor\\laravel\\framework\\src\\Illuminate\\Auth\\Middleware\\Authenticate.php(57): Illuminate\\Pipeline\\Pipeline->Illuminate\\Pipeline\\{closure}(Object(Illuminate\\Http\\Request))
#14 C:\\xampp\\htdocs\\app01\\vendor\\laravel\\framework\\src\\Illuminate\\Pipeline\\Pipeline.php(183): Illuminate\\Auth\\Middleware\\Authenticate->handle(Object(Illuminate\\Http\\Request), Object(Closure))
#15 C:\\xampp\\htdocs\\app01\\vendor\\laravel\\framework\\src\\Illuminate\\Foundation\\Http\\Middleware\\VerifyCsrfToken.php(78): Illuminate\\Pipeline\\Pipeline->Illuminate\\Pipeline\\{closure}(Object(Illuminate\\Http\\Request))
#16 C:\\xampp\\htdocs\\app01\\vendor\\laravel\\framework\\src\\Illuminate\\Pipeline\\Pipeline.php(183): Illuminate\\Foundation\\Http\\Middleware\\VerifyCsrfToken->handle(Object(Illuminate\\Http\\Request), Object(Closure))
#17 C:\\xampp\\htdocs\\app01\\vendor\\laravel\\framework\\src\\Illuminate\\View\\Middleware\\ShareErrorsFromSession.php(49): Illuminate\\Pipeline\\Pipeline->Illuminate\\Pipeline\\{closure}(Object(Illuminate\\Http\\Request))
#18 C:\\xampp\\htdocs\\app01\\vendor\\laravel\\framework\\src\\Illuminate\\Pipeline\\Pipeline.php(183): Illuminate\\View\\Middleware\\ShareErrorsFromSession->handle(Object(Illuminate\\Http\\Request), Object(Closure))
#19 C:\\xampp\\htdocs\\app01\\vendor\\laravel\\framework\\src\\Illuminate\\Session\\Middleware\\StartSession.php(121): Illuminate\\Pipeline\\Pipeline->Illuminate\\Pipeline\\{closure}(Object(Illuminate\\Http\\Request))
#20 C:\\xampp\\htdocs\\app01\\vendor\\laravel\\framework\\src\\Illuminate\\Session\\Middleware\\StartSession.php(64): Illuminate\\Session\\Middleware\\StartSession->handleStatefulRequest(Object(Illuminate\\Http\\Request), Object(Illuminate\\Session\\Store), Object(Closure))
#21 C:\\xampp\\htdocs\\app01\\vendor\\laravel\\framework\\src\\Illuminate\\Pipeline\\Pipeline.php(183): Illuminate\\Session\\Middleware\\StartSession->handle(Object(Illuminate\\Http\\Request), Object(Closure))
#22 C:\\xampp\\htdocs\\app01\\vendor\\laravel\\framework\\src\\Illuminate\\Cookie\\Middleware\\AddQueuedCookiesToResponse.php(37): Illuminate\\Pipeline\\Pipeline->Illuminate\\Pipeline\\{closure}(Object(Illuminate\\Http\\Request))
#23 C:\\xampp\\htdocs\\app01\\vendor\\laravel\\framework\\src\\Illuminate\\Pipeline\\Pipeline.php(183): Illuminate\\Cookie\\Middleware\\AddQueuedCookiesToResponse->handle(Object(Illuminate\\Http\\Request), Object(Closure))
#24 C:\\xampp\\htdocs\\app01\\vendor\\laravel\\framework\\src\\Illuminate\\Cookie\\Middleware\\EncryptCookies.php(67): Illuminate\\Pipeline\\Pipeline->Illuminate\\Pipeline\\{closure}(Object(Illuminate\\Http\\Request))
#25 C:\\xampp\\htdocs\\app01\\vendor\\laravel\\framework\\src\\Illuminate\\Pipeline\\Pipeline.php(183): Illuminate\\Cookie\\Middleware\\EncryptCookies->handle(Object(Illuminate\\Http\\Request), Object(Closure))
#26 C:\\xampp\\htdocs\\app01\\vendor\\laravel\\framework\\src\\Illuminate\\Pipeline\\Pipeline.php(119): Illuminate\\Pipeline\\Pipeline->Illuminate\\Pipeline\\{closure}(Object(Illuminate\\Http\\Request))
#27 C:\\xampp\\htdocs\\app01\\vendor\\laravel\\framework\\src\\Illuminate\\Routing\\Router.php(805): Illuminate\\Pipeline\\Pipeline->then(Object(Closure))
#28 C:\\xampp\\htdocs\\app01\\vendor\\laravel\\framework\\src\\Illuminate\\Routing\\Router.php(784): Illuminate\\Routing\\Router->runRouteWithinStack(Object(Illuminate\\Routing\\Route), Object(Illuminate\\Http\\Request))
#29 C:\\xampp\\htdocs\\app01\\vendor\\laravel\\framework\\src\\Illuminate\\Routing\\Router.php(748): Illuminate\\Routing\\Router->runRoute(Object(Illuminate\\Http\\Request), Object(Illuminate\\Routing\\Route))
#30 C:\\xampp\\htdocs\\app01\\vendor\\laravel\\framework\\src\\Illuminate\\Routing\\Router.php(737): Illuminate\\Routing\\Router->dispatchToRoute(Object(Illuminate\\Http\\Request))
#31 C:\\xampp\\htdocs\\app01\\vendor\\laravel\\framework\\src\\Illuminate\\Foundation\\Http\\Kernel.php(200): Illuminate\\Routing\\Router->dispatch(Object(Illuminate\\Http\\Request))
#32 C:\\xampp\\htdocs\\app01\\vendor\\laravel\\framework\\src\\Illuminate\\Pipeline\\Pipeline.php(144): Illuminate\\Foundation\\Http\\Kernel->Illuminate\\Foundation\\Http\\{closure}(Object(Illuminate\\Http\\Request))
#33 C:\\xampp\\htdocs\\app01\\vendor\\laravel\\framework\\src\\Illuminate\\Foundation\\Http\\Middleware\\TransformsRequest.php(21): Illuminate\\Pipeline\\Pipeline->Illuminate\\Pipeline\\{closure}(Object(Illuminate\\Http\\Request))
#34 C:\\xampp\\htdocs\\app01\\vendor\\laravel\\framework\\src\\Illuminate\\Foundation\\Http\\Middleware\\ConvertEmptyStringsToNull.php(31): Illuminate\\Foundation\\Http\\Middleware\\TransformsRequest->handle(Object(Illuminate\\Http\\Request), Object(Closure))
#35 C:\\xampp\\htdocs\\app01\\vendor\\laravel\\framework\\src\\Illuminate\\Pipeline\\Pipeline.php(183): Illuminate\\Foundation\\Http\\Middleware\\ConvertEmptyStringsToNull->handle(Object(Illuminate\\Http\\Request), Object(Closure))
#36 C:\\xampp\\htdocs\\app01\\vendor\\laravel\\framework\\src\\Illuminate\\Foundation\\Http\\Middleware\\TransformsRequest.php(21): Illuminate\\Pipeline\\Pipeline->Illuminate\\Pipeline\\{closure}(Object(Illuminate\\Http\\Request))
#37 C:\\xampp\\htdocs\\app01\\vendor\\laravel\\framework\\src\\Illuminate\\Foundation\\Http\\Middleware\\TrimStrings.php(40): Illuminate\\Foundation\\Http\\Middleware\\TransformsRequest->handle(Object(Illuminate\\Http\\Request), Object(Closure))
#38 C:\\xampp\\htdocs\\app01\\vendor\\laravel\\framework\\src\\Illuminate\\Pipeline\\Pipeline.php(183): Illuminate\\Foundation\\Http\\Middleware\\TrimStrings->handle(Object(Illuminate\\Http\\Request), Object(Closure))
#39 C:\\xampp\\htdocs\\app01\\vendor\\laravel\\framework\\src\\Illuminate\\Foundation\\Http\\Middleware\\ValidatePostSize.php(27): Illuminate\\Pipeline\\Pipeline->Illuminate\\Pipeline\\{closure}(Object(Illuminate\\Http\\Request))
#40 C:\\xampp\\htdocs\\app01\\vendor\\laravel\\framework\\src\\Illuminate\\Pipeline\\Pipeline.php(183): Illuminate\\Foundation\\Http\\Middleware\\ValidatePostSize->handle(Object(Illuminate\\Http\\Request), Object(Closure))
#41 C:\\xampp\\htdocs\\app01\\vendor\\laravel\\framework\\src\\Illuminate\\Foundation\\Http\\Middleware\\PreventRequestsDuringMaintenance.php(99): Illuminate\\Pipeline\\Pipeline->Illuminate\\Pipeline\\{closure}(Object(Illuminate\\Http\\Request))
#42 C:\\xampp\\htdocs\\app01\\vendor\\laravel\\framework\\src\\Illuminate\\Pipeline\\Pipeline.php(183): Illuminate\\Foundation\\Http\\Middleware\\PreventRequestsDuringMaintenance->handle(Object(Illuminate\\Http\\Request), Object(Closure))
#43 C:\\xampp\\htdocs\\app01\\vendor\\laravel\\framework\\src\\Illuminate\\Http\\Middleware\\HandleCors.php(49): Illuminate\\Pipeline\\Pipeline->Illuminate\\Pipeline\\{closure}(Object(Illuminate\\Http\\Request))
#44 C:\\xampp\\htdocs\\app01\\vendor\\laravel\\framework\\src\\Illuminate\\Pipeline\\Pipeline.php(183): Illuminate\\Http\\Middleware\\HandleCors->handle(Object(Illuminate\\Http\\Request), Object(Closure))
#45 C:\\xampp\\htdocs\\app01\\vendor\\laravel\\framework\\src\\Illuminate\\Http\\Middleware\\TrustProxies.php(39): Illuminate\\Pipeline\\Pipeline->Illuminate\\Pipeline\\{closure}(Object(Illuminate\\Http\\Request))
#46 C:\\xampp\\htdocs\\app01\\vendor\\laravel\\framework\\src\\Illuminate\\Pipeline\\Pipeline.php(183): Illuminate\\Http\\Middleware\\TrustProxies->handle(Object(Illuminate\\Http\\Request), Object(Closure))
#47 C:\\xampp\\htdocs\\app01\\vendor\\laravel\\framework\\src\\Illuminate\\Pipeline\\Pipeline.php(119): Illuminate\\Pipeline\\Pipeline->Illuminate\\Pipeline\\{closure}(Object(Illuminate\\Http\\Request))
#48 C:\\xampp\\htdocs\\app01\\vendor\\laravel\\framework\\src\\Illuminate\\Foundation\\Http\\Kernel.php(175): Illuminate\\Pipeline\\Pipeline->then(Object(Closure))
#49 C:\\xampp\\htdocs\\app01\\vendor\\laravel\\framework\\src\\Illuminate\\Foundation\\Http\\Kernel.php(144): Illuminate\\Foundation\\Http\\Kernel->sendRequestThroughRouter(Object(Illuminate\\Http\\Request))
#50 C:\\xampp\\htdocs\\app01\\public\\index.php(51): Illuminate\\Foundation\\Http\\Kernel->handle(Object(Illuminate\\Http\\Request))
#51 C:\\xampp\\htdocs\\app01\\server.php(21): require_once('C:\\\\xampp\\\\htdocs...')
#52 {main}
"} 
[2024-04-02 23:06:07] local.DEBUG: -------start-------  
[2024-04-02 23:06:07] local.DEBUG: id=16 art_id=3 name=アルバム新規登録  
[2024-04-02 23:06:20] local.DEBUG: -------start-------  
[2024-04-02 23:06:20] local.DEBUG: id=16 art_id=7 name=アルバム新規登録  
[2024-04-02 23:06:20] local.DEBUG: change:musics.art_id  
[2024-06-20 18:41:47] local.DEBUG: -------start-------  
[2024-06-20 18:41:47] local.DEBUG: id=8 art_id=3 name=VS  
[2024-06-20 18:42:10] local.DEBUG: -------start-------  
[2024-06-20 18:42:10] local.DEBUG: id=7 art_id=3 name=Q.E.D  
[2024-06-20 18:42:18] local.DEBUG: -------start-------  
[2024-06-20 18:42:18] local.DEBUG: id=8 art_id=3 name=VS  
[2024-06-20 18:42:48] local.DEBUG: -------start-------  
[2024-06-20 18:42:48] local.DEBUG: id=8 art_id=3 name=VS  
[2024-06-20 19:12:39] local.DEBUG: -------start-------  
[2024-06-20 19:12:39] local.DEBUG: id=8 art_id=3 name=VS  
[2024-06-26 21:31:17] local.DEBUG: -------start-------  
[2024-06-26 21:31:17] local.DEBUG: id=8 art_id=3 name=VS2  
[2024-06-26 21:31:17] local.DEBUG: after_data=Array
(
    [name] => VS2
    [art_id] => 3
    [release_date] => 2017-11-29
)
  
[2024-06-26 21:31:21] local.DEBUG: -------start-------  
[2024-06-26 21:31:21] local.DEBUG: id=8 art_id=3 name=VS  
[2024-06-26 21:31:21] local.DEBUG: after_data=Array
(
    [name] => VS
    [art_id] => 3
    [release_date] => 2017-11-29
)
  
[2024-08-19 22:13:23] local.DEBUG: -------start-------  
[2024-08-19 22:13:23] local.DEBUG: id=28 art_id=6 name=&疾走  
[2024-08-19 22:13:23] local.DEBUG: after_data=Array
(
    [name] => &疾走
    [art_id] => 6
    [release_date] => 2023-09-06
)
  
[2024-08-27 21:00:24] local.DEBUG: -------start-------  
[2024-08-27 21:00:24] local.DEBUG: id=28 art_id=6 name=&疾走test  
[2024-08-27 21:00:24] local.DEBUG: after_data=Array
(
    [name] => &疾走test
    [art_id] => 6
    [release_date] => 2023-09-06
)
  
[2024-08-27 21:00:29] local.DEBUG: -------start-------  
[2024-08-27 21:00:29] local.DEBUG: id=28 art_id=6 name=&疾走  
[2024-08-27 21:00:29] local.DEBUG: after_data=Array
(
    [name] => &疾走
    [art_id] => 6
    [release_date] => 2023-09-06
)
  
[2024-09-22 21:08:36] local.DEBUG: -------start-------  
[2024-09-22 21:08:36] local.DEBUG: id=32 art_id=12 name=testedit  
[2024-09-22 21:08:36] local.DEBUG: after_data=Array
(
    [name] => testedit
    [art_id] => 12
)
  
[2024-10-19 13:09:57] local.DEBUG: -------start-------  
[2024-10-19 13:09:57] local.DEBUG: id=32 art_id=12 name=testedit  
[2024-10-19 13:09:57] local.DEBUG: after_data=Array
(
    [name] => testedit
    [art_id] => 12
)
  
[2024-11-16 18:34:50] local.DEBUG: -------start-------  
[2024-11-16 18:34:50] local.DEBUG: id=28 art_id=6 name=&疾走  
[2024-11-16 18:34:50] local.DEBUG: after_data=Array
(
    [name] => &疾走
    [art_id] => 6
    [release_date] => 2023-09-06
)
  
