[2024-10-13 22:05:36] local.DEBUG: -------start-------  
[2024-10-13 22:05:36] local.DEBUG: chg_data=Array
(
)
  
[2024-10-14 01:52:56] local.DEBUG: -------start-------  
[2024-10-14 01:52:56] local.DEBUG: chg_data=Array
(
    [gender] => 1
)
  
[2024-10-14 01:52:56] local.DEBUG: success  
[2024-10-20 19:15:57] local.DEBUG: -------start-------  
[2024-10-20 19:15:57] local.DEBUG: chg_data=Array
(
    [sdate] => 11-01
    [days] => 30
)
  
[2024-10-20 19:15:57] local.DEBUG: success  
[2024-10-20 19:25:12] local.DEBUG: -------start-------  
[2024-10-20 19:25:12] local.DEBUG: chg_data=Array
(
    [sdate] => 10-01
)
  
[2024-10-20 19:25:12] local.DEBUG: success  
[2024-10-20 19:26:13] local.DEBUG: -------start-------  
[2024-10-20 19:26:13] local.DEBUG: chg_data=Array
(
    [sdate] => 11-01
)
  
[2024-10-20 19:26:13] local.DEBUG: success  
[2024-10-20 19:26:49] local.DEBUG: -------start-------  
[2024-10-20 19:26:49] local.DEBUG: chg_data=Array
(
    [sdate] => 12-31
)
  
[2024-10-20 19:26:49] local.DEBUG: success  
