[2024-07-14 22:48:10] local.DEBUG: ---------start----------  
[2024-07-14 22:48:10] local.DEBUG: data=Array
(
    [_token] => zMqsDJvZJYxxfptv168r6sKW0hhIXAbtMdRWqAxa
    [id] => 1
    [name] => test
    [disp_flag] => 0
)
  
[2024-07-14 22:48:10] local.DEBUG: success  
[2024-07-14 22:48:13] local.DEBUG: ---------start----------  
[2024-07-14 22:48:13] local.DEBUG: data=Array
(
    [_token] => zMqsDJvZJYxxfptv168r6sKW0hhIXAbtMdRWqAxa
    [id] => 1
    [name] => test
    [disp_flag] => 0
)
  
[2024-07-14 22:48:13] local.DEBUG: success  
[2024-07-14 22:48:36] local.DEBUG: ---------start----------  
[2024-07-14 22:48:36] local.DEBUG: data=Array
(
    [_token] => zMqsDJvZJYxxfptv168r6sKW0hhIXAbtMdRWqAxa
    [id] => 1
    [name] => test_edit
    [disp_flag] => 0
)
  
[2024-07-14 22:48:36] local.DEBUG: success  
[2024-07-14 22:48:40] local.DEBUG: ---------start----------  
[2024-07-14 22:48:40] local.DEBUG: data=Array
(
    [_token] => zMqsDJvZJYxxfptv168r6sKW0hhIXAbtMdRWqAxa
    [id] => 1
    [name] => test_edit
    [disp_flag] => 1
)
  
[2024-07-14 22:48:41] local.DEBUG: success  
[2024-07-14 22:48:46] local.DEBUG: ---------start----------  
[2024-07-14 22:48:46] local.DEBUG: data=Array
(
    [_token] => zMqsDJvZJYxxfptv168r6sKW0hhIXAbtMdRWqAxa
    [id] => 1
    [name] => test_edit
    [disp_flag] => 1
)
  
[2024-07-14 22:48:47] local.DEBUG: success  
[2024-07-14 22:52:27] local.DEBUG: ---------start----------  
[2024-07-14 22:52:27] local.DEBUG: data=Array
(
    [_token] => zMqsDJvZJYxxfptv168r6sKW0hhIXAbtMdRWqAxa
    [id] => 1
    [name] => test_edit
    [disp_flag] => 0
)
  
[2024-07-14 22:52:27] local.DEBUG: success  
[2024-07-14 22:52:29] local.DEBUG: ---------start----------  
[2024-07-14 22:52:29] local.DEBUG: data=Array
(
    [_token] => zMqsDJvZJYxxfptv168r6sKW0hhIXAbtMdRWqAxa
    [id] => 1
    [name] => test_edit
    [disp_flag] => 0
)
  
[2024-07-14 22:52:29] local.DEBUG: success  
[2024-07-14 22:52:32] local.DEBUG: ---------start----------  
[2024-07-14 22:52:32] local.DEBUG: data=Array
(
    [_token] => zMqsDJvZJYxxfptv168r6sKW0hhIXAbtMdRWqAxa
    [id] => 1
    [name] => test_edit
    [disp_flag] => 1
)
  
[2024-07-14 22:52:32] local.DEBUG: success  
[2024-07-14 22:57:42] local.DEBUG: ---------start----------  
[2024-07-14 22:57:42] local.DEBUG: data=Array
(
    [_token] => zMqsDJvZJYxxfptv168r6sKW0hhIXAbtMdRWqAxa
    [id] => 1
    [name] => よく聞く
    [disp_flag] => 1
)
  
[2024-07-14 22:57:42] local.DEBUG: success  
[2024-07-14 22:58:19] local.DEBUG: ---------start----------  
[2024-07-14 22:58:19] local.DEBUG: data=Array
(
    [_token] => zMqsDJvZJYxxfptv168r6sKW0hhIXAbtMdRWqAxa
    [id] => 3
    [name] => 恋人と歌う
    [disp_flag] => 0
)
  
[2024-07-14 22:58:19] local.DEBUG: success  
[2024-07-14 22:58:26] local.DEBUG: ---------start----------  
[2024-07-14 22:58:26] local.DEBUG: data=Array
(
    [_token] => zMqsDJvZJYxxfptv168r6sKW0hhIXAbtMdRWqAxa
    [id] => 2
    [name] => よく歌う
    [disp_flag] => 0
)
  
[2024-07-14 22:58:26] local.DEBUG: success  
[2024-07-14 22:58:39] local.DEBUG: ---------start----------  
[2024-07-14 22:58:39] local.DEBUG: data=Array
(
    [_token] => zMqsDJvZJYxxfptv168r6sKW0hhIXAbtMdRWqAxa
    [id] => 4
    [name] => 友達と歌う
    [disp_flag] => 0
)
  
[2024-07-14 22:58:39] local.DEBUG: success  
[2024-07-14 23:16:41] local.DEBUG: ---------start----------  
[2024-07-14 23:16:41] local.DEBUG: data=Array
(
    [_token] => zMqsDJvZJYxxfptv168r6sKW0hhIXAbtMdRWqAxa
    [id] => 1
    [name] => よく歌う
    [disp_flag] => 1
)
  
[2024-07-14 23:16:41] local.DEBUG: success  
[2024-07-14 23:16:50] local.DEBUG: ---------start----------  
[2024-07-14 23:16:50] local.DEBUG: data=Array
(
    [_token] => zMqsDJvZJYxxfptv168r6sKW0hhIXAbtMdRWqAxa
    [id] => 2
    [name] => 友達と歌う
    [disp_flag] => 0
)
  
[2024-07-14 23:16:50] local.DEBUG: success  
[2024-07-14 23:16:58] local.DEBUG: ---------start----------  
[2024-07-14 23:16:58] local.DEBUG: data=Array
(
    [_token] => zMqsDJvZJYxxfptv168r6sKW0hhIXAbtMdRWqAxa
    [id] => 4
    [name] => 盛り上がる
    [disp_flag] => 0
)
  
[2024-07-14 23:16:58] local.DEBUG: success  
[2024-07-14 23:17:19] local.DEBUG: ---------start----------  
[2024-07-14 23:17:19] local.DEBUG: data=Array
(
    [_token] => zMqsDJvZJYxxfptv168r6sKW0hhIXAbtMdRWqAxa
    [id] => 5
    [name] => LOVEソング
    [disp_flag] => 0
)
  
[2024-07-14 23:17:19] local.DEBUG: success  
[2024-07-14 23:18:32] local.DEBUG: ---------start----------  
[2024-07-14 23:18:32] local.DEBUG: data=Array
(
    [_token] => zMqsDJvZJYxxfptv168r6sKW0hhIXAbtMdRWqAxa
    [id] => 1
    [name] => 友達と歌う
    [disp_flag] => 1
)
  
[2024-07-14 23:18:32] local.DEBUG: success  
[2024-07-14 23:18:36] local.DEBUG: ---------start----------  
[2024-07-14 23:18:36] local.DEBUG: data=Array
(
    [_token] => zMqsDJvZJYxxfptv168r6sKW0hhIXAbtMdRWqAxa
    [id] => 2
    [name] => 恋人と歌う
    [disp_flag] => 0
)
  
[2024-07-14 23:18:36] local.DEBUG: success  
[2024-07-14 23:18:41] local.DEBUG: ---------start----------  
[2024-07-14 23:18:41] local.DEBUG: data=Array
(
    [_token] => zMqsDJvZJYxxfptv168r6sKW0hhIXAbtMdRWqAxa
    [id] => 3
    [name] => 盛り上がる
    [disp_flag] => 0
)
  
[2024-07-14 23:18:41] local.DEBUG: success  
[2024-07-14 23:18:49] local.DEBUG: ---------start----------  
[2024-07-14 23:18:49] local.DEBUG: data=Array
(
    [_token] => zMqsDJvZJYxxfptv168r6sKW0hhIXAbtMdRWqAxa
    [id] => 4
    [name] => LOVEソング
    [disp_flag] => 0
)
  
[2024-07-14 23:18:49] local.DEBUG: success  
[2024-07-14 23:19:40] local.DEBUG: ---------start----------  
[2024-07-14 23:19:40] local.DEBUG: data=Array
(
    [_token] => zMqsDJvZJYxxfptv168r6sKW0hhIXAbtMdRWqAxa
    [id] => 3
    [name] => LOVEソング
    [disp_flag] => 0
)
  
[2024-07-14 23:19:40] local.DEBUG: success  
[2024-07-14 23:19:53] local.DEBUG: ---------start----------  
[2024-07-14 23:19:53] local.DEBUG: data=Array
(
    [_token] => zMqsDJvZJYxxfptv168r6sKW0hhIXAbtMdRWqAxa
    [id] => 3
    [name] => みんなで歌う
    [disp_flag] => 0
)
  
[2024-07-14 23:19:53] local.DEBUG: success  
[2024-07-14 23:20:06] local.DEBUG: ---------start----------  
[2024-07-14 23:20:06] local.DEBUG: data=Array
(
    [_token] => zMqsDJvZJYxxfptv168r6sKW0hhIXAbtMdRWqAxa
    [id] => 3
    [name] => 盛り上がる
    [disp_flag] => 0
)
  
[2024-07-14 23:20:06] local.DEBUG: success  
[2024-07-14 23:21:10] local.DEBUG: ---------start----------  
[2024-07-14 23:21:10] local.DEBUG: data=Array
(
    [_token] => zMqsDJvZJYxxfptv168r6sKW0hhIXAbtMdRWqAxa
    [id] => 4
    [name] => 盛り上がる
    [disp_flag] => 0
)
  
[2024-07-14 23:21:10] local.DEBUG: success  
[2024-07-14 23:21:20] local.DEBUG: ---------start----------  
[2024-07-14 23:21:32] local.DEBUG: ---------start----------  
[2024-07-14 23:21:32] local.DEBUG: data=Array
(
    [_token] => zMqsDJvZJYxxfptv168r6sKW0hhIXAbtMdRWqAxa
    [id] => 4
    [name] => しっとり
    [disp_flag] => 0
)
  
[2024-07-14 23:21:32] local.DEBUG: success  
[2024-07-15 09:46:00] local.DEBUG: ---------start----------  
[2024-07-15 09:46:00] local.DEBUG: data=Array
(
    [_token] => imYhK9e879rNYzmEBCk4tO6M8Rz4nemgJI7BL5AV
    [id] => 3
    [name] => 盛り上がる
    [disp_flag] => 1
)
  
[2024-07-15 09:46:00] local.DEBUG: success  
[2024-07-15 11:54:25] local.DEBUG: -------start-------  
[2024-07-15 11:54:25] local.DEBUG: user_id=1 music_id= type=add  
[2024-07-15 11:54:25] local.DEBUG: failure  
[2024-07-15 11:54:32] local.DEBUG: -------start-------  
[2024-07-15 11:54:32] local.DEBUG: user_id=1 music_id= type=add  
[2024-07-15 11:54:32] local.DEBUG: failure  
[2024-07-15 11:54:35] local.DEBUG: -------start-------  
[2024-07-15 11:54:35] local.DEBUG: user_id=1 music_id= type=  
[2024-07-15 11:54:35] local.DEBUG: failure  
[2024-07-15 11:54:37] local.DEBUG: -------start-------  
[2024-07-15 11:54:37] local.DEBUG: user_id=1 music_id= type=  
[2024-07-15 11:54:37] local.DEBUG: failure  
[2024-07-15 11:54:39] local.DEBUG: -------start-------  
[2024-07-15 11:54:39] local.DEBUG: user_id=1 music_id= type=  
[2024-07-15 11:54:39] local.DEBUG: failure  
[2024-07-15 11:57:06] local.DEBUG: -------start-------  
[2024-07-15 11:57:06] local.DEBUG: user_id=1 music_id=1 category_id= type=  
[2024-07-15 11:57:06] local.DEBUG: failure  
[2024-07-15 11:57:11] local.DEBUG: -------start-------  
[2024-07-15 11:57:11] local.DEBUG: user_id=1 music_id=74 category_id=3 type=add  
[2024-07-15 11:57:11] local.DEBUG: failure  
[2024-07-15 11:57:13] local.DEBUG: -------start-------  
[2024-07-15 11:57:13] local.DEBUG: user_id=1 music_id=3 category_id= type=  
[2024-07-15 11:57:13] local.DEBUG: failure  
[2024-07-15 11:57:14] local.DEBUG: -------start-------  
[2024-07-15 11:57:14] local.DEBUG: user_id=1 music_id=74 category_id=1 type=add  
[2024-07-15 11:57:14] local.DEBUG: failure  
[2024-07-15 12:56:49] local.DEBUG: ---------start----------  
[2024-07-15 12:56:49] local.DEBUG: data=Array
(
    [_token] => r08eJ6JfBlXJ5J7L2DgvHRAsFE3x6BxrtrSs2dNZ
    [id] => 7
    [name] => 友達と歌う
    [disp_flag] => 1
)
  
[2024-07-15 12:56:49] local.DEBUG: success  
[2024-07-15 12:56:52] local.DEBUG: ---------start----------  
[2024-07-15 12:56:52] local.DEBUG: data=Array
(
    [_token] => r08eJ6JfBlXJ5J7L2DgvHRAsFE3x6BxrtrSs2dNZ
    [id] => 10
    [name] => 盛り上がる
    [disp_flag] => 1
)
  
[2024-07-15 12:56:52] local.DEBUG: success  
[2024-07-15 13:26:19] local.DEBUG: ---------start----------  
[2024-07-15 13:26:19] local.DEBUG: data=Array
(
    [_token] => r08eJ6JfBlXJ5J7L2DgvHRAsFE3x6BxrtrSs2dNZ
    [id] => 10
    [name] => 盛り上がる
    [disp_flag] => 1
)
  
[2024-07-15 13:26:19] local.DEBUG: success  
[2024-07-15 13:26:22] local.DEBUG: ---------start----------  
[2024-07-15 13:26:22] local.DEBUG: data=Array
(
    [_token] => r08eJ6JfBlXJ5J7L2DgvHRAsFE3x6BxrtrSs2dNZ
    [id] => 11
    [name] => しっとり
    [disp_flag] => 1
)
  
[2024-07-15 13:26:22] local.DEBUG: success  
[2024-07-15 13:26:28] local.DEBUG: ---------start----------  
[2024-07-15 13:26:28] local.DEBUG: data=Array
(
    [_token] => r08eJ6JfBlXJ5J7L2DgvHRAsFE3x6BxrtrSs2dNZ
    [id] => 12
    [name] => LOVEソング
    [disp_flag] => 1
)
  
[2024-07-15 13:26:28] local.DEBUG: success  
[2024-08-13 23:36:18] local.DEBUG: ---------start----------  
[2024-08-13 23:36:18] local.DEBUG: data=Array
(
    [_token] => hgy60PNqBeguuYTQc1dLmCqe8gdwpQuV189y61D5
    [id] => 3
    [name] => 菅野テスト
    [disp_flag] => 
)
  
[2024-08-13 23:36:18] local.DEBUG: success  
