[2024-06-18 20:13:39] local.DEBUG: -------start-------  
[2024-06-18 20:13:39] local.DEBUG: user_id=1 table=mus fav_id=1 type=add  
[2024-06-18 20:13:39] local.DEBUG: fav_chk=0  
[2024-06-18 20:13:39] local.DEBUG: to add  
[2024-06-18 20:13:41] local.DEBUG: -------start-------  
[2024-06-18 20:13:41] local.DEBUG: user_id=1 table=mus fav_id=1 type=del  
[2024-06-18 20:13:41] local.DEBUG: fav_chk=1  
[2024-06-18 20:13:41] local.DEBUG: delete  
[2024-06-18 20:13:44] local.DEBUG: -------start-------  
[2024-06-18 20:13:44] local.DEBUG: user_id=1 table=mus fav_id=1 type=add  
[2024-06-18 20:13:44] local.DEBUG: fav_chk=0  
[2024-06-18 20:13:44] local.DEBUG: to add  
[2024-06-18 20:20:38] local.DEBUG: -------start-------  
[2024-06-18 20:20:38] local.DEBUG: user_id=1 table=mus fav_id=5 type=add  
[2024-06-18 20:20:38] local.DEBUG: fav_chk=0  
[2024-06-18 20:20:38] local.DEBUG: to add  
[2024-06-18 20:32:39] local.DEBUG: -------start-------  
[2024-06-18 20:32:39] local.DEBUG: user_id=1 table=mus fav_id=1 type=del  
[2024-06-18 20:32:39] local.DEBUG: fav_chk=1  
[2024-06-18 20:32:39] local.DEBUG: delete  
[2024-06-18 20:32:41] local.DEBUG: -------start-------  
[2024-06-18 20:32:41] local.DEBUG: user_id=1 table=mus fav_id=1 type=add  
[2024-06-18 20:32:41] local.DEBUG: fav_chk=0  
[2024-06-18 20:32:41] local.DEBUG: to add  
[2024-06-18 20:35:36] local.DEBUG: -------start-------  
[2024-06-18 20:35:36] local.DEBUG: user_id=1 table=mus fav_id=6 type=add  
[2024-06-18 20:35:36] local.DEBUG: fav_chk=0  
[2024-06-18 20:35:36] local.DEBUG: to add  
[2024-06-18 20:35:38] local.DEBUG: -------start-------  
[2024-06-18 20:35:38] local.DEBUG: user_id=1 table=mus fav_id=6 type=del  
[2024-06-18 20:35:38] local.DEBUG: fav_chk=1  
[2024-06-18 20:35:38] local.DEBUG: delete  
[2024-06-18 20:35:40] local.DEBUG: -------start-------  
[2024-06-18 20:35:40] local.DEBUG: user_id=1 table=mus fav_id=6 type=add  
[2024-06-18 20:35:40] local.DEBUG: fav_chk=0  
[2024-06-18 20:35:40] local.DEBUG: to add  
[2024-06-18 20:36:10] local.DEBUG: -------start-------  
[2024-06-18 20:36:10] local.DEBUG: user_id=1 table=mus fav_id=6 type=del  
[2024-06-18 20:36:10] local.DEBUG: fav_chk=1  
[2024-06-18 20:36:10] local.DEBUG: delete  
[2024-06-18 20:36:12] local.DEBUG: -------start-------  
[2024-06-18 20:36:12] local.DEBUG: user_id=1 table=mus fav_id=6 type=add  
[2024-06-18 20:36:12] local.DEBUG: fav_chk=0  
[2024-06-18 20:36:12] local.DEBUG: to add  
[2024-06-18 20:36:17] local.DEBUG: -------start-------  
[2024-06-18 20:36:17] local.DEBUG: user_id=1 table=alb fav_id=1 type=add  
[2024-06-18 20:36:17] local.DEBUG: fav_chk=0  
[2024-06-18 20:36:17] local.DEBUG: to add  
[2024-06-18 20:37:50] local.DEBUG: -------start-------  
[2024-06-18 20:37:50] local.DEBUG: user_id=1 table=mus fav_id=6 type=del  
[2024-06-18 20:37:50] local.DEBUG: fav_chk=1  
[2024-06-18 20:37:50] local.DEBUG: delete  
[2024-06-18 20:37:53] local.DEBUG: -------start-------  
[2024-06-18 20:37:53] local.DEBUG: user_id=1 table=mus fav_id=6 type=add  
[2024-06-18 20:37:53] local.DEBUG: fav_chk=0  
[2024-06-18 20:37:53] local.DEBUG: to add  
