[2024-03-18 21:27:55] local.DEBUG: -------start-------  
[2024-03-18 21:27:55] local.DEBUG: before_data=stdClass Object
(
    [id] => 120
    [alb_id] => 
    [art_id] => 6
    [name] => music_add_test
    [release_date] => 2024-03-11
    [link] => https://XXXXXX
    [aff_id] => 23
    [created_at] => 2024-03-18 20:07:20
    [updated_at] => 2024-03-18 20:07:20
)
  
[2024-03-18 21:27:55] local.DEBUG: after_data=Array
(
    [id] => 120
    [alb_id] => 120
    [art_id] => 6
    [name] => music_add_test
    [release_date] => 2024-03-11
    [link] => https://XXXXXX
    [aff_id] => 23
)
  
[2024-03-18 21:27:55] local.DEBUG: success  
[2024-03-18 21:35:34] local.DEBUG: -------start-------  
[2024-03-18 21:35:34] local.DEBUG: before_data=stdClass Object
(
    [id] => 120
    [alb_id] => 13
    [art_id] => 6
    [name] => music_add_test
    [release_date] => 2024-03-11
    [link] => https://XXXXXX
    [aff_id] => 23
    [created_at] => 2024-03-18 20:07:20
    [updated_at] => 2024-03-18 21:27:55
)
  
[2024-03-18 21:35:35] local.DEBUG: after_data=Array
(
    [id] => 120
    [alb_id] => 120
    [art_id] => 6
    [name] => music_add_test
    [release_date] => 2024-03-11
    [link] => https://XXXXXX
    [aff_id] => 23
)
  
[2024-03-18 21:35:35] local.DEBUG: success  
[2024-03-18 21:42:43] local.DEBUG: -------start-------  
[2024-03-18 21:42:43] local.DEBUG: before_data=stdClass Object
(
    [id] => 120
    [alb_id] => 13
    [art_id] => 6
    [name] => music_add_test
    [release_date] => 2024-03-11
    [link] => https://XXXXXX
    [aff_id] => 23
    [created_at] => 2024-03-18 20:07:20
    [updated_at] => 2024-03-18 21:35:35
)
  
[2024-03-18 21:42:43] local.DEBUG: after_data=Array
(
    [id] => 120
    [alb_id] => 13
    [art_id] => 6
    [name] => music_add_test
    [release_date] => 2024-03-11
    [link] => https://XXXXXX
    [aff_id] => 23
)
  
[2024-03-18 21:42:43] local.DEBUG: success  
[2024-03-18 21:42:49] local.DEBUG: -------start-------  
[2024-03-18 21:42:49] local.DEBUG: before_data=stdClass Object
(
    [id] => 120
    [alb_id] => 13
    [art_id] => 6
    [name] => music_add_test
    [release_date] => 2024-03-11
    [link] => https://XXXXXX
    [aff_id] => 23
    [created_at] => 2024-03-18 20:07:20
    [updated_at] => 2024-03-18 21:42:43
)
  
[2024-03-18 21:42:49] local.DEBUG: after_data=Array
(
    [id] => 120
    [alb_id] => 13
    [art_id] => 6
    [name] => music_add_test
    [release_date] => 2024-03-11
    [link] => https://XXXXXX
    [aff_id] => 23
)
  
[2024-03-18 21:42:49] local.DEBUG: success  
[2024-03-18 21:45:19] local.DEBUG: -------start-------  
[2024-03-18 21:45:19] local.DEBUG: before_data=stdClass Object
(
    [id] => 128
    [alb_id] => 
    [art_id] => 6
    [name] => mus_add_test
    [release_date] => 2024-03-04
    [link] => https://www.youtube.com/watch?v=YB_St-YN3Y8&t=3s
    [aff_id] => 30
    [created_at] => 2024-03-18 21:44:43
    [updated_at] => 2024-03-18 21:44:43
)
  
[2024-03-18 21:45:19] local.DEBUG: after_data=Array
(
    [id] => 128
    [alb_id] => 
    [art_id] => 6
    [name] => mus_add_test
    [release_date] => 2024-03-04
    [link] => https://www.youtube.com/watch?v=YB_St-YN3Y8&t=3s
    [aff_id] => 30
)
  
[2024-03-18 21:45:19] local.DEBUG: success  
[2024-03-18 21:45:31] local.DEBUG: -------start-------  
[2024-03-18 21:45:31] local.DEBUG: before_data=stdClass Object
(
    [id] => 128
    [alb_id] => 
    [art_id] => 6
    [name] => mus_add_test
    [release_date] => 2024-03-04
    [link] => https://www.youtube.com/watch?v=YB_St-YN3Y8&t=3s
    [aff_id] => 30
    [created_at] => 2024-03-18 21:44:43
    [updated_at] => 2024-03-18 21:45:19
)
  
[2024-03-18 21:45:31] local.DEBUG: after_data=Array
(
    [id] => 128
    [alb_id] => 
    [art_id] => 6
    [name] => mus_add_test
    [release_date] => 2024-03-04
    [link] => https://www.youtube.com/watch?v=YB_St-YN3Y8&t=3s
    [aff_id] => 30
)
  
[2024-03-18 21:45:31] local.DEBUG: success  
[2024-03-18 21:46:12] local.DEBUG: -------start-------  
[2024-03-18 21:46:12] local.DEBUG: before_data=stdClass Object
(
    [id] => 128
    [alb_id] => 
    [art_id] => 6
    [name] => mus_add_test
    [release_date] => 2024-03-04
    [link] => https://www.youtube.com/watch?v=YB_St-YN3Y8&t=3s
    [aff_id] => 30
    [created_at] => 2024-03-18 21:44:43
    [updated_at] => 2024-03-18 21:45:31
)
  
[2024-03-18 21:46:12] local.DEBUG: after_data=Array
(
    [id] => 128
    [alb_id] => 
    [art_id] => 6
    [name] => mus_add_test
    [release_date] => 2024-03-04
    [link] => https://www.youtube.com/watch?v=YB_St-YN3Y8&t=3s
    [aff_id] => 30
)
  
[2024-03-18 21:46:12] local.DEBUG: success  
[2024-03-18 21:48:15] local.DEBUG: -------start-------  
[2024-03-18 21:48:15] local.DEBUG: before_data=stdClass Object
(
    [id] => 128
    [alb_id] => 
    [art_id] => 6
    [name] => mus_add_test
    [release_date] => 2024-03-04
    [link] => https://www.youtube.com/watch?v=YB_St-YN3Y8&t=3s
    [aff_id] => 30
    [created_at] => 2024-03-18 21:44:43
    [updated_at] => 2024-03-18 21:46:12
)
  
[2024-03-18 21:48:15] local.DEBUG: after_data=Array
(
    [id] => 128
    [alb_id] => 
    [art_id] => 6
    [name] => mus_add_test
    [release_date] => 2024-03-04
    [link] => https://www.youtube.com/watch?v=YB_St-YN3Y8&t=3s
    [aff_id] => 30
)
  
[2024-03-18 21:48:15] local.DEBUG: success  
[2024-03-18 21:49:05] local.DEBUG: -------start-------  
[2024-03-18 21:49:05] local.DEBUG: before_data=stdClass Object
(
    [id] => 128
    [alb_id] => 
    [art_id] => 6
    [name] => mus_add_test
    [release_date] => 2024-03-04
    [link] => https://www.youtube.com/watch?v=YB_St-YN3Y8&t=3s
    [aff_id] => 30
    [created_at] => 2024-03-18 21:44:43
    [updated_at] => 2024-03-18 21:48:15
)
  
[2024-03-18 21:49:05] local.DEBUG: after_data=Array
(
    [id] => 128
    [alb_id] => 
    [art_id] => 6
    [name] => mus_add_test
    [release_date] => 2024-03-04
    [link] => https://www.youtube.com/
    [aff_id] => 30
)
  
[2024-03-18 21:49:05] local.DEBUG: success  
[2024-03-19 22:38:34] local.DEBUG: -------start-------  
[2024-03-19 22:38:34] local.DEBUG: before_data=stdClass Object
(
    [id] => 130
    [alb_id] => 15
    [art_id] => 4
    [name] => テスト
    [release_date] => 
    [link] => 
    [aff_id] => 
    [created_at] => 2024-03-19 22:38:13
    [updated_at] => 2024-03-19 22:38:13
)
  
[2024-03-19 22:38:34] local.DEBUG: after_data=Array
(
    [id] => 130
    [alb_id] => 15
    [art_id] => 4
    [name] => テスト
    [release_date] => 
    [link] => https://XXXXXX
    [aff_id] => 
)
  
[2024-03-19 22:38:34] local.DEBUG: success  
[2024-06-19 15:11:11] local.DEBUG: -------start-------  
[2024-06-19 15:11:11] local.DEBUG: before_data=stdClass Object
(
    [id] => 74
    [alb_id] => 7
    [art_id] => 3
    [name] => ユメミグサ
    [release_date] => 
    [link] => 
    [aff_id] => 
    [created_at] => 2024-06-18 22:12:12
    [updated_at] => 2024-06-18 22:12:12
)
  
[2024-06-19 15:11:11] local.DEBUG: after_data=Array
(
    [id] => 74
    [alb_id] => 7
    [art_id] => 3
    [name] => ユメミグサ
    [release_date] => 
    [link] => 
    [aff_id] => 
)
  
[2024-06-19 15:11:11] local.DEBUG: success  
[2024-06-19 15:15:56] local.DEBUG: -------start-------  
[2024-06-19 15:15:56] local.DEBUG: before_data=stdClass Object
(
    [id] => 74
    [alb_id] => 7
    [art_id] => 3
    [name] => ユメミグサ
    [release_date] => 
    [link] => 
    [aff_id] => 
    [created_at] => 2024-06-18 22:12:12
    [updated_at] => 2024-06-19 15:11:11
)
  
[2024-06-19 15:15:56] local.DEBUG: after_data=Array
(
    [id] => 74
    [alb_id] => 7
    [art_id] => 3
    [name] => ユメミグサ
    [release_date] => 
    [link] => 
    [aff_id] => 
)
  
[2024-06-19 15:15:56] local.DEBUG: success  
[2024-06-20 18:20:10] local.DEBUG: -------start-------  
[2024-06-20 18:20:10] local.DEBUG: before_data=stdClass Object
(
    [id] => 70
    [alb_id] => 7
    [art_id] => 3
    [name] => 棘
    [release_date] => 
    [link] => 
    [aff_id] => 
    [created_at] => 2024-06-18 22:12:12
    [updated_at] => 2024-06-18 22:12:12
)
  
[2024-06-20 18:20:10] local.DEBUG: after_data=Array
(
    [id] => 70
    [alb_id] => 7
    [art_id] => 3
    [name] => 棘
    [release_date] => 
    [link] => 
    [aff_id] => 
)
  
[2024-06-20 18:20:10] local.DEBUG: success  
[2024-06-20 18:20:16] local.DEBUG: -------start-------  
[2024-06-20 18:20:16] local.DEBUG: before_data=stdClass Object
(
    [id] => 77
    [alb_id] => 8
    [art_id] => 3
    [name] => VS
    [release_date] => 
    [link] => 
    [aff_id] => 
    [created_at] => 2024-06-18 22:18:35
    [updated_at] => 2024-06-18 22:18:35
)
  
[2024-06-20 18:20:16] local.DEBUG: after_data=Array
(
    [id] => 77
    [alb_id] => 8
    [art_id] => 3
    [name] => VS
    [release_date] => 
    [link] => 
    [aff_id] => 
)
  
[2024-06-20 18:20:16] local.DEBUG: success  
[2024-06-20 18:22:17] local.DEBUG: -------start-------  
[2024-06-20 18:22:17] local.DEBUG: before_data=stdClass Object
(
    [id] => 64
    [alb_id] => 6
    [art_id] => 3
    [name] => HEEEY！
    [release_date] => 
    [link] => 
    [aff_id] => 
    [created_at] => 2024-06-18 22:09:11
    [updated_at] => 2024-06-18 22:09:11
)
  
[2024-06-20 18:22:17] local.DEBUG: after_data=Array
(
    [id] => 64
    [alb_id] => 6
    [art_id] => 3
    [name] => HEEEY！
    [release_date] => 
    [link] => 
    [aff_id] => 
)
  
[2024-06-20 18:22:17] local.DEBUG: success  
[2024-06-20 18:23:08] local.DEBUG: -------start-------  
[2024-06-20 18:23:08] local.DEBUG: before_data=stdClass Object
(
    [id] => 70
    [alb_id] => 7
    [art_id] => 3
    [name] => 棘
    [release_date] => 
    [link] => 
    [aff_id] => 
    [created_at] => 2024-06-18 22:12:12
    [updated_at] => 2024-06-20 18:20:10
)
  
[2024-06-20 18:23:08] local.DEBUG: after_data=Array
(
    [id] => 70
    [alb_id] => 7
    [art_id] => 3
    [name] => 棘
    [release_date] => 
    [link] => 
    [aff_id] => 
)
  
[2024-06-20 18:23:08] local.DEBUG: success  
[2024-06-20 18:23:20] local.DEBUG: -------start-------  
[2024-06-20 18:23:21] local.DEBUG: before_data=stdClass Object
(
    [id] => 76
    [alb_id] => 7
    [art_id] => 3
    [name] => 喝采
    [release_date] => 
    [link] => 
    [aff_id] => 
    [created_at] => 2024-06-18 22:12:12
    [updated_at] => 2024-06-18 22:12:12
)
  
[2024-06-20 18:23:21] local.DEBUG: after_data=Array
(
    [id] => 76
    [alb_id] => 7
    [art_id] => 3
    [name] => 喝采
    [release_date] => 
    [link] => 
    [aff_id] => 
)
  
[2024-06-20 18:23:21] local.DEBUG: success  
[2024-06-20 19:12:04] local.DEBUG: -------start-------  
[2024-06-20 19:12:04] local.DEBUG: before_data=stdClass Object
(
    [id] => 50
    [alb_id] => 5
    [art_id] => 2
    [name] => インターネットの海を越えて
    [release_date] => 
    [link] => 
    [aff_id] => 
    [created_at] => 2024-06-18 22:00:06
    [updated_at] => 2024-06-18 22:00:06
)
  
[2024-06-20 19:12:04] local.DEBUG: after_data=Array
(
    [id] => 50
    [alb_id] => 5
    [art_id] => 2
    [name] => インターネットの海を越えて
    [release_date] => 
    [link] => 
    [aff_id] => 
)
  
[2024-06-20 19:12:04] local.DEBUG: success  
[2024-06-26 21:25:20] local.DEBUG: -------start-------  
[2024-06-26 21:25:20] local.DEBUG: before_data=stdClass Object
(
    [id] => 79
    [alb_id] => 8
    [art_id] => 3
    [name] => らしく
    [release_date] => 
    [link] => 
    [aff_id] => 
    [created_at] => 2024-06-18 22:18:35
    [updated_at] => 2024-06-18 22:18:35
)
  
[2024-06-26 21:25:20] local.DEBUG: after_data=Array
(
    [art_id] => 3
    [name] => らしく2
    [aff_id] => 8
)
  
[2024-06-26 21:25:20] local.DEBUG: success  
[2024-06-26 21:25:25] local.DEBUG: -------start-------  
[2024-06-26 21:25:25] local.DEBUG: before_data=stdClass Object
(
    [id] => 79
    [alb_id] => 8
    [art_id] => 3
    [name] => らしく2
    [release_date] => 
    [link] => 
    [aff_id] => 8
    [created_at] => 2024-06-18 22:18:35
    [updated_at] => 2024-06-26 21:25:20
)
  
[2024-06-26 21:25:25] local.DEBUG: after_data=Array
(
    [art_id] => 3
    [name] => らしく
    [aff_id] => 8
)
  
[2024-06-26 21:25:25] local.DEBUG: success  
[2024-06-26 21:28:40] local.DEBUG: after_data=Array
(
    [name] => BLUE ENCOUN2
    [name2] => ブルーエンカウント
    [debut] => 2014-09-10
    [sex] => 0
)
  
[2024-06-26 21:28:43] local.DEBUG: after_data=Array
(
    [name] => BLUE ENCOUN
    [name2] => ブルーエンカウント
    [debut] => 2014-09-10
    [sex] => 0
)
  
[2024-08-19 18:43:05] local.DEBUG: -------start-------  
[2024-08-19 18:43:05] local.DEBUG: before_data=stdClass Object
(
    [id] => 393
    [alb_id] => 28
    [art_id] => 6
    [name] => 王
    [release_date] => 
    [link] => 
    [aff_id] => 
    [created_at] => 2024-07-02 16:41:02
    [updated_at] => 2024-07-02 16:41:02
)
  
[2024-08-19 18:43:05] local.DEBUG: after_data=Array
(
    [art_id] => 6
    [name] => 王
    [aff_id] => 30
)
  
[2024-08-19 18:43:05] local.DEBUG: success  
[2024-08-27 20:43:59] local.DEBUG: -------start-------  
[2024-08-27 20:43:59] local.DEBUG: before_data=stdClass Object
(
    [id] => 390
    [alb_id] => 28
    [art_id] => 6
    [name] => Struggle
    [release_date] => 
    [link] => 
    [aff_id] => 
    [created_at] => 2024-07-02 16:41:02
    [updated_at] => 2024-07-02 16:41:02
)
  
[2024-08-27 20:43:59] local.DEBUG: after_data=Array
(
    [art_id] => 10
    [name] => Struggle
    [aff_id] => 30
)
  
[2024-08-27 20:43:59] local.DEBUG: success  
[2024-08-27 20:44:15] local.DEBUG: -------start-------  
[2024-08-27 20:44:15] local.DEBUG: before_data=stdClass Object
(
    [id] => 390
    [alb_id] => 28
    [art_id] => 10
    [name] => Struggle
    [release_date] => 
    [link] => 
    [aff_id] => 30
    [created_at] => 2024-07-02 16:41:02
    [updated_at] => 2024-08-27 20:43:59
)
  
[2024-08-27 20:44:15] local.DEBUG: after_data=Array
(
    [art_id] => 6
    [name] => Struggle
    [aff_id] => 30
)
  
[2024-08-27 20:44:15] local.DEBUG: success  
[2024-08-27 20:57:31] local.DEBUG: -------start-------  
[2024-08-27 20:57:31] local.DEBUG: before_data=stdClass Object
(
    [id] => 379
    [alb_id] => 27
    [art_id] => 6
    [name] => 鬼よ
    [release_date] => 
    [link] => 
    [aff_id] => 
    [created_at] => 2024-07-02 16:37:30
    [updated_at] => 2024-07-02 16:38:44
)
  
[2024-08-27 20:57:31] local.DEBUG: after_data=Array
(
    [art_id] => 6
    [name] => 鬼よtest
    [aff_id] => 29
)
  
[2024-08-27 20:57:31] local.DEBUG: success  
[2024-08-27 20:57:41] local.DEBUG: -------start-------  
[2024-08-27 20:57:41] local.DEBUG: before_data=stdClass Object
(
    [id] => 379
    [alb_id] => 27
    [art_id] => 6
    [name] => 鬼よtest
    [release_date] => 
    [link] => 
    [aff_id] => 29
    [created_at] => 2024-07-02 16:37:30
    [updated_at] => 2024-08-27 20:57:31
)
  
[2024-08-27 20:57:41] local.DEBUG: after_data=Array
(
    [art_id] => 6
    [name] => 鬼よ
    [aff_id] => 29
)
  
[2024-08-27 20:57:41] local.DEBUG: success  
[2024-08-27 21:01:35] local.DEBUG: -------start-------  
[2024-08-27 21:01:35] local.DEBUG: before_data=stdClass Object
(
    [id] => 373
    [alb_id] => 27
    [art_id] => 6
    [name] => Virtual Castle
    [release_date] => 
    [link] => 
    [aff_id] => 
    [created_at] => 2024-07-02 16:37:30
    [updated_at] => 2024-07-02 16:37:30
)
  
[2024-08-27 21:01:35] local.DEBUG: after_data=Array
(
    [art_id] => 6
    [name] => Virtual Castle　test
    [aff_id] => 29
)
  
[2024-08-27 21:01:35] local.DEBUG: success  
[2024-08-27 21:01:44] local.DEBUG: -------start-------  
[2024-08-27 21:01:44] local.DEBUG: before_data=stdClass Object
(
    [id] => 373
    [alb_id] => 27
    [art_id] => 6
    [name] => Virtual Castle　test
    [release_date] => 
    [link] => 
    [aff_id] => 29
    [created_at] => 2024-07-02 16:37:30
    [updated_at] => 2024-08-27 21:01:35
)
  
[2024-08-27 21:01:44] local.DEBUG: after_data=Array
(
    [art_id] => 6
    [name] => Virtual Castle
    [aff_id] => 29
)
  
[2024-08-27 21:01:44] local.DEBUG: success  
[2024-08-31 00:41:09] local.DEBUG: -------start-------  
[2024-08-31 00:41:09] local.DEBUG: before_data=stdClass Object
(
    [id] => 389
    [alb_id] => 28
    [art_id] => 6
    [name] => 花束
    [release_date] => 
    [link] => 
    [aff_id] => 
    [created_at] => 2024-07-02 16:41:02
    [updated_at] => 2024-07-02 16:41:02
)
  
[2024-08-31 00:41:09] local.DEBUG: after_data=Array
(
    [art_id] => 6
    [name] => 花束
    [aff_id] => 30
)
  
[2024-08-31 00:41:09] local.DEBUG: success  
[2024-10-27 15:17:55] local.DEBUG: -------start-------  
[2024-10-27 15:17:55] local.DEBUG: before_data=stdClass Object
(
    [id] => 420
    [alb_id] => 
    [art_id] => 10
    [name] => test
    [release_date] => 
    [link] => 
    [aff_id] => 52
    [created_at] => 2024-10-27 15:16:11
    [updated_at] => 2024-10-27 15:16:11
)
  
[2024-10-27 15:17:55] local.DEBUG: after_data=Array
(
    [art_id] => 10
    [name] => testhh
    [aff_id] => 52
)
  
[2024-10-27 15:17:55] local.DEBUG: success  
[2024-10-27 15:21:36] local.DEBUG: -------start-------  
[2024-10-27 15:21:36] local.DEBUG: before_data=stdClass Object
(
    [id] => 420
    [alb_id] => 
    [art_id] => 10
    [name] => testhh
    [release_date] => 
    [link] => 
    [aff_id] => 52
    [created_at] => 2024-10-27 15:16:11
    [updated_at] => 2024-10-27 15:17:55
)
  
[2024-10-27 15:21:36] local.DEBUG: after_data=Array
(
    [art_id] => 10
    [name] => testhh
    [aff_id] => 52
)
  
[2024-10-27 15:21:36] local.DEBUG: success  
[2024-10-27 15:52:54] local.DEBUG: -------start-------  
[2024-10-27 15:52:54] local.DEBUG: before_data=stdClass Object
(
    [id] => 410
    [alb_id] => 31
    [art_id] => 12
    [name] => BLACK MEMORY
    [release_date] => 
    [link] => 
    [aff_id] => 
    [created_at] => 2024-09-19 20:24:22
    [updated_at] => 2024-09-19 20:24:22
)
  
[2024-10-27 15:52:54] local.DEBUG: after_data=Array
(
    [art_id] => 12
    [name] => BLACK MEMORY
    [aff_id] => 38
)
  
[2024-10-27 15:52:54] local.DEBUG: success  
[2024-10-27 15:52:59] local.DEBUG: -------start-------  
[2024-10-27 15:52:59] local.DEBUG: before_data=stdClass Object
(
    [id] => 420
    [alb_id] => 
    [art_id] => 10
    [name] => testhh
    [release_date] => 
    [link] => 
    [aff_id] => 52
    [created_at] => 2024-10-27 15:16:11
    [updated_at] => 2024-10-27 15:21:36
)
  
[2024-10-27 15:52:59] local.DEBUG: after_data=Array
(
    [art_id] => 10
    [name] => test
    [aff_id] => 52
)
  
[2024-10-27 15:52:59] local.DEBUG: success  
[2024-10-27 15:53:28] local.DEBUG: -------start-------  
[2024-10-27 15:53:28] local.DEBUG: before_data=stdClass Object
(
    [id] => 420
    [alb_id] => 
    [art_id] => 10
    [name] => test
    [release_date] => 
    [link] => 
    [aff_id] => 52
    [created_at] => 2024-10-27 15:16:11
    [updated_at] => 2024-10-27 15:52:59
)
  
[2024-10-27 15:53:28] local.DEBUG: after_data=Array
(
    [art_id] => 9
    [name] => test
    [aff_id] => 52
)
  
[2024-10-27 15:53:28] local.DEBUG: success  
[2024-10-27 15:55:54] local.DEBUG: -------start-------  
[2024-10-27 15:55:54] local.DEBUG: before_data=stdClass Object
(
    [id] => 420
    [alb_id] => 
    [art_id] => 9
    [name] => test
    [release_date] => 
    [link] => 
    [aff_id] => 52
    [created_at] => 2024-10-27 15:16:11
    [updated_at] => 2024-10-27 15:53:28
)
  
[2024-10-27 15:55:54] local.DEBUG: after_data=Array
(
    [art_id] => 9
    [name] => test
    [aff_id] => 52
)
  
[2024-10-27 15:55:54] local.DEBUG: success  
