[2024-10-20 21:41:52] local.DEBUG: -------start-------  
[2024-10-20 21:41:52] local.DEBUG: chg_data=Array
(
    [name] => 管理者用　菅野
)
  
[2024-10-20 21:41:52] local.DEBUG: success  
[2024-10-27 16:08:27] local.DEBUG: -------start-------  
[2024-10-27 16:08:27] local.DEBUG: chg_data=Array
(
    [release_flag] => 1
    [mail_flag] => 1
)
  
[2024-10-27 16:08:27] local.DEBUG: success  
[2024-10-27 16:08:39] local.DEBUG: -------start-------  
[2024-10-27 16:08:39] local.DEBUG: chg_data=Array
(
    [release_flag] => 0
    [mail_flag] => 0
)
  
[2024-10-27 16:08:39] local.DEBUG: success  
