[2024-08-31 13:36:06] local.DEBUG: -------start-------  
[2024-08-31 13:36:06] local.DEBUG: after_data=Array
(
    [_token] => 9ouHJO5Ol6KqHyZMnBmWVV316iuBhqZkEpy0KAff
    [search_type] => 
    [search_status] => 
    [search_mess] => 
    [search_reply] => 
    [page] => 
    [id] => 1
    [name] => skcoco　admin
    [type] => 0
    [status] => 0
    [message] => test
    [reply] => test
)
  
[2024-08-31 13:36:06] local.DEBUG: success  
[2024-08-31 13:36:16] local.DEBUG: -------start-------  
[2024-08-31 13:36:16] local.DEBUG: after_data=Array
(
    [_token] => 9ouHJO5Ol6KqHyZMnBmWVV316iuBhqZkEpy0KAff
    [search_type] => 
    [search_status] => 
    [search_mess] => 
    [search_reply] => 
    [page] => 
    [id] => 1
    [name] => skcoco　admin
    [type] => 0
    [status] => 1
    [message] => test
    [reply] => test
)
  
[2024-08-31 13:36:16] local.DEBUG: success  
[2024-08-31 13:36:22] local.DEBUG: -------start-------  
[2024-08-31 13:36:22] local.DEBUG: after_data=Array
(
    [_token] => 9ouHJO5Ol6KqHyZMnBmWVV316iuBhqZkEpy0KAff
    [search_type] => 
    [search_status] => 
    [search_mess] => 
    [search_reply] => 
    [page] => 
    [id] => 1
    [name] => skcoco　admin
    [type] => 1
    [status] => 1
    [message] => test
    [reply] => test
)
  
[2024-08-31 13:36:22] local.DEBUG: success  
[2024-08-31 13:38:02] local.DEBUG: -------start-------  
[2024-08-31 13:38:02] local.DEBUG: after_data=Array
(
    [_token] => 9ouHJO5Ol6KqHyZMnBmWVV316iuBhqZkEpy0KAff
    [search_type] => 
    [search_status] => 
    [search_mess] => 
    [search_reply] => 
    [page] => 
    [id] => 1
    [name] => skcoco　admin
    [type] => 1
    [status] => 1
    [message] => 依頼内容
    [reply] => 回答内容
)
  
[2024-08-31 13:38:02] local.DEBUG: success  
[2024-08-31 13:39:24] local.DEBUG: -------start-------  
[2024-08-31 13:39:24] local.DEBUG: after_data=Array
(
    [_token] => 9ouHJO5Ol6KqHyZMnBmWVV316iuBhqZkEpy0KAff
    [search_type] => 0
    [search_status] => 
    [search_mess] => 
    [search_reply] => 
    [page] => 
    [id] => 1
    [name] => skcoco　admin
    [type] => 0
    [status] => 1
    [message] => test
    [reply] => 回答内容
)
  
[2024-08-31 13:39:24] local.DEBUG: success  
[2024-08-31 13:50:51] local.DEBUG: -------start-------  
[2024-08-31 13:50:51] local.DEBUG: after_data=Array
(
    [_token] => 9ouHJO5Ol6KqHyZMnBmWVV316iuBhqZkEpy0KAff
    [search_type] => 
    [search_status] => 
    [search_mess] => 
    [search_reply] => 
    [page] => 
    [id] => 1
    [name] => skcoco　admin
    [type] => 問い合わせ
    [status] => 1
    [message] => test
    [reply] => 回答内容　更新
)
  
[2024-08-31 13:50:51] local.DEBUG: success  
[2024-08-31 14:47:19] local.DEBUG: -------start-------  
[2024-08-31 14:47:19] local.DEBUG: after_data=Array
(
    [_token] => 9ouHJO5Ol6KqHyZMnBmWVV316iuBhqZkEpy0KAff
    [search_type] => 
    [search_status] => 
    [search_mess] => 
    [search_reply] => 
    [page] => 
    [id] => 1
    [name] => skcoco　admin
    [type] => 問い合わせ
    [status] => 0
    [message] => test
    [reply] => 2件目テスト
)
  
[2024-08-31 14:47:19] local.DEBUG: success  
[2024-08-31 14:47:32] local.DEBUG: -------start-------  
[2024-08-31 14:47:32] local.DEBUG: after_data=Array
(
    [_token] => 9ouHJO5Ol6KqHyZMnBmWVV316iuBhqZkEpy0KAff
    [search_type] => 
    [search_status] => 
    [search_mess] => 
    [search_reply] => 
    [page] => 
    [id] => 1
    [name] => skcoco　admin
    [type] => 問い合わせ
    [status] => 0
    [message] => test
    [reply] => 回答内容テスト
)
  
[2024-08-31 14:47:32] local.DEBUG: success  
[2024-08-31 14:54:49] local.DEBUG: -------start-------  
[2024-08-31 14:54:49] local.DEBUG: after_data=Array
(
    [_token] => 9ouHJO5Ol6KqHyZMnBmWVV316iuBhqZkEpy0KAff
    [search_type] => 
    [search_status] => 
    [search_mess] => 
    [search_reply] => 
    [page] => 
    [id] => 9
    [name] => skcoco　admin
    [type] => 問い合わせ
    [status] => 0
    [message] => 問い合わせテスト
    [reply] => 問い合わせ回答テスト
)
  
[2024-08-31 14:54:49] local.DEBUG: success  
[2024-08-31 14:55:04] local.DEBUG: -------start-------  
[2024-08-31 14:55:04] local.DEBUG: after_data=Array
(
    [_token] => 9ouHJO5Ol6KqHyZMnBmWVV316iuBhqZkEpy0KAff
    [search_type] => 
    [search_status] => 
    [search_mess] => 
    [search_reply] => 
    [page] => 
    [id] => 9
    [name] => skcoco　admin
    [type] => 問い合わせ
    [status] => 1
    [message] => 問い合わせテスト
    [reply] => 問い合わせ回答テスト
対応済み　変更
)
  
[2024-08-31 14:55:04] local.DEBUG: success  
[2024-08-31 15:36:09] local.DEBUG: -------start-------  
[2024-08-31 15:36:09] local.DEBUG: after_data=Array
(
    [_token] => 9ouHJO5Ol6KqHyZMnBmWVV316iuBhqZkEpy0KAff
    [search_type] => 
    [search_status] => 
    [search_mess] => 
    [search_reply] => 
    [page] => 
    [id] => 1
    [name] => skcoco　admin
    [type] => 要望
    [status] => 0
    [message] => test
    [reply] => 回答内容テスト
改行
)
  
[2024-08-31 15:36:09] local.DEBUG: success  
[2024-08-31 17:37:52] local.DEBUG: -------start-------  
[2024-08-31 17:37:52] local.DEBUG: after_data=Array
(
    [_token] => 9ouHJO5Ol6KqHyZMnBmWVV316iuBhqZkEpy0KAff
    [search_type] => 
    [search_status] => 
    [search_mess] => 
    [search_reply] => 
    [page] => 
    [id] => 9
    [name] => skcoco　admin
    [type] => 問い合わせ
    [status] => 1
    [message] => 問い合わせテスト
    [reply] => 問い合わせ回答テスト
対応済み
改行追加　更新
)
  
[2024-08-31 17:37:52] local.DEBUG: success  
[2024-08-31 17:38:11] local.DEBUG: -------start-------  
[2024-08-31 17:38:11] local.DEBUG: after_data=Array
(
    [_token] => 9ouHJO5Ol6KqHyZMnBmWVV316iuBhqZkEpy0KAff
    [search_type] => 
    [search_status] => 
    [search_mess] => 
    [search_reply] => 
    [page] => 
    [id] => 2
    [name] => skcoco　admin
    [type] => 要望
    [status] => 0
    [message] => test
    [reply] => 改行あり
回答内容テスト
)
  
[2024-08-31 17:38:11] local.DEBUG: success  
[2024-08-31 17:40:34] local.DEBUG: -------start-------  
[2024-08-31 17:40:34] local.DEBUG: after_data=Array
(
    [_token] => 9ouHJO5Ol6KqHyZMnBmWVV316iuBhqZkEpy0KAff
    [search_type] => 
    [search_status] => 
    [search_mess] => 
    [search_reply] => 
    [page] => 
    [id] => 1
    [name] => skcoco　admin
    [type] => 要望
    [status] => 0
    [message] => test
    [reply] => 回答内容テスト
 改行
)
  
[2024-08-31 17:40:34] local.DEBUG: success  
[2024-08-31 17:41:26] local.DEBUG: -------start-------  
[2024-08-31 17:41:26] local.DEBUG: after_data=Array
(
    [_token] => 9ouHJO5Ol6KqHyZMnBmWVV316iuBhqZkEpy0KAff
    [search_type] => 
    [search_status] => 
    [search_mess] => 
    [search_reply] => 
    [page] => 
    [id] => 1
    [name] => skcoco　admin
    [type] => 要望
    [status] => 1
    [message] => test
    [reply] => 回答内容テスト
対応済み　更新
)
  
[2024-08-31 17:41:26] local.DEBUG: success  
[2024-08-31 17:41:36] local.DEBUG: -------start-------  
[2024-08-31 17:41:36] local.DEBUG: after_data=Array
(
    [_token] => 9ouHJO5Ol6KqHyZMnBmWVV316iuBhqZkEpy0KAff
    [search_type] => 
    [search_status] => 
    [search_mess] => 
    [search_reply] => 
    [page] => 
    [id] => 1
    [name] => skcoco　admin
    [type] => 要望
    [status] => 1
    [message] => test
    [reply] => 回答内容テスト
 対応済み　更新
)
  
[2024-08-31 17:41:36] local.DEBUG: success  
[2024-09-01 12:48:44] local.DEBUG: -------start-------  
[2024-09-01 12:48:44] local.DEBUG: after_data=Array
(
    [_token] => w6qP8eSr9909XZ0qxggdvD7llyRRPpHy4Bunhjaa
    [search_type] => 
    [search_status] => 
    [search_mess] => 
    [search_reply] => 
    [page] => 
    [id] => 1
    [user_id] => 
    [name] => skcoco　admin
    [type] => 要望
    [status] => 1
    [message] => test
    [reply] => 回答内容テスト
 対応済み　更新
    [notification_flag] => 1
)
  
[2024-09-01 12:50:10] local.DEBUG: -------start-------  
[2024-09-01 12:50:10] local.DEBUG: after_data=Array
(
    [_token] => w6qP8eSr9909XZ0qxggdvD7llyRRPpHy4Bunhjaa
    [search_type] => 
    [search_status] => 
    [search_mess] => 
    [search_reply] => 
    [page] => 
    [id] => 1
    [user_id] => 
    [name] => skcoco　admin
    [type] => 要望
    [status] => 1
    [message] => test
    [reply] => 回答内容テスト
 対応済み　更新
    [notification_flag] => 1
)
  
[2024-09-01 12:51:10] local.DEBUG: -------start-------  
[2024-09-01 12:51:10] local.DEBUG: after_data=Array
(
    [_token] => w6qP8eSr9909XZ0qxggdvD7llyRRPpHy4Bunhjaa
    [search_type] => 
    [search_status] => 
    [search_mess] => 
    [search_reply] => 
    [page] => 
    [id] => 1
    [user_id] => 
    [name] => skcoco　admin
    [type] => 要望
    [status] => 1
    [message] => test
    [reply] => 回答内容テスト
 対応済み　更新
    [notification_flag] => 1
)
  
[2024-09-01 13:03:39] local.DEBUG: -------start-------  
[2024-09-01 13:03:39] local.DEBUG: after_data=Array
(
    [_token] => w6qP8eSr9909XZ0qxggdvD7llyRRPpHy4Bunhjaa
    [search_type] => 
    [search_status] => 
    [search_mess] => 
    [search_reply] => 
    [page] => 
    [id] => 1
    [user_id] => 
    [name] => skcoco　admin
    [type] => 要望
    [status] => 1
    [message] => test
    [reply] => 回答内容テスト
 対応済み　更新
    [notification_flag] => 1
)
  
[2024-09-01 13:03:39] local.DEBUG: success  
[2024-09-01 13:03:39] local.DEBUG: ========================start========================  
[2024-09-01 13:03:40] local.DEBUG: subscription=Minishlink\WebPush\Subscription Object
(
    [endpoint:Minishlink\WebPush\Subscription:private] => https://fcm.googleapis.com/fcm/send/foPoS-uHVFs:APA91bHEcP_cz7ZFZqYRwVKpIiihUBfQhFcsYAnCydsXYbWKMsxTR6SrB5L7EILoa_la35SjZWHHUa1sS85NKzj6ZdJUHaGZkLf2EF8P2KxkUxDQmniGtm5nDLf5o85hjAov1jhryG4l
    [publicKey:Minishlink\WebPush\Subscription:private] => BAckR3MIfYUq+5HAmWFh/rghhlcDgBW+KO078i1JheAox6DrrJewOEoPEkk90YVRiP5GOb2kgb4QGBzOhXmTYBM=
    [authToken:Minishlink\WebPush\Subscription:private] => PeMXTqgC0ozIKBWq++JpNA==
    [contentEncoding:Minishlink\WebPush\Subscription:private] => aesgcm
)
  
[2024-09-01 13:03:40] local.DEBUG: auth=Array
(
    [VAPID] => Array
        (
            [subject] => https://localhost
            [publicKey] => BAOWs9eRh8OckDCJ-ImUrlCl8B3WlzNGI9x3kU1r-F0cRH_1UXovpCkv0cspgheWCt-d7IxoUnPfXekBmxkoscM
            [privateKey] => Auj19yek3xQP7Jtb3L4KGdrsGj6T-kczRLgpm-dBEC4
        )

)
  
[2024-09-01 13:03:40] local.DEBUG: Push通知送信エラー:Unable to create the local key. OpenSSL error: error:80000003:system library::No such process  
[2024-09-01 13:03:40] local.DEBUG: Trace:#0 C:\xampp\htdocs\app01\vendor\minishlink\web-push\src\Encryption.php(59): Minishlink\WebPush\Encryption::createLocalKeyObject()
#1 C:\xampp\htdocs\app01\vendor\minishlink\web-push\src\WebPush.php(253): Minishlink\WebPush\Encryption::encrypt('\n\e\x00\x00\x00\x00\x00\x00\x00\x00\x00\x00\x00\x00\x00...', 'BAckR3MIfYUq+5H...', 'PeMXTqgC0ozIKBW...', 'aesgcm')
#2 C:\xampp\htdocs\app01\vendor\minishlink\web-push\src\WebPush.php(148): Minishlink\WebPush\WebPush->prepare(Array)
#3 [internal function]: Minishlink\WebPush\WebPush->flush()
#4 C:\xampp\htdocs\app01\vendor\minishlink\web-push\src\WebPush.php(119): Generator->current()
#5 C:\xampp\htdocs\app01\app\Helpers\PushNotification.php(76): Minishlink\WebPush\WebPush->sendOneNotification(Object(Minishlink\WebPush\Subscription), '{"title":"\\u305...')
#6 C:\xampp\htdocs\app01\app\Helpers\PushNotification.php(23): PushNotification::sendNotification(1, Array)
#7 C:\xampp\htdocs\app01\app\Http\Controllers\Admin\AdminUserController.php(136): push_send(1, Array)
#8 C:\xampp\htdocs\app01\vendor\laravel\framework\src\Illuminate\Routing\Controller.php(54): App\Http\Controllers\Admin\AdminUserController->user_request_chg(Object(Illuminate\Http\Request))
#9 C:\xampp\htdocs\app01\vendor\laravel\framework\src\Illuminate\Routing\ControllerDispatcher.php(43): Illuminate\Routing\Controller->callAction('user_request_ch...', Array)
#10 C:\xampp\htdocs\app01\vendor\laravel\framework\src\Illuminate\Routing\Route.php(259): Illuminate\Routing\ControllerDispatcher->dispatch(Object(Illuminate\Routing\Route), Object(App\Http\Controllers\Admin\AdminUserController), 'user_request_ch...')
#11 C:\xampp\htdocs\app01\vendor\laravel\framework\src\Illuminate\Routing\Route.php(205): Illuminate\Routing\Route->runController()
#12 C:\xampp\htdocs\app01\vendor\laravel\framework\src\Illuminate\Routing\Router.php(806): Illuminate\Routing\Route->run()
#13 C:\xampp\htdocs\app01\vendor\laravel\framework\src\Illuminate\Pipeline\Pipeline.php(144): Illuminate\Routing\Router->Illuminate\Routing\{closure}(Object(Illuminate\Http\Request))
#14 C:\xampp\htdocs\app01\app\Http\Middleware\AdminMiddleware.php(16): Illuminate\Pipeline\Pipeline->Illuminate\Pipeline\{closure}(Object(Illuminate\Http\Request))
#15 C:\xampp\htdocs\app01\vendor\laravel\framework\src\Illuminate\Pipeline\Pipeline.php(183): App\Http\Middleware\AdminMiddleware->handle(Object(Illuminate\Http\Request), Object(Closure))
#16 C:\xampp\htdocs\app01\vendor\laravel\framework\src\Illuminate\Routing\Middleware\SubstituteBindings.php(50): Illuminate\Pipeline\Pipeline->Illuminate\Pipeline\{closure}(Object(Illuminate\Http\Request))
#17 C:\xampp\htdocs\app01\vendor\laravel\framework\src\Illuminate\Pipeline\Pipeline.php(183): Illuminate\Routing\Middleware\SubstituteBindings->handle(Object(Illuminate\Http\Request), Object(Closure))
#18 C:\xampp\htdocs\app01\vendor\laravel\framework\src\Illuminate\Auth\Middleware\Authenticate.php(57): Illuminate\Pipeline\Pipeline->Illuminate\Pipeline\{closure}(Object(Illuminate\Http\Request))
#19 C:\xampp\htdocs\app01\vendor\laravel\framework\src\Illuminate\Pipeline\Pipeline.php(183): Illuminate\Auth\Middleware\Authenticate->handle(Object(Illuminate\Http\Request), Object(Closure))
#20 C:\xampp\htdocs\app01\vendor\laravel\framework\src\Illuminate\Foundation\Http\Middleware\VerifyCsrfToken.php(78): Illuminate\Pipeline\Pipeline->Illuminate\Pipeline\{closure}(Object(Illuminate\Http\Request))
#21 C:\xampp\htdocs\app01\vendor\laravel\framework\src\Illuminate\Pipeline\Pipeline.php(183): Illuminate\Foundation\Http\Middleware\VerifyCsrfToken->handle(Object(Illuminate\Http\Request), Object(Closure))
#22 C:\xampp\htdocs\app01\vendor\laravel\framework\src\Illuminate\View\Middleware\ShareErrorsFromSession.php(49): Illuminate\Pipeline\Pipeline->Illuminate\Pipeline\{closure}(Object(Illuminate\Http\Request))
#23 C:\xampp\htdocs\app01\vendor\laravel\framework\src\Illuminate\Pipeline\Pipeline.php(183): Illuminate\View\Middleware\ShareErrorsFromSession->handle(Object(Illuminate\Http\Request), Object(Closure))
#24 C:\xampp\htdocs\app01\vendor\laravel\framework\src\Illuminate\Session\Middleware\StartSession.php(121): Illuminate\Pipeline\Pipeline->Illuminate\Pipeline\{closure}(Object(Illuminate\Http\Request))
#25 C:\xampp\htdocs\app01\vendor\laravel\framework\src\Illuminate\Session\Middleware\StartSession.php(64): Illuminate\Session\Middleware\StartSession->handleStatefulRequest(Object(Illuminate\Http\Request), Object(Illuminate\Session\Store), Object(Closure))
#26 C:\xampp\htdocs\app01\vendor\laravel\framework\src\Illuminate\Pipeline\Pipeline.php(183): Illuminate\Session\Middleware\StartSession->handle(Object(Illuminate\Http\Request), Object(Closure))
#27 C:\xampp\htdocs\app01\vendor\laravel\framework\src\Illuminate\Cookie\Middleware\AddQueuedCookiesToResponse.php(37): Illuminate\Pipeline\Pipeline->Illuminate\Pipeline\{closure}(Object(Illuminate\Http\Request))
#28 C:\xampp\htdocs\app01\vendor\laravel\framework\src\Illuminate\Pipeline\Pipeline.php(183): Illuminate\Cookie\Middleware\AddQueuedCookiesToResponse->handle(Object(Illuminate\Http\Request), Object(Closure))
#29 C:\xampp\htdocs\app01\vendor\laravel\framework\src\Illuminate\Cookie\Middleware\EncryptCookies.php(67): Illuminate\Pipeline\Pipeline->Illuminate\Pipeline\{closure}(Object(Illuminate\Http\Request))
#30 C:\xampp\htdocs\app01\vendor\laravel\framework\src\Illuminate\Pipeline\Pipeline.php(183): Illuminate\Cookie\Middleware\EncryptCookies->handle(Object(Illuminate\Http\Request), Object(Closure))
#31 C:\xampp\htdocs\app01\vendor\laravel\framework\src\Illuminate\Pipeline\Pipeline.php(119): Illuminate\Pipeline\Pipeline->Illuminate\Pipeline\{closure}(Object(Illuminate\Http\Request))
#32 C:\xampp\htdocs\app01\vendor\laravel\framework\src\Illuminate\Routing\Router.php(805): Illuminate\Pipeline\Pipeline->then(Object(Closure))
#33 C:\xampp\htdocs\app01\vendor\laravel\framework\src\Illuminate\Routing\Router.php(784): Illuminate\Routing\Router->runRouteWithinStack(Object(Illuminate\Routing\Route), Object(Illuminate\Http\Request))
#34 C:\xampp\htdocs\app01\vendor\laravel\framework\src\Illuminate\Routing\Router.php(748): Illuminate\Routing\Router->runRoute(Object(Illuminate\Http\Request), Object(Illuminate\Routing\Route))
#35 C:\xampp\htdocs\app01\vendor\laravel\framework\src\Illuminate\Routing\Router.php(737): Illuminate\Routing\Router->dispatchToRoute(Object(Illuminate\Http\Request))
#36 C:\xampp\htdocs\app01\vendor\laravel\framework\src\Illuminate\Foundation\Http\Kernel.php(200): Illuminate\Routing\Router->dispatch(Object(Illuminate\Http\Request))
#37 C:\xampp\htdocs\app01\vendor\laravel\framework\src\Illuminate\Pipeline\Pipeline.php(144): Illuminate\Foundation\Http\Kernel->Illuminate\Foundation\Http\{closure}(Object(Illuminate\Http\Request))
#38 C:\xampp\htdocs\app01\vendor\laravel\framework\src\Illuminate\Foundation\Http\Middleware\TransformsRequest.php(21): Illuminate\Pipeline\Pipeline->Illuminate\Pipeline\{closure}(Object(Illuminate\Http\Request))
#39 C:\xampp\htdocs\app01\vendor\laravel\framework\src\Illuminate\Foundation\Http\Middleware\ConvertEmptyStringsToNull.php(31): Illuminate\Foundation\Http\Middleware\TransformsRequest->handle(Object(Illuminate\Http\Request), Object(Closure))
#40 C:\xampp\htdocs\app01\vendor\laravel\framework\src\Illuminate\Pipeline\Pipeline.php(183): Illuminate\Foundation\Http\Middleware\ConvertEmptyStringsToNull->handle(Object(Illuminate\Http\Request), Object(Closure))
#41 C:\xampp\htdocs\app01\vendor\laravel\framework\src\Illuminate\Foundation\Http\Middleware\TransformsRequest.php(21): Illuminate\Pipeline\Pipeline->Illuminate\Pipeline\{closure}(Object(Illuminate\Http\Request))
#42 C:\xampp\htdocs\app01\vendor\laravel\framework\src\Illuminate\Foundation\Http\Middleware\TrimStrings.php(40): Illuminate\Foundation\Http\Middleware\TransformsRequest->handle(Object(Illuminate\Http\Request), Object(Closure))
#43 C:\xampp\htdocs\app01\vendor\laravel\framework\src\Illuminate\Pipeline\Pipeline.php(183): Illuminate\Foundation\Http\Middleware\TrimStrings->handle(Object(Illuminate\Http\Request), Object(Closure))
#44 C:\xampp\htdocs\app01\vendor\laravel\framework\src\Illuminate\Foundation\Http\Middleware\ValidatePostSize.php(27): Illuminate\Pipeline\Pipeline->Illuminate\Pipeline\{closure}(Object(Illuminate\Http\Request))
#45 C:\xampp\htdocs\app01\vendor\laravel\framework\src\Illuminate\Pipeline\Pipeline.php(183): Illuminate\Foundation\Http\Middleware\ValidatePostSize->handle(Object(Illuminate\Http\Request), Object(Closure))
#46 C:\xampp\htdocs\app01\vendor\laravel\framework\src\Illuminate\Foundation\Http\Middleware\PreventRequestsDuringMaintenance.php(99): Illuminate\Pipeline\Pipeline->Illuminate\Pipeline\{closure}(Object(Illuminate\Http\Request))
#47 C:\xampp\htdocs\app01\vendor\laravel\framework\src\Illuminate\Pipeline\Pipeline.php(183): Illuminate\Foundation\Http\Middleware\PreventRequestsDuringMaintenance->handle(Object(Illuminate\Http\Request), Object(Closure))
#48 C:\xampp\htdocs\app01\vendor\laravel\framework\src\Illuminate\Http\Middleware\HandleCors.php(49): Illuminate\Pipeline\Pipeline->Illuminate\Pipeline\{closure}(Object(Illuminate\Http\Request))
#49 C:\xampp\htdocs\app01\vendor\laravel\framework\src\Illuminate\Pipeline\Pipeline.php(183): Illuminate\Http\Middleware\HandleCors->handle(Object(Illuminate\Http\Request), Object(Closure))
#50 C:\xampp\htdocs\app01\vendor\laravel\framework\src\Illuminate\Http\Middleware\TrustProxies.php(39): Illuminate\Pipeline\Pipeline->Illuminate\Pipeline\{closure}(Object(Illuminate\Http\Request))
#51 C:\xampp\htdocs\app01\vendor\laravel\framework\src\Illuminate\Pipeline\Pipeline.php(183): Illuminate\Http\Middleware\TrustProxies->handle(Object(Illuminate\Http\Request), Object(Closure))
#52 C:\xampp\htdocs\app01\vendor\laravel\framework\src\Illuminate\Pipeline\Pipeline.php(119): Illuminate\Pipeline\Pipeline->Illuminate\Pipeline\{closure}(Object(Illuminate\Http\Request))
#53 C:\xampp\htdocs\app01\vendor\laravel\framework\src\Illuminate\Foundation\Http\Kernel.php(175): Illuminate\Pipeline\Pipeline->then(Object(Closure))
#54 C:\xampp\htdocs\app01\vendor\laravel\framework\src\Illuminate\Foundation\Http\Kernel.php(144): Illuminate\Foundation\Http\Kernel->sendRequestThroughRouter(Object(Illuminate\Http\Request))
#55 C:\xampp\htdocs\app01\public\index.php(51): Illuminate\Foundation\Http\Kernel->handle(Object(Illuminate\Http\Request))
#56 C:\xampp\htdocs\app01\server.php(21): require_once('C:\\xampp\\htdocs...')
#57 {main}  
[2024-09-01 13:17:11] local.DEBUG: -------start-------  
[2024-09-01 13:17:11] local.DEBUG: after_data=Array
(
    [_token] => w6qP8eSr9909XZ0qxggdvD7llyRRPpHy4Bunhjaa
    [search_type] => 
    [search_status] => 
    [search_mess] => 
    [search_reply] => 
    [page] => 
    [id] => 1
    [name] => skcoco　admin
    [type] => 要望
    [status] => 1
    [message] => test
    [reply] => 回答内容テスト
 対応済み　更新
    [notification_flag] => 
)
  
[2024-09-01 13:17:11] local.DEBUG: success  
[2024-09-01 13:17:14] local.DEBUG: -------start-------  
[2024-09-01 13:17:14] local.DEBUG: after_data=Array
(
    [_token] => w6qP8eSr9909XZ0qxggdvD7llyRRPpHy4Bunhjaa
    [search_type] => 
    [search_status] => 
    [search_mess] => 
    [search_reply] => 
    [page] => 
    [id] => 1
    [name] => skcoco　admin
    [type] => 要望
    [status] => 1
    [message] => test
    [reply] => 回答内容テスト
 対応済み　更新
    [notification_flag] => 1
)
  
[2024-09-01 13:17:14] local.DEBUG: success  
[2024-09-01 13:35:22] local.DEBUG: -------start-------  
[2024-09-01 13:35:22] local.DEBUG: after_data=Array
(
    [_token] => w6qP8eSr9909XZ0qxggdvD7llyRRPpHy4Bunhjaa
    [search_type] => 
    [search_status] => 
    [search_mess] => 
    [search_reply] => 
    [page] => 
    [id] => 1
    [name] => skcoco　admin
    [type] => 要望
    [status] => 1
    [message] => test
    [reply] => 回答内容テスト
 対応済み　更新
    [notification_flag] => 1
)
  
[2024-09-01 13:35:22] local.DEBUG: success  
[2024-09-01 13:35:22] local.DEBUG: ========================start========================  
[2024-09-01 13:35:22] local.DEBUG: subscription=Minishlink\WebPush\Subscription Object
(
    [endpoint:Minishlink\WebPush\Subscription:private] => https://fcm.googleapis.com/fcm/send/foPoS-uHVFs:APA91bHEcP_cz7ZFZqYRwVKpIiihUBfQhFcsYAnCydsXYbWKMsxTR6SrB5L7EILoa_la35SjZWHHUa1sS85NKzj6ZdJUHaGZkLf2EF8P2KxkUxDQmniGtm5nDLf5o85hjAov1jhryG4l
    [publicKey:Minishlink\WebPush\Subscription:private] => BAckR3MIfYUq+5HAmWFh/rghhlcDgBW+KO078i1JheAox6DrrJewOEoPEkk90YVRiP5GOb2kgb4QGBzOhXmTYBM=
    [authToken:Minishlink\WebPush\Subscription:private] => PeMXTqgC0ozIKBWq++JpNA==
    [contentEncoding:Minishlink\WebPush\Subscription:private] => aesgcm
)
  
[2024-09-01 13:35:22] local.DEBUG: auth=Array
(
    [VAPID] => Array
        (
            [subject] => https://localhost
            [publicKey] => BAOWs9eRh8OckDCJ-ImUrlCl8B3WlzNGI9x3kU1r-F0cRH_1UXovpCkv0cspgheWCt-d7IxoUnPfXekBmxkoscM
            [privateKey] => Auj19yek3xQP7Jtb3L4KGdrsGj6T-kczRLgpm-dBEC4
        )

)
  
[2024-09-01 13:35:22] local.DEBUG: Push通知送信エラー:Unable to create the local key. OpenSSL error: error:10000080:BIO routines::no such file  
[2024-09-01 13:35:22] local.DEBUG: Trace:#0 C:\xampp\htdocs\app01\vendor\minishlink\web-push\src\Encryption.php(59): Minishlink\WebPush\Encryption::createLocalKeyObject()
#1 C:\xampp\htdocs\app01\vendor\minishlink\web-push\src\WebPush.php(253): Minishlink\WebPush\Encryption::encrypt('\n\e\x00\x00\x00\x00\x00\x00\x00\x00\x00\x00\x00\x00\x00...', 'BAckR3MIfYUq+5H...', 'PeMXTqgC0ozIKBW...', 'aesgcm')
#2 C:\xampp\htdocs\app01\vendor\minishlink\web-push\src\WebPush.php(148): Minishlink\WebPush\WebPush->prepare(Array)
#3 [internal function]: Minishlink\WebPush\WebPush->flush()
#4 C:\xampp\htdocs\app01\vendor\minishlink\web-push\src\WebPush.php(119): Generator->current()
#5 C:\xampp\htdocs\app01\app\Helpers\PushNotification.php(76): Minishlink\WebPush\WebPush->sendOneNotification(Object(Minishlink\WebPush\Subscription), '{"title":"\\u305...')
#6 C:\xampp\htdocs\app01\app\Helpers\PushNotification.php(23): PushNotification::sendNotification(1, Array)
#7 C:\xampp\htdocs\app01\app\Http\Controllers\Admin\AdminUserController.php(136): push_send(1, Array)
#8 C:\xampp\htdocs\app01\vendor\laravel\framework\src\Illuminate\Routing\Controller.php(54): App\Http\Controllers\Admin\AdminUserController->user_request_chg(Object(Illuminate\Http\Request))
#9 C:\xampp\htdocs\app01\vendor\laravel\framework\src\Illuminate\Routing\ControllerDispatcher.php(43): Illuminate\Routing\Controller->callAction('user_request_ch...', Array)
#10 C:\xampp\htdocs\app01\vendor\laravel\framework\src\Illuminate\Routing\Route.php(259): Illuminate\Routing\ControllerDispatcher->dispatch(Object(Illuminate\Routing\Route), Object(App\Http\Controllers\Admin\AdminUserController), 'user_request_ch...')
#11 C:\xampp\htdocs\app01\vendor\laravel\framework\src\Illuminate\Routing\Route.php(205): Illuminate\Routing\Route->runController()
#12 C:\xampp\htdocs\app01\vendor\laravel\framework\src\Illuminate\Routing\Router.php(806): Illuminate\Routing\Route->run()
#13 C:\xampp\htdocs\app01\vendor\laravel\framework\src\Illuminate\Pipeline\Pipeline.php(144): Illuminate\Routing\Router->Illuminate\Routing\{closure}(Object(Illuminate\Http\Request))
#14 C:\xampp\htdocs\app01\app\Http\Middleware\AdminMiddleware.php(16): Illuminate\Pipeline\Pipeline->Illuminate\Pipeline\{closure}(Object(Illuminate\Http\Request))
#15 C:\xampp\htdocs\app01\vendor\laravel\framework\src\Illuminate\Pipeline\Pipeline.php(183): App\Http\Middleware\AdminMiddleware->handle(Object(Illuminate\Http\Request), Object(Closure))
#16 C:\xampp\htdocs\app01\vendor\laravel\framework\src\Illuminate\Routing\Middleware\SubstituteBindings.php(50): Illuminate\Pipeline\Pipeline->Illuminate\Pipeline\{closure}(Object(Illuminate\Http\Request))
#17 C:\xampp\htdocs\app01\vendor\laravel\framework\src\Illuminate\Pipeline\Pipeline.php(183): Illuminate\Routing\Middleware\SubstituteBindings->handle(Object(Illuminate\Http\Request), Object(Closure))
#18 C:\xampp\htdocs\app01\vendor\laravel\framework\src\Illuminate\Auth\Middleware\Authenticate.php(57): Illuminate\Pipeline\Pipeline->Illuminate\Pipeline\{closure}(Object(Illuminate\Http\Request))
#19 C:\xampp\htdocs\app01\vendor\laravel\framework\src\Illuminate\Pipeline\Pipeline.php(183): Illuminate\Auth\Middleware\Authenticate->handle(Object(Illuminate\Http\Request), Object(Closure))
#20 C:\xampp\htdocs\app01\vendor\laravel\framework\src\Illuminate\Foundation\Http\Middleware\VerifyCsrfToken.php(78): Illuminate\Pipeline\Pipeline->Illuminate\Pipeline\{closure}(Object(Illuminate\Http\Request))
#21 C:\xampp\htdocs\app01\vendor\laravel\framework\src\Illuminate\Pipeline\Pipeline.php(183): Illuminate\Foundation\Http\Middleware\VerifyCsrfToken->handle(Object(Illuminate\Http\Request), Object(Closure))
#22 C:\xampp\htdocs\app01\vendor\laravel\framework\src\Illuminate\View\Middleware\ShareErrorsFromSession.php(49): Illuminate\Pipeline\Pipeline->Illuminate\Pipeline\{closure}(Object(Illuminate\Http\Request))
#23 C:\xampp\htdocs\app01\vendor\laravel\framework\src\Illuminate\Pipeline\Pipeline.php(183): Illuminate\View\Middleware\ShareErrorsFromSession->handle(Object(Illuminate\Http\Request), Object(Closure))
#24 C:\xampp\htdocs\app01\vendor\laravel\framework\src\Illuminate\Session\Middleware\StartSession.php(121): Illuminate\Pipeline\Pipeline->Illuminate\Pipeline\{closure}(Object(Illuminate\Http\Request))
#25 C:\xampp\htdocs\app01\vendor\laravel\framework\src\Illuminate\Session\Middleware\StartSession.php(64): Illuminate\Session\Middleware\StartSession->handleStatefulRequest(Object(Illuminate\Http\Request), Object(Illuminate\Session\Store), Object(Closure))
#26 C:\xampp\htdocs\app01\vendor\laravel\framework\src\Illuminate\Pipeline\Pipeline.php(183): Illuminate\Session\Middleware\StartSession->handle(Object(Illuminate\Http\Request), Object(Closure))
#27 C:\xampp\htdocs\app01\vendor\laravel\framework\src\Illuminate\Cookie\Middleware\AddQueuedCookiesToResponse.php(37): Illuminate\Pipeline\Pipeline->Illuminate\Pipeline\{closure}(Object(Illuminate\Http\Request))
#28 C:\xampp\htdocs\app01\vendor\laravel\framework\src\Illuminate\Pipeline\Pipeline.php(183): Illuminate\Cookie\Middleware\AddQueuedCookiesToResponse->handle(Object(Illuminate\Http\Request), Object(Closure))
#29 C:\xampp\htdocs\app01\vendor\laravel\framework\src\Illuminate\Cookie\Middleware\EncryptCookies.php(67): Illuminate\Pipeline\Pipeline->Illuminate\Pipeline\{closure}(Object(Illuminate\Http\Request))
#30 C:\xampp\htdocs\app01\vendor\laravel\framework\src\Illuminate\Pipeline\Pipeline.php(183): Illuminate\Cookie\Middleware\EncryptCookies->handle(Object(Illuminate\Http\Request), Object(Closure))
#31 C:\xampp\htdocs\app01\vendor\laravel\framework\src\Illuminate\Pipeline\Pipeline.php(119): Illuminate\Pipeline\Pipeline->Illuminate\Pipeline\{closure}(Object(Illuminate\Http\Request))
#32 C:\xampp\htdocs\app01\vendor\laravel\framework\src\Illuminate\Routing\Router.php(805): Illuminate\Pipeline\Pipeline->then(Object(Closure))
#33 C:\xampp\htdocs\app01\vendor\laravel\framework\src\Illuminate\Routing\Router.php(784): Illuminate\Routing\Router->runRouteWithinStack(Object(Illuminate\Routing\Route), Object(Illuminate\Http\Request))
#34 C:\xampp\htdocs\app01\vendor\laravel\framework\src\Illuminate\Routing\Router.php(748): Illuminate\Routing\Router->runRoute(Object(Illuminate\Http\Request), Object(Illuminate\Routing\Route))
#35 C:\xampp\htdocs\app01\vendor\laravel\framework\src\Illuminate\Routing\Router.php(737): Illuminate\Routing\Router->dispatchToRoute(Object(Illuminate\Http\Request))
#36 C:\xampp\htdocs\app01\vendor\laravel\framework\src\Illuminate\Foundation\Http\Kernel.php(200): Illuminate\Routing\Router->dispatch(Object(Illuminate\Http\Request))
#37 C:\xampp\htdocs\app01\vendor\laravel\framework\src\Illuminate\Pipeline\Pipeline.php(144): Illuminate\Foundation\Http\Kernel->Illuminate\Foundation\Http\{closure}(Object(Illuminate\Http\Request))
#38 C:\xampp\htdocs\app01\vendor\laravel\framework\src\Illuminate\Foundation\Http\Middleware\TransformsRequest.php(21): Illuminate\Pipeline\Pipeline->Illuminate\Pipeline\{closure}(Object(Illuminate\Http\Request))
#39 C:\xampp\htdocs\app01\vendor\laravel\framework\src\Illuminate\Foundation\Http\Middleware\ConvertEmptyStringsToNull.php(31): Illuminate\Foundation\Http\Middleware\TransformsRequest->handle(Object(Illuminate\Http\Request), Object(Closure))
#40 C:\xampp\htdocs\app01\vendor\laravel\framework\src\Illuminate\Pipeline\Pipeline.php(183): Illuminate\Foundation\Http\Middleware\ConvertEmptyStringsToNull->handle(Object(Illuminate\Http\Request), Object(Closure))
#41 C:\xampp\htdocs\app01\vendor\laravel\framework\src\Illuminate\Foundation\Http\Middleware\TransformsRequest.php(21): Illuminate\Pipeline\Pipeline->Illuminate\Pipeline\{closure}(Object(Illuminate\Http\Request))
#42 C:\xampp\htdocs\app01\vendor\laravel\framework\src\Illuminate\Foundation\Http\Middleware\TrimStrings.php(40): Illuminate\Foundation\Http\Middleware\TransformsRequest->handle(Object(Illuminate\Http\Request), Object(Closure))
#43 C:\xampp\htdocs\app01\vendor\laravel\framework\src\Illuminate\Pipeline\Pipeline.php(183): Illuminate\Foundation\Http\Middleware\TrimStrings->handle(Object(Illuminate\Http\Request), Object(Closure))
#44 C:\xampp\htdocs\app01\vendor\laravel\framework\src\Illuminate\Foundation\Http\Middleware\ValidatePostSize.php(27): Illuminate\Pipeline\Pipeline->Illuminate\Pipeline\{closure}(Object(Illuminate\Http\Request))
#45 C:\xampp\htdocs\app01\vendor\laravel\framework\src\Illuminate\Pipeline\Pipeline.php(183): Illuminate\Foundation\Http\Middleware\ValidatePostSize->handle(Object(Illuminate\Http\Request), Object(Closure))
#46 C:\xampp\htdocs\app01\vendor\laravel\framework\src\Illuminate\Foundation\Http\Middleware\PreventRequestsDuringMaintenance.php(99): Illuminate\Pipeline\Pipeline->Illuminate\Pipeline\{closure}(Object(Illuminate\Http\Request))
#47 C:\xampp\htdocs\app01\vendor\laravel\framework\src\Illuminate\Pipeline\Pipeline.php(183): Illuminate\Foundation\Http\Middleware\PreventRequestsDuringMaintenance->handle(Object(Illuminate\Http\Request), Object(Closure))
#48 C:\xampp\htdocs\app01\vendor\laravel\framework\src\Illuminate\Http\Middleware\HandleCors.php(49): Illuminate\Pipeline\Pipeline->Illuminate\Pipeline\{closure}(Object(Illuminate\Http\Request))
#49 C:\xampp\htdocs\app01\vendor\laravel\framework\src\Illuminate\Pipeline\Pipeline.php(183): Illuminate\Http\Middleware\HandleCors->handle(Object(Illuminate\Http\Request), Object(Closure))
#50 C:\xampp\htdocs\app01\vendor\laravel\framework\src\Illuminate\Http\Middleware\TrustProxies.php(39): Illuminate\Pipeline\Pipeline->Illuminate\Pipeline\{closure}(Object(Illuminate\Http\Request))
#51 C:\xampp\htdocs\app01\vendor\laravel\framework\src\Illuminate\Pipeline\Pipeline.php(183): Illuminate\Http\Middleware\TrustProxies->handle(Object(Illuminate\Http\Request), Object(Closure))
#52 C:\xampp\htdocs\app01\vendor\laravel\framework\src\Illuminate\Pipeline\Pipeline.php(119): Illuminate\Pipeline\Pipeline->Illuminate\Pipeline\{closure}(Object(Illuminate\Http\Request))
#53 C:\xampp\htdocs\app01\vendor\laravel\framework\src\Illuminate\Foundation\Http\Kernel.php(175): Illuminate\Pipeline\Pipeline->then(Object(Closure))
#54 C:\xampp\htdocs\app01\vendor\laravel\framework\src\Illuminate\Foundation\Http\Kernel.php(144): Illuminate\Foundation\Http\Kernel->sendRequestThroughRouter(Object(Illuminate\Http\Request))
#55 C:\xampp\htdocs\app01\public\index.php(51): Illuminate\Foundation\Http\Kernel->handle(Object(Illuminate\Http\Request))
#56 C:\xampp\htdocs\app01\server.php(21): require_once('C:\\xampp\\htdocs...')
#57 {main}  
[2024-09-01 14:06:40] local.DEBUG: -------start-------  
[2024-09-01 14:06:40] local.DEBUG: after_data=Array
(
    [_token] => w6qP8eSr9909XZ0qxggdvD7llyRRPpHy4Bunhjaa
    [search_type] => 
    [search_status] => 
    [search_mess] => 
    [search_reply] => 
    [page] => 
    [id] => 1
    [name] => skcoco　admin
    [type] => 要望
    [status] => 1
    [message] => test
    [reply] => 回答内容テスト
 対応済み　更新
    [notification_flag] => 
)
  
[2024-09-01 14:06:40] local.DEBUG: success  
[2024-09-01 14:07:24] local.DEBUG: -------start-------  
[2024-09-01 14:07:24] local.DEBUG: after_data=Array
(
    [_token] => w6qP8eSr9909XZ0qxggdvD7llyRRPpHy4Bunhjaa
    [search_type] => 
    [search_status] => 
    [search_mess] => 
    [search_reply] => 
    [page] => 
    [id] => 1
    [name] => skcoco　admin
    [type] => 要望
    [status] => 1
    [message] => test
    [reply] => 回答内容テスト
 対応済み　更新
    [notification_flag] => 1
)
  
[2024-09-01 14:07:24] local.DEBUG: success  
[2024-09-01 14:09:35] local.DEBUG: -------start-------  
[2024-09-01 14:09:35] local.DEBUG: after_data=Array
(
    [_token] => w6qP8eSr9909XZ0qxggdvD7llyRRPpHy4Bunhjaa
    [search_type] => 
    [search_status] => 
    [search_mess] => 
    [search_reply] => 
    [page] => 
    [id] => 1
    [name] => skcoco　admin
    [type] => 要望
    [status] => 1
    [message] => test
    [reply] => 回答内容テスト
 対応済み　更新
    [notification_flag] => 
)
  
[2024-09-01 14:09:35] local.DEBUG: success  
[2024-09-01 14:10:05] local.DEBUG: -------start-------  
[2024-09-01 14:10:05] local.DEBUG: after_data=Array
(
    [_token] => w6qP8eSr9909XZ0qxggdvD7llyRRPpHy4Bunhjaa
    [search_type] => 
    [search_status] => 
    [search_mess] => 
    [search_reply] => 
    [page] => 
    [id] => 1
    [name] => skcoco　admin
    [type] => 要望
    [status] => 1
    [message] => test
    [reply] => 回答内容テスト
 対応済み　更新
    [notification_flag] => 
)
  
[2024-09-01 14:10:05] local.DEBUG: success  
[2024-09-01 14:11:59] local.DEBUG: -------start-------  
[2024-09-01 14:11:59] local.DEBUG: after_data=Array
(
    [_token] => w6qP8eSr9909XZ0qxggdvD7llyRRPpHy4Bunhjaa
    [search_type] => 
    [search_status] => 
    [search_mess] => 
    [search_reply] => 
    [page] => 
    [id] => 2
    [name] => skcoco　admin
    [type] => 要望
    [status] => 0
    [message] => test
    [reply] => 改行あり
 回答内容テスト
    [notification_flag] => 
)
  
[2024-09-01 14:11:59] local.DEBUG: success  
[2024-09-01 16:07:56] local.DEBUG: -------start-------  
[2024-09-01 16:07:56] local.DEBUG: after_data=Array
(
    [_token] => w6qP8eSr9909XZ0qxggdvD7llyRRPpHy4Bunhjaa
    [search_type] => 
    [search_status] => 
    [search_mess] => 
    [search_reply] => 
    [page] => 
    [id] => 11
    [name] => skcoco　admin
    [type] => 要望
    [status] => 0
    [message] => 問い合わせ問い合わせ問い合わせ問い合わせ問い合わせ問い合わせ問い合わせ問い合わせ問い合わせ問い合わせ
 改行
 改行
 改行
 改行
 改行
 改行
 改行
 改行
    [reply] => 回答内容回答内容回答内容回答内容回答内容回答内容回答内容回答内容回答内容回答内容回答内容回答内容回答内容回答内容回答内容回答内容回答内容回答内容回答内容回答内容回答内容回答内容
改行
改行
改行
改行
改行
改行
改行
    [notification_flag] => 
)
  
[2024-09-01 16:07:56] local.DEBUG: success  
[2024-09-01 16:09:34] local.DEBUG: -------start-------  
[2024-09-01 16:09:34] local.DEBUG: after_data=Array
(
    [_token] => w6qP8eSr9909XZ0qxggdvD7llyRRPpHy4Bunhjaa
    [search_type] => 
    [search_status] => 
    [search_mess] => 
    [search_reply] => 
    [page] => 
    [id] => 11
    [name] => skcoco　admin
    [type] => 要望
    [status] => 1
    [message] => 問い合わせ問い合わせ問い合わせ問い合わせ問い合わせ問い合わせ問い合わせ問い合わせ問い合わせ問い合わせ
 改行
 改行
 改行
 改行
 改行
 改行
 改行
 改行
    [reply] => 回答内容回答内容回答内容回答内容回答内容回答内容回答内容回答内容回答内容回答内容回答内容回答内容回答内容回答内容回答内容回答内容回答内容回答内容回答内容回答内容回答内容回答内容
 改行
 改行
 改行
 改行
 改行
 改行
 改行
    [notification_flag] => 1
)
  
[2024-09-01 16:09:34] local.DEBUG: success  
[2024-09-01 17:20:57] local.DEBUG: -------start-------  
[2024-09-01 17:20:57] local.DEBUG: after_data=Array
(
    [_token] => w6qP8eSr9909XZ0qxggdvD7llyRRPpHy4Bunhjaa
    [search_type] => 
    [search_status] => 
    [search_mess] => 
    [search_reply] => 
    [page] => 
    [id] => 11
    [name] => skcoco　admin
    [type] => 要望
    [status] => 1
    [message] => 問い合わせ問い合わせ問い合わせ問い合わせ問い合わせ問い合わせ問い合わせ問い合わせ問い合わせ問い合わせ
 改行
 改行
 改行
 改行
 改行
 改行
 改行
 改行
    [reply] => 
    [notification_flag] => 
)
  
[2024-09-01 17:20:57] local.DEBUG: success  
[2024-09-01 17:21:05] local.DEBUG: -------start-------  
[2024-09-01 17:21:05] local.DEBUG: after_data=Array
(
    [_token] => w6qP8eSr9909XZ0qxggdvD7llyRRPpHy4Bunhjaa
    [search_type] => 
    [search_status] => 
    [search_mess] => 
    [search_reply] => 
    [page] => 
    [id] => 11
    [name] => skcoco　admin
    [type] => 要望
    [status] => 1
    [message] => 問い合わせ問い合わせ問い合わせ問い合わせ問い合わせ問い合わせ問い合わせ問い合わせ問い合わせ問い合わせ
 改行
 改行
 改行
 改行
 改行
 改行
 改行
 改行
    [reply] => 
    [notification_flag] => 
)
  
[2024-09-01 17:21:05] local.DEBUG: success  
[2024-09-01 17:22:05] local.DEBUG: -------start-------  
[2024-09-01 17:22:05] local.DEBUG: after_data=Array
(
    [_token] => w6qP8eSr9909XZ0qxggdvD7llyRRPpHy4Bunhjaa
    [search_type] => 
    [search_status] => 
    [search_mess] => 
    [search_reply] => 
    [page] => 
    [id] => 11
    [name] => skcoco　admin
    [type] => 要望
    [status] => 1
    [message] => 問い合わせ問い合わせ問い合わせ問い合わせ問い合わせ問い合わせ問い合わせ問い合わせ問い合わせ問い合わせ
 改行
 改行
 改行
 改行
 改行
 改行
 改行
 改行
    [reply] => 回答内容回答内容
    [notification_flag] => 
)
  
[2024-09-01 17:22:05] local.DEBUG: success  
[2024-09-01 17:23:14] local.DEBUG: -------start-------  
[2024-09-01 17:25:46] local.DEBUG: -------start-------  
[2024-09-01 17:25:57] local.DEBUG: -------start-------  
[2024-09-01 17:25:57] local.DEBUG: after_data=Array
(
    [_token] => w6qP8eSr9909XZ0qxggdvD7llyRRPpHy4Bunhjaa
    [search_type] => 
    [search_status] => 
    [search_mess] => 
    [search_reply] => 
    [page] => 
    [id] => 11
    [name] => skcoco　admin
    [type] => 要望
    [status] => 1
    [message] => 問い合わせ問い合わせ問い合わせ問い合わせ問い合わせ問い合わせ問い合わせ問い合わせ問い合わせ問い合わせ
 改行
 改行
 改行
 改行
 改行
 改行
 改行
 改行
    [reply] => 
    [notification_flag] => 
)
  
[2024-09-01 17:25:57] local.DEBUG: success  
[2024-09-01 17:26:16] local.DEBUG: -------start-------  
[2024-09-01 17:26:16] local.DEBUG: after_data=Array
(
    [_token] => w6qP8eSr9909XZ0qxggdvD7llyRRPpHy4Bunhjaa
    [search_type] => 
    [search_status] => 
    [search_mess] => 
    [search_reply] => 
    [page] => 
    [id] => 11
    [name] => skcoco　admin
    [type] => 要望
    [status] => 0
    [message] => 問い合わせ問い合わせ問い合わせ問い合わせ問い合わせ問い合わせ問い合わせ問い合わせ問い合わせ問い合わせ
 改行
 改行
 改行
 改行
 改行
 改行
 改行
 改行
    [reply] => 
    [notification_flag] => 
)
  
[2024-09-01 17:26:16] local.DEBUG: success  
