[2024-07-15 14:25:01] local.DEBUG: -------start-------  
[2024-07-15 14:25:01] local.DEBUG: user_id=1 music_id=45 bit_num=8 type=del  
[2024-07-15 14:25:01] local.DEBUG: before_bit_num=29  
[2024-07-15 14:25:01] local.DEBUG: cheke=8  
[2024-07-15 14:25:01] local.ERROR: Unsupported operand types: int & string {"userId":1,"exception":"[object] (TypeError(code: 0): Unsupported operand types: int & string at C:\\xampp\\htdocs\\app01\\app\\Models\\CustomCategory.php:109)
[stacktrace]
#0 C:\\xampp\\htdocs\\app01\\app\\Http\\Controllers\\CategoryController.php(35): App\\Models\\CustomCategory::chgCustomCategory(1, '45', '8', 'del')
#1 C:\\xampp\\htdocs\\app01\\vendor\\laravel\\framework\\src\\Illuminate\\Routing\\Controller.php(54): App\\Http\\Controllers\\CategoryController->custom_category_chg(Object(Illuminate\\Http\\Request))
#2 C:\\xampp\\htdocs\\app01\\vendor\\laravel\\framework\\src\\Illuminate\\Routing\\ControllerDispatcher.php(43): Illuminate\\Routing\\Controller->callAction('custom_category...', Array)
#3 C:\\xampp\\htdocs\\app01\\vendor\\laravel\\framework\\src\\Illuminate\\Routing\\Route.php(259): Illuminate\\Routing\\ControllerDispatcher->dispatch(Object(Illuminate\\Routing\\Route), Object(App\\Http\\Controllers\\CategoryController), 'custom_category...')
#4 C:\\xampp\\htdocs\\app01\\vendor\\laravel\\framework\\src\\Illuminate\\Routing\\Route.php(205): Illuminate\\Routing\\Route->runController()
#5 C:\\xampp\\htdocs\\app01\\vendor\\laravel\\framework\\src\\Illuminate\\Routing\\Router.php(806): Illuminate\\Routing\\Route->run()
#6 C:\\xampp\\htdocs\\app01\\vendor\\laravel\\framework\\src\\Illuminate\\Pipeline\\Pipeline.php(144): Illuminate\\Routing\\Router->Illuminate\\Routing\\{closure}(Object(Illuminate\\Http\\Request))
#7 C:\\xampp\\htdocs\\app01\\vendor\\laravel\\framework\\src\\Illuminate\\Routing\\Middleware\\SubstituteBindings.php(50): Illuminate\\Pipeline\\Pipeline->Illuminate\\Pipeline\\{closure}(Object(Illuminate\\Http\\Request))
#8 C:\\xampp\\htdocs\\app01\\vendor\\laravel\\framework\\src\\Illuminate\\Pipeline\\Pipeline.php(183): Illuminate\\Routing\\Middleware\\SubstituteBindings->handle(Object(Illuminate\\Http\\Request), Object(Closure))
#9 C:\\xampp\\htdocs\\app01\\vendor\\laravel\\framework\\src\\Illuminate\\Auth\\Middleware\\Authenticate.php(57): Illuminate\\Pipeline\\Pipeline->Illuminate\\Pipeline\\{closure}(Object(Illuminate\\Http\\Request))
#10 C:\\xampp\\htdocs\\app01\\vendor\\laravel\\framework\\src\\Illuminate\\Pipeline\\Pipeline.php(183): Illuminate\\Auth\\Middleware\\Authenticate->handle(Object(Illuminate\\Http\\Request), Object(Closure))
#11 C:\\xampp\\htdocs\\app01\\vendor\\laravel\\framework\\src\\Illuminate\\Foundation\\Http\\Middleware\\VerifyCsrfToken.php(78): Illuminate\\Pipeline\\Pipeline->Illuminate\\Pipeline\\{closure}(Object(Illuminate\\Http\\Request))
#12 C:\\xampp\\htdocs\\app01\\vendor\\laravel\\framework\\src\\Illuminate\\Pipeline\\Pipeline.php(183): Illuminate\\Foundation\\Http\\Middleware\\VerifyCsrfToken->handle(Object(Illuminate\\Http\\Request), Object(Closure))
#13 C:\\xampp\\htdocs\\app01\\vendor\\laravel\\framework\\src\\Illuminate\\View\\Middleware\\ShareErrorsFromSession.php(49): Illuminate\\Pipeline\\Pipeline->Illuminate\\Pipeline\\{closure}(Object(Illuminate\\Http\\Request))
#14 C:\\xampp\\htdocs\\app01\\vendor\\laravel\\framework\\src\\Illuminate\\Pipeline\\Pipeline.php(183): Illuminate\\View\\Middleware\\ShareErrorsFromSession->handle(Object(Illuminate\\Http\\Request), Object(Closure))
#15 C:\\xampp\\htdocs\\app01\\vendor\\laravel\\framework\\src\\Illuminate\\Session\\Middleware\\StartSession.php(121): Illuminate\\Pipeline\\Pipeline->Illuminate\\Pipeline\\{closure}(Object(Illuminate\\Http\\Request))
#16 C:\\xampp\\htdocs\\app01\\vendor\\laravel\\framework\\src\\Illuminate\\Session\\Middleware\\StartSession.php(64): Illuminate\\Session\\Middleware\\StartSession->handleStatefulRequest(Object(Illuminate\\Http\\Request), Object(Illuminate\\Session\\Store), Object(Closure))
#17 C:\\xampp\\htdocs\\app01\\vendor\\laravel\\framework\\src\\Illuminate\\Pipeline\\Pipeline.php(183): Illuminate\\Session\\Middleware\\StartSession->handle(Object(Illuminate\\Http\\Request), Object(Closure))
#18 C:\\xampp\\htdocs\\app01\\vendor\\laravel\\framework\\src\\Illuminate\\Cookie\\Middleware\\AddQueuedCookiesToResponse.php(37): Illuminate\\Pipeline\\Pipeline->Illuminate\\Pipeline\\{closure}(Object(Illuminate\\Http\\Request))
#19 C:\\xampp\\htdocs\\app01\\vendor\\laravel\\framework\\src\\Illuminate\\Pipeline\\Pipeline.php(183): Illuminate\\Cookie\\Middleware\\AddQueuedCookiesToResponse->handle(Object(Illuminate\\Http\\Request), Object(Closure))
#20 C:\\xampp\\htdocs\\app01\\vendor\\laravel\\framework\\src\\Illuminate\\Cookie\\Middleware\\EncryptCookies.php(67): Illuminate\\Pipeline\\Pipeline->Illuminate\\Pipeline\\{closure}(Object(Illuminate\\Http\\Request))
#21 C:\\xampp\\htdocs\\app01\\vendor\\laravel\\framework\\src\\Illuminate\\Pipeline\\Pipeline.php(183): Illuminate\\Cookie\\Middleware\\EncryptCookies->handle(Object(Illuminate\\Http\\Request), Object(Closure))
#22 C:\\xampp\\htdocs\\app01\\vendor\\laravel\\framework\\src\\Illuminate\\Pipeline\\Pipeline.php(119): Illuminate\\Pipeline\\Pipeline->Illuminate\\Pipeline\\{closure}(Object(Illuminate\\Http\\Request))
#23 C:\\xampp\\htdocs\\app01\\vendor\\laravel\\framework\\src\\Illuminate\\Routing\\Router.php(805): Illuminate\\Pipeline\\Pipeline->then(Object(Closure))
#24 C:\\xampp\\htdocs\\app01\\vendor\\laravel\\framework\\src\\Illuminate\\Routing\\Router.php(784): Illuminate\\Routing\\Router->runRouteWithinStack(Object(Illuminate\\Routing\\Route), Object(Illuminate\\Http\\Request))
#25 C:\\xampp\\htdocs\\app01\\vendor\\laravel\\framework\\src\\Illuminate\\Routing\\Router.php(748): Illuminate\\Routing\\Router->runRoute(Object(Illuminate\\Http\\Request), Object(Illuminate\\Routing\\Route))
#26 C:\\xampp\\htdocs\\app01\\vendor\\laravel\\framework\\src\\Illuminate\\Routing\\Router.php(737): Illuminate\\Routing\\Router->dispatchToRoute(Object(Illuminate\\Http\\Request))
#27 C:\\xampp\\htdocs\\app01\\vendor\\laravel\\framework\\src\\Illuminate\\Foundation\\Http\\Kernel.php(200): Illuminate\\Routing\\Router->dispatch(Object(Illuminate\\Http\\Request))
#28 C:\\xampp\\htdocs\\app01\\vendor\\laravel\\framework\\src\\Illuminate\\Pipeline\\Pipeline.php(144): Illuminate\\Foundation\\Http\\Kernel->Illuminate\\Foundation\\Http\\{closure}(Object(Illuminate\\Http\\Request))
#29 C:\\xampp\\htdocs\\app01\\vendor\\laravel\\framework\\src\\Illuminate\\Foundation\\Http\\Middleware\\TransformsRequest.php(21): Illuminate\\Pipeline\\Pipeline->Illuminate\\Pipeline\\{closure}(Object(Illuminate\\Http\\Request))
#30 C:\\xampp\\htdocs\\app01\\vendor\\laravel\\framework\\src\\Illuminate\\Foundation\\Http\\Middleware\\ConvertEmptyStringsToNull.php(31): Illuminate\\Foundation\\Http\\Middleware\\TransformsRequest->handle(Object(Illuminate\\Http\\Request), Object(Closure))
#31 C:\\xampp\\htdocs\\app01\\vendor\\laravel\\framework\\src\\Illuminate\\Pipeline\\Pipeline.php(183): Illuminate\\Foundation\\Http\\Middleware\\ConvertEmptyStringsToNull->handle(Object(Illuminate\\Http\\Request), Object(Closure))
#32 C:\\xampp\\htdocs\\app01\\vendor\\laravel\\framework\\src\\Illuminate\\Foundation\\Http\\Middleware\\TransformsRequest.php(21): Illuminate\\Pipeline\\Pipeline->Illuminate\\Pipeline\\{closure}(Object(Illuminate\\Http\\Request))
#33 C:\\xampp\\htdocs\\app01\\vendor\\laravel\\framework\\src\\Illuminate\\Foundation\\Http\\Middleware\\TrimStrings.php(40): Illuminate\\Foundation\\Http\\Middleware\\TransformsRequest->handle(Object(Illuminate\\Http\\Request), Object(Closure))
#34 C:\\xampp\\htdocs\\app01\\vendor\\laravel\\framework\\src\\Illuminate\\Pipeline\\Pipeline.php(183): Illuminate\\Foundation\\Http\\Middleware\\TrimStrings->handle(Object(Illuminate\\Http\\Request), Object(Closure))
#35 C:\\xampp\\htdocs\\app01\\vendor\\laravel\\framework\\src\\Illuminate\\Foundation\\Http\\Middleware\\ValidatePostSize.php(27): Illuminate\\Pipeline\\Pipeline->Illuminate\\Pipeline\\{closure}(Object(Illuminate\\Http\\Request))
#36 C:\\xampp\\htdocs\\app01\\vendor\\laravel\\framework\\src\\Illuminate\\Pipeline\\Pipeline.php(183): Illuminate\\Foundation\\Http\\Middleware\\ValidatePostSize->handle(Object(Illuminate\\Http\\Request), Object(Closure))
#37 C:\\xampp\\htdocs\\app01\\vendor\\laravel\\framework\\src\\Illuminate\\Foundation\\Http\\Middleware\\PreventRequestsDuringMaintenance.php(99): Illuminate\\Pipeline\\Pipeline->Illuminate\\Pipeline\\{closure}(Object(Illuminate\\Http\\Request))
#38 C:\\xampp\\htdocs\\app01\\vendor\\laravel\\framework\\src\\Illuminate\\Pipeline\\Pipeline.php(183): Illuminate\\Foundation\\Http\\Middleware\\PreventRequestsDuringMaintenance->handle(Object(Illuminate\\Http\\Request), Object(Closure))
#39 C:\\xampp\\htdocs\\app01\\vendor\\laravel\\framework\\src\\Illuminate\\Http\\Middleware\\HandleCors.php(49): Illuminate\\Pipeline\\Pipeline->Illuminate\\Pipeline\\{closure}(Object(Illuminate\\Http\\Request))
#40 C:\\xampp\\htdocs\\app01\\vendor\\laravel\\framework\\src\\Illuminate\\Pipeline\\Pipeline.php(183): Illuminate\\Http\\Middleware\\HandleCors->handle(Object(Illuminate\\Http\\Request), Object(Closure))
#41 C:\\xampp\\htdocs\\app01\\vendor\\laravel\\framework\\src\\Illuminate\\Http\\Middleware\\TrustProxies.php(39): Illuminate\\Pipeline\\Pipeline->Illuminate\\Pipeline\\{closure}(Object(Illuminate\\Http\\Request))
#42 C:\\xampp\\htdocs\\app01\\vendor\\laravel\\framework\\src\\Illuminate\\Pipeline\\Pipeline.php(183): Illuminate\\Http\\Middleware\\TrustProxies->handle(Object(Illuminate\\Http\\Request), Object(Closure))
#43 C:\\xampp\\htdocs\\app01\\vendor\\laravel\\framework\\src\\Illuminate\\Pipeline\\Pipeline.php(119): Illuminate\\Pipeline\\Pipeline->Illuminate\\Pipeline\\{closure}(Object(Illuminate\\Http\\Request))
#44 C:\\xampp\\htdocs\\app01\\vendor\\laravel\\framework\\src\\Illuminate\\Foundation\\Http\\Kernel.php(175): Illuminate\\Pipeline\\Pipeline->then(Object(Closure))
#45 C:\\xampp\\htdocs\\app01\\vendor\\laravel\\framework\\src\\Illuminate\\Foundation\\Http\\Kernel.php(144): Illuminate\\Foundation\\Http\\Kernel->sendRequestThroughRouter(Object(Illuminate\\Http\\Request))
#46 C:\\xampp\\htdocs\\app01\\public\\index.php(51): Illuminate\\Foundation\\Http\\Kernel->handle(Object(Illuminate\\Http\\Request))
#47 C:\\xampp\\htdocs\\app01\\server.php(21): require_once('C:\\\\xampp\\\\htdocs...')
#48 {main}
"} 
[2024-07-15 14:25:01] local.DEBUG: =================start================  
[2024-07-15 14:25:01] local.DEBUG: Array
(
    [message] => Unsupported operand types: int & string
    [exception] => TypeError
    [file] => C:\xampp\htdocs\app01\app\Models\CustomCategory.php
    [line] => 109
    [trace] => #0 C:\xampp\htdocs\app01\app\Http\Controllers\CategoryController.php(35): App\Models\CustomCategory::chgCustomCategory(1, '45', '8', 'del')
#1 C:\xampp\htdocs\app01\vendor\laravel\framework\src\Illuminate\Routing\Controller.php(54): App\Http\Controllers\CategoryController->custom_category_chg(Object(Illuminate\Http\Request))
#2 C:\xampp\htdocs\app01\vendor\laravel\framework\src\Illuminate\Routing\ControllerDispatcher.php(43): Illuminate\Routing\Controller->callAction('custom_category...', Array)
#3 C:\xampp\htdocs\app01\vendor\laravel\framework\src\Illuminate\Routing\Route.php(259): Illuminate\Routing\ControllerDispatcher->dispatch(Object(Illuminate\Routing\Route), Object(App\Http\Controllers\CategoryController), 'custom_category...')
#4 C:\xampp\htdocs\app01\vendor\laravel\framework\src\Illuminate\Routing\Route.php(205): Illuminate\Routing\Route->runController()
#5 C:\xampp\htdocs\app01\vendor\laravel\framework\src\Illuminate\Routing\Router.php(806): Illuminate\Routing\Route->run()
#6 C:\xampp\htdocs\app01\vendor\laravel\framework\src\Illuminate\Pipeline\Pipeline.php(144): Illuminate\Routing\Router->Illuminate\Routing\{closure}(Object(Illuminate\Http\Request))
#7 C:\xampp\htdocs\app01\vendor\laravel\framework\src\Illuminate\Routing\Middleware\SubstituteBindings.php(50): Illuminate\Pipeline\Pipeline->Illuminate\Pipeline\{closure}(Object(Illuminate\Http\Request))
#8 C:\xampp\htdocs\app01\vendor\laravel\framework\src\Illuminate\Pipeline\Pipeline.php(183): Illuminate\Routing\Middleware\SubstituteBindings->handle(Object(Illuminate\Http\Request), Object(Closure))
#9 C:\xampp\htdocs\app01\vendor\laravel\framework\src\Illuminate\Auth\Middleware\Authenticate.php(57): Illuminate\Pipeline\Pipeline->Illuminate\Pipeline\{closure}(Object(Illuminate\Http\Request))
#10 C:\xampp\htdocs\app01\vendor\laravel\framework\src\Illuminate\Pipeline\Pipeline.php(183): Illuminate\Auth\Middleware\Authenticate->handle(Object(Illuminate\Http\Request), Object(Closure))
#11 C:\xampp\htdocs\app01\vendor\laravel\framework\src\Illuminate\Foundation\Http\Middleware\VerifyCsrfToken.php(78): Illuminate\Pipeline\Pipeline->Illuminate\Pipeline\{closure}(Object(Illuminate\Http\Request))
#12 C:\xampp\htdocs\app01\vendor\laravel\framework\src\Illuminate\Pipeline\Pipeline.php(183): Illuminate\Foundation\Http\Middleware\VerifyCsrfToken->handle(Object(Illuminate\Http\Request), Object(Closure))
#13 C:\xampp\htdocs\app01\vendor\laravel\framework\src\Illuminate\View\Middleware\ShareErrorsFromSession.php(49): Illuminate\Pipeline\Pipeline->Illuminate\Pipeline\{closure}(Object(Illuminate\Http\Request))
#14 C:\xampp\htdocs\app01\vendor\laravel\framework\src\Illuminate\Pipeline\Pipeline.php(183): Illuminate\View\Middleware\ShareErrorsFromSession->handle(Object(Illuminate\Http\Request), Object(Closure))
#15 C:\xampp\htdocs\app01\vendor\laravel\framework\src\Illuminate\Session\Middleware\StartSession.php(121): Illuminate\Pipeline\Pipeline->Illuminate\Pipeline\{closure}(Object(Illuminate\Http\Request))
#16 C:\xampp\htdocs\app01\vendor\laravel\framework\src\Illuminate\Session\Middleware\StartSession.php(64): Illuminate\Session\Middleware\StartSession->handleStatefulRequest(Object(Illuminate\Http\Request), Object(Illuminate\Session\Store), Object(Closure))
#17 C:\xampp\htdocs\app01\vendor\laravel\framework\src\Illuminate\Pipeline\Pipeline.php(183): Illuminate\Session\Middleware\StartSession->handle(Object(Illuminate\Http\Request), Object(Closure))
#18 C:\xampp\htdocs\app01\vendor\laravel\framework\src\Illuminate\Cookie\Middleware\AddQueuedCookiesToResponse.php(37): Illuminate\Pipeline\Pipeline->Illuminate\Pipeline\{closure}(Object(Illuminate\Http\Request))
#19 C:\xampp\htdocs\app01\vendor\laravel\framework\src\Illuminate\Pipeline\Pipeline.php(183): Illuminate\Cookie\Middleware\AddQueuedCookiesToResponse->handle(Object(Illuminate\Http\Request), Object(Closure))
#20 C:\xampp\htdocs\app01\vendor\laravel\framework\src\Illuminate\Cookie\Middleware\EncryptCookies.php(67): Illuminate\Pipeline\Pipeline->Illuminate\Pipeline\{closure}(Object(Illuminate\Http\Request))
#21 C:\xampp\htdocs\app01\vendor\laravel\framework\src\Illuminate\Pipeline\Pipeline.php(183): Illuminate\Cookie\Middleware\EncryptCookies->handle(Object(Illuminate\Http\Request), Object(Closure))
#22 C:\xampp\htdocs\app01\vendor\laravel\framework\src\Illuminate\Pipeline\Pipeline.php(119): Illuminate\Pipeline\Pipeline->Illuminate\Pipeline\{closure}(Object(Illuminate\Http\Request))
#23 C:\xampp\htdocs\app01\vendor\laravel\framework\src\Illuminate\Routing\Router.php(805): Illuminate\Pipeline\Pipeline->then(Object(Closure))
#24 C:\xampp\htdocs\app01\vendor\laravel\framework\src\Illuminate\Routing\Router.php(784): Illuminate\Routing\Router->runRouteWithinStack(Object(Illuminate\Routing\Route), Object(Illuminate\Http\Request))
#25 C:\xampp\htdocs\app01\vendor\laravel\framework\src\Illuminate\Routing\Router.php(748): Illuminate\Routing\Router->runRoute(Object(Illuminate\Http\Request), Object(Illuminate\Routing\Route))
#26 C:\xampp\htdocs\app01\vendor\laravel\framework\src\Illuminate\Routing\Router.php(737): Illuminate\Routing\Router->dispatchToRoute(Object(Illuminate\Http\Request))
#27 C:\xampp\htdocs\app01\vendor\laravel\framework\src\Illuminate\Foundation\Http\Kernel.php(200): Illuminate\Routing\Router->dispatch(Object(Illuminate\Http\Request))
#28 C:\xampp\htdocs\app01\vendor\laravel\framework\src\Illuminate\Pipeline\Pipeline.php(144): Illuminate\Foundation\Http\Kernel->Illuminate\Foundation\Http\{closure}(Object(Illuminate\Http\Request))
#29 C:\xampp\htdocs\app01\vendor\laravel\framework\src\Illuminate\Foundation\Http\Middleware\TransformsRequest.php(21): Illuminate\Pipeline\Pipeline->Illuminate\Pipeline\{closure}(Object(Illuminate\Http\Request))
#30 C:\xampp\htdocs\app01\vendor\laravel\framework\src\Illuminate\Foundation\Http\Middleware\ConvertEmptyStringsToNull.php(31): Illuminate\Foundation\Http\Middleware\TransformsRequest->handle(Object(Illuminate\Http\Request), Object(Closure))
#31 C:\xampp\htdocs\app01\vendor\laravel\framework\src\Illuminate\Pipeline\Pipeline.php(183): Illuminate\Foundation\Http\Middleware\ConvertEmptyStringsToNull->handle(Object(Illuminate\Http\Request), Object(Closure))
#32 C:\xampp\htdocs\app01\vendor\laravel\framework\src\Illuminate\Foundation\Http\Middleware\TransformsRequest.php(21): Illuminate\Pipeline\Pipeline->Illuminate\Pipeline\{closure}(Object(Illuminate\Http\Request))
#33 C:\xampp\htdocs\app01\vendor\laravel\framework\src\Illuminate\Foundation\Http\Middleware\TrimStrings.php(40): Illuminate\Foundation\Http\Middleware\TransformsRequest->handle(Object(Illuminate\Http\Request), Object(Closure))
#34 C:\xampp\htdocs\app01\vendor\laravel\framework\src\Illuminate\Pipeline\Pipeline.php(183): Illuminate\Foundation\Http\Middleware\TrimStrings->handle(Object(Illuminate\Http\Request), Object(Closure))
#35 C:\xampp\htdocs\app01\vendor\laravel\framework\src\Illuminate\Foundation\Http\Middleware\ValidatePostSize.php(27): Illuminate\Pipeline\Pipeline->Illuminate\Pipeline\{closure}(Object(Illuminate\Http\Request))
#36 C:\xampp\htdocs\app01\vendor\laravel\framework\src\Illuminate\Pipeline\Pipeline.php(183): Illuminate\Foundation\Http\Middleware\ValidatePostSize->handle(Object(Illuminate\Http\Request), Object(Closure))
#37 C:\xampp\htdocs\app01\vendor\laravel\framework\src\Illuminate\Foundation\Http\Middleware\PreventRequestsDuringMaintenance.php(99): Illuminate\Pipeline\Pipeline->Illuminate\Pipeline\{closure}(Object(Illuminate\Http\Request))
#38 C:\xampp\htdocs\app01\vendor\laravel\framework\src\Illuminate\Pipeline\Pipeline.php(183): Illuminate\Foundation\Http\Middleware\PreventRequestsDuringMaintenance->handle(Object(Illuminate\Http\Request), Object(Closure))
#39 C:\xampp\htdocs\app01\vendor\laravel\framework\src\Illuminate\Http\Middleware\HandleCors.php(49): Illuminate\Pipeline\Pipeline->Illuminate\Pipeline\{closure}(Object(Illuminate\Http\Request))
#40 C:\xampp\htdocs\app01\vendor\laravel\framework\src\Illuminate\Pipeline\Pipeline.php(183): Illuminate\Http\Middleware\HandleCors->handle(Object(Illuminate\Http\Request), Object(Closure))
#41 C:\xampp\htdocs\app01\vendor\laravel\framework\src\Illuminate\Http\Middleware\TrustProxies.php(39): Illuminate\Pipeline\Pipeline->Illuminate\Pipeline\{closure}(Object(Illuminate\Http\Request))
#42 C:\xampp\htdocs\app01\vendor\laravel\framework\src\Illuminate\Pipeline\Pipeline.php(183): Illuminate\Http\Middleware\TrustProxies->handle(Object(Illuminate\Http\Request), Object(Closure))
#43 C:\xampp\htdocs\app01\vendor\laravel\framework\src\Illuminate\Pipeline\Pipeline.php(119): Illuminate\Pipeline\Pipeline->Illuminate\Pipeline\{closure}(Object(Illuminate\Http\Request))
#44 C:\xampp\htdocs\app01\vendor\laravel\framework\src\Illuminate\Foundation\Http\Kernel.php(175): Illuminate\Pipeline\Pipeline->then(Object(Closure))
#45 C:\xampp\htdocs\app01\vendor\laravel\framework\src\Illuminate\Foundation\Http\Kernel.php(144): Illuminate\Foundation\Http\Kernel->sendRequestThroughRouter(Object(Illuminate\Http\Request))
#46 C:\xampp\htdocs\app01\public\index.php(51): Illuminate\Foundation\Http\Kernel->handle(Object(Illuminate\Http\Request))
#47 C:\xampp\htdocs\app01\server.php(21): require_once('C:\\xampp\\htdocs...')
#48 {main}
    [url] => http://localhost/app01/custom/category/chg
    [method] => POST
    [input] => Array
        (
            [music_id] => 45
            [bit_num] => 8
            [type] => del
        )

)
  
[2024-07-15 14:25:50] local.DEBUG: -------start-------  
[2024-07-15 14:25:50] local.DEBUG: user_id=1 music_id=45 bit_num=1 type=del  
[2024-07-15 14:25:50] local.DEBUG: before_bit_num=29  
[2024-07-15 14:25:50] local.DEBUG: cheke=1  
[2024-07-15 14:25:52] local.DEBUG: -------start-------  
[2024-07-15 14:25:52] local.DEBUG: user_id=1 music_id=45 bit_num=4 type=del  
[2024-07-15 14:25:52] local.DEBUG: before_bit_num=28  
[2024-07-15 14:25:52] local.DEBUG: cheke=4  
[2024-07-15 14:25:54] local.DEBUG: -------start-------  
[2024-07-15 14:25:54] local.DEBUG: user_id=1 music_id=45 bit_num=8 type=del  
[2024-07-15 14:25:54] local.DEBUG: before_bit_num=24  
[2024-07-15 14:25:54] local.DEBUG: cheke=8  
[2024-07-15 14:25:54] local.DEBUG: -------start-------  
[2024-07-15 14:25:54] local.DEBUG: user_id=1 music_id=45 bit_num=1 type=add  
[2024-07-15 14:25:54] local.DEBUG: before_bit_num=  
[2024-07-15 14:25:54] local.DEBUG: to add  
[2024-07-15 14:25:56] local.DEBUG: -------start-------  
[2024-07-15 14:25:56] local.DEBUG: user_id=1 music_id=45 bit_num=4 type=add  
[2024-07-15 14:25:56] local.DEBUG: before_bit_num=  
[2024-07-15 14:25:56] local.DEBUG: to add  
[2024-07-15 14:25:57] local.DEBUG: -------start-------  
[2024-07-15 14:25:57] local.DEBUG: user_id=1 music_id=45 bit_num=16 type=del  
[2024-07-15 14:25:57] local.DEBUG: before_bit_num=21  
[2024-07-15 14:25:57] local.DEBUG: cheke=16  
[2024-07-15 14:25:58] local.DEBUG: -------start-------  
[2024-07-15 14:25:58] local.DEBUG: user_id=1 music_id=45 bit_num=1 type=del  
[2024-07-15 14:25:58] local.DEBUG: before_bit_num=5  
[2024-07-15 14:25:58] local.DEBUG: cheke=1  
[2024-07-15 14:25:59] local.DEBUG: -------start-------  
[2024-07-15 14:25:59] local.DEBUG: user_id=1 music_id=45 bit_num=4 type=del  
[2024-07-15 14:25:59] local.DEBUG: before_bit_num=4  
[2024-07-15 14:25:59] local.DEBUG: cheke=4  
[2024-07-15 14:26:01] local.DEBUG: -------start-------  
[2024-07-15 14:26:01] local.DEBUG: user_id=1 music_id=45 bit_num=4 type=add  
[2024-07-15 14:26:01] local.DEBUG: before_bit_num=  
[2024-07-15 14:26:01] local.DEBUG: to add  
[2024-07-15 14:26:04] local.DEBUG: -------start-------  
[2024-07-15 14:26:04] local.DEBUG: user_id=1 music_id=45 bit_num=4 type=del  
[2024-07-15 14:26:04] local.DEBUG: before_bit_num=4  
[2024-07-15 14:26:04] local.DEBUG: cheke=4  
[2024-07-15 14:30:09] local.DEBUG: -------start-------  
[2024-07-15 14:30:09] local.DEBUG: user_id=1 music_id=45 bit_num=1 type=add  
[2024-07-15 14:30:09] local.DEBUG: before_bit_num=  
[2024-07-15 14:30:09] local.DEBUG: to add  
[2024-07-15 14:30:13] local.DEBUG: -------start-------  
[2024-07-15 14:30:13] local.DEBUG: user_id=1 music_id=45 bit_num=1 type=del  
[2024-07-15 14:30:13] local.DEBUG: before_bit_num=1  
[2024-07-15 14:30:13] local.DEBUG: cheke=1  
[2024-07-15 14:30:25] local.DEBUG: -------start-------  
[2024-07-15 14:30:25] local.DEBUG: user_id=1 music_id=74 bit_num=1 type=del  
[2024-07-15 14:30:25] local.DEBUG: before_bit_num=17  
[2024-07-15 14:30:25] local.DEBUG: cheke=1  
[2024-07-15 14:30:28] local.DEBUG: -------start-------  
[2024-07-15 14:30:28] local.DEBUG: user_id=1 music_id=74 bit_num=1 type=add  
[2024-07-15 14:30:28] local.DEBUG: before_bit_num=  
[2024-07-15 14:30:28] local.DEBUG: to add  
[2024-07-15 14:31:50] local.DEBUG: -------start-------  
[2024-07-15 14:31:50] local.DEBUG: user_id=1 music_id=74 bit_num=4 type=add  
[2024-07-15 14:31:50] local.DEBUG: before_bit_num=  
[2024-07-15 14:31:50] local.DEBUG: to add  
[2024-07-15 14:31:52] local.DEBUG: -------start-------  
[2024-07-15 14:31:52] local.DEBUG: user_id=1 music_id=74 bit_num=4 type=del  
[2024-07-15 14:31:52] local.DEBUG: before_bit_num=21  
[2024-07-15 14:31:52] local.DEBUG: cheke=4  
[2024-07-15 14:32:54] local.DEBUG: -------start-------  
[2024-07-15 14:32:54] local.DEBUG: user_id=1 music_id=74 bit_num=4 type=add  
[2024-07-15 14:32:54] local.DEBUG: before_bit_num=  
[2024-07-15 14:32:54] local.DEBUG: to add  
[2024-07-15 14:32:57] local.DEBUG: -------start-------  
[2024-07-15 14:32:57] local.DEBUG: user_id=1 music_id=74 bit_num=4 type=del  
[2024-07-15 14:32:57] local.DEBUG: before_bit_num=21  
[2024-07-15 14:32:57] local.DEBUG: cheke=4  
[2024-07-15 14:33:02] local.DEBUG: -------start-------  
[2024-07-15 14:33:02] local.DEBUG: user_id=1 music_id=74 bit_num=1 type=del  
[2024-07-15 14:33:02] local.DEBUG: before_bit_num=17  
[2024-07-15 14:33:02] local.DEBUG: cheke=1  
[2024-07-15 14:33:03] local.DEBUG: -------start-------  
[2024-07-15 14:33:03] local.DEBUG: user_id=1 music_id=74 bit_num=16 type=del  
[2024-07-15 14:33:03] local.DEBUG: before_bit_num=16  
[2024-07-15 14:33:03] local.DEBUG: cheke=16  
[2024-07-15 14:33:28] local.DEBUG: -------start-------  
[2024-07-15 14:33:28] local.DEBUG: user_id=1 music_id=74 bit_num=1 type=add  
[2024-07-15 14:33:28] local.DEBUG: before_bit_num=  
[2024-07-15 14:33:28] local.DEBUG: to add  
[2024-07-15 14:33:31] local.DEBUG: -------start-------  
[2024-07-15 14:33:31] local.DEBUG: user_id=1 music_id=74 bit_num=1 type=del  
[2024-07-15 14:33:31] local.DEBUG: before_bit_num=1  
[2024-07-15 14:33:31] local.DEBUG: cheke=1  
[2024-07-17 23:18:52] local.DEBUG: -------start-------  
[2024-07-17 23:18:52] local.DEBUG: user_id=1 music_id=74 bit_num=1 type=add  
[2024-07-17 23:18:52] local.DEBUG: before_bit_num=  
[2024-07-17 23:18:52] local.DEBUG: to add  
[2024-07-17 23:18:55] local.DEBUG: -------start-------  
[2024-07-17 23:18:55] local.DEBUG: user_id=1 music_id=74 bit_num=1 type=del  
[2024-07-17 23:18:55] local.DEBUG: before_bit_num=1  
[2024-07-17 23:18:55] local.DEBUG: cheke=1  
[2024-07-20 13:40:26] local.DEBUG: -------start-------  
[2024-07-20 13:40:26] local.DEBUG: user_id=1 music_id=67 bit_num=1 type=add  
[2024-07-20 13:40:26] local.DEBUG: before_bit_num=  
[2024-07-20 13:40:26] local.DEBUG: to add  
[2024-07-20 13:40:27] local.DEBUG: -------start-------  
[2024-07-20 13:40:27] local.DEBUG: user_id=1 music_id=67 bit_num=4 type=add  
[2024-07-20 13:40:27] local.DEBUG: before_bit_num=  
[2024-07-20 13:40:27] local.DEBUG: to add  
[2024-07-20 13:44:46] local.DEBUG: -------start-------  
[2024-07-20 13:44:46] local.DEBUG: user_id=1 music_id=67 bit_num=4 type=del  
[2024-07-20 13:44:46] local.DEBUG: before_bit_num=5  
[2024-07-20 13:44:46] local.DEBUG: cheke=4  
[2024-07-20 13:44:46] local.DEBUG: -------start-------  
[2024-07-20 13:44:46] local.DEBUG: user_id=1 music_id=67 bit_num=1 type=del  
[2024-07-20 13:44:46] local.DEBUG: before_bit_num=1  
[2024-07-20 13:44:46] local.DEBUG: cheke=1  
[2024-07-20 13:44:47] local.DEBUG: -------start-------  
[2024-07-20 13:44:47] local.DEBUG: user_id=1 music_id=67 bit_num=8 type=add  
[2024-07-20 13:44:47] local.DEBUG: before_bit_num=  
[2024-07-20 13:44:47] local.DEBUG: to add  
[2024-07-20 13:44:55] local.DEBUG: -------start-------  
[2024-07-20 13:44:55] local.DEBUG: user_id=1 music_id=67 bit_num=4 type=add  
[2024-07-20 13:44:55] local.DEBUG: before_bit_num=  
[2024-07-20 13:44:55] local.DEBUG: to add  
[2024-07-20 13:44:56] local.DEBUG: -------start-------  
[2024-07-20 13:44:56] local.DEBUG: user_id=1 music_id=67 bit_num=8 type=del  
[2024-07-20 13:44:56] local.DEBUG: before_bit_num=12  
[2024-07-20 13:44:56] local.DEBUG: cheke=8  
[2024-07-20 13:45:13] local.DEBUG: -------start-------  
[2024-07-20 13:45:13] local.DEBUG: user_id=1 music_id=67 bit_num=1 type=add  
[2024-07-20 13:45:13] local.DEBUG: before_bit_num=  
[2024-07-20 13:45:13] local.DEBUG: to add  
[2024-07-20 13:45:15] local.DEBUG: -------start-------  
[2024-07-20 13:45:15] local.DEBUG: user_id=1 music_id=67 bit_num=4 type=del  
[2024-07-20 13:45:15] local.DEBUG: before_bit_num=5  
[2024-07-20 13:45:15] local.DEBUG: cheke=4  
[2024-07-20 13:47:33] local.DEBUG: -------start-------  
[2024-07-20 13:47:33] local.DEBUG: user_id=1 music_id=67 bit_num=4 type=add  
[2024-07-20 13:47:33] local.DEBUG: before_bit_num=  
[2024-07-20 13:47:33] local.DEBUG: to add  
[2024-07-20 14:00:02] local.DEBUG: -------start-------  
[2024-07-20 14:00:02] local.DEBUG: user_id=1 music_id=67 bit_num=4 type=del  
[2024-07-20 14:00:02] local.DEBUG: before_bit_num=5  
[2024-07-20 14:00:02] local.DEBUG: cheke=4  
[2024-07-20 14:00:04] local.DEBUG: -------start-------  
[2024-07-20 14:00:04] local.DEBUG: user_id=1 music_id=67 bit_num=1 type=del  
[2024-07-20 14:00:04] local.DEBUG: before_bit_num=1  
[2024-07-20 14:00:04] local.DEBUG: cheke=1  
[2024-07-20 14:00:05] local.DEBUG: -------start-------  
[2024-07-20 14:00:05] local.DEBUG: user_id=1 music_id=67 bit_num=4 type=add  
[2024-07-20 14:00:05] local.DEBUG: before_bit_num=  
[2024-07-20 14:00:05] local.DEBUG: to add  
[2024-07-20 14:00:13] local.DEBUG: -------start-------  
[2024-07-20 14:00:13] local.DEBUG: user_id=1 music_id=77 bit_num=4 type=add  
[2024-07-20 14:00:13] local.DEBUG: before_bit_num=  
[2024-07-20 14:00:13] local.DEBUG: to add  
