[2024-09-19 20:24:22] local.DEBUG: -------start-------  
[2024-09-19 20:24:22] local.DEBUG: name=Kisses and Kills art_id=12 release_date=2018-06-13 aff_id=38  
[2024-09-19 20:24:22] local.DEBUG: success  
[2024-09-22 21:08:23] local.DEBUG: -------start-------  
[2024-09-22 21:08:23] local.DEBUG: name=test art_id=12 release_date= aff_id=47  
[2024-09-22 21:08:23] local.DEBUG: success  
[2024-11-04 10:07:34] local.DEBUG: -------start-------  
[2024-11-04 10:07:34] local.DEBUG: name=test art_id=3 release_date=2024-12-10 aff_id=53  
[2024-11-04 10:07:34] local.DEBUG: success  
[2024-11-04 10:13:36] local.DEBUG: -------start-------  
[2024-11-04 10:13:36] local.DEBUG: name=test art_id=3 release_date=2024-12-10 aff_id=54  
[2024-11-04 10:13:36] local.DEBUG: success  
[2024-12-03 19:14:14] local.DEBUG: -------start-------  
[2024-12-03 19:14:14] local.DEBUG: name=リンクなし art_id=3 release_date= aff_id=  
[2024-12-03 19:16:56] local.DEBUG: -------start-------  
[2024-12-03 19:16:56] local.DEBUG: name=リンクなし art_id=5 release_date= aff_id=  
[2024-12-03 19:17:53] local.DEBUG: -------start-------  
[2024-12-03 19:17:53] local.DEBUG: name=リンクなし art_id=6 release_date= aff_id=  
[2024-12-03 19:17:53] local.DEBUG: success  
[2024-12-04 21:41:44] local.DEBUG: -------start-------  
[2024-12-04 21:41:44] local.DEBUG: name=リンクなし art_id=3 release_date= aff_id=  
[2024-12-04 21:41:44] local.DEBUG: success  
[2024-12-04 21:42:35] local.DEBUG: -------start-------  
[2024-12-04 21:42:35] local.DEBUG: name=リンクなし art_id=6 release_date= aff_id=  
[2024-12-04 21:42:35] local.DEBUG: success  
[2024-12-04 21:53:42] local.DEBUG: -------start-------  
[2024-12-04 21:53:42] local.DEBUG: name=リンクなし art_id=6 release_date= aff_id=  
[2024-12-04 21:53:42] local.DEBUG: success  
[2024-12-04 21:55:11] local.DEBUG: -------start-------  
[2024-12-04 21:55:11] local.DEBUG: name=リンクなし art_id=6 release_date= aff_id=58  
[2024-12-04 21:55:11] local.DEBUG: success  
[2024-12-04 22:27:09] local.DEBUG: -------start-------  
[2024-12-04 22:27:09] local.DEBUG: name=テスト art_id=3 release_date= aff_id=59  
[2024-12-04 22:27:09] local.DEBUG: success  
[2024-12-04 22:30:26] local.DEBUG: -------start-------  
[2024-12-04 22:30:26] local.DEBUG: name=テスト art_id=3 release_date= aff_id=60  
[2024-12-04 22:30:26] local.DEBUG: success  
