[2024-07-12 02:17:44] local.DEBUG: ---------start----------  
[2024-07-12 02:17:44] local.DEBUG: data=Array
(
    [name] => test
    [sort_num] => 1
    [bit_num] => 1
)
  
[2024-07-12 02:17:44] local.DEBUG: success  
[2024-07-12 02:17:54] local.DEBUG: ---------start----------  
[2024-07-12 02:17:54] local.DEBUG: data=Array
(
    [name] => test2
    [sort_num] => 2
    [bit_num] => 2
)
  
[2024-07-12 02:17:54] local.DEBUG: success  
[2024-07-14 13:02:24] local.DEBUG: ---------start----------  
[2024-07-14 13:02:24] local.DEBUG: data=Array
(
    [name] => test3
    [sort_num] => 3
    [bit_num] => 3
)
  
[2024-07-14 13:02:24] local.DEBUG: success  
[2024-07-14 22:28:00] local.DEBUG: ---------start----------  
[2024-07-14 22:28:00] local.DEBUG: data=Array
(
    [name] => test
    [sort_num] => 1
    [bit_num] => 1
)
  
[2024-07-14 22:28:00] local.DEBUG: success  
[2024-07-14 22:53:16] local.DEBUG: ---------start----------  
[2024-07-14 22:53:16] local.DEBUG: data=Array
(
    [name] => test
    [sort_num] => 2
    [bit_num] => 2
)
  
[2024-07-14 22:53:16] local.DEBUG: success  
[2024-07-14 22:57:25] local.DEBUG: ---------start----------  
[2024-07-14 22:57:25] local.DEBUG: data=Array
(
    [name] => test_2
    [sort_num] => 3
    [bit_num] => 3
)
  
[2024-07-14 22:57:25] local.DEBUG: success  
[2024-07-14 22:58:30] local.DEBUG: ---------start----------  
[2024-07-14 22:58:30] local.DEBUG: data=Array
(
    [name] => test
    [sort_num] => 4
    [bit_num] => 4
)
  
[2024-07-14 22:58:30] local.DEBUG: success  
[2024-07-14 22:59:19] local.DEBUG: ---------start----------  
[2024-07-14 22:59:19] local.DEBUG: data=Array
(
    [name] => 盛り上がる
    [sort_num] => 5
    [bit_num] => 5
)
  
[2024-07-14 22:59:19] local.DEBUG: success  
[2024-07-14 23:21:43] local.DEBUG: ---------start----------  
[2024-07-14 23:21:43] local.DEBUG: data=Array
(
    [name] => 友情ソング
    [sort_num] => 6
    [bit_num] => 6
)
  
[2024-07-14 23:21:43] local.DEBUG: success  
[2024-07-15 12:47:00] local.DEBUG: ---------start----------  
[2024-07-15 12:47:00] local.DEBUG: data=Array
(
    [name] => 友達と歌う
    [sort_num] => 1
    [bit_num] => 1
)
  
[2024-07-15 12:47:00] local.DEBUG: success  
[2024-07-15 12:47:25] local.DEBUG: ---------start----------  
[2024-07-15 12:47:25] local.DEBUG: data=Array
(
    [name] => 恋人と歌う
    [sort_num] => 2
    [bit_num] => 1
)
  
[2024-07-15 12:47:25] local.DEBUG: failure  
[2024-07-15 12:48:29] local.DEBUG: ---------start----------  
[2024-07-15 12:48:49] local.DEBUG: ---------start----------  
[2024-07-15 12:51:50] local.DEBUG: ---------start----------  
[2024-07-15 12:52:06] local.DEBUG: ---------start----------  
[2024-07-15 12:52:13] local.DEBUG: ---------start----------  
[2024-07-15 12:52:13] local.DEBUG: data=Array
(
    [name] => 恋人と歌う
    [sort_num] => 2
    [bit_num] => 2
)
  
[2024-07-15 12:52:13] local.DEBUG: success  
[2024-07-15 12:52:30] local.DEBUG: ---------start----------  
[2024-07-15 12:52:30] local.DEBUG: data=Array
(
    [name] => 盛り上がる
    [sort_num] => 3
    [bit_num] => 4
)
  
[2024-07-15 12:52:30] local.DEBUG: success  
[2024-07-15 12:52:34] local.DEBUG: ---------start----------  
[2024-07-15 12:52:34] local.DEBUG: data=Array
(
    [name] => しっとり
    [sort_num] => 4
    [bit_num] => 8
)
  
[2024-07-15 12:52:34] local.DEBUG: success  
[2024-07-15 12:52:37] local.DEBUG: ---------start----------  
[2024-07-15 12:52:37] local.DEBUG: data=Array
(
    [name] => LOVEソング
    [sort_num] => 5
    [bit_num] => 16
)
  
[2024-07-15 12:52:37] local.DEBUG: success  
[2024-07-15 12:52:40] local.DEBUG: ---------start----------  
[2024-07-15 12:52:40] local.DEBUG: data=Array
(
    [name] => 友情ソング
    [sort_num] => 6
    [bit_num] => 32
)
  
[2024-07-15 12:52:40] local.DEBUG: success  
