[2024-09-17 06:25:27] local.DEBUG: -------start-------  
[2024-09-17 06:25:27] local.DEBUG: create_data=Array
(
    [_token] => QzF8z846Fqe2CnfszEzgNN6AmGYNlZCLErkVpHkg
    [fnc] => add
    [alb_id] => 28
    [mus_id] => 
    [name] => test
    [page] => 
    [id] => 
    [art_id] => 6
)
  
[2024-09-17 06:25:27] local.DEBUG: success  
[2024-09-19 20:24:22] local.DEBUG: -------start-------  
[2024-09-19 20:24:22] local.DEBUG: create_data=Array
(
    [art_id] => 12
    [alb_id] => 31
    [name] => もういいかい?
)
  
[2024-09-19 20:24:22] local.DEBUG: success  
[2024-09-19 20:24:22] local.DEBUG: -------start-------  
[2024-09-19 20:24:22] local.DEBUG: create_data=Array
(
    [art_id] => 12
    [alb_id] => 31
    [name] => BLACK MEMORY
)
  
[2024-09-19 20:24:22] local.DEBUG: success  
[2024-09-19 20:24:22] local.DEBUG: -------start-------  
[2024-09-19 20:24:22] local.DEBUG: create_data=Array
(
    [art_id] => 12
    [alb_id] => 31
    [name] => PSYCHOPATH
)
  
[2024-09-19 20:24:22] local.DEBUG: success  
[2024-09-19 20:24:22] local.DEBUG: -------start-------  
[2024-09-19 20:24:22] local.DEBUG: create_data=Array
(
    [art_id] => 12
    [alb_id] => 31
    [name] => Ladies and Gentlemen
)
  
[2024-09-19 20:24:22] local.DEBUG: success  
[2024-09-19 20:24:22] local.DEBUG: -------start-------  
[2024-09-19 20:24:22] local.DEBUG: create_data=Array
(
    [art_id] => 12
    [alb_id] => 31
    [name] => What you want
)
  
[2024-09-19 20:24:22] local.DEBUG: success  
[2024-09-19 20:24:22] local.DEBUG: -------start-------  
[2024-09-19 20:24:22] local.DEBUG: create_data=Array
(
    [art_id] => 12
    [alb_id] => 31
    [name] => トナリアウ
)
  
[2024-09-19 20:24:22] local.DEBUG: success  
[2024-09-19 20:24:22] local.DEBUG: -------start-------  
[2024-09-19 20:24:22] local.DEBUG: create_data=Array
(
    [art_id] => 12
    [alb_id] => 31
    [name] => リブロックアート
)
  
[2024-09-19 20:24:22] local.DEBUG: success  
[2024-09-19 20:24:22] local.DEBUG: -------start-------  
[2024-09-19 20:24:22] local.DEBUG: create_data=Array
(
    [art_id] => 12
    [alb_id] => 31
    [name] => 容姿端麗な嘘
)
  
[2024-09-19 20:24:22] local.DEBUG: success  
[2024-09-19 20:24:22] local.DEBUG: -------start-------  
[2024-09-19 20:24:22] local.DEBUG: create_data=Array
(
    [art_id] => 12
    [alb_id] => 31
    [name] => ONE'S AGAIN
)
  
[2024-09-19 20:24:22] local.DEBUG: success  
[2024-09-19 20:24:22] local.DEBUG: -------start-------  
[2024-09-19 20:24:22] local.DEBUG: create_data=Array
(
    [art_id] => 12
    [alb_id] => 31
    [name] => ReI
)
  
[2024-09-19 20:24:22] local.DEBUG: success  
[2024-10-20 17:10:14] local.DEBUG: -------start-------  
[2024-10-20 17:10:14] local.DEBUG: create_data=Array
(
    [_token] => gIkDhWa3SFEDTjGbvVntWfOr3q33m0nzO8n05sir
    [fnc] => add
    [alb_id] => 32
    [mus_id] => 
    [name] => ｱﾙﾊﾞﾑ　曲追加テスト
    [page] => 
    [id] => 
    [art_id] => 12
)
  
[2024-10-20 17:10:14] local.DEBUG: success  
