[2024-07-14 23:14:34] local.DEBUG: -----start-----  
[2024-07-14 23:14:34] local.DEBUG: fnc=down recom_id=1  
[2024-07-14 23:14:34] local.DEBUG: ---------start----------  
[2024-07-14 23:14:34] local.DEBUG: sort_chg id=1-down  
[2024-07-14 23:14:34] local.DEBUG: success  
[2024-07-14 23:14:43] local.DEBUG: -----start-----  
[2024-07-14 23:14:43] local.DEBUG: fnc=up recom_id=2  
[2024-07-14 23:14:43] local.DEBUG: ---------start----------  
[2024-07-14 23:14:43] local.DEBUG: sort_chg id=2-up  
[2024-07-14 23:14:45] local.DEBUG: -----start-----  
[2024-07-14 23:14:45] local.DEBUG: fnc=up recom_id=1  
[2024-07-14 23:14:45] local.DEBUG: ---------start----------  
[2024-07-14 23:14:45] local.DEBUG: sort_chg id=1-up  
[2024-07-14 23:14:45] local.DEBUG: success  
[2024-07-14 23:14:48] local.DEBUG: -----start-----  
[2024-07-14 23:14:48] local.DEBUG: fnc=up recom_id=2  
[2024-07-14 23:14:48] local.DEBUG: ---------start----------  
[2024-07-14 23:14:48] local.DEBUG: sort_chg id=2-up  
[2024-07-14 23:14:48] local.DEBUG: success  
[2024-07-14 23:14:49] local.DEBUG: -----start-----  
[2024-07-14 23:14:49] local.DEBUG: fnc=up recom_id=1  
[2024-07-14 23:14:49] local.DEBUG: ---------start----------  
[2024-07-14 23:14:49] local.DEBUG: sort_chg id=1-up  
[2024-07-14 23:14:50] local.DEBUG: success  
[2024-07-14 23:21:48] local.DEBUG: -----start-----  
[2024-07-14 23:21:48] local.DEBUG: fnc=down recom_id=6  
[2024-07-14 23:21:48] local.DEBUG: ---------start----------  
[2024-07-14 23:21:48] local.DEBUG: sort_chg id=6-down  
[2024-07-14 23:21:51] local.DEBUG: -----start-----  
[2024-07-14 23:21:51] local.DEBUG: fnc=up recom_id=6  
[2024-07-14 23:21:51] local.DEBUG: ---------start----------  
[2024-07-14 23:21:51] local.DEBUG: sort_chg id=6-up  
[2024-07-14 23:21:51] local.DEBUG: success  
[2024-07-14 23:21:52] local.DEBUG: -----start-----  
[2024-07-14 23:21:52] local.DEBUG: fnc=up recom_id=5  
[2024-07-14 23:21:52] local.DEBUG: ---------start----------  
[2024-07-14 23:21:52] local.DEBUG: sort_chg id=5-up  
[2024-07-14 23:21:52] local.DEBUG: success  
[2024-07-14 23:21:57] local.DEBUG: -----start-----  
[2024-07-14 23:21:57] local.DEBUG: fnc=up recom_id=6  
[2024-07-14 23:21:57] local.DEBUG: ---------start----------  
[2024-07-14 23:21:57] local.DEBUG: sort_chg id=6-up  
[2024-07-14 23:21:57] local.DEBUG: success  
[2024-07-14 23:22:00] local.DEBUG: -----start-----  
[2024-07-14 23:22:00] local.DEBUG: fnc=up recom_id=5  
[2024-07-14 23:22:00] local.DEBUG: ---------start----------  
[2024-07-14 23:22:00] local.DEBUG: sort_chg id=5-up  
[2024-07-14 23:22:00] local.DEBUG: success  
