[2024-08-11 20:28:20] local.DEBUG: ------------start-----------  
[2024-08-11 20:28:20] local.DEBUG: validated=Array
(
    [user_id] => 1
    [device_id] => 561c1c87-6bc6-4f94-9357-175a3214fbc5
    [os] => iOS
    [browser] => Safari
    [endpoint] => https://fcm.googleapis.com/fcm/send/cmnNDqasJXc:APA91bGYFSe7BPLYKjJGgKjDnOUNUUnpK0BcSOSBS8UTcVEOlhzFGZVQmmLutk86-OWJbGXu9_xwlNJiyAKPGgxwvw2y7MlvQ1tOJWO-rKns4Q2KnQxCgA2eHaznMr5wCh6zZdAGsyrW
    [public_key] => BMF6wzopElTJPi51C5CZwok1e3bONnJZx08mSzMBPumGh8p3eKsW4dIglVxmgtQWQQhwZjZDWsiestbrnixKu2k=
    [auth_token] => Afo6jVhXOT+ykPOLQxlJhg==
)
  
[2024-08-13 20:14:58] local.DEBUG: ------------start-----------  
[2024-08-13 20:14:58] local.DEBUG: validated=Array
(
    [user_id] => 1
    [device_id] => 949014bd-6f3b-4ade-a952-23252441392e
    [os] => Android
    [browser] => Chrome
    [endpoint] => https://fcm.googleapis.com/fcm/send/eZfSkT7GVlo:APA91bEkK6CTC-Au0PEX_zyVjrvO3yPVIBvGk3dahrpR4oXdajjGP9eTyuMOLckuc_TKuV9_8etNvolOV1GWqrwvADM0ax802mqmyYl7VH8RbOWvKLdKr13gDWPir4xHLBr5phLXxvFd
    [public_key] => BOvsHj63VHIU35tbyvB05Wu2bwBUTYgWr5iqemnPEIi4kW4O7yb0eo/1ixkkZnhTw8FudjItT+z6erT/LkppeKk=
    [auth_token] => ANqqyRucbWS/Wk3D0bFAuA==
)
  
