[2024-08-28 02:31:13] local.DEBUG: mail=kanno1234@eastem.co.jp  tmpl=user_reg  
[2024-08-28 02:31:17] local.DEBUG: mail=syunsuke.05.23.15@gmail.com  tmpl=user_reg_notice  
[2024-08-28 02:38:44] local.DEBUG: mail=kanno12@eastem.co.jp  tmpl=user_reg  
[2024-08-28 02:38:48] local.DEBUG: mail=syunsuke.05.23.15@gmail.com  tmpl=user_reg_notice  
[2024-08-28 02:39:51] local.DEBUG: mail=k234an1no@eastem.co.jp  tmpl=user_reg  
[2024-08-28 02:39:55] local.DEBUG: mail=syunsuke.05.23.15@gmail.com  tmpl=user_reg_notice  
[2024-08-28 02:55:17] local.DEBUG: mail=kanno12341234@eastem.co.jp  tmpl=user_reg  
[2024-08-28 02:55:21] local.DEBUG: mail=syunsuke.05.23.15@gmail.com  tmpl=user_reg_notice  
[2024-08-28 02:55:22] local.DEBUG: ========================start========================  
[2024-08-28 02:55:22] local.DEBUG: subscription=Minishlink\WebPush\Subscription Object
(
    [endpoint:Minishlink\WebPush\Subscription:private] => https://fcm.googleapis.com/fcm/send/eHvnK4SbU7Y:APA91bHignMciemgc1MPgjY6tIERoJQgB98WY6rvCBjkM57c26MJEL2I3lZkqgVy2EJ5TWZnf12CftLqFEJQr5dYLjqNnPjveExDul0hteakj5maiTbLRGPUGJMTGTCX80Qa_jcSnsYX
    [publicKey:Minishlink\WebPush\Subscription:private] => BKRnL8bVzI11rD+x64U2YXcyJV0HBNdpvJIaU7KmQP5EOmwRGnLabc/kdBArg0KuwmGs1mV7KLFht3PRUr8/xGE=
    [authToken:Minishlink\WebPush\Subscription:private] => hD1o95vH4LC3ZsvLMfdPBA==
    [contentEncoding:Minishlink\WebPush\Subscription:private] => aesgcm
)
  
[2024-08-28 02:55:22] local.DEBUG: auth=Array
(
    [VAPID] => Array
        (
            [subject] => https://localhost
            [publicKey] => BAOWs9eRh8OckDCJ-ImUrlCl8B3WlzNGI9x3kU1r-F0cRH_1UXovpCkv0cspgheWCt-d7IxoUnPfXekBmxkoscM
            [privateKey] => Auj19yek3xQP7Jtb3L4KGdrsGj6T-kczRLgpm-dBEC4
        )

)
  
[2024-08-28 02:55:22] local.DEBUG: Push通知送信エラー:Unable to create the local key. OpenSSL error: error:80000003:system library::No such process  
[2024-08-28 02:55:22] local.DEBUG: Trace:#0 C:\xampp\htdocs\app01\vendor\minishlink\web-push\src\Encryption.php(59): Minishlink\WebPush\Encryption::createLocalKeyObject()
#1 C:\xampp\htdocs\app01\vendor\minishlink\web-push\src\WebPush.php(253): Minishlink\WebPush\Encryption::encrypt('\n\f\x00\x00\x00\x00\x00\x00\x00\x00\x00\x00\x00\x00\x00...', 'BKRnL8bVzI11rD+...', 'hD1o95vH4LC3Zsv...', 'aesgcm')
#2 C:\xampp\htdocs\app01\vendor\minishlink\web-push\src\WebPush.php(148): Minishlink\WebPush\WebPush->prepare(Array)
#3 [internal function]: Minishlink\WebPush\WebPush->flush()
#4 C:\xampp\htdocs\app01\vendor\minishlink\web-push\src\WebPush.php(119): Generator->current()
#5 C:\xampp\htdocs\app01\app\Helpers\PushNotification.php(76): Minishlink\WebPush\WebPush->sendOneNotification(Object(Minishlink\WebPush\Subscription), '{"title":"\\u65b...')
#6 C:\xampp\htdocs\app01\app\Helpers\PushNotification.php(23): PushNotification::sendNotification(1, Array)
#7 C:\xampp\htdocs\app01\app\Http\Controllers\Auth\RegisterController.php(129): push_send(1, Array)
#8 C:\xampp\htdocs\app01\vendor\laravel\ui\auth-backend\RegistersUsers.php(38): App\Http\Controllers\Auth\RegisterController->registered(Object(Illuminate\Http\Request), Object(App\Models\User))
#9 C:\xampp\htdocs\app01\vendor\laravel\framework\src\Illuminate\Routing\Controller.php(54): App\Http\Controllers\Auth\RegisterController->register(Object(Illuminate\Http\Request))
#10 C:\xampp\htdocs\app01\vendor\laravel\framework\src\Illuminate\Routing\ControllerDispatcher.php(43): Illuminate\Routing\Controller->callAction('register', Array)
#11 C:\xampp\htdocs\app01\vendor\laravel\framework\src\Illuminate\Routing\Route.php(259): Illuminate\Routing\ControllerDispatcher->dispatch(Object(Illuminate\Routing\Route), Object(App\Http\Controllers\Auth\RegisterController), 'register')
#12 C:\xampp\htdocs\app01\vendor\laravel\framework\src\Illuminate\Routing\Route.php(205): Illuminate\Routing\Route->runController()
#13 C:\xampp\htdocs\app01\vendor\laravel\framework\src\Illuminate\Routing\Router.php(806): Illuminate\Routing\Route->run()
#14 C:\xampp\htdocs\app01\vendor\laravel\framework\src\Illuminate\Pipeline\Pipeline.php(144): Illuminate\Routing\Router->Illuminate\Routing\{closure}(Object(Illuminate\Http\Request))
#15 C:\xampp\htdocs\app01\app\Http\Middleware\RedirectIfAuthenticated.php(28): Illuminate\Pipeline\Pipeline->Illuminate\Pipeline\{closure}(Object(Illuminate\Http\Request))
#16 C:\xampp\htdocs\app01\vendor\laravel\framework\src\Illuminate\Pipeline\Pipeline.php(183): App\Http\Middleware\RedirectIfAuthenticated->handle(Object(Illuminate\Http\Request), Object(Closure))
#17 C:\xampp\htdocs\app01\vendor\laravel\framework\src\Illuminate\Routing\Middleware\SubstituteBindings.php(50): Illuminate\Pipeline\Pipeline->Illuminate\Pipeline\{closure}(Object(Illuminate\Http\Request))
#18 C:\xampp\htdocs\app01\vendor\laravel\framework\src\Illuminate\Pipeline\Pipeline.php(183): Illuminate\Routing\Middleware\SubstituteBindings->handle(Object(Illuminate\Http\Request), Object(Closure))
#19 C:\xampp\htdocs\app01\vendor\laravel\framework\src\Illuminate\Foundation\Http\Middleware\VerifyCsrfToken.php(78): Illuminate\Pipeline\Pipeline->Illuminate\Pipeline\{closure}(Object(Illuminate\Http\Request))
#20 C:\xampp\htdocs\app01\vendor\laravel\framework\src\Illuminate\Pipeline\Pipeline.php(183): Illuminate\Foundation\Http\Middleware\VerifyCsrfToken->handle(Object(Illuminate\Http\Request), Object(Closure))
#21 C:\xampp\htdocs\app01\vendor\laravel\framework\src\Illuminate\View\Middleware\ShareErrorsFromSession.php(49): Illuminate\Pipeline\Pipeline->Illuminate\Pipeline\{closure}(Object(Illuminate\Http\Request))
#22 C:\xampp\htdocs\app01\vendor\laravel\framework\src\Illuminate\Pipeline\Pipeline.php(183): Illuminate\View\Middleware\ShareErrorsFromSession->handle(Object(Illuminate\Http\Request), Object(Closure))
#23 C:\xampp\htdocs\app01\vendor\laravel\framework\src\Illuminate\Session\Middleware\StartSession.php(121): Illuminate\Pipeline\Pipeline->Illuminate\Pipeline\{closure}(Object(Illuminate\Http\Request))
#24 C:\xampp\htdocs\app01\vendor\laravel\framework\src\Illuminate\Session\Middleware\StartSession.php(64): Illuminate\Session\Middleware\StartSession->handleStatefulRequest(Object(Illuminate\Http\Request), Object(Illuminate\Session\Store), Object(Closure))
#25 C:\xampp\htdocs\app01\vendor\laravel\framework\src\Illuminate\Pipeline\Pipeline.php(183): Illuminate\Session\Middleware\StartSession->handle(Object(Illuminate\Http\Request), Object(Closure))
#26 C:\xampp\htdocs\app01\vendor\laravel\framework\src\Illuminate\Cookie\Middleware\AddQueuedCookiesToResponse.php(37): Illuminate\Pipeline\Pipeline->Illuminate\Pipeline\{closure}(Object(Illuminate\Http\Request))
#27 C:\xampp\htdocs\app01\vendor\laravel\framework\src\Illuminate\Pipeline\Pipeline.php(183): Illuminate\Cookie\Middleware\AddQueuedCookiesToResponse->handle(Object(Illuminate\Http\Request), Object(Closure))
#28 C:\xampp\htdocs\app01\vendor\laravel\framework\src\Illuminate\Cookie\Middleware\EncryptCookies.php(67): Illuminate\Pipeline\Pipeline->Illuminate\Pipeline\{closure}(Object(Illuminate\Http\Request))
#29 C:\xampp\htdocs\app01\vendor\laravel\framework\src\Illuminate\Pipeline\Pipeline.php(183): Illuminate\Cookie\Middleware\EncryptCookies->handle(Object(Illuminate\Http\Request), Object(Closure))
#30 C:\xampp\htdocs\app01\vendor\laravel\framework\src\Illuminate\Pipeline\Pipeline.php(119): Illuminate\Pipeline\Pipeline->Illuminate\Pipeline\{closure}(Object(Illuminate\Http\Request))
#31 C:\xampp\htdocs\app01\vendor\laravel\framework\src\Illuminate\Routing\Router.php(805): Illuminate\Pipeline\Pipeline->then(Object(Closure))
#32 C:\xampp\htdocs\app01\vendor\laravel\framework\src\Illuminate\Routing\Router.php(784): Illuminate\Routing\Router->runRouteWithinStack(Object(Illuminate\Routing\Route), Object(Illuminate\Http\Request))
#33 C:\xampp\htdocs\app01\vendor\laravel\framework\src\Illuminate\Routing\Router.php(748): Illuminate\Routing\Router->runRoute(Object(Illuminate\Http\Request), Object(Illuminate\Routing\Route))
#34 C:\xampp\htdocs\app01\vendor\laravel\framework\src\Illuminate\Routing\Router.php(737): Illuminate\Routing\Router->dispatchToRoute(Object(Illuminate\Http\Request))
#35 C:\xampp\htdocs\app01\vendor\laravel\framework\src\Illuminate\Foundation\Http\Kernel.php(200): Illuminate\Routing\Router->dispatch(Object(Illuminate\Http\Request))
#36 C:\xampp\htdocs\app01\vendor\laravel\framework\src\Illuminate\Pipeline\Pipeline.php(144): Illuminate\Foundation\Http\Kernel->Illuminate\Foundation\Http\{closure}(Object(Illuminate\Http\Request))
#37 C:\xampp\htdocs\app01\vendor\laravel\framework\src\Illuminate\Foundation\Http\Middleware\TransformsRequest.php(21): Illuminate\Pipeline\Pipeline->Illuminate\Pipeline\{closure}(Object(Illuminate\Http\Request))
#38 C:\xampp\htdocs\app01\vendor\laravel\framework\src\Illuminate\Foundation\Http\Middleware\ConvertEmptyStringsToNull.php(31): Illuminate\Foundation\Http\Middleware\TransformsRequest->handle(Object(Illuminate\Http\Request), Object(Closure))
#39 C:\xampp\htdocs\app01\vendor\laravel\framework\src\Illuminate\Pipeline\Pipeline.php(183): Illuminate\Foundation\Http\Middleware\ConvertEmptyStringsToNull->handle(Object(Illuminate\Http\Request), Object(Closure))
#40 C:\xampp\htdocs\app01\vendor\laravel\framework\src\Illuminate\Foundation\Http\Middleware\TransformsRequest.php(21): Illuminate\Pipeline\Pipeline->Illuminate\Pipeline\{closure}(Object(Illuminate\Http\Request))
#41 C:\xampp\htdocs\app01\vendor\laravel\framework\src\Illuminate\Foundation\Http\Middleware\TrimStrings.php(40): Illuminate\Foundation\Http\Middleware\TransformsRequest->handle(Object(Illuminate\Http\Request), Object(Closure))
#42 C:\xampp\htdocs\app01\vendor\laravel\framework\src\Illuminate\Pipeline\Pipeline.php(183): Illuminate\Foundation\Http\Middleware\TrimStrings->handle(Object(Illuminate\Http\Request), Object(Closure))
#43 C:\xampp\htdocs\app01\vendor\laravel\framework\src\Illuminate\Foundation\Http\Middleware\ValidatePostSize.php(27): Illuminate\Pipeline\Pipeline->Illuminate\Pipeline\{closure}(Object(Illuminate\Http\Request))
#44 C:\xampp\htdocs\app01\vendor\laravel\framework\src\Illuminate\Pipeline\Pipeline.php(183): Illuminate\Foundation\Http\Middleware\ValidatePostSize->handle(Object(Illuminate\Http\Request), Object(Closure))
#45 C:\xampp\htdocs\app01\vendor\laravel\framework\src\Illuminate\Foundation\Http\Middleware\PreventRequestsDuringMaintenance.php(99): Illuminate\Pipeline\Pipeline->Illuminate\Pipeline\{closure}(Object(Illuminate\Http\Request))
#46 C:\xampp\htdocs\app01\vendor\laravel\framework\src\Illuminate\Pipeline\Pipeline.php(183): Illuminate\Foundation\Http\Middleware\PreventRequestsDuringMaintenance->handle(Object(Illuminate\Http\Request), Object(Closure))
#47 C:\xampp\htdocs\app01\vendor\laravel\framework\src\Illuminate\Http\Middleware\HandleCors.php(49): Illuminate\Pipeline\Pipeline->Illuminate\Pipeline\{closure}(Object(Illuminate\Http\Request))
#48 C:\xampp\htdocs\app01\vendor\laravel\framework\src\Illuminate\Pipeline\Pipeline.php(183): Illuminate\Http\Middleware\HandleCors->handle(Object(Illuminate\Http\Request), Object(Closure))
#49 C:\xampp\htdocs\app01\vendor\laravel\framework\src\Illuminate\Http\Middleware\TrustProxies.php(39): Illuminate\Pipeline\Pipeline->Illuminate\Pipeline\{closure}(Object(Illuminate\Http\Request))
#50 C:\xampp\htdocs\app01\vendor\laravel\framework\src\Illuminate\Pipeline\Pipeline.php(183): Illuminate\Http\Middleware\TrustProxies->handle(Object(Illuminate\Http\Request), Object(Closure))
#51 C:\xampp\htdocs\app01\vendor\laravel\framework\src\Illuminate\Pipeline\Pipeline.php(119): Illuminate\Pipeline\Pipeline->Illuminate\Pipeline\{closure}(Object(Illuminate\Http\Request))
#52 C:\xampp\htdocs\app01\vendor\laravel\framework\src\Illuminate\Foundation\Http\Kernel.php(175): Illuminate\Pipeline\Pipeline->then(Object(Closure))
#53 C:\xampp\htdocs\app01\vendor\laravel\framework\src\Illuminate\Foundation\Http\Kernel.php(144): Illuminate\Foundation\Http\Kernel->sendRequestThroughRouter(Object(Illuminate\Http\Request))
#54 C:\xampp\htdocs\app01\public\index.php(51): Illuminate\Foundation\Http\Kernel->handle(Object(Illuminate\Http\Request))
#55 C:\xampp\htdocs\app01\server.php(21): require_once('C:\\xampp\\htdocs...')
#56 {main}  
[2024-08-28 03:10:49] local.DEBUG: mail=kanno21433@eastem.co.jp  tmpl=user_reg  
[2024-08-28 03:10:53] local.DEBUG: mail=syunsuke.05.23.15@gmail.com  tmpl=user_reg_notice  
[2024-08-28 03:10:55] local.DEBUG: ========================start========================  
[2024-08-28 03:10:55] local.DEBUG: subscription=Minishlink\WebPush\Subscription Object
(
    [endpoint:Minishlink\WebPush\Subscription:private] => https://fcm.googleapis.com/fcm/send/eHvnK4SbU7Y:APA91bHignMciemgc1MPgjY6tIERoJQgB98WY6rvCBjkM57c26MJEL2I3lZkqgVy2EJ5TWZnf12CftLqFEJQr5dYLjqNnPjveExDul0hteakj5maiTbLRGPUGJMTGTCX80Qa_jcSnsYX
    [publicKey:Minishlink\WebPush\Subscription:private] => BKRnL8bVzI11rD+x64U2YXcyJV0HBNdpvJIaU7KmQP5EOmwRGnLabc/kdBArg0KuwmGs1mV7KLFht3PRUr8/xGE=
    [authToken:Minishlink\WebPush\Subscription:private] => hD1o95vH4LC3ZsvLMfdPBA==
    [contentEncoding:Minishlink\WebPush\Subscription:private] => aesgcm
)
  
[2024-08-28 03:10:55] local.DEBUG: auth=Array
(
    [VAPID] => Array
        (
            [subject] => https://localhost
            [publicKey] => BAOWs9eRh8OckDCJ-ImUrlCl8B3WlzNGI9x3kU1r-F0cRH_1UXovpCkv0cspgheWCt-d7IxoUnPfXekBmxkoscM
            [privateKey] => Auj19yek3xQP7Jtb3L4KGdrsGj6T-kczRLgpm-dBEC4
        )

)
  
[2024-08-28 03:10:55] local.DEBUG: Push通知送信エラー:Unable to create the local key. OpenSSL error: error:10000080:BIO routines::no such file  
[2024-08-28 03:10:55] local.DEBUG: Trace:#0 C:\xampp\htdocs\app01\vendor\minishlink\web-push\src\Encryption.php(59): Minishlink\WebPush\Encryption::createLocalKeyObject()
#1 C:\xampp\htdocs\app01\vendor\minishlink\web-push\src\WebPush.php(253): Minishlink\WebPush\Encryption::encrypt('\n\f\x00\x00\x00\x00\x00\x00\x00\x00\x00\x00\x00\x00\x00...', 'BKRnL8bVzI11rD+...', 'hD1o95vH4LC3Zsv...', 'aesgcm')
#2 C:\xampp\htdocs\app01\vendor\minishlink\web-push\src\WebPush.php(148): Minishlink\WebPush\WebPush->prepare(Array)
#3 [internal function]: Minishlink\WebPush\WebPush->flush()
#4 C:\xampp\htdocs\app01\vendor\minishlink\web-push\src\WebPush.php(119): Generator->current()
#5 C:\xampp\htdocs\app01\app\Helpers\PushNotification.php(76): Minishlink\WebPush\WebPush->sendOneNotification(Object(Minishlink\WebPush\Subscription), '{"title":"\\u65b...')
#6 C:\xampp\htdocs\app01\app\Helpers\PushNotification.php(23): PushNotification::sendNotification(1, Array)
#7 C:\xampp\htdocs\app01\app\Http\Controllers\Auth\RegisterController.php(129): push_send(1, Array)
#8 C:\xampp\htdocs\app01\vendor\laravel\ui\auth-backend\RegistersUsers.php(38): App\Http\Controllers\Auth\RegisterController->registered(Object(Illuminate\Http\Request), Object(App\Models\User))
#9 C:\xampp\htdocs\app01\vendor\laravel\framework\src\Illuminate\Routing\Controller.php(54): App\Http\Controllers\Auth\RegisterController->register(Object(Illuminate\Http\Request))
#10 C:\xampp\htdocs\app01\vendor\laravel\framework\src\Illuminate\Routing\ControllerDispatcher.php(43): Illuminate\Routing\Controller->callAction('register', Array)
#11 C:\xampp\htdocs\app01\vendor\laravel\framework\src\Illuminate\Routing\Route.php(259): Illuminate\Routing\ControllerDispatcher->dispatch(Object(Illuminate\Routing\Route), Object(App\Http\Controllers\Auth\RegisterController), 'register')
#12 C:\xampp\htdocs\app01\vendor\laravel\framework\src\Illuminate\Routing\Route.php(205): Illuminate\Routing\Route->runController()
#13 C:\xampp\htdocs\app01\vendor\laravel\framework\src\Illuminate\Routing\Router.php(806): Illuminate\Routing\Route->run()
#14 C:\xampp\htdocs\app01\vendor\laravel\framework\src\Illuminate\Pipeline\Pipeline.php(144): Illuminate\Routing\Router->Illuminate\Routing\{closure}(Object(Illuminate\Http\Request))
#15 C:\xampp\htdocs\app01\app\Http\Middleware\RedirectIfAuthenticated.php(28): Illuminate\Pipeline\Pipeline->Illuminate\Pipeline\{closure}(Object(Illuminate\Http\Request))
#16 C:\xampp\htdocs\app01\vendor\laravel\framework\src\Illuminate\Pipeline\Pipeline.php(183): App\Http\Middleware\RedirectIfAuthenticated->handle(Object(Illuminate\Http\Request), Object(Closure))
#17 C:\xampp\htdocs\app01\vendor\laravel\framework\src\Illuminate\Routing\Middleware\SubstituteBindings.php(50): Illuminate\Pipeline\Pipeline->Illuminate\Pipeline\{closure}(Object(Illuminate\Http\Request))
#18 C:\xampp\htdocs\app01\vendor\laravel\framework\src\Illuminate\Pipeline\Pipeline.php(183): Illuminate\Routing\Middleware\SubstituteBindings->handle(Object(Illuminate\Http\Request), Object(Closure))
#19 C:\xampp\htdocs\app01\vendor\laravel\framework\src\Illuminate\Foundation\Http\Middleware\VerifyCsrfToken.php(78): Illuminate\Pipeline\Pipeline->Illuminate\Pipeline\{closure}(Object(Illuminate\Http\Request))
#20 C:\xampp\htdocs\app01\vendor\laravel\framework\src\Illuminate\Pipeline\Pipeline.php(183): Illuminate\Foundation\Http\Middleware\VerifyCsrfToken->handle(Object(Illuminate\Http\Request), Object(Closure))
#21 C:\xampp\htdocs\app01\vendor\laravel\framework\src\Illuminate\View\Middleware\ShareErrorsFromSession.php(49): Illuminate\Pipeline\Pipeline->Illuminate\Pipeline\{closure}(Object(Illuminate\Http\Request))
#22 C:\xampp\htdocs\app01\vendor\laravel\framework\src\Illuminate\Pipeline\Pipeline.php(183): Illuminate\View\Middleware\ShareErrorsFromSession->handle(Object(Illuminate\Http\Request), Object(Closure))
#23 C:\xampp\htdocs\app01\vendor\laravel\framework\src\Illuminate\Session\Middleware\StartSession.php(121): Illuminate\Pipeline\Pipeline->Illuminate\Pipeline\{closure}(Object(Illuminate\Http\Request))
#24 C:\xampp\htdocs\app01\vendor\laravel\framework\src\Illuminate\Session\Middleware\StartSession.php(64): Illuminate\Session\Middleware\StartSession->handleStatefulRequest(Object(Illuminate\Http\Request), Object(Illuminate\Session\Store), Object(Closure))
#25 C:\xampp\htdocs\app01\vendor\laravel\framework\src\Illuminate\Pipeline\Pipeline.php(183): Illuminate\Session\Middleware\StartSession->handle(Object(Illuminate\Http\Request), Object(Closure))
#26 C:\xampp\htdocs\app01\vendor\laravel\framework\src\Illuminate\Cookie\Middleware\AddQueuedCookiesToResponse.php(37): Illuminate\Pipeline\Pipeline->Illuminate\Pipeline\{closure}(Object(Illuminate\Http\Request))
#27 C:\xampp\htdocs\app01\vendor\laravel\framework\src\Illuminate\Pipeline\Pipeline.php(183): Illuminate\Cookie\Middleware\AddQueuedCookiesToResponse->handle(Object(Illuminate\Http\Request), Object(Closure))
#28 C:\xampp\htdocs\app01\vendor\laravel\framework\src\Illuminate\Cookie\Middleware\EncryptCookies.php(67): Illuminate\Pipeline\Pipeline->Illuminate\Pipeline\{closure}(Object(Illuminate\Http\Request))
#29 C:\xampp\htdocs\app01\vendor\laravel\framework\src\Illuminate\Pipeline\Pipeline.php(183): Illuminate\Cookie\Middleware\EncryptCookies->handle(Object(Illuminate\Http\Request), Object(Closure))
#30 C:\xampp\htdocs\app01\vendor\laravel\framework\src\Illuminate\Pipeline\Pipeline.php(119): Illuminate\Pipeline\Pipeline->Illuminate\Pipeline\{closure}(Object(Illuminate\Http\Request))
#31 C:\xampp\htdocs\app01\vendor\laravel\framework\src\Illuminate\Routing\Router.php(805): Illuminate\Pipeline\Pipeline->then(Object(Closure))
#32 C:\xampp\htdocs\app01\vendor\laravel\framework\src\Illuminate\Routing\Router.php(784): Illuminate\Routing\Router->runRouteWithinStack(Object(Illuminate\Routing\Route), Object(Illuminate\Http\Request))
#33 C:\xampp\htdocs\app01\vendor\laravel\framework\src\Illuminate\Routing\Router.php(748): Illuminate\Routing\Router->runRoute(Object(Illuminate\Http\Request), Object(Illuminate\Routing\Route))
#34 C:\xampp\htdocs\app01\vendor\laravel\framework\src\Illuminate\Routing\Router.php(737): Illuminate\Routing\Router->dispatchToRoute(Object(Illuminate\Http\Request))
#35 C:\xampp\htdocs\app01\vendor\laravel\framework\src\Illuminate\Foundation\Http\Kernel.php(200): Illuminate\Routing\Router->dispatch(Object(Illuminate\Http\Request))
#36 C:\xampp\htdocs\app01\vendor\laravel\framework\src\Illuminate\Pipeline\Pipeline.php(144): Illuminate\Foundation\Http\Kernel->Illuminate\Foundation\Http\{closure}(Object(Illuminate\Http\Request))
#37 C:\xampp\htdocs\app01\vendor\laravel\framework\src\Illuminate\Foundation\Http\Middleware\TransformsRequest.php(21): Illuminate\Pipeline\Pipeline->Illuminate\Pipeline\{closure}(Object(Illuminate\Http\Request))
#38 C:\xampp\htdocs\app01\vendor\laravel\framework\src\Illuminate\Foundation\Http\Middleware\ConvertEmptyStringsToNull.php(31): Illuminate\Foundation\Http\Middleware\TransformsRequest->handle(Object(Illuminate\Http\Request), Object(Closure))
#39 C:\xampp\htdocs\app01\vendor\laravel\framework\src\Illuminate\Pipeline\Pipeline.php(183): Illuminate\Foundation\Http\Middleware\ConvertEmptyStringsToNull->handle(Object(Illuminate\Http\Request), Object(Closure))
#40 C:\xampp\htdocs\app01\vendor\laravel\framework\src\Illuminate\Foundation\Http\Middleware\TransformsRequest.php(21): Illuminate\Pipeline\Pipeline->Illuminate\Pipeline\{closure}(Object(Illuminate\Http\Request))
#41 C:\xampp\htdocs\app01\vendor\laravel\framework\src\Illuminate\Foundation\Http\Middleware\TrimStrings.php(40): Illuminate\Foundation\Http\Middleware\TransformsRequest->handle(Object(Illuminate\Http\Request), Object(Closure))
#42 C:\xampp\htdocs\app01\vendor\laravel\framework\src\Illuminate\Pipeline\Pipeline.php(183): Illuminate\Foundation\Http\Middleware\TrimStrings->handle(Object(Illuminate\Http\Request), Object(Closure))
#43 C:\xampp\htdocs\app01\vendor\laravel\framework\src\Illuminate\Foundation\Http\Middleware\ValidatePostSize.php(27): Illuminate\Pipeline\Pipeline->Illuminate\Pipeline\{closure}(Object(Illuminate\Http\Request))
#44 C:\xampp\htdocs\app01\vendor\laravel\framework\src\Illuminate\Pipeline\Pipeline.php(183): Illuminate\Foundation\Http\Middleware\ValidatePostSize->handle(Object(Illuminate\Http\Request), Object(Closure))
#45 C:\xampp\htdocs\app01\vendor\laravel\framework\src\Illuminate\Foundation\Http\Middleware\PreventRequestsDuringMaintenance.php(99): Illuminate\Pipeline\Pipeline->Illuminate\Pipeline\{closure}(Object(Illuminate\Http\Request))
#46 C:\xampp\htdocs\app01\vendor\laravel\framework\src\Illuminate\Pipeline\Pipeline.php(183): Illuminate\Foundation\Http\Middleware\PreventRequestsDuringMaintenance->handle(Object(Illuminate\Http\Request), Object(Closure))
#47 C:\xampp\htdocs\app01\vendor\laravel\framework\src\Illuminate\Http\Middleware\HandleCors.php(49): Illuminate\Pipeline\Pipeline->Illuminate\Pipeline\{closure}(Object(Illuminate\Http\Request))
#48 C:\xampp\htdocs\app01\vendor\laravel\framework\src\Illuminate\Pipeline\Pipeline.php(183): Illuminate\Http\Middleware\HandleCors->handle(Object(Illuminate\Http\Request), Object(Closure))
#49 C:\xampp\htdocs\app01\vendor\laravel\framework\src\Illuminate\Http\Middleware\TrustProxies.php(39): Illuminate\Pipeline\Pipeline->Illuminate\Pipeline\{closure}(Object(Illuminate\Http\Request))
#50 C:\xampp\htdocs\app01\vendor\laravel\framework\src\Illuminate\Pipeline\Pipeline.php(183): Illuminate\Http\Middleware\TrustProxies->handle(Object(Illuminate\Http\Request), Object(Closure))
#51 C:\xampp\htdocs\app01\vendor\laravel\framework\src\Illuminate\Pipeline\Pipeline.php(119): Illuminate\Pipeline\Pipeline->Illuminate\Pipeline\{closure}(Object(Illuminate\Http\Request))
#52 C:\xampp\htdocs\app01\vendor\laravel\framework\src\Illuminate\Foundation\Http\Kernel.php(175): Illuminate\Pipeline\Pipeline->then(Object(Closure))
#53 C:\xampp\htdocs\app01\vendor\laravel\framework\src\Illuminate\Foundation\Http\Kernel.php(144): Illuminate\Foundation\Http\Kernel->sendRequestThroughRouter(Object(Illuminate\Http\Request))
#54 C:\xampp\htdocs\app01\public\index.php(51): Illuminate\Foundation\Http\Kernel->handle(Object(Illuminate\Http\Request))
#55 C:\xampp\htdocs\app01\server.php(21): require_once('C:\\xampp\\htdocs...')
#56 {main}  
