[2024-09-13 14:52:40] local.DEBUG: ---------start---------  
[2024-09-13 14:52:40] local.DEBUG: array (
  'user_id' => true,
)  
[2024-09-13 14:52:40] local.DEBUG: id=1  
[2024-09-13 14:53:49] local.DEBUG: ---------start---------  
[2024-09-13 14:53:49] local.DEBUG: array (
  'user_id' => true,
)  
[2024-09-13 14:53:49] local.DEBUG: id=2  
[2024-09-13 14:55:35] local.DEBUG: ---------start---------  
[2024-09-13 14:55:57] local.DEBUG: ---------start---------  
[2024-09-13 14:57:30] local.DEBUG: ---------start---------  
[2024-09-13 14:58:32] local.DEBUG: ---------start---------  
[2024-09-13 14:58:39] local.DEBUG: ---------start---------  
[2024-09-13 14:58:49] local.DEBUG: ---------start---------  
[2024-09-13 15:00:32] local.DEBUG: ---------start---------  
[2024-09-13 15:06:04] local.DEBUG: ---------start---------  
[2024-09-13 15:06:52] local.DEBUG: ---------start---------  
[2024-09-13 15:07:18] local.DEBUG: ---------start---------  
[2024-09-13 15:08:51] local.DEBUG: ---------start---------  
[2024-09-13 15:09:25] local.DEBUG: ---------start---------  
[2024-09-13 15:10:38] local.DEBUG: ---------start---------  
[2024-09-13 15:15:04] local.DEBUG: ---------start---------  
[2024-09-13 15:15:27] local.DEBUG: ---------start---------  
[2024-09-13 15:15:52] local.DEBUG: ---------start---------  
[2024-09-13 15:17:00] local.DEBUG: ---------start---------  
[2024-09-13 15:20:45] local.DEBUG: ---------start---------  
[2024-09-13 15:22:54] local.DEBUG: ---------start---------  
[2024-09-13 15:23:18] local.DEBUG: ---------start---------  
[2024-09-13 15:23:49] local.DEBUG: ---------start---------  
[2024-09-13 15:23:57] local.DEBUG: ---------start---------  
[2024-09-13 15:25:07] local.DEBUG: ---------start---------  
[2024-09-13 15:26:22] local.DEBUG: ---------start---------  
[2024-09-13 15:27:36] local.DEBUG: ---------start---------  
[2024-09-13 15:29:05] local.DEBUG: ---------start---------  
[2024-09-13 15:29:08] local.DEBUG: ---------start---------  
[2024-09-13 15:29:23] local.DEBUG: ---------start---------  
[2024-09-13 15:31:55] local.DEBUG: ---------start---------  
