[2024-03-29 00:44:35] local.DEBUG: -----start-----  
[2024-03-29 00:44:35] local.DEBUG: fnc=up recom_id=14  
[2024-03-29 00:45:06] local.DEBUG: -----start-----  
[2024-03-29 00:45:06] local.DEBUG: fnc=up recom_id=14  
[2024-03-29 00:45:06] local.DEBUG: ---------start----------  
[2024-03-29 00:45:06] local.DEBUG: failure  
[2024-03-29 00:45:06] local.ERROR: Undefined array key "pl_id" {"userId":1,"exception":"[object] (ErrorException(code: 0): Undefined array key \"pl_id\" at C:\\xampp\\htdocs\\app01\\app\\Http\\Controllers\\Admin\\AdminRecommendController.php:102)
[stacktrace]
#0 C:\\xampp\\htdocs\\app01\\vendor\\laravel\\framework\\src\\Illuminate\\Foundation\\Bootstrap\\HandleExceptions.php(255): Illuminate\\Foundation\\Bootstrap\\HandleExceptions->handleError(2, 'Undefined array...', 'C:\\\\xampp\\\\htdocs...', 102)
#1 C:\\xampp\\htdocs\\app01\\app\\Http\\Controllers\\Admin\\AdminRecommendController.php(102): Illuminate\\Foundation\\Bootstrap\\HandleExceptions->Illuminate\\Foundation\\Bootstrap\\{closure}(2, 'Undefined array...', 'C:\\\\xampp\\\\htdocs...', 102)
#2 C:\\xampp\\htdocs\\app01\\vendor\\laravel\\framework\\src\\Illuminate\\Routing\\Controller.php(54): App\\Http\\Controllers\\Admin\\AdminRecommendController->recommend_chg_fnc(Object(Illuminate\\Http\\Request))
#3 C:\\xampp\\htdocs\\app01\\vendor\\laravel\\framework\\src\\Illuminate\\Routing\\ControllerDispatcher.php(43): Illuminate\\Routing\\Controller->callAction('recommend_chg_f...', Array)
#4 C:\\xampp\\htdocs\\app01\\vendor\\laravel\\framework\\src\\Illuminate\\Routing\\Route.php(259): Illuminate\\Routing\\ControllerDispatcher->dispatch(Object(Illuminate\\Routing\\Route), Object(App\\Http\\Controllers\\Admin\\AdminRecommendController), 'recommend_chg_f...')
#5 C:\\xampp\\htdocs\\app01\\vendor\\laravel\\framework\\src\\Illuminate\\Routing\\Route.php(205): Illuminate\\Routing\\Route->runController()
#6 C:\\xampp\\htdocs\\app01\\vendor\\laravel\\framework\\src\\Illuminate\\Routing\\Router.php(806): Illuminate\\Routing\\Route->run()
#7 C:\\xampp\\htdocs\\app01\\vendor\\laravel\\framework\\src\\Illuminate\\Pipeline\\Pipeline.php(144): Illuminate\\Routing\\Router->Illuminate\\Routing\\{closure}(Object(Illuminate\\Http\\Request))
#8 C:\\xampp\\htdocs\\app01\\app\\Http\\Middleware\\AdminMiddleware.php(16): Illuminate\\Pipeline\\Pipeline->Illuminate\\Pipeline\\{closure}(Object(Illuminate\\Http\\Request))
#9 C:\\xampp\\htdocs\\app01\\vendor\\laravel\\framework\\src\\Illuminate\\Pipeline\\Pipeline.php(183): App\\Http\\Middleware\\AdminMiddleware->handle(Object(Illuminate\\Http\\Request), Object(Closure))
#10 C:\\xampp\\htdocs\\app01\\vendor\\laravel\\framework\\src\\Illuminate\\Routing\\Middleware\\SubstituteBindings.php(50): Illuminate\\Pipeline\\Pipeline->Illuminate\\Pipeline\\{closure}(Object(Illuminate\\Http\\Request))
#11 C:\\xampp\\htdocs\\app01\\vendor\\laravel\\framework\\src\\Illuminate\\Pipeline\\Pipeline.php(183): Illuminate\\Routing\\Middleware\\SubstituteBindings->handle(Object(Illuminate\\Http\\Request), Object(Closure))
#12 C:\\xampp\\htdocs\\app01\\vendor\\laravel\\framework\\src\\Illuminate\\Auth\\Middleware\\Authenticate.php(57): Illuminate\\Pipeline\\Pipeline->Illuminate\\Pipeline\\{closure}(Object(Illuminate\\Http\\Request))
#13 C:\\xampp\\htdocs\\app01\\vendor\\laravel\\framework\\src\\Illuminate\\Pipeline\\Pipeline.php(183): Illuminate\\Auth\\Middleware\\Authenticate->handle(Object(Illuminate\\Http\\Request), Object(Closure))
#14 C:\\xampp\\htdocs\\app01\\vendor\\laravel\\framework\\src\\Illuminate\\Foundation\\Http\\Middleware\\VerifyCsrfToken.php(78): Illuminate\\Pipeline\\Pipeline->Illuminate\\Pipeline\\{closure}(Object(Illuminate\\Http\\Request))
#15 C:\\xampp\\htdocs\\app01\\vendor\\laravel\\framework\\src\\Illuminate\\Pipeline\\Pipeline.php(183): Illuminate\\Foundation\\Http\\Middleware\\VerifyCsrfToken->handle(Object(Illuminate\\Http\\Request), Object(Closure))
#16 C:\\xampp\\htdocs\\app01\\vendor\\laravel\\framework\\src\\Illuminate\\View\\Middleware\\ShareErrorsFromSession.php(49): Illuminate\\Pipeline\\Pipeline->Illuminate\\Pipeline\\{closure}(Object(Illuminate\\Http\\Request))
#17 C:\\xampp\\htdocs\\app01\\vendor\\laravel\\framework\\src\\Illuminate\\Pipeline\\Pipeline.php(183): Illuminate\\View\\Middleware\\ShareErrorsFromSession->handle(Object(Illuminate\\Http\\Request), Object(Closure))
#18 C:\\xampp\\htdocs\\app01\\vendor\\laravel\\framework\\src\\Illuminate\\Session\\Middleware\\StartSession.php(121): Illuminate\\Pipeline\\Pipeline->Illuminate\\Pipeline\\{closure}(Object(Illuminate\\Http\\Request))
#19 C:\\xampp\\htdocs\\app01\\vendor\\laravel\\framework\\src\\Illuminate\\Session\\Middleware\\StartSession.php(64): Illuminate\\Session\\Middleware\\StartSession->handleStatefulRequest(Object(Illuminate\\Http\\Request), Object(Illuminate\\Session\\Store), Object(Closure))
#20 C:\\xampp\\htdocs\\app01\\vendor\\laravel\\framework\\src\\Illuminate\\Pipeline\\Pipeline.php(183): Illuminate\\Session\\Middleware\\StartSession->handle(Object(Illuminate\\Http\\Request), Object(Closure))
#21 C:\\xampp\\htdocs\\app01\\vendor\\laravel\\framework\\src\\Illuminate\\Cookie\\Middleware\\AddQueuedCookiesToResponse.php(37): Illuminate\\Pipeline\\Pipeline->Illuminate\\Pipeline\\{closure}(Object(Illuminate\\Http\\Request))
#22 C:\\xampp\\htdocs\\app01\\vendor\\laravel\\framework\\src\\Illuminate\\Pipeline\\Pipeline.php(183): Illuminate\\Cookie\\Middleware\\AddQueuedCookiesToResponse->handle(Object(Illuminate\\Http\\Request), Object(Closure))
#23 C:\\xampp\\htdocs\\app01\\vendor\\laravel\\framework\\src\\Illuminate\\Cookie\\Middleware\\EncryptCookies.php(67): Illuminate\\Pipeline\\Pipeline->Illuminate\\Pipeline\\{closure}(Object(Illuminate\\Http\\Request))
#24 C:\\xampp\\htdocs\\app01\\vendor\\laravel\\framework\\src\\Illuminate\\Pipeline\\Pipeline.php(183): Illuminate\\Cookie\\Middleware\\EncryptCookies->handle(Object(Illuminate\\Http\\Request), Object(Closure))
#25 C:\\xampp\\htdocs\\app01\\vendor\\laravel\\framework\\src\\Illuminate\\Pipeline\\Pipeline.php(119): Illuminate\\Pipeline\\Pipeline->Illuminate\\Pipeline\\{closure}(Object(Illuminate\\Http\\Request))
#26 C:\\xampp\\htdocs\\app01\\vendor\\laravel\\framework\\src\\Illuminate\\Routing\\Router.php(805): Illuminate\\Pipeline\\Pipeline->then(Object(Closure))
#27 C:\\xampp\\htdocs\\app01\\vendor\\laravel\\framework\\src\\Illuminate\\Routing\\Router.php(784): Illuminate\\Routing\\Router->runRouteWithinStack(Object(Illuminate\\Routing\\Route), Object(Illuminate\\Http\\Request))
#28 C:\\xampp\\htdocs\\app01\\vendor\\laravel\\framework\\src\\Illuminate\\Routing\\Router.php(748): Illuminate\\Routing\\Router->runRoute(Object(Illuminate\\Http\\Request), Object(Illuminate\\Routing\\Route))
#29 C:\\xampp\\htdocs\\app01\\vendor\\laravel\\framework\\src\\Illuminate\\Routing\\Router.php(737): Illuminate\\Routing\\Router->dispatchToRoute(Object(Illuminate\\Http\\Request))
#30 C:\\xampp\\htdocs\\app01\\vendor\\laravel\\framework\\src\\Illuminate\\Foundation\\Http\\Kernel.php(200): Illuminate\\Routing\\Router->dispatch(Object(Illuminate\\Http\\Request))
#31 C:\\xampp\\htdocs\\app01\\vendor\\laravel\\framework\\src\\Illuminate\\Pipeline\\Pipeline.php(144): Illuminate\\Foundation\\Http\\Kernel->Illuminate\\Foundation\\Http\\{closure}(Object(Illuminate\\Http\\Request))
#32 C:\\xampp\\htdocs\\app01\\vendor\\laravel\\framework\\src\\Illuminate\\Foundation\\Http\\Middleware\\TransformsRequest.php(21): Illuminate\\Pipeline\\Pipeline->Illuminate\\Pipeline\\{closure}(Object(Illuminate\\Http\\Request))
#33 C:\\xampp\\htdocs\\app01\\vendor\\laravel\\framework\\src\\Illuminate\\Foundation\\Http\\Middleware\\ConvertEmptyStringsToNull.php(31): Illuminate\\Foundation\\Http\\Middleware\\TransformsRequest->handle(Object(Illuminate\\Http\\Request), Object(Closure))
#34 C:\\xampp\\htdocs\\app01\\vendor\\laravel\\framework\\src\\Illuminate\\Pipeline\\Pipeline.php(183): Illuminate\\Foundation\\Http\\Middleware\\ConvertEmptyStringsToNull->handle(Object(Illuminate\\Http\\Request), Object(Closure))
#35 C:\\xampp\\htdocs\\app01\\vendor\\laravel\\framework\\src\\Illuminate\\Foundation\\Http\\Middleware\\TransformsRequest.php(21): Illuminate\\Pipeline\\Pipeline->Illuminate\\Pipeline\\{closure}(Object(Illuminate\\Http\\Request))
#36 C:\\xampp\\htdocs\\app01\\vendor\\laravel\\framework\\src\\Illuminate\\Foundation\\Http\\Middleware\\TrimStrings.php(40): Illuminate\\Foundation\\Http\\Middleware\\TransformsRequest->handle(Object(Illuminate\\Http\\Request), Object(Closure))
#37 C:\\xampp\\htdocs\\app01\\vendor\\laravel\\framework\\src\\Illuminate\\Pipeline\\Pipeline.php(183): Illuminate\\Foundation\\Http\\Middleware\\TrimStrings->handle(Object(Illuminate\\Http\\Request), Object(Closure))
#38 C:\\xampp\\htdocs\\app01\\vendor\\laravel\\framework\\src\\Illuminate\\Foundation\\Http\\Middleware\\ValidatePostSize.php(27): Illuminate\\Pipeline\\Pipeline->Illuminate\\Pipeline\\{closure}(Object(Illuminate\\Http\\Request))
#39 C:\\xampp\\htdocs\\app01\\vendor\\laravel\\framework\\src\\Illuminate\\Pipeline\\Pipeline.php(183): Illuminate\\Foundation\\Http\\Middleware\\ValidatePostSize->handle(Object(Illuminate\\Http\\Request), Object(Closure))
#40 C:\\xampp\\htdocs\\app01\\vendor\\laravel\\framework\\src\\Illuminate\\Foundation\\Http\\Middleware\\PreventRequestsDuringMaintenance.php(99): Illuminate\\Pipeline\\Pipeline->Illuminate\\Pipeline\\{closure}(Object(Illuminate\\Http\\Request))
#41 C:\\xampp\\htdocs\\app01\\vendor\\laravel\\framework\\src\\Illuminate\\Pipeline\\Pipeline.php(183): Illuminate\\Foundation\\Http\\Middleware\\PreventRequestsDuringMaintenance->handle(Object(Illuminate\\Http\\Request), Object(Closure))
#42 C:\\xampp\\htdocs\\app01\\vendor\\laravel\\framework\\src\\Illuminate\\Http\\Middleware\\HandleCors.php(49): Illuminate\\Pipeline\\Pipeline->Illuminate\\Pipeline\\{closure}(Object(Illuminate\\Http\\Request))
#43 C:\\xampp\\htdocs\\app01\\vendor\\laravel\\framework\\src\\Illuminate\\Pipeline\\Pipeline.php(183): Illuminate\\Http\\Middleware\\HandleCors->handle(Object(Illuminate\\Http\\Request), Object(Closure))
#44 C:\\xampp\\htdocs\\app01\\vendor\\laravel\\framework\\src\\Illuminate\\Http\\Middleware\\TrustProxies.php(39): Illuminate\\Pipeline\\Pipeline->Illuminate\\Pipeline\\{closure}(Object(Illuminate\\Http\\Request))
#45 C:\\xampp\\htdocs\\app01\\vendor\\laravel\\framework\\src\\Illuminate\\Pipeline\\Pipeline.php(183): Illuminate\\Http\\Middleware\\TrustProxies->handle(Object(Illuminate\\Http\\Request), Object(Closure))
#46 C:\\xampp\\htdocs\\app01\\vendor\\laravel\\framework\\src\\Illuminate\\Pipeline\\Pipeline.php(119): Illuminate\\Pipeline\\Pipeline->Illuminate\\Pipeline\\{closure}(Object(Illuminate\\Http\\Request))
#47 C:\\xampp\\htdocs\\app01\\vendor\\laravel\\framework\\src\\Illuminate\\Foundation\\Http\\Kernel.php(175): Illuminate\\Pipeline\\Pipeline->then(Object(Closure))
#48 C:\\xampp\\htdocs\\app01\\vendor\\laravel\\framework\\src\\Illuminate\\Foundation\\Http\\Kernel.php(144): Illuminate\\Foundation\\Http\\Kernel->sendRequestThroughRouter(Object(Illuminate\\Http\\Request))
#49 C:\\xampp\\htdocs\\app01\\public\\index.php(51): Illuminate\\Foundation\\Http\\Kernel->handle(Object(Illuminate\\Http\\Request))
#50 C:\\xampp\\htdocs\\app01\\server.php(21): require_once('C:\\\\xampp\\\\htdocs...')
#51 {main}
"} 
[2024-03-29 00:46:31] local.DEBUG: -----start-----  
[2024-03-29 00:46:31] local.DEBUG: fnc=up recom_id=14  
[2024-03-29 00:46:31] local.DEBUG: ---------start----------  
[2024-03-29 00:46:31] local.DEBUG: failure  
[2024-03-29 00:46:34] local.DEBUG: -----start-----  
[2024-03-29 00:46:34] local.DEBUG: fnc=up recom_id=14  
[2024-03-29 00:46:34] local.DEBUG: ---------start----------  
[2024-03-29 00:46:34] local.DEBUG: failure  
[2024-03-29 00:46:36] local.DEBUG: -----start-----  
[2024-03-29 00:46:36] local.DEBUG: fnc=down recom_id=14  
[2024-03-29 00:46:36] local.DEBUG: ---------start----------  
[2024-03-29 00:46:36] local.DEBUG: failure  
[2024-03-29 00:46:40] local.DEBUG: -----start-----  
[2024-03-29 00:46:40] local.DEBUG: fnc=up recom_id=14  
[2024-03-29 00:46:40] local.DEBUG: ---------start----------  
[2024-03-29 00:46:40] local.DEBUG: failure  
[2024-03-29 00:46:59] local.DEBUG: -----start-----  
[2024-03-29 00:46:59] local.DEBUG: fnc=up recom_id=13  
[2024-03-29 00:46:59] local.DEBUG: ---------start----------  
[2024-03-29 00:46:59] local.DEBUG: failure  
[2024-03-29 00:53:02] local.DEBUG: -----start-----  
[2024-03-29 00:53:02] local.DEBUG: fnc=up recom_id=14  
[2024-03-29 00:53:02] local.DEBUG: ---------start----------  
[2024-03-29 00:53:02] local.DEBUG: failure  
[2024-03-29 00:53:52] local.DEBUG: -----start-----  
[2024-03-29 00:54:13] local.DEBUG: -----start-----  
[2024-03-29 00:55:02] local.DEBUG: -----start-----  
[2024-03-29 00:55:06] local.DEBUG: -----start-----  
[2024-03-29 00:56:23] local.DEBUG: -----start-----  
[2024-03-29 00:56:31] local.DEBUG: -----start-----  
[2024-03-29 00:56:40] local.DEBUG: -----start-----  
[2024-03-29 00:56:45] local.DEBUG: -----start-----  
[2024-03-29 00:59:14] local.DEBUG: -----start-----  
[2024-03-29 01:00:15] local.DEBUG: -----start-----  
[2024-03-29 01:00:27] local.DEBUG: -----start-----  
[2024-03-29 01:00:27] local.DEBUG: fnc=up recom_id=5  
[2024-03-29 01:00:27] local.DEBUG: ---------start----------  
[2024-03-29 01:00:27] local.DEBUG: failure  
[2024-03-29 01:00:30] local.DEBUG: -----start-----  
[2024-03-29 01:00:30] local.DEBUG: fnc=down recom_id=5  
[2024-03-29 01:00:30] local.DEBUG: ---------start----------  
[2024-03-29 01:00:30] local.DEBUG: failure  
[2024-03-29 01:00:31] local.DEBUG: -----start-----  
[2024-03-29 01:00:31] local.DEBUG: fnc=up recom_id=13  
[2024-03-29 01:00:31] local.DEBUG: ---------start----------  
[2024-03-29 01:00:31] local.DEBUG: failure  
[2024-03-29 01:00:32] local.DEBUG: -----start-----  
[2024-03-29 01:00:32] local.DEBUG: fnc=up recom_id=14  
[2024-03-29 01:00:32] local.DEBUG: ---------start----------  
[2024-03-29 01:00:32] local.DEBUG: failure  
[2024-03-29 01:02:37] local.DEBUG: -----start-----  
[2024-03-29 01:02:37] local.DEBUG: fnc=up recom_id=5  
[2024-03-29 01:02:37] local.DEBUG: ---------start----------  
[2024-03-29 01:03:06] local.DEBUG: -----start-----  
[2024-03-29 01:03:43] local.DEBUG: -----start-----  
[2024-03-29 01:03:43] local.DEBUG: fnc=up recom_id=5  
[2024-03-29 01:03:43] local.DEBUG: ---------start----------  
[2024-03-29 01:04:42] local.DEBUG: -----start-----  
[2024-03-29 01:04:42] local.DEBUG: fnc=up recom_id=5  
[2024-03-29 01:04:42] local.DEBUG: ---------start----------  
[2024-03-29 01:04:42] local.DEBUG: sort_chg id=5-up  
[2024-03-29 01:07:43] local.DEBUG: -----start-----  
[2024-03-29 01:07:43] local.DEBUG: fnc=up recom_id=5  
[2024-03-29 01:07:43] local.ERROR: syntax error, unexpected token "}" {"userId":1,"exception":"[object] (ParseError(code: 0): syntax error, unexpected token \"}\" at C:\\xampp\\htdocs\\app01\\app\\Models\\Recommend.php:156)
[stacktrace]
#0 C:\\xampp\\htdocs\\app01\\vendor\\composer\\ClassLoader.php(427): Composer\\Autoload\\{closure}('C:\\\\xampp\\\\htdocs...')
#1 C:\\xampp\\htdocs\\app01\\app\\Http\\Controllers\\Admin\\AdminRecommendController.php(98): Composer\\Autoload\\ClassLoader->loadClass('App\\\\Models\\\\Reco...')
#2 C:\\xampp\\htdocs\\app01\\vendor\\laravel\\framework\\src\\Illuminate\\Routing\\Controller.php(54): App\\Http\\Controllers\\Admin\\AdminRecommendController->recommend_chg_fnc(Object(Illuminate\\Http\\Request))
#3 C:\\xampp\\htdocs\\app01\\vendor\\laravel\\framework\\src\\Illuminate\\Routing\\ControllerDispatcher.php(43): Illuminate\\Routing\\Controller->callAction('recommend_chg_f...', Array)
#4 C:\\xampp\\htdocs\\app01\\vendor\\laravel\\framework\\src\\Illuminate\\Routing\\Route.php(259): Illuminate\\Routing\\ControllerDispatcher->dispatch(Object(Illuminate\\Routing\\Route), Object(App\\Http\\Controllers\\Admin\\AdminRecommendController), 'recommend_chg_f...')
#5 C:\\xampp\\htdocs\\app01\\vendor\\laravel\\framework\\src\\Illuminate\\Routing\\Route.php(205): Illuminate\\Routing\\Route->runController()
#6 C:\\xampp\\htdocs\\app01\\vendor\\laravel\\framework\\src\\Illuminate\\Routing\\Router.php(806): Illuminate\\Routing\\Route->run()
#7 C:\\xampp\\htdocs\\app01\\vendor\\laravel\\framework\\src\\Illuminate\\Pipeline\\Pipeline.php(144): Illuminate\\Routing\\Router->Illuminate\\Routing\\{closure}(Object(Illuminate\\Http\\Request))
#8 C:\\xampp\\htdocs\\app01\\app\\Http\\Middleware\\AdminMiddleware.php(16): Illuminate\\Pipeline\\Pipeline->Illuminate\\Pipeline\\{closure}(Object(Illuminate\\Http\\Request))
#9 C:\\xampp\\htdocs\\app01\\vendor\\laravel\\framework\\src\\Illuminate\\Pipeline\\Pipeline.php(183): App\\Http\\Middleware\\AdminMiddleware->handle(Object(Illuminate\\Http\\Request), Object(Closure))
#10 C:\\xampp\\htdocs\\app01\\vendor\\laravel\\framework\\src\\Illuminate\\Routing\\Middleware\\SubstituteBindings.php(50): Illuminate\\Pipeline\\Pipeline->Illuminate\\Pipeline\\{closure}(Object(Illuminate\\Http\\Request))
#11 C:\\xampp\\htdocs\\app01\\vendor\\laravel\\framework\\src\\Illuminate\\Pipeline\\Pipeline.php(183): Illuminate\\Routing\\Middleware\\SubstituteBindings->handle(Object(Illuminate\\Http\\Request), Object(Closure))
#12 C:\\xampp\\htdocs\\app01\\vendor\\laravel\\framework\\src\\Illuminate\\Auth\\Middleware\\Authenticate.php(57): Illuminate\\Pipeline\\Pipeline->Illuminate\\Pipeline\\{closure}(Object(Illuminate\\Http\\Request))
#13 C:\\xampp\\htdocs\\app01\\vendor\\laravel\\framework\\src\\Illuminate\\Pipeline\\Pipeline.php(183): Illuminate\\Auth\\Middleware\\Authenticate->handle(Object(Illuminate\\Http\\Request), Object(Closure))
#14 C:\\xampp\\htdocs\\app01\\vendor\\laravel\\framework\\src\\Illuminate\\Foundation\\Http\\Middleware\\VerifyCsrfToken.php(78): Illuminate\\Pipeline\\Pipeline->Illuminate\\Pipeline\\{closure}(Object(Illuminate\\Http\\Request))
#15 C:\\xampp\\htdocs\\app01\\vendor\\laravel\\framework\\src\\Illuminate\\Pipeline\\Pipeline.php(183): Illuminate\\Foundation\\Http\\Middleware\\VerifyCsrfToken->handle(Object(Illuminate\\Http\\Request), Object(Closure))
#16 C:\\xampp\\htdocs\\app01\\vendor\\laravel\\framework\\src\\Illuminate\\View\\Middleware\\ShareErrorsFromSession.php(49): Illuminate\\Pipeline\\Pipeline->Illuminate\\Pipeline\\{closure}(Object(Illuminate\\Http\\Request))
#17 C:\\xampp\\htdocs\\app01\\vendor\\laravel\\framework\\src\\Illuminate\\Pipeline\\Pipeline.php(183): Illuminate\\View\\Middleware\\ShareErrorsFromSession->handle(Object(Illuminate\\Http\\Request), Object(Closure))
#18 C:\\xampp\\htdocs\\app01\\vendor\\laravel\\framework\\src\\Illuminate\\Session\\Middleware\\StartSession.php(121): Illuminate\\Pipeline\\Pipeline->Illuminate\\Pipeline\\{closure}(Object(Illuminate\\Http\\Request))
#19 C:\\xampp\\htdocs\\app01\\vendor\\laravel\\framework\\src\\Illuminate\\Session\\Middleware\\StartSession.php(64): Illuminate\\Session\\Middleware\\StartSession->handleStatefulRequest(Object(Illuminate\\Http\\Request), Object(Illuminate\\Session\\Store), Object(Closure))
#20 C:\\xampp\\htdocs\\app01\\vendor\\laravel\\framework\\src\\Illuminate\\Pipeline\\Pipeline.php(183): Illuminate\\Session\\Middleware\\StartSession->handle(Object(Illuminate\\Http\\Request), Object(Closure))
#21 C:\\xampp\\htdocs\\app01\\vendor\\laravel\\framework\\src\\Illuminate\\Cookie\\Middleware\\AddQueuedCookiesToResponse.php(37): Illuminate\\Pipeline\\Pipeline->Illuminate\\Pipeline\\{closure}(Object(Illuminate\\Http\\Request))
#22 C:\\xampp\\htdocs\\app01\\vendor\\laravel\\framework\\src\\Illuminate\\Pipeline\\Pipeline.php(183): Illuminate\\Cookie\\Middleware\\AddQueuedCookiesToResponse->handle(Object(Illuminate\\Http\\Request), Object(Closure))
#23 C:\\xampp\\htdocs\\app01\\vendor\\laravel\\framework\\src\\Illuminate\\Cookie\\Middleware\\EncryptCookies.php(67): Illuminate\\Pipeline\\Pipeline->Illuminate\\Pipeline\\{closure}(Object(Illuminate\\Http\\Request))
#24 C:\\xampp\\htdocs\\app01\\vendor\\laravel\\framework\\src\\Illuminate\\Pipeline\\Pipeline.php(183): Illuminate\\Cookie\\Middleware\\EncryptCookies->handle(Object(Illuminate\\Http\\Request), Object(Closure))
#25 C:\\xampp\\htdocs\\app01\\vendor\\laravel\\framework\\src\\Illuminate\\Pipeline\\Pipeline.php(119): Illuminate\\Pipeline\\Pipeline->Illuminate\\Pipeline\\{closure}(Object(Illuminate\\Http\\Request))
#26 C:\\xampp\\htdocs\\app01\\vendor\\laravel\\framework\\src\\Illuminate\\Routing\\Router.php(805): Illuminate\\Pipeline\\Pipeline->then(Object(Closure))
#27 C:\\xampp\\htdocs\\app01\\vendor\\laravel\\framework\\src\\Illuminate\\Routing\\Router.php(784): Illuminate\\Routing\\Router->runRouteWithinStack(Object(Illuminate\\Routing\\Route), Object(Illuminate\\Http\\Request))
#28 C:\\xampp\\htdocs\\app01\\vendor\\laravel\\framework\\src\\Illuminate\\Routing\\Router.php(748): Illuminate\\Routing\\Router->runRoute(Object(Illuminate\\Http\\Request), Object(Illuminate\\Routing\\Route))
#29 C:\\xampp\\htdocs\\app01\\vendor\\laravel\\framework\\src\\Illuminate\\Routing\\Router.php(737): Illuminate\\Routing\\Router->dispatchToRoute(Object(Illuminate\\Http\\Request))
#30 C:\\xampp\\htdocs\\app01\\vendor\\laravel\\framework\\src\\Illuminate\\Foundation\\Http\\Kernel.php(200): Illuminate\\Routing\\Router->dispatch(Object(Illuminate\\Http\\Request))
#31 C:\\xampp\\htdocs\\app01\\vendor\\laravel\\framework\\src\\Illuminate\\Pipeline\\Pipeline.php(144): Illuminate\\Foundation\\Http\\Kernel->Illuminate\\Foundation\\Http\\{closure}(Object(Illuminate\\Http\\Request))
#32 C:\\xampp\\htdocs\\app01\\vendor\\laravel\\framework\\src\\Illuminate\\Foundation\\Http\\Middleware\\TransformsRequest.php(21): Illuminate\\Pipeline\\Pipeline->Illuminate\\Pipeline\\{closure}(Object(Illuminate\\Http\\Request))
#33 C:\\xampp\\htdocs\\app01\\vendor\\laravel\\framework\\src\\Illuminate\\Foundation\\Http\\Middleware\\ConvertEmptyStringsToNull.php(31): Illuminate\\Foundation\\Http\\Middleware\\TransformsRequest->handle(Object(Illuminate\\Http\\Request), Object(Closure))
#34 C:\\xampp\\htdocs\\app01\\vendor\\laravel\\framework\\src\\Illuminate\\Pipeline\\Pipeline.php(183): Illuminate\\Foundation\\Http\\Middleware\\ConvertEmptyStringsToNull->handle(Object(Illuminate\\Http\\Request), Object(Closure))
#35 C:\\xampp\\htdocs\\app01\\vendor\\laravel\\framework\\src\\Illuminate\\Foundation\\Http\\Middleware\\TransformsRequest.php(21): Illuminate\\Pipeline\\Pipeline->Illuminate\\Pipeline\\{closure}(Object(Illuminate\\Http\\Request))
#36 C:\\xampp\\htdocs\\app01\\vendor\\laravel\\framework\\src\\Illuminate\\Foundation\\Http\\Middleware\\TrimStrings.php(40): Illuminate\\Foundation\\Http\\Middleware\\TransformsRequest->handle(Object(Illuminate\\Http\\Request), Object(Closure))
#37 C:\\xampp\\htdocs\\app01\\vendor\\laravel\\framework\\src\\Illuminate\\Pipeline\\Pipeline.php(183): Illuminate\\Foundation\\Http\\Middleware\\TrimStrings->handle(Object(Illuminate\\Http\\Request), Object(Closure))
#38 C:\\xampp\\htdocs\\app01\\vendor\\laravel\\framework\\src\\Illuminate\\Foundation\\Http\\Middleware\\ValidatePostSize.php(27): Illuminate\\Pipeline\\Pipeline->Illuminate\\Pipeline\\{closure}(Object(Illuminate\\Http\\Request))
#39 C:\\xampp\\htdocs\\app01\\vendor\\laravel\\framework\\src\\Illuminate\\Pipeline\\Pipeline.php(183): Illuminate\\Foundation\\Http\\Middleware\\ValidatePostSize->handle(Object(Illuminate\\Http\\Request), Object(Closure))
#40 C:\\xampp\\htdocs\\app01\\vendor\\laravel\\framework\\src\\Illuminate\\Foundation\\Http\\Middleware\\PreventRequestsDuringMaintenance.php(99): Illuminate\\Pipeline\\Pipeline->Illuminate\\Pipeline\\{closure}(Object(Illuminate\\Http\\Request))
#41 C:\\xampp\\htdocs\\app01\\vendor\\laravel\\framework\\src\\Illuminate\\Pipeline\\Pipeline.php(183): Illuminate\\Foundation\\Http\\Middleware\\PreventRequestsDuringMaintenance->handle(Object(Illuminate\\Http\\Request), Object(Closure))
#42 C:\\xampp\\htdocs\\app01\\vendor\\laravel\\framework\\src\\Illuminate\\Http\\Middleware\\HandleCors.php(49): Illuminate\\Pipeline\\Pipeline->Illuminate\\Pipeline\\{closure}(Object(Illuminate\\Http\\Request))
#43 C:\\xampp\\htdocs\\app01\\vendor\\laravel\\framework\\src\\Illuminate\\Pipeline\\Pipeline.php(183): Illuminate\\Http\\Middleware\\HandleCors->handle(Object(Illuminate\\Http\\Request), Object(Closure))
#44 C:\\xampp\\htdocs\\app01\\vendor\\laravel\\framework\\src\\Illuminate\\Http\\Middleware\\TrustProxies.php(39): Illuminate\\Pipeline\\Pipeline->Illuminate\\Pipeline\\{closure}(Object(Illuminate\\Http\\Request))
#45 C:\\xampp\\htdocs\\app01\\vendor\\laravel\\framework\\src\\Illuminate\\Pipeline\\Pipeline.php(183): Illuminate\\Http\\Middleware\\TrustProxies->handle(Object(Illuminate\\Http\\Request), Object(Closure))
#46 C:\\xampp\\htdocs\\app01\\vendor\\laravel\\framework\\src\\Illuminate\\Pipeline\\Pipeline.php(119): Illuminate\\Pipeline\\Pipeline->Illuminate\\Pipeline\\{closure}(Object(Illuminate\\Http\\Request))
#47 C:\\xampp\\htdocs\\app01\\vendor\\laravel\\framework\\src\\Illuminate\\Foundation\\Http\\Kernel.php(175): Illuminate\\Pipeline\\Pipeline->then(Object(Closure))
#48 C:\\xampp\\htdocs\\app01\\vendor\\laravel\\framework\\src\\Illuminate\\Foundation\\Http\\Kernel.php(144): Illuminate\\Foundation\\Http\\Kernel->sendRequestThroughRouter(Object(Illuminate\\Http\\Request))
#49 C:\\xampp\\htdocs\\app01\\public\\index.php(51): Illuminate\\Foundation\\Http\\Kernel->handle(Object(Illuminate\\Http\\Request))
#50 C:\\xampp\\htdocs\\app01\\server.php(21): require_once('C:\\\\xampp\\\\htdocs...')
#51 {main}
"} 
[2024-03-29 01:07:54] local.DEBUG: -----start-----  
[2024-03-29 01:07:54] local.DEBUG: fnc=up recom_id=5  
[2024-03-29 01:07:54] local.DEBUG: ---------start----------  
[2024-03-29 01:07:54] local.DEBUG: sort_chg id=5-up  
[2024-03-29 01:08:03] local.DEBUG: -----start-----  
[2024-03-29 01:08:03] local.DEBUG: fnc=up recom_id=5  
[2024-03-29 01:08:03] local.DEBUG: ---------start----------  
[2024-03-29 01:08:03] local.DEBUG: sort_chg id=5-up  
[2024-03-29 01:08:28] local.DEBUG: -----start-----  
[2024-03-29 01:08:28] local.DEBUG: fnc=up recom_id=5  
[2024-03-29 01:08:28] local.DEBUG: ---------start----------  
[2024-03-29 01:08:28] local.DEBUG: sort_chg id=5-up  
[2024-03-29 01:08:33] local.DEBUG: -----start-----  
[2024-03-29 01:08:33] local.DEBUG: fnc=up recom_id=13  
[2024-03-29 01:08:33] local.DEBUG: ---------start----------  
[2024-03-29 01:08:33] local.DEBUG: sort_chg id=13-up  
[2024-03-29 01:12:13] local.DEBUG: -----start-----  
[2024-03-29 01:12:13] local.DEBUG: fnc=up recom_id=13  
[2024-03-29 01:12:13] local.DEBUG: ---------start----------  
[2024-03-29 01:12:13] local.DEBUG: sort_chg id=13-up  
[2024-03-29 01:12:13] local.ERROR: Unsupported operand types: stdClass - int {"userId":1,"exception":"[object] (TypeError(code: 0): Unsupported operand types: stdClass - int at C:\\xampp\\htdocs\\app01\\app\\Models\\Recommend.php:153)
[stacktrace]
#0 C:\\xampp\\htdocs\\app01\\app\\Http\\Controllers\\Admin\\AdminRecommendController.php(98): App\\Models\\Recommend::chgsortRecommend(Array)
#1 C:\\xampp\\htdocs\\app01\\vendor\\laravel\\framework\\src\\Illuminate\\Routing\\Controller.php(54): App\\Http\\Controllers\\Admin\\AdminRecommendController->recommend_chg_fnc(Object(Illuminate\\Http\\Request))
#2 C:\\xampp\\htdocs\\app01\\vendor\\laravel\\framework\\src\\Illuminate\\Routing\\ControllerDispatcher.php(43): Illuminate\\Routing\\Controller->callAction('recommend_chg_f...', Array)
#3 C:\\xampp\\htdocs\\app01\\vendor\\laravel\\framework\\src\\Illuminate\\Routing\\Route.php(259): Illuminate\\Routing\\ControllerDispatcher->dispatch(Object(Illuminate\\Routing\\Route), Object(App\\Http\\Controllers\\Admin\\AdminRecommendController), 'recommend_chg_f...')
#4 C:\\xampp\\htdocs\\app01\\vendor\\laravel\\framework\\src\\Illuminate\\Routing\\Route.php(205): Illuminate\\Routing\\Route->runController()
#5 C:\\xampp\\htdocs\\app01\\vendor\\laravel\\framework\\src\\Illuminate\\Routing\\Router.php(806): Illuminate\\Routing\\Route->run()
#6 C:\\xampp\\htdocs\\app01\\vendor\\laravel\\framework\\src\\Illuminate\\Pipeline\\Pipeline.php(144): Illuminate\\Routing\\Router->Illuminate\\Routing\\{closure}(Object(Illuminate\\Http\\Request))
#7 C:\\xampp\\htdocs\\app01\\app\\Http\\Middleware\\AdminMiddleware.php(16): Illuminate\\Pipeline\\Pipeline->Illuminate\\Pipeline\\{closure}(Object(Illuminate\\Http\\Request))
#8 C:\\xampp\\htdocs\\app01\\vendor\\laravel\\framework\\src\\Illuminate\\Pipeline\\Pipeline.php(183): App\\Http\\Middleware\\AdminMiddleware->handle(Object(Illuminate\\Http\\Request), Object(Closure))
#9 C:\\xampp\\htdocs\\app01\\vendor\\laravel\\framework\\src\\Illuminate\\Routing\\Middleware\\SubstituteBindings.php(50): Illuminate\\Pipeline\\Pipeline->Illuminate\\Pipeline\\{closure}(Object(Illuminate\\Http\\Request))
#10 C:\\xampp\\htdocs\\app01\\vendor\\laravel\\framework\\src\\Illuminate\\Pipeline\\Pipeline.php(183): Illuminate\\Routing\\Middleware\\SubstituteBindings->handle(Object(Illuminate\\Http\\Request), Object(Closure))
#11 C:\\xampp\\htdocs\\app01\\vendor\\laravel\\framework\\src\\Illuminate\\Auth\\Middleware\\Authenticate.php(57): Illuminate\\Pipeline\\Pipeline->Illuminate\\Pipeline\\{closure}(Object(Illuminate\\Http\\Request))
#12 C:\\xampp\\htdocs\\app01\\vendor\\laravel\\framework\\src\\Illuminate\\Pipeline\\Pipeline.php(183): Illuminate\\Auth\\Middleware\\Authenticate->handle(Object(Illuminate\\Http\\Request), Object(Closure))
#13 C:\\xampp\\htdocs\\app01\\vendor\\laravel\\framework\\src\\Illuminate\\Foundation\\Http\\Middleware\\VerifyCsrfToken.php(78): Illuminate\\Pipeline\\Pipeline->Illuminate\\Pipeline\\{closure}(Object(Illuminate\\Http\\Request))
#14 C:\\xampp\\htdocs\\app01\\vendor\\laravel\\framework\\src\\Illuminate\\Pipeline\\Pipeline.php(183): Illuminate\\Foundation\\Http\\Middleware\\VerifyCsrfToken->handle(Object(Illuminate\\Http\\Request), Object(Closure))
#15 C:\\xampp\\htdocs\\app01\\vendor\\laravel\\framework\\src\\Illuminate\\View\\Middleware\\ShareErrorsFromSession.php(49): Illuminate\\Pipeline\\Pipeline->Illuminate\\Pipeline\\{closure}(Object(Illuminate\\Http\\Request))
#16 C:\\xampp\\htdocs\\app01\\vendor\\laravel\\framework\\src\\Illuminate\\Pipeline\\Pipeline.php(183): Illuminate\\View\\Middleware\\ShareErrorsFromSession->handle(Object(Illuminate\\Http\\Request), Object(Closure))
#17 C:\\xampp\\htdocs\\app01\\vendor\\laravel\\framework\\src\\Illuminate\\Session\\Middleware\\StartSession.php(121): Illuminate\\Pipeline\\Pipeline->Illuminate\\Pipeline\\{closure}(Object(Illuminate\\Http\\Request))
#18 C:\\xampp\\htdocs\\app01\\vendor\\laravel\\framework\\src\\Illuminate\\Session\\Middleware\\StartSession.php(64): Illuminate\\Session\\Middleware\\StartSession->handleStatefulRequest(Object(Illuminate\\Http\\Request), Object(Illuminate\\Session\\Store), Object(Closure))
#19 C:\\xampp\\htdocs\\app01\\vendor\\laravel\\framework\\src\\Illuminate\\Pipeline\\Pipeline.php(183): Illuminate\\Session\\Middleware\\StartSession->handle(Object(Illuminate\\Http\\Request), Object(Closure))
#20 C:\\xampp\\htdocs\\app01\\vendor\\laravel\\framework\\src\\Illuminate\\Cookie\\Middleware\\AddQueuedCookiesToResponse.php(37): Illuminate\\Pipeline\\Pipeline->Illuminate\\Pipeline\\{closure}(Object(Illuminate\\Http\\Request))
#21 C:\\xampp\\htdocs\\app01\\vendor\\laravel\\framework\\src\\Illuminate\\Pipeline\\Pipeline.php(183): Illuminate\\Cookie\\Middleware\\AddQueuedCookiesToResponse->handle(Object(Illuminate\\Http\\Request), Object(Closure))
#22 C:\\xampp\\htdocs\\app01\\vendor\\laravel\\framework\\src\\Illuminate\\Cookie\\Middleware\\EncryptCookies.php(67): Illuminate\\Pipeline\\Pipeline->Illuminate\\Pipeline\\{closure}(Object(Illuminate\\Http\\Request))
#23 C:\\xampp\\htdocs\\app01\\vendor\\laravel\\framework\\src\\Illuminate\\Pipeline\\Pipeline.php(183): Illuminate\\Cookie\\Middleware\\EncryptCookies->handle(Object(Illuminate\\Http\\Request), Object(Closure))
#24 C:\\xampp\\htdocs\\app01\\vendor\\laravel\\framework\\src\\Illuminate\\Pipeline\\Pipeline.php(119): Illuminate\\Pipeline\\Pipeline->Illuminate\\Pipeline\\{closure}(Object(Illuminate\\Http\\Request))
#25 C:\\xampp\\htdocs\\app01\\vendor\\laravel\\framework\\src\\Illuminate\\Routing\\Router.php(805): Illuminate\\Pipeline\\Pipeline->then(Object(Closure))
#26 C:\\xampp\\htdocs\\app01\\vendor\\laravel\\framework\\src\\Illuminate\\Routing\\Router.php(784): Illuminate\\Routing\\Router->runRouteWithinStack(Object(Illuminate\\Routing\\Route), Object(Illuminate\\Http\\Request))
#27 C:\\xampp\\htdocs\\app01\\vendor\\laravel\\framework\\src\\Illuminate\\Routing\\Router.php(748): Illuminate\\Routing\\Router->runRoute(Object(Illuminate\\Http\\Request), Object(Illuminate\\Routing\\Route))
#28 C:\\xampp\\htdocs\\app01\\vendor\\laravel\\framework\\src\\Illuminate\\Routing\\Router.php(737): Illuminate\\Routing\\Router->dispatchToRoute(Object(Illuminate\\Http\\Request))
#29 C:\\xampp\\htdocs\\app01\\vendor\\laravel\\framework\\src\\Illuminate\\Foundation\\Http\\Kernel.php(200): Illuminate\\Routing\\Router->dispatch(Object(Illuminate\\Http\\Request))
#30 C:\\xampp\\htdocs\\app01\\vendor\\laravel\\framework\\src\\Illuminate\\Pipeline\\Pipeline.php(144): Illuminate\\Foundation\\Http\\Kernel->Illuminate\\Foundation\\Http\\{closure}(Object(Illuminate\\Http\\Request))
#31 C:\\xampp\\htdocs\\app01\\vendor\\laravel\\framework\\src\\Illuminate\\Foundation\\Http\\Middleware\\TransformsRequest.php(21): Illuminate\\Pipeline\\Pipeline->Illuminate\\Pipeline\\{closure}(Object(Illuminate\\Http\\Request))
#32 C:\\xampp\\htdocs\\app01\\vendor\\laravel\\framework\\src\\Illuminate\\Foundation\\Http\\Middleware\\ConvertEmptyStringsToNull.php(31): Illuminate\\Foundation\\Http\\Middleware\\TransformsRequest->handle(Object(Illuminate\\Http\\Request), Object(Closure))
#33 C:\\xampp\\htdocs\\app01\\vendor\\laravel\\framework\\src\\Illuminate\\Pipeline\\Pipeline.php(183): Illuminate\\Foundation\\Http\\Middleware\\ConvertEmptyStringsToNull->handle(Object(Illuminate\\Http\\Request), Object(Closure))
#34 C:\\xampp\\htdocs\\app01\\vendor\\laravel\\framework\\src\\Illuminate\\Foundation\\Http\\Middleware\\TransformsRequest.php(21): Illuminate\\Pipeline\\Pipeline->Illuminate\\Pipeline\\{closure}(Object(Illuminate\\Http\\Request))
#35 C:\\xampp\\htdocs\\app01\\vendor\\laravel\\framework\\src\\Illuminate\\Foundation\\Http\\Middleware\\TrimStrings.php(40): Illuminate\\Foundation\\Http\\Middleware\\TransformsRequest->handle(Object(Illuminate\\Http\\Request), Object(Closure))
#36 C:\\xampp\\htdocs\\app01\\vendor\\laravel\\framework\\src\\Illuminate\\Pipeline\\Pipeline.php(183): Illuminate\\Foundation\\Http\\Middleware\\TrimStrings->handle(Object(Illuminate\\Http\\Request), Object(Closure))
#37 C:\\xampp\\htdocs\\app01\\vendor\\laravel\\framework\\src\\Illuminate\\Foundation\\Http\\Middleware\\ValidatePostSize.php(27): Illuminate\\Pipeline\\Pipeline->Illuminate\\Pipeline\\{closure}(Object(Illuminate\\Http\\Request))
#38 C:\\xampp\\htdocs\\app01\\vendor\\laravel\\framework\\src\\Illuminate\\Pipeline\\Pipeline.php(183): Illuminate\\Foundation\\Http\\Middleware\\ValidatePostSize->handle(Object(Illuminate\\Http\\Request), Object(Closure))
#39 C:\\xampp\\htdocs\\app01\\vendor\\laravel\\framework\\src\\Illuminate\\Foundation\\Http\\Middleware\\PreventRequestsDuringMaintenance.php(99): Illuminate\\Pipeline\\Pipeline->Illuminate\\Pipeline\\{closure}(Object(Illuminate\\Http\\Request))
#40 C:\\xampp\\htdocs\\app01\\vendor\\laravel\\framework\\src\\Illuminate\\Pipeline\\Pipeline.php(183): Illuminate\\Foundation\\Http\\Middleware\\PreventRequestsDuringMaintenance->handle(Object(Illuminate\\Http\\Request), Object(Closure))
#41 C:\\xampp\\htdocs\\app01\\vendor\\laravel\\framework\\src\\Illuminate\\Http\\Middleware\\HandleCors.php(49): Illuminate\\Pipeline\\Pipeline->Illuminate\\Pipeline\\{closure}(Object(Illuminate\\Http\\Request))
#42 C:\\xampp\\htdocs\\app01\\vendor\\laravel\\framework\\src\\Illuminate\\Pipeline\\Pipeline.php(183): Illuminate\\Http\\Middleware\\HandleCors->handle(Object(Illuminate\\Http\\Request), Object(Closure))
#43 C:\\xampp\\htdocs\\app01\\vendor\\laravel\\framework\\src\\Illuminate\\Http\\Middleware\\TrustProxies.php(39): Illuminate\\Pipeline\\Pipeline->Illuminate\\Pipeline\\{closure}(Object(Illuminate\\Http\\Request))
#44 C:\\xampp\\htdocs\\app01\\vendor\\laravel\\framework\\src\\Illuminate\\Pipeline\\Pipeline.php(183): Illuminate\\Http\\Middleware\\TrustProxies->handle(Object(Illuminate\\Http\\Request), Object(Closure))
#45 C:\\xampp\\htdocs\\app01\\vendor\\laravel\\framework\\src\\Illuminate\\Pipeline\\Pipeline.php(119): Illuminate\\Pipeline\\Pipeline->Illuminate\\Pipeline\\{closure}(Object(Illuminate\\Http\\Request))
#46 C:\\xampp\\htdocs\\app01\\vendor\\laravel\\framework\\src\\Illuminate\\Foundation\\Http\\Kernel.php(175): Illuminate\\Pipeline\\Pipeline->then(Object(Closure))
#47 C:\\xampp\\htdocs\\app01\\vendor\\laravel\\framework\\src\\Illuminate\\Foundation\\Http\\Kernel.php(144): Illuminate\\Foundation\\Http\\Kernel->sendRequestThroughRouter(Object(Illuminate\\Http\\Request))
#48 C:\\xampp\\htdocs\\app01\\public\\index.php(51): Illuminate\\Foundation\\Http\\Kernel->handle(Object(Illuminate\\Http\\Request))
#49 C:\\xampp\\htdocs\\app01\\server.php(21): require_once('C:\\\\xampp\\\\htdocs...')
#50 {main}
"} 
[2024-03-29 01:13:26] local.DEBUG: -----start-----  
[2024-03-29 01:13:26] local.DEBUG: fnc=up recom_id=13  
[2024-03-29 01:13:26] local.DEBUG: ---------start----------  
[2024-03-29 01:13:26] local.DEBUG: sort_chg id=13-up  
[2024-03-29 01:13:26] local.ERROR: Unsupported operand types: Illuminate\Support\Collection - int {"userId":1,"exception":"[object] (TypeError(code: 0): Unsupported operand types: Illuminate\\Support\\Collection - int at C:\\xampp\\htdocs\\app01\\app\\Models\\Recommend.php:153)
[stacktrace]
#0 C:\\xampp\\htdocs\\app01\\app\\Http\\Controllers\\Admin\\AdminRecommendController.php(98): App\\Models\\Recommend::chgsortRecommend(Array)
#1 C:\\xampp\\htdocs\\app01\\vendor\\laravel\\framework\\src\\Illuminate\\Routing\\Controller.php(54): App\\Http\\Controllers\\Admin\\AdminRecommendController->recommend_chg_fnc(Object(Illuminate\\Http\\Request))
#2 C:\\xampp\\htdocs\\app01\\vendor\\laravel\\framework\\src\\Illuminate\\Routing\\ControllerDispatcher.php(43): Illuminate\\Routing\\Controller->callAction('recommend_chg_f...', Array)
#3 C:\\xampp\\htdocs\\app01\\vendor\\laravel\\framework\\src\\Illuminate\\Routing\\Route.php(259): Illuminate\\Routing\\ControllerDispatcher->dispatch(Object(Illuminate\\Routing\\Route), Object(App\\Http\\Controllers\\Admin\\AdminRecommendController), 'recommend_chg_f...')
#4 C:\\xampp\\htdocs\\app01\\vendor\\laravel\\framework\\src\\Illuminate\\Routing\\Route.php(205): Illuminate\\Routing\\Route->runController()
#5 C:\\xampp\\htdocs\\app01\\vendor\\laravel\\framework\\src\\Illuminate\\Routing\\Router.php(806): Illuminate\\Routing\\Route->run()
#6 C:\\xampp\\htdocs\\app01\\vendor\\laravel\\framework\\src\\Illuminate\\Pipeline\\Pipeline.php(144): Illuminate\\Routing\\Router->Illuminate\\Routing\\{closure}(Object(Illuminate\\Http\\Request))
#7 C:\\xampp\\htdocs\\app01\\app\\Http\\Middleware\\AdminMiddleware.php(16): Illuminate\\Pipeline\\Pipeline->Illuminate\\Pipeline\\{closure}(Object(Illuminate\\Http\\Request))
#8 C:\\xampp\\htdocs\\app01\\vendor\\laravel\\framework\\src\\Illuminate\\Pipeline\\Pipeline.php(183): App\\Http\\Middleware\\AdminMiddleware->handle(Object(Illuminate\\Http\\Request), Object(Closure))
#9 C:\\xampp\\htdocs\\app01\\vendor\\laravel\\framework\\src\\Illuminate\\Routing\\Middleware\\SubstituteBindings.php(50): Illuminate\\Pipeline\\Pipeline->Illuminate\\Pipeline\\{closure}(Object(Illuminate\\Http\\Request))
#10 C:\\xampp\\htdocs\\app01\\vendor\\laravel\\framework\\src\\Illuminate\\Pipeline\\Pipeline.php(183): Illuminate\\Routing\\Middleware\\SubstituteBindings->handle(Object(Illuminate\\Http\\Request), Object(Closure))
#11 C:\\xampp\\htdocs\\app01\\vendor\\laravel\\framework\\src\\Illuminate\\Auth\\Middleware\\Authenticate.php(57): Illuminate\\Pipeline\\Pipeline->Illuminate\\Pipeline\\{closure}(Object(Illuminate\\Http\\Request))
#12 C:\\xampp\\htdocs\\app01\\vendor\\laravel\\framework\\src\\Illuminate\\Pipeline\\Pipeline.php(183): Illuminate\\Auth\\Middleware\\Authenticate->handle(Object(Illuminate\\Http\\Request), Object(Closure))
#13 C:\\xampp\\htdocs\\app01\\vendor\\laravel\\framework\\src\\Illuminate\\Foundation\\Http\\Middleware\\VerifyCsrfToken.php(78): Illuminate\\Pipeline\\Pipeline->Illuminate\\Pipeline\\{closure}(Object(Illuminate\\Http\\Request))
#14 C:\\xampp\\htdocs\\app01\\vendor\\laravel\\framework\\src\\Illuminate\\Pipeline\\Pipeline.php(183): Illuminate\\Foundation\\Http\\Middleware\\VerifyCsrfToken->handle(Object(Illuminate\\Http\\Request), Object(Closure))
#15 C:\\xampp\\htdocs\\app01\\vendor\\laravel\\framework\\src\\Illuminate\\View\\Middleware\\ShareErrorsFromSession.php(49): Illuminate\\Pipeline\\Pipeline->Illuminate\\Pipeline\\{closure}(Object(Illuminate\\Http\\Request))
#16 C:\\xampp\\htdocs\\app01\\vendor\\laravel\\framework\\src\\Illuminate\\Pipeline\\Pipeline.php(183): Illuminate\\View\\Middleware\\ShareErrorsFromSession->handle(Object(Illuminate\\Http\\Request), Object(Closure))
#17 C:\\xampp\\htdocs\\app01\\vendor\\laravel\\framework\\src\\Illuminate\\Session\\Middleware\\StartSession.php(121): Illuminate\\Pipeline\\Pipeline->Illuminate\\Pipeline\\{closure}(Object(Illuminate\\Http\\Request))
#18 C:\\xampp\\htdocs\\app01\\vendor\\laravel\\framework\\src\\Illuminate\\Session\\Middleware\\StartSession.php(64): Illuminate\\Session\\Middleware\\StartSession->handleStatefulRequest(Object(Illuminate\\Http\\Request), Object(Illuminate\\Session\\Store), Object(Closure))
#19 C:\\xampp\\htdocs\\app01\\vendor\\laravel\\framework\\src\\Illuminate\\Pipeline\\Pipeline.php(183): Illuminate\\Session\\Middleware\\StartSession->handle(Object(Illuminate\\Http\\Request), Object(Closure))
#20 C:\\xampp\\htdocs\\app01\\vendor\\laravel\\framework\\src\\Illuminate\\Cookie\\Middleware\\AddQueuedCookiesToResponse.php(37): Illuminate\\Pipeline\\Pipeline->Illuminate\\Pipeline\\{closure}(Object(Illuminate\\Http\\Request))
#21 C:\\xampp\\htdocs\\app01\\vendor\\laravel\\framework\\src\\Illuminate\\Pipeline\\Pipeline.php(183): Illuminate\\Cookie\\Middleware\\AddQueuedCookiesToResponse->handle(Object(Illuminate\\Http\\Request), Object(Closure))
#22 C:\\xampp\\htdocs\\app01\\vendor\\laravel\\framework\\src\\Illuminate\\Cookie\\Middleware\\EncryptCookies.php(67): Illuminate\\Pipeline\\Pipeline->Illuminate\\Pipeline\\{closure}(Object(Illuminate\\Http\\Request))
#23 C:\\xampp\\htdocs\\app01\\vendor\\laravel\\framework\\src\\Illuminate\\Pipeline\\Pipeline.php(183): Illuminate\\Cookie\\Middleware\\EncryptCookies->handle(Object(Illuminate\\Http\\Request), Object(Closure))
#24 C:\\xampp\\htdocs\\app01\\vendor\\laravel\\framework\\src\\Illuminate\\Pipeline\\Pipeline.php(119): Illuminate\\Pipeline\\Pipeline->Illuminate\\Pipeline\\{closure}(Object(Illuminate\\Http\\Request))
#25 C:\\xampp\\htdocs\\app01\\vendor\\laravel\\framework\\src\\Illuminate\\Routing\\Router.php(805): Illuminate\\Pipeline\\Pipeline->then(Object(Closure))
#26 C:\\xampp\\htdocs\\app01\\vendor\\laravel\\framework\\src\\Illuminate\\Routing\\Router.php(784): Illuminate\\Routing\\Router->runRouteWithinStack(Object(Illuminate\\Routing\\Route), Object(Illuminate\\Http\\Request))
#27 C:\\xampp\\htdocs\\app01\\vendor\\laravel\\framework\\src\\Illuminate\\Routing\\Router.php(748): Illuminate\\Routing\\Router->runRoute(Object(Illuminate\\Http\\Request), Object(Illuminate\\Routing\\Route))
#28 C:\\xampp\\htdocs\\app01\\vendor\\laravel\\framework\\src\\Illuminate\\Routing\\Router.php(737): Illuminate\\Routing\\Router->dispatchToRoute(Object(Illuminate\\Http\\Request))
#29 C:\\xampp\\htdocs\\app01\\vendor\\laravel\\framework\\src\\Illuminate\\Foundation\\Http\\Kernel.php(200): Illuminate\\Routing\\Router->dispatch(Object(Illuminate\\Http\\Request))
#30 C:\\xampp\\htdocs\\app01\\vendor\\laravel\\framework\\src\\Illuminate\\Pipeline\\Pipeline.php(144): Illuminate\\Foundation\\Http\\Kernel->Illuminate\\Foundation\\Http\\{closure}(Object(Illuminate\\Http\\Request))
#31 C:\\xampp\\htdocs\\app01\\vendor\\laravel\\framework\\src\\Illuminate\\Foundation\\Http\\Middleware\\TransformsRequest.php(21): Illuminate\\Pipeline\\Pipeline->Illuminate\\Pipeline\\{closure}(Object(Illuminate\\Http\\Request))
#32 C:\\xampp\\htdocs\\app01\\vendor\\laravel\\framework\\src\\Illuminate\\Foundation\\Http\\Middleware\\ConvertEmptyStringsToNull.php(31): Illuminate\\Foundation\\Http\\Middleware\\TransformsRequest->handle(Object(Illuminate\\Http\\Request), Object(Closure))
#33 C:\\xampp\\htdocs\\app01\\vendor\\laravel\\framework\\src\\Illuminate\\Pipeline\\Pipeline.php(183): Illuminate\\Foundation\\Http\\Middleware\\ConvertEmptyStringsToNull->handle(Object(Illuminate\\Http\\Request), Object(Closure))
#34 C:\\xampp\\htdocs\\app01\\vendor\\laravel\\framework\\src\\Illuminate\\Foundation\\Http\\Middleware\\TransformsRequest.php(21): Illuminate\\Pipeline\\Pipeline->Illuminate\\Pipeline\\{closure}(Object(Illuminate\\Http\\Request))
#35 C:\\xampp\\htdocs\\app01\\vendor\\laravel\\framework\\src\\Illuminate\\Foundation\\Http\\Middleware\\TrimStrings.php(40): Illuminate\\Foundation\\Http\\Middleware\\TransformsRequest->handle(Object(Illuminate\\Http\\Request), Object(Closure))
#36 C:\\xampp\\htdocs\\app01\\vendor\\laravel\\framework\\src\\Illuminate\\Pipeline\\Pipeline.php(183): Illuminate\\Foundation\\Http\\Middleware\\TrimStrings->handle(Object(Illuminate\\Http\\Request), Object(Closure))
#37 C:\\xampp\\htdocs\\app01\\vendor\\laravel\\framework\\src\\Illuminate\\Foundation\\Http\\Middleware\\ValidatePostSize.php(27): Illuminate\\Pipeline\\Pipeline->Illuminate\\Pipeline\\{closure}(Object(Illuminate\\Http\\Request))
#38 C:\\xampp\\htdocs\\app01\\vendor\\laravel\\framework\\src\\Illuminate\\Pipeline\\Pipeline.php(183): Illuminate\\Foundation\\Http\\Middleware\\ValidatePostSize->handle(Object(Illuminate\\Http\\Request), Object(Closure))
#39 C:\\xampp\\htdocs\\app01\\vendor\\laravel\\framework\\src\\Illuminate\\Foundation\\Http\\Middleware\\PreventRequestsDuringMaintenance.php(99): Illuminate\\Pipeline\\Pipeline->Illuminate\\Pipeline\\{closure}(Object(Illuminate\\Http\\Request))
#40 C:\\xampp\\htdocs\\app01\\vendor\\laravel\\framework\\src\\Illuminate\\Pipeline\\Pipeline.php(183): Illuminate\\Foundation\\Http\\Middleware\\PreventRequestsDuringMaintenance->handle(Object(Illuminate\\Http\\Request), Object(Closure))
#41 C:\\xampp\\htdocs\\app01\\vendor\\laravel\\framework\\src\\Illuminate\\Http\\Middleware\\HandleCors.php(49): Illuminate\\Pipeline\\Pipeline->Illuminate\\Pipeline\\{closure}(Object(Illuminate\\Http\\Request))
#42 C:\\xampp\\htdocs\\app01\\vendor\\laravel\\framework\\src\\Illuminate\\Pipeline\\Pipeline.php(183): Illuminate\\Http\\Middleware\\HandleCors->handle(Object(Illuminate\\Http\\Request), Object(Closure))
#43 C:\\xampp\\htdocs\\app01\\vendor\\laravel\\framework\\src\\Illuminate\\Http\\Middleware\\TrustProxies.php(39): Illuminate\\Pipeline\\Pipeline->Illuminate\\Pipeline\\{closure}(Object(Illuminate\\Http\\Request))
#44 C:\\xampp\\htdocs\\app01\\vendor\\laravel\\framework\\src\\Illuminate\\Pipeline\\Pipeline.php(183): Illuminate\\Http\\Middleware\\TrustProxies->handle(Object(Illuminate\\Http\\Request), Object(Closure))
#45 C:\\xampp\\htdocs\\app01\\vendor\\laravel\\framework\\src\\Illuminate\\Pipeline\\Pipeline.php(119): Illuminate\\Pipeline\\Pipeline->Illuminate\\Pipeline\\{closure}(Object(Illuminate\\Http\\Request))
#46 C:\\xampp\\htdocs\\app01\\vendor\\laravel\\framework\\src\\Illuminate\\Foundation\\Http\\Kernel.php(175): Illuminate\\Pipeline\\Pipeline->then(Object(Closure))
#47 C:\\xampp\\htdocs\\app01\\vendor\\laravel\\framework\\src\\Illuminate\\Foundation\\Http\\Kernel.php(144): Illuminate\\Foundation\\Http\\Kernel->sendRequestThroughRouter(Object(Illuminate\\Http\\Request))
#48 C:\\xampp\\htdocs\\app01\\public\\index.php(51): Illuminate\\Foundation\\Http\\Kernel->handle(Object(Illuminate\\Http\\Request))
#49 C:\\xampp\\htdocs\\app01\\server.php(21): require_once('C:\\\\xampp\\\\htdocs...')
#50 {main}
"} 
[2024-03-29 01:14:22] local.DEBUG: -----start-----  
[2024-03-29 01:14:22] local.DEBUG: fnc=up recom_id=13  
[2024-03-29 01:14:22] local.DEBUG: ---------start----------  
[2024-03-29 01:14:22] local.DEBUG: sort_chg id=13-up  
[2024-03-29 01:14:31] local.DEBUG: -----start-----  
[2024-03-29 01:14:31] local.DEBUG: fnc=up recom_id=14  
[2024-03-29 01:14:31] local.DEBUG: ---------start----------  
[2024-03-29 01:14:31] local.DEBUG: sort_chg id=14-up  
[2024-03-29 01:14:35] local.DEBUG: -----start-----  
[2024-03-29 01:14:35] local.DEBUG: fnc=down recom_id=14  
[2024-03-29 01:14:35] local.DEBUG: ---------start----------  
[2024-03-29 01:14:35] local.DEBUG: sort_chg id=14-down  
[2024-03-29 01:20:18] local.DEBUG: -----start-----  
[2024-03-29 01:20:18] local.DEBUG: fnc=up recom_id=13  
[2024-03-29 01:20:18] local.DEBUG: ---------start----------  
[2024-03-29 01:20:18] local.DEBUG: sort_chg id=13-up  
[2024-03-29 01:20:28] local.DEBUG: -----start-----  
[2024-03-29 01:20:28] local.DEBUG: fnc=down recom_id=14  
[2024-03-29 01:20:28] local.DEBUG: ---------start----------  
[2024-03-29 01:20:28] local.DEBUG: sort_chg id=14-down  
[2024-03-29 01:23:24] local.DEBUG: -----start-----  
[2024-03-29 01:23:24] local.DEBUG: fnc=up recom_id=5  
[2024-03-29 01:23:24] local.DEBUG: ---------start----------  
[2024-03-29 01:23:24] local.DEBUG: sort_chg id=5-up  
[2024-03-29 01:23:26] local.DEBUG: -----start-----  
[2024-03-29 01:23:26] local.DEBUG: fnc=down recom_id=5  
[2024-03-29 01:23:26] local.DEBUG: ---------start----------  
[2024-03-29 01:23:26] local.DEBUG: sort_chg id=5-down  
[2024-03-29 01:23:47] local.DEBUG: -----start-----  
[2024-03-29 01:23:47] local.DEBUG: fnc=up recom_id=5  
[2024-03-29 01:23:47] local.DEBUG: ---------start----------  
[2024-03-29 01:23:47] local.DEBUG: sort_chg id=5-up  
[2024-03-29 01:23:49] local.DEBUG: -----start-----  
[2024-03-29 01:23:49] local.DEBUG: fnc=down recom_id=5  
[2024-03-29 01:23:49] local.DEBUG: ---------start----------  
[2024-03-29 01:23:49] local.DEBUG: sort_chg id=5-down  
[2024-03-29 01:24:39] local.DEBUG: -----start-----  
[2024-03-29 01:24:39] local.DEBUG: fnc=up recom_id=5  
[2024-03-29 01:24:39] local.DEBUG: ---------start----------  
[2024-03-29 01:24:39] local.DEBUG: sort_chg id=5-up  
[2024-03-29 01:24:44] local.DEBUG: -----start-----  
[2024-03-29 01:24:44] local.DEBUG: fnc=up recom_id=5  
[2024-03-29 01:24:44] local.DEBUG: ---------start----------  
[2024-03-29 01:24:44] local.DEBUG: sort_chg id=5-up  
[2024-03-29 01:25:03] local.DEBUG: -----start-----  
[2024-03-29 01:25:03] local.DEBUG: fnc=up recom_id=5  
[2024-03-29 01:25:03] local.DEBUG: ---------start----------  
[2024-03-29 01:25:03] local.DEBUG: sort_chg id=5-up  
[2024-03-29 01:25:04] local.DEBUG: -----start-----  
[2024-03-29 01:25:04] local.DEBUG: fnc=down recom_id=5  
[2024-03-29 01:25:04] local.DEBUG: ---------start----------  
[2024-03-29 01:25:04] local.DEBUG: sort_chg id=5-down  
[2024-03-29 01:26:24] local.DEBUG: -----start-----  
[2024-03-29 01:26:24] local.DEBUG: fnc=down recom_id=5  
[2024-03-29 01:26:24] local.DEBUG: ---------start----------  
[2024-03-29 01:26:24] local.DEBUG: sort_chg id=5-down  
[2024-03-29 01:26:30] local.DEBUG: -----start-----  
[2024-03-29 01:26:30] local.DEBUG: fnc=down recom_id=14  
[2024-03-29 01:26:30] local.DEBUG: ---------start----------  
[2024-03-29 01:26:30] local.DEBUG: sort_chg id=14-down  
[2024-03-29 01:28:07] local.DEBUG: -----start-----  
[2024-03-29 01:28:07] local.DEBUG: fnc=down recom_id=14  
[2024-03-29 01:28:07] local.DEBUG: ---------start----------  
[2024-03-29 01:28:07] local.DEBUG: sort_chg id=14-down  
[2024-03-29 01:28:07] local.DEBUG: failure  
[2024-03-29 01:28:09] local.DEBUG: -----start-----  
[2024-03-29 01:28:09] local.DEBUG: fnc=up recom_id=14  
[2024-03-29 01:28:09] local.DEBUG: ---------start----------  
[2024-03-29 01:28:09] local.DEBUG: sort_chg id=14-up  
[2024-03-29 01:28:09] local.DEBUG: failure  
[2024-03-29 01:28:32] local.DEBUG: -----start-----  
[2024-03-29 01:28:32] local.DEBUG: fnc=down recom_id=14  
[2024-03-29 01:28:32] local.DEBUG: ---------start----------  
[2024-03-29 01:28:32] local.DEBUG: sort_chg id=14-down  
[2024-03-29 01:28:34] local.DEBUG: -----start-----  
[2024-03-29 01:28:34] local.DEBUG: fnc=down recom_id=13  
[2024-03-29 01:28:34] local.DEBUG: ---------start----------  
[2024-03-29 01:28:34] local.DEBUG: sort_chg id=13-down  
[2024-03-29 01:28:53] local.DEBUG: -----start-----  
[2024-03-29 01:28:53] local.DEBUG: fnc=down recom_id=13  
[2024-03-29 01:28:53] local.DEBUG: ---------start----------  
[2024-03-29 01:28:53] local.DEBUG: sort_chg id=13-down  
[2024-03-29 01:28:55] local.DEBUG: -----start-----  
[2024-03-29 01:28:55] local.DEBUG: fnc=down recom_id=14  
[2024-03-29 01:28:55] local.DEBUG: ---------start----------  
[2024-03-29 01:28:55] local.DEBUG: sort_chg id=14-down  
[2024-03-29 01:29:01] local.DEBUG: -----start-----  
[2024-03-29 01:29:01] local.DEBUG: fnc=down recom_id=14  
[2024-03-29 01:29:01] local.DEBUG: ---------start----------  
[2024-03-29 01:29:01] local.DEBUG: sort_chg id=14-down  
[2024-03-29 01:29:04] local.DEBUG: -----start-----  
[2024-03-29 01:29:04] local.DEBUG: fnc=up recom_id=14  
[2024-03-29 01:29:04] local.DEBUG: ---------start----------  
[2024-03-29 01:29:04] local.DEBUG: sort_chg id=14-up  
[2024-03-29 01:29:04] local.DEBUG: failure  
[2024-03-29 01:29:08] local.DEBUG: -----start-----  
[2024-03-29 01:29:08] local.DEBUG: fnc=up recom_id=14  
[2024-03-29 01:29:08] local.DEBUG: ---------start----------  
[2024-03-29 01:29:08] local.DEBUG: sort_chg id=14-up  
[2024-03-29 01:29:08] local.DEBUG: failure  
[2024-03-29 01:29:09] local.DEBUG: -----start-----  
[2024-03-29 01:29:09] local.DEBUG: fnc=up recom_id=13  
[2024-03-29 01:29:09] local.DEBUG: ---------start----------  
[2024-03-29 01:29:09] local.DEBUG: sort_chg id=13-up  
[2024-03-29 01:29:09] local.DEBUG: failure  
[2024-03-29 01:29:11] local.DEBUG: -----start-----  
[2024-03-29 01:29:11] local.DEBUG: fnc=up recom_id=5  
[2024-03-29 01:29:11] local.DEBUG: ---------start----------  
[2024-03-29 01:29:11] local.DEBUG: sort_chg id=5-up  
[2024-03-29 01:29:12] local.DEBUG: -----start-----  
[2024-03-29 01:29:12] local.DEBUG: fnc=down recom_id=5  
[2024-03-29 01:29:12] local.DEBUG: ---------start----------  
[2024-03-29 01:29:12] local.DEBUG: sort_chg id=5-down  
[2024-03-29 01:29:44] local.DEBUG: -----start-----  
[2024-03-29 01:29:44] local.DEBUG: fnc=up recom_id=5  
[2024-03-29 01:29:44] local.DEBUG: ---------start----------  
[2024-03-29 01:29:44] local.DEBUG: sort_chg id=5-up  
[2024-03-29 01:29:45] local.DEBUG: -----start-----  
[2024-03-29 01:29:45] local.DEBUG: fnc=up recom_id=5  
[2024-03-29 01:29:45] local.DEBUG: ---------start----------  
[2024-03-29 01:29:45] local.DEBUG: sort_chg id=5-up  
[2024-03-29 01:29:49] local.DEBUG: -----start-----  
[2024-03-29 01:29:49] local.DEBUG: fnc=up recom_id=13  
[2024-03-29 01:29:49] local.DEBUG: ---------start----------  
[2024-03-29 01:29:49] local.DEBUG: sort_chg id=13-up  
[2024-03-29 01:29:49] local.DEBUG: failure  
[2024-03-29 01:30:04] local.DEBUG: -----start-----  
[2024-03-29 01:30:04] local.DEBUG: fnc=up recom_id=5  
[2024-03-29 01:30:04] local.DEBUG: ---------start----------  
[2024-03-29 01:30:04] local.DEBUG: sort_chg id=5-up  
[2024-03-29 01:30:04] local.DEBUG: failure  
[2024-03-29 01:30:11] local.DEBUG: -----start-----  
[2024-03-29 01:30:11] local.DEBUG: fnc=up recom_id=13  
[2024-03-29 01:30:11] local.DEBUG: ---------start----------  
[2024-03-29 01:30:11] local.DEBUG: sort_chg id=13-up  
[2024-03-29 01:30:11] local.DEBUG: failure  
[2024-03-29 01:30:12] local.DEBUG: -----start-----  
[2024-03-29 01:30:12] local.DEBUG: fnc=up recom_id=14  
[2024-03-29 01:30:12] local.DEBUG: ---------start----------  
[2024-03-29 01:30:12] local.DEBUG: sort_chg id=14-up  
[2024-03-29 01:30:12] local.DEBUG: failure  
[2024-03-29 01:30:13] local.DEBUG: -----start-----  
[2024-03-29 01:30:13] local.DEBUG: fnc=down recom_id=5  
[2024-03-29 01:30:13] local.DEBUG: ---------start----------  
[2024-03-29 01:30:13] local.DEBUG: sort_chg id=5-down  
[2024-03-29 01:30:13] local.DEBUG: failure  
[2024-03-29 01:30:15] local.DEBUG: -----start-----  
[2024-03-29 01:30:15] local.DEBUG: fnc=down recom_id=14  
[2024-03-29 01:30:15] local.DEBUG: ---------start----------  
[2024-03-29 01:30:15] local.DEBUG: sort_chg id=14-down  
[2024-03-29 01:30:15] local.DEBUG: failure  
[2024-03-29 01:30:28] local.DEBUG: -----start-----  
[2024-03-29 01:30:28] local.DEBUG: fnc=up recom_id=5  
[2024-03-29 01:30:28] local.DEBUG: ---------start----------  
[2024-03-29 01:30:28] local.DEBUG: sort_chg id=5-up  
[2024-03-29 01:30:30] local.DEBUG: -----start-----  
[2024-03-29 01:30:30] local.DEBUG: fnc=down recom_id=14  
[2024-03-29 01:30:30] local.DEBUG: ---------start----------  
[2024-03-29 01:30:30] local.DEBUG: sort_chg id=14-down  
[2024-03-29 01:30:56] local.DEBUG: -----start-----  
[2024-03-29 01:30:56] local.DEBUG: fnc=up recom_id=5  
[2024-03-29 01:30:56] local.DEBUG: ---------start----------  
[2024-03-29 01:30:56] local.DEBUG: sort_chg id=5-up  
[2024-03-29 01:30:58] local.DEBUG: -----start-----  
[2024-03-29 01:30:58] local.DEBUG: fnc=down recom_id=5  
[2024-03-29 01:30:58] local.DEBUG: ---------start----------  
[2024-03-29 01:30:58] local.DEBUG: sort_chg id=5-down  
[2024-03-29 01:30:58] local.DEBUG: success  
[2024-03-29 01:30:59] local.DEBUG: -----start-----  
[2024-03-29 01:30:59] local.DEBUG: fnc=down recom_id=14  
[2024-03-29 01:30:59] local.DEBUG: ---------start----------  
[2024-03-29 01:30:59] local.DEBUG: sort_chg id=14-down  
[2024-03-29 01:31:00] local.DEBUG: -----start-----  
[2024-03-29 01:31:00] local.DEBUG: fnc=up recom_id=14  
[2024-03-29 01:31:00] local.DEBUG: ---------start----------  
[2024-03-29 01:31:00] local.DEBUG: sort_chg id=14-up  
[2024-03-29 01:31:00] local.DEBUG: success  
[2024-03-29 01:31:01] local.DEBUG: -----start-----  
[2024-03-29 01:31:01] local.DEBUG: fnc=down recom_id=13  
[2024-03-29 01:31:01] local.DEBUG: ---------start----------  
[2024-03-29 01:31:01] local.DEBUG: sort_chg id=13-down  
[2024-03-29 01:31:01] local.DEBUG: success  
[2024-03-29 01:31:01] local.DEBUG: -----start-----  
[2024-03-29 01:31:01] local.DEBUG: fnc=up recom_id=13  
[2024-03-29 01:31:01] local.DEBUG: ---------start----------  
[2024-03-29 01:31:01] local.DEBUG: sort_chg id=13-up  
[2024-03-29 01:31:01] local.DEBUG: success  
[2024-03-29 01:31:32] local.DEBUG: -----start-----  
[2024-03-29 01:31:32] local.DEBUG: fnc=up recom_id=5  
[2024-03-29 01:31:32] local.DEBUG: ---------start----------  
[2024-03-29 01:31:32] local.DEBUG: sort_chg id=5-up  
[2024-03-29 01:31:33] local.DEBUG: -----start-----  
[2024-03-29 01:31:33] local.DEBUG: fnc=up recom_id=13  
[2024-03-29 01:31:33] local.DEBUG: ---------start----------  
[2024-03-29 01:31:33] local.DEBUG: sort_chg id=13-up  
[2024-03-29 01:31:37] local.DEBUG: -----start-----  
[2024-03-29 01:31:37] local.DEBUG: fnc=up recom_id=14  
[2024-03-29 01:31:37] local.DEBUG: ---------start----------  
[2024-03-29 01:31:37] local.DEBUG: sort_chg id=14-up  
[2024-03-29 01:31:40] local.DEBUG: -----start-----  
[2024-03-29 01:31:40] local.DEBUG: fnc=down recom_id=5  
[2024-03-29 01:31:40] local.DEBUG: ---------start----------  
[2024-03-29 01:31:40] local.DEBUG: sort_chg id=5-down  
[2024-03-29 01:31:43] local.DEBUG: -----start-----  
[2024-03-29 01:31:43] local.DEBUG: fnc=down recom_id=13  
[2024-03-29 01:31:43] local.DEBUG: ---------start----------  
[2024-03-29 01:31:43] local.DEBUG: sort_chg id=13-down  
[2024-03-29 01:31:45] local.DEBUG: -----start-----  
[2024-03-29 01:31:45] local.DEBUG: fnc=down recom_id=14  
[2024-03-29 01:31:45] local.DEBUG: ---------start----------  
[2024-03-29 01:31:45] local.DEBUG: sort_chg id=14-down  
[2024-03-29 01:42:00] local.DEBUG: -----start-----  
[2024-03-29 01:42:00] local.DEBUG: fnc=up recom_id=13  
[2024-03-29 01:42:00] local.DEBUG: ---------start----------  
[2024-03-29 01:42:00] local.DEBUG: sort_chg id=13-up  
[2024-03-29 01:42:00] local.DEBUG: success  
[2024-03-29 01:42:09] local.DEBUG: -----start-----  
[2024-03-29 01:42:09] local.DEBUG: fnc=up recom_id=13  
[2024-03-29 01:42:09] local.DEBUG: ---------start----------  
[2024-03-29 01:42:09] local.DEBUG: sort_chg id=13-up  
[2024-03-29 01:42:09] local.DEBUG: success  
[2024-03-29 01:42:12] local.DEBUG: -----start-----  
[2024-03-29 01:42:12] local.DEBUG: fnc=down recom_id=13  
[2024-03-29 01:42:12] local.DEBUG: ---------start----------  
[2024-03-29 01:42:12] local.DEBUG: sort_chg id=13-down  
[2024-03-29 01:42:12] local.DEBUG: success  
[2024-03-29 01:43:09] local.DEBUG: -----start-----  
[2024-03-29 01:43:09] local.DEBUG: fnc=up recom_id=5  
[2024-03-29 01:43:09] local.DEBUG: ---------start----------  
[2024-03-29 01:43:09] local.DEBUG: sort_chg id=5-up  
[2024-03-29 01:43:09] local.DEBUG: success  
[2024-03-29 01:43:15] local.DEBUG: -----start-----  
[2024-03-29 01:43:15] local.DEBUG: fnc=up recom_id=5  
[2024-03-29 01:43:15] local.DEBUG: ---------start----------  
[2024-03-29 01:43:15] local.DEBUG: sort_chg id=5-up  
[2024-03-29 01:43:15] local.DEBUG: success  
[2024-03-29 01:43:49] local.DEBUG: -----start-----  
[2024-03-29 01:43:49] local.DEBUG: fnc=up recom_id=5  
[2024-03-29 01:43:49] local.DEBUG: ---------start----------  
[2024-03-29 01:43:49] local.DEBUG: sort_chg id=5-up  
[2024-03-29 01:44:24] local.DEBUG: -----start-----  
[2024-03-29 01:44:24] local.DEBUG: fnc=up recom_id=5  
[2024-03-29 01:44:24] local.DEBUG: ---------start----------  
[2024-03-29 01:44:24] local.DEBUG: sort_chg id=5-up  
[2024-03-29 01:46:37] local.DEBUG: -----start-----  
[2024-03-29 01:46:37] local.DEBUG: fnc=down recom_id=14  
[2024-03-29 01:46:37] local.DEBUG: ---------start----------  
[2024-03-29 01:46:37] local.DEBUG: sort_chg id=14-down  
[2024-03-29 01:46:39] local.DEBUG: -----start-----  
[2024-03-29 01:46:39] local.DEBUG: fnc=up recom_id=14  
[2024-03-29 01:46:39] local.DEBUG: ---------start----------  
[2024-03-29 01:46:39] local.DEBUG: sort_chg id=14-up  
[2024-03-29 01:47:10] local.DEBUG: -----start-----  
[2024-03-29 01:47:10] local.DEBUG: fnc=down recom_id=6  
[2024-03-29 01:47:10] local.DEBUG: ---------start----------  
[2024-03-29 01:47:10] local.DEBUG: sort_chg id=6-down  
[2024-03-29 01:47:28] local.DEBUG: -----start-----  
[2024-03-29 01:47:28] local.DEBUG: fnc=down recom_id=10  
[2024-03-29 01:47:28] local.DEBUG: ---------start----------  
[2024-03-29 01:47:28] local.DEBUG: sort_chg id=10-down  
[2024-03-29 01:48:29] local.DEBUG: -----start-----  
[2024-03-29 01:48:29] local.DEBUG: fnc=down recom_id=14  
[2024-03-29 01:48:29] local.DEBUG: ---------start----------  
[2024-03-29 01:48:29] local.DEBUG: sort_chg id=14-down  
[2024-03-29 01:48:32] local.DEBUG: -----start-----  
[2024-03-29 01:48:32] local.DEBUG: fnc=up recom_id=14  
[2024-03-29 01:48:32] local.DEBUG: ---------start----------  
[2024-03-29 01:48:32] local.DEBUG: sort_chg id=14-up  
[2024-03-29 01:55:39] local.DEBUG: -----start-----  
[2024-03-29 01:55:39] local.DEBUG: fnc=up recom_id=5  
[2024-03-29 01:55:39] local.DEBUG: ---------start----------  
[2024-03-29 01:55:39] local.DEBUG: sort_chg id=5-up  
[2024-03-29 01:55:42] local.DEBUG: -----start-----  
[2024-03-29 01:55:42] local.DEBUG: fnc=down recom_id=5  
[2024-03-29 01:55:42] local.DEBUG: ---------start----------  
[2024-03-29 01:55:42] local.DEBUG: sort_chg id=5-down  
[2024-03-29 01:55:52] local.DEBUG: -----start-----  
[2024-03-29 01:55:52] local.DEBUG: fnc=down recom_id=13  
[2024-03-29 01:55:52] local.DEBUG: ---------start----------  
[2024-03-29 01:55:52] local.DEBUG: sort_chg id=13-down  
[2024-03-29 01:55:54] local.DEBUG: -----start-----  
[2024-03-29 01:55:54] local.DEBUG: fnc=up recom_id=13  
[2024-03-29 01:55:54] local.DEBUG: ---------start----------  
[2024-03-29 01:55:54] local.DEBUG: sort_chg id=13-up  
[2024-03-29 01:56:17] local.DEBUG: -----start-----  
[2024-03-29 01:56:17] local.DEBUG: fnc=down recom_id=5  
[2024-03-29 01:56:17] local.DEBUG: ---------start----------  
[2024-03-29 01:56:17] local.DEBUG: sort_chg id=5-down  
[2024-03-29 01:56:49] local.DEBUG: -----start-----  
[2024-03-29 01:56:49] local.DEBUG: fnc=down recom_id=5  
[2024-03-29 01:56:49] local.DEBUG: ---------start----------  
[2024-03-29 01:56:49] local.DEBUG: sort_chg id=5-down  
[2024-03-29 01:57:04] local.DEBUG: -----start-----  
[2024-03-29 01:57:04] local.DEBUG: fnc=down recom_id=5  
[2024-03-29 01:57:04] local.DEBUG: ---------start----------  
[2024-03-29 01:57:04] local.DEBUG: sort_chg id=5-down  
[2024-03-29 01:57:39] local.DEBUG: -----start-----  
[2024-03-29 01:57:39] local.DEBUG: fnc=down recom_id=5  
[2024-03-29 01:57:39] local.DEBUG: ---------start----------  
[2024-03-29 01:57:39] local.DEBUG: sort_chg id=5-down  
[2024-03-29 01:57:52] local.DEBUG: -----start-----  
[2024-03-29 01:57:52] local.DEBUG: fnc=down recom_id=5  
[2024-03-29 01:57:52] local.DEBUG: ---------start----------  
[2024-03-29 01:57:52] local.DEBUG: sort_chg id=5-down  
[2024-03-29 01:58:02] local.DEBUG: -----start-----  
[2024-03-29 01:58:02] local.DEBUG: fnc=down recom_id=5  
[2024-03-29 01:58:02] local.DEBUG: ---------start----------  
[2024-03-29 01:58:02] local.DEBUG: sort_chg id=5-down  
[2024-03-29 01:58:02] local.DEBUG: success  
[2024-03-29 01:58:53] local.DEBUG: -----start-----  
[2024-03-29 01:58:53] local.DEBUG: fnc=down recom_id=5  
[2024-03-29 01:58:53] local.DEBUG: ---------start----------  
[2024-03-29 01:58:53] local.DEBUG: sort_chg id=5-down  
[2024-03-29 01:59:36] local.DEBUG: -----start-----  
[2024-03-29 01:59:36] local.DEBUG: fnc=down recom_id=5  
[2024-03-29 01:59:36] local.DEBUG: ---------start----------  
[2024-03-29 01:59:36] local.DEBUG: sort_chg id=5-down  
[2024-03-29 01:59:36] local.DEBUG: success  
[2024-03-29 01:59:40] local.DEBUG: -----start-----  
[2024-03-29 01:59:40] local.DEBUG: fnc=down recom_id=5  
[2024-03-29 01:59:40] local.DEBUG: ---------start----------  
[2024-03-29 01:59:40] local.DEBUG: sort_chg id=5-down  
[2024-03-29 01:59:40] local.DEBUG: success  
[2024-03-29 01:59:41] local.DEBUG: -----start-----  
[2024-03-29 01:59:41] local.DEBUG: fnc=up recom_id=14  
[2024-03-29 01:59:41] local.DEBUG: ---------start----------  
[2024-03-29 01:59:41] local.DEBUG: sort_chg id=14-up  
[2024-03-29 01:59:41] local.DEBUG: success  
[2024-03-29 01:59:51] local.DEBUG: -----start-----  
[2024-03-29 01:59:51] local.DEBUG: fnc=up recom_id=13  
[2024-03-29 01:59:51] local.DEBUG: ---------start----------  
[2024-03-29 01:59:51] local.DEBUG: sort_chg id=13-up  
[2024-03-29 01:59:51] local.DEBUG: success  
[2024-03-29 01:59:54] local.DEBUG: -----start-----  
[2024-03-29 01:59:54] local.DEBUG: fnc=up recom_id=14  
[2024-03-29 01:59:54] local.DEBUG: ---------start----------  
[2024-03-29 01:59:54] local.DEBUG: sort_chg id=14-up  
[2024-03-29 01:59:54] local.DEBUG: success  
[2024-03-29 01:59:56] local.DEBUG: -----start-----  
[2024-03-29 01:59:56] local.DEBUG: fnc=up recom_id=5  
[2024-03-29 01:59:56] local.DEBUG: ---------start----------  
[2024-03-29 01:59:56] local.DEBUG: sort_chg id=5-up  
[2024-03-29 01:59:56] local.DEBUG: success  
[2024-03-29 01:59:58] local.DEBUG: -----start-----  
[2024-03-29 01:59:58] local.DEBUG: fnc=down recom_id=13  
[2024-03-29 01:59:58] local.DEBUG: ---------start----------  
[2024-03-29 01:59:58] local.DEBUG: sort_chg id=13-down  
[2024-03-29 02:00:01] local.DEBUG: -----start-----  
[2024-03-29 02:00:01] local.DEBUG: fnc=up recom_id=14  
[2024-03-29 02:00:01] local.DEBUG: ---------start----------  
[2024-03-29 02:00:01] local.DEBUG: sort_chg id=14-up  
[2024-03-29 02:00:02] local.DEBUG: -----start-----  
[2024-03-29 02:00:02] local.DEBUG: fnc=down recom_id=14  
[2024-03-29 02:00:02] local.DEBUG: ---------start----------  
[2024-03-29 02:00:02] local.DEBUG: sort_chg id=14-down  
[2024-03-29 02:00:02] local.DEBUG: success  
[2024-03-29 02:00:03] local.DEBUG: -----start-----  
[2024-03-29 02:00:03] local.DEBUG: fnc=down recom_id=14  
[2024-03-29 02:00:03] local.DEBUG: ---------start----------  
[2024-03-29 02:00:03] local.DEBUG: sort_chg id=14-down  
[2024-03-29 02:00:03] local.DEBUG: success  
[2024-03-29 02:00:04] local.DEBUG: -----start-----  
[2024-03-29 02:00:04] local.DEBUG: fnc=down recom_id=5  
[2024-03-29 02:00:04] local.DEBUG: ---------start----------  
[2024-03-29 02:00:04] local.DEBUG: sort_chg id=5-down  
[2024-03-29 02:00:04] local.DEBUG: success  
[2024-03-29 02:00:05] local.DEBUG: -----start-----  
[2024-03-29 02:00:05] local.DEBUG: fnc=down recom_id=5  
[2024-03-29 02:00:05] local.DEBUG: ---------start----------  
[2024-03-29 02:00:05] local.DEBUG: sort_chg id=5-down  
[2024-03-29 02:00:05] local.DEBUG: success  
[2024-03-29 02:00:06] local.DEBUG: -----start-----  
[2024-03-29 02:00:06] local.DEBUG: fnc=down recom_id=5  
[2024-03-29 02:00:06] local.DEBUG: ---------start----------  
[2024-03-29 02:00:06] local.DEBUG: sort_chg id=5-down  
[2024-03-29 02:00:08] local.DEBUG: -----start-----  
[2024-03-29 02:00:08] local.DEBUG: fnc=up recom_id=5  
[2024-03-29 02:00:08] local.DEBUG: ---------start----------  
[2024-03-29 02:00:08] local.DEBUG: sort_chg id=5-up  
[2024-03-29 02:00:08] local.DEBUG: success  
[2024-03-29 02:00:08] local.DEBUG: -----start-----  
[2024-03-29 02:00:08] local.DEBUG: fnc=up recom_id=5  
[2024-03-29 02:00:08] local.DEBUG: ---------start----------  
[2024-03-29 02:00:08] local.DEBUG: sort_chg id=5-up  
[2024-03-29 02:00:08] local.DEBUG: success  
[2024-03-29 02:00:11] local.DEBUG: -----start-----  
[2024-03-29 02:00:11] local.DEBUG: fnc=up recom_id=14  
[2024-03-29 02:00:11] local.DEBUG: ---------start----------  
[2024-03-29 02:00:11] local.DEBUG: sort_chg id=14-up  
[2024-03-29 02:00:11] local.DEBUG: success  
[2024-03-29 02:00:12] local.DEBUG: -----start-----  
[2024-03-29 02:00:12] local.DEBUG: fnc=down recom_id=14  
[2024-03-29 02:00:12] local.DEBUG: ---------start----------  
[2024-03-29 02:00:12] local.DEBUG: sort_chg id=14-down  
[2024-03-29 02:00:12] local.DEBUG: success  
[2024-03-29 02:00:15] local.DEBUG: -----start-----  
[2024-03-29 02:00:15] local.DEBUG: fnc=down recom_id=5  
[2024-03-29 02:00:15] local.DEBUG: ---------start----------  
[2024-03-29 02:00:15] local.DEBUG: sort_chg id=5-down  
[2024-03-29 02:00:15] local.DEBUG: success  
[2024-03-29 02:00:16] local.DEBUG: -----start-----  
[2024-03-29 02:00:16] local.DEBUG: fnc=up recom_id=13  
[2024-03-29 02:00:16] local.DEBUG: ---------start----------  
[2024-03-29 02:00:16] local.DEBUG: sort_chg id=13-up  
[2024-03-29 02:00:19] local.DEBUG: -----start-----  
[2024-03-29 02:00:19] local.DEBUG: fnc=down recom_id=13  
[2024-03-29 02:00:19] local.DEBUG: ---------start----------  
[2024-03-29 02:00:19] local.DEBUG: sort_chg id=13-down  
[2024-03-29 02:00:19] local.DEBUG: success  
[2024-03-29 02:00:20] local.DEBUG: -----start-----  
[2024-03-29 02:00:20] local.DEBUG: fnc=down recom_id=5  
[2024-03-29 02:00:20] local.DEBUG: ---------start----------  
[2024-03-29 02:00:20] local.DEBUG: sort_chg id=5-down  
[2024-03-29 02:00:20] local.DEBUG: success  
[2024-03-29 02:00:21] local.DEBUG: -----start-----  
[2024-03-29 02:00:21] local.DEBUG: fnc=down recom_id=13  
[2024-03-29 02:00:21] local.DEBUG: ---------start----------  
[2024-03-29 02:00:21] local.DEBUG: sort_chg id=13-down  
[2024-03-29 02:00:21] local.DEBUG: success  
[2024-03-29 02:00:21] local.DEBUG: -----start-----  
[2024-03-29 02:00:21] local.DEBUG: fnc=down recom_id=5  
[2024-03-29 02:00:21] local.DEBUG: ---------start----------  
[2024-03-29 02:00:21] local.DEBUG: sort_chg id=5-down  
[2024-03-29 02:00:21] local.DEBUG: success  
[2024-03-29 02:00:22] local.DEBUG: -----start-----  
[2024-03-29 02:00:22] local.DEBUG: fnc=down recom_id=13  
[2024-03-29 02:00:22] local.DEBUG: ---------start----------  
[2024-03-29 02:00:22] local.DEBUG: sort_chg id=13-down  
[2024-03-29 02:00:22] local.DEBUG: success  
[2024-03-29 02:01:24] local.DEBUG: -----start-----  
[2024-03-29 02:01:24] local.DEBUG: fnc=down recom_id=5  
[2024-03-29 02:01:24] local.DEBUG: ---------start----------  
[2024-03-29 02:01:24] local.DEBUG: sort_chg id=5-down  
[2024-03-29 02:01:24] local.DEBUG: success  
[2024-03-29 02:01:26] local.DEBUG: -----start-----  
[2024-03-29 02:01:26] local.DEBUG: fnc=up recom_id=13  
[2024-03-29 02:01:26] local.DEBUG: ---------start----------  
[2024-03-29 02:01:26] local.DEBUG: sort_chg id=13-up  
[2024-03-29 02:01:27] local.DEBUG: -----start-----  
[2024-03-29 02:01:27] local.DEBUG: fnc=down recom_id=13  
[2024-03-29 02:01:27] local.DEBUG: ---------start----------  
[2024-03-29 02:01:27] local.DEBUG: sort_chg id=13-down  
[2024-03-29 02:01:27] local.DEBUG: success  
[2024-03-29 02:01:37] local.DEBUG: -----start-----  
[2024-03-29 02:01:37] local.DEBUG: fnc=down recom_id=13  
[2024-03-29 02:01:37] local.DEBUG: ---------start----------  
[2024-03-29 02:01:37] local.DEBUG: sort_chg id=13-down  
[2024-03-29 02:01:37] local.DEBUG: success  
[2024-03-29 02:01:38] local.DEBUG: -----start-----  
[2024-03-29 02:01:38] local.DEBUG: fnc=down recom_id=14  
[2024-03-29 02:01:38] local.DEBUG: ---------start----------  
[2024-03-29 02:01:38] local.DEBUG: sort_chg id=14-down  
[2024-03-29 02:01:38] local.DEBUG: success  
[2024-03-29 02:01:39] local.DEBUG: -----start-----  
[2024-03-29 02:01:39] local.DEBUG: fnc=down recom_id=13  
[2024-03-29 02:01:39] local.DEBUG: ---------start----------  
[2024-03-29 02:01:39] local.DEBUG: sort_chg id=13-down  
[2024-03-29 02:01:39] local.DEBUG: success  
[2024-03-29 02:01:40] local.DEBUG: -----start-----  
[2024-03-29 02:01:40] local.DEBUG: fnc=down recom_id=14  
[2024-03-29 02:01:40] local.DEBUG: ---------start----------  
[2024-03-29 02:01:40] local.DEBUG: sort_chg id=14-down  
[2024-03-29 02:01:40] local.DEBUG: success  
[2024-03-29 02:04:55] local.DEBUG: -----start-----  
[2024-03-29 02:04:55] local.DEBUG: fnc=down recom_id=5  
[2024-03-29 02:04:55] local.DEBUG: ---------start----------  
[2024-03-29 02:04:55] local.DEBUG: sort_chg id=5-down  
[2024-03-29 02:04:55] local.DEBUG: success  
[2024-03-29 02:04:57] local.DEBUG: -----start-----  
[2024-03-29 02:04:57] local.DEBUG: fnc=down recom_id=13  
[2024-03-29 02:04:57] local.DEBUG: ---------start----------  
[2024-03-29 02:04:57] local.DEBUG: sort_chg id=13-down  
[2024-03-29 02:04:57] local.DEBUG: success  
[2024-03-29 02:10:00] local.DEBUG: -----start-----  
[2024-03-29 02:10:00] local.DEBUG: fnc=down recom_id=18  
[2024-03-29 02:10:00] local.DEBUG: ---------start----------  
[2024-03-29 02:10:00] local.DEBUG: sort_chg id=18-down  
[2024-03-29 02:10:02] local.DEBUG: -----start-----  
[2024-03-29 02:10:02] local.DEBUG: fnc=up recom_id=18  
[2024-03-29 02:10:02] local.DEBUG: ---------start----------  
[2024-03-29 02:10:02] local.DEBUG: sort_chg id=18-up  
[2024-03-29 02:10:02] local.DEBUG: success  
[2024-03-29 02:10:04] local.DEBUG: -----start-----  
[2024-03-29 02:10:04] local.DEBUG: fnc=up recom_id=17  
[2024-03-29 02:10:04] local.DEBUG: ---------start----------  
[2024-03-29 02:10:04] local.DEBUG: sort_chg id=17-up  
[2024-03-29 02:10:04] local.DEBUG: success  
[2024-03-29 02:10:05] local.DEBUG: -----start-----  
[2024-03-29 02:10:05] local.DEBUG: fnc=up recom_id=18  
[2024-03-29 02:10:05] local.DEBUG: ---------start----------  
[2024-03-29 02:10:05] local.DEBUG: sort_chg id=18-up  
[2024-03-29 02:10:05] local.DEBUG: success  
[2024-03-29 02:10:06] local.DEBUG: -----start-----  
[2024-03-29 02:10:06] local.DEBUG: fnc=up recom_id=17  
[2024-03-29 02:10:06] local.DEBUG: ---------start----------  
[2024-03-29 02:10:06] local.DEBUG: sort_chg id=17-up  
[2024-03-29 02:10:06] local.DEBUG: success  
[2024-03-29 02:10:08] local.DEBUG: -----start-----  
[2024-03-29 02:10:08] local.DEBUG: fnc=up recom_id=18  
[2024-03-29 02:10:08] local.DEBUG: ---------start----------  
[2024-03-29 02:10:08] local.DEBUG: sort_chg id=18-up  
[2024-03-29 02:10:08] local.DEBUG: success  
[2024-03-29 02:10:09] local.DEBUG: -----start-----  
[2024-03-29 02:10:09] local.DEBUG: fnc=up recom_id=17  
[2024-03-29 02:10:09] local.DEBUG: ---------start----------  
[2024-03-29 02:10:09] local.DEBUG: sort_chg id=17-up  
[2024-03-29 02:10:09] local.DEBUG: success  
[2024-03-29 02:10:11] local.DEBUG: -----start-----  
[2024-03-29 02:10:11] local.DEBUG: fnc=up recom_id=18  
[2024-03-29 02:10:11] local.DEBUG: ---------start----------  
[2024-03-29 02:10:11] local.DEBUG: sort_chg id=18-up  
[2024-03-29 02:10:11] local.DEBUG: success  
[2024-03-29 02:10:12] local.DEBUG: -----start-----  
[2024-03-29 02:10:12] local.DEBUG: fnc=up recom_id=17  
[2024-03-29 02:10:12] local.DEBUG: ---------start----------  
[2024-03-29 02:10:12] local.DEBUG: sort_chg id=17-up  
[2024-03-29 02:10:12] local.DEBUG: success  
[2024-03-29 02:11:57] local.DEBUG: -----start-----  
[2024-03-29 02:11:57] local.DEBUG: fnc=down recom_id=18  
[2024-03-29 02:11:57] local.DEBUG: ---------start----------  
[2024-03-29 02:11:57] local.DEBUG: sort_chg id=18-down  
[2024-03-29 02:12:28] local.DEBUG: -----start-----  
[2024-03-29 02:12:28] local.DEBUG: fnc=up recom_id=18  
[2024-03-29 02:12:28] local.DEBUG: ---------start----------  
[2024-03-29 02:12:28] local.DEBUG: sort_chg id=18-up  
[2024-03-29 02:12:28] local.DEBUG: success  
[2024-03-29 02:12:40] local.DEBUG: -----start-----  
[2024-03-29 02:12:40] local.DEBUG: fnc=up recom_id=17  
[2024-03-29 02:12:40] local.DEBUG: ---------start----------  
[2024-03-29 02:12:40] local.DEBUG: sort_chg id=17-up  
[2024-03-29 02:12:40] local.DEBUG: success  
[2024-03-29 20:06:35] local.DEBUG: -----start-----  
[2024-03-29 20:06:35] local.DEBUG: fnc=down recom_id=5  
[2024-03-29 20:06:35] local.DEBUG: ---------start----------  
[2024-03-29 20:06:35] local.DEBUG: sort_chg id=5-down  
[2024-03-29 20:06:35] local.DEBUG: success  
[2024-03-29 20:06:38] local.DEBUG: -----start-----  
[2024-03-29 20:06:38] local.DEBUG: fnc=down recom_id=13  
[2024-03-29 20:06:38] local.DEBUG: ---------start----------  
[2024-03-29 20:06:38] local.DEBUG: sort_chg id=13-down  
[2024-03-29 20:06:38] local.DEBUG: success  
[2024-03-29 20:06:41] local.DEBUG: -----start-----  
[2024-03-29 20:06:41] local.DEBUG: fnc=up recom_id=5  
[2024-03-29 20:06:41] local.DEBUG: ---------start----------  
[2024-03-29 20:06:41] local.DEBUG: sort_chg id=5-up  
[2024-03-29 20:07:04] local.DEBUG: -----start-----  
[2024-03-29 20:07:04] local.DEBUG: fnc=down recom_id=5  
[2024-03-29 20:07:04] local.DEBUG: ---------start----------  
[2024-03-29 20:07:04] local.DEBUG: sort_chg id=5-down  
[2024-03-29 20:07:04] local.DEBUG: success  
[2024-03-29 20:07:04] local.DEBUG: -----start-----  
[2024-03-29 20:07:04] local.DEBUG: fnc=down recom_id=13  
[2024-03-29 20:07:04] local.DEBUG: ---------start----------  
[2024-03-29 20:07:04] local.DEBUG: sort_chg id=13-down  
[2024-03-29 20:07:04] local.DEBUG: success  
[2024-03-29 20:07:07] local.DEBUG: -----start-----  
[2024-03-29 20:07:07] local.DEBUG: fnc=up recom_id=5  
[2024-03-29 20:07:07] local.DEBUG: ---------start----------  
[2024-03-29 20:07:07] local.DEBUG: sort_chg id=5-up  
[2024-03-29 20:37:21] local.DEBUG: -----start-----  
[2024-03-29 20:37:21] local.DEBUG: fnc=down recom_id=5  
[2024-03-29 20:37:21] local.DEBUG: ---------start----------  
[2024-03-29 20:37:21] local.DEBUG: sort_chg id=5-down  
[2024-03-29 20:37:21] local.DEBUG: success  
[2024-03-29 20:37:22] local.DEBUG: -----start-----  
[2024-03-29 20:37:22] local.DEBUG: fnc=up recom_id=13  
[2024-03-29 20:37:22] local.DEBUG: ---------start----------  
[2024-03-29 20:37:22] local.DEBUG: sort_chg id=13-up  
[2024-03-29 20:37:25] local.DEBUG: -----start-----  
[2024-03-29 20:37:25] local.DEBUG: fnc=down recom_id=13  
[2024-03-29 20:37:25] local.DEBUG: ---------start----------  
[2024-03-29 20:37:25] local.DEBUG: sort_chg id=13-down  
[2024-03-29 20:37:25] local.DEBUG: success  
[2024-03-29 20:43:17] local.DEBUG: -----start-----  
[2024-03-29 20:43:17] local.DEBUG: fnc=down recom_id=5  
[2024-03-29 20:43:17] local.DEBUG: ---------start----------  
[2024-03-29 20:43:17] local.DEBUG: sort_chg id=5-down  
[2024-03-29 20:43:17] local.DEBUG: success  
[2024-03-29 20:43:18] local.DEBUG: -----start-----  
[2024-03-29 20:43:18] local.DEBUG: fnc=down recom_id=13  
[2024-03-29 20:43:18] local.DEBUG: ---------start----------  
[2024-03-29 20:43:18] local.DEBUG: sort_chg id=13-down  
[2024-03-29 20:43:18] local.DEBUG: success  
[2024-03-29 20:43:20] local.DEBUG: -----start-----  
[2024-03-29 20:43:20] local.DEBUG: fnc=down recom_id=5  
[2024-03-29 20:43:20] local.DEBUG: ---------start----------  
[2024-03-29 20:43:20] local.DEBUG: sort_chg id=5-down  
[2024-03-29 20:43:20] local.DEBUG: success  
[2024-03-29 20:43:21] local.DEBUG: -----start-----  
[2024-03-29 20:43:21] local.DEBUG: fnc=down recom_id=13  
[2024-03-29 20:43:21] local.DEBUG: ---------start----------  
[2024-03-29 20:43:21] local.DEBUG: sort_chg id=13-down  
[2024-03-29 20:43:21] local.DEBUG: success  
