[2024-03-05 23:29:40] local.DEBUG: failure  
[2024-03-05 23:29:40] local.DEBUG: obj=[{"id":118,"alb_id":null,"art_id":2,"name":"test3","release_date":"2024-03-11","link":"https:\/\/XXX","aff_id":21,"created_at":"2024-03-05 23:26:33","updated_at":"2024-03-05 23:26:33","art_name":"Official\u9aed\u7537dism","href":"https:\/\/hb.afl.rakuten.co.jp\/ichiba\/391491f7.14cbe979.391491f8.285a1313\/?pc=https%3A%2F%2Fitem.rakuten.co.jp%2Fbook%2F16174628%2F&link_type=pict&ut=eyJwYWdlIjoiaXRlbSIsInR5cGUiOiJwaWN0Iiwic2l6ZSI6IjI0MHgyNDAiLCJuYW0iOjEsIm5hbXAiOiJyaWdodCIsImNvbSI6MSwiY29tcCI6ImRvd24iLCJwcmljZSI6MCwiYm9yIjoxLCJjb2wiOjEsImJidG4iOjEsInByb2QiOjAsImFtcCI6ZmFsc2V9","src":"https:\/\/hbb.afl.rakuten.co.jp\/hgb\/391491f7.14cbe979.391491f8.285a1313\/?me_id=1213310&item_id=19887666&pc=https%3A%2F%2Fthumbnail.image.rakuten.co.jp%2F%400_mall%2Fbook%2Fcabinet%2F6029%2F4988013916029.jpg"},{"id":117,"alb_id":null,"art_id":6,"name":"test3","release_date":"2024-03-11","link":null,"aff_id":20,"created_at":"2024-03-05 23:25:29","updated_at":"2024-03-05 23:25:29","art_name":"\u58f0\u306b\u306a\u3089\u306a\u3044\u3088","href":"https:\/\/hb.afl.rakuten.co.jp\/ichiba\/391491f7.14cbe979.391491f8.285a1313\/?pc=https%3A%2F%2Fitem.rakuten.co.jp%2Fbook%2F16174628%2F&link_type=pict&ut=eyJwYWdlIjoiaXRlbSIsInR5cGUiOiJwaWN0Iiwic2l6ZSI6IjI0MHgyNDAiLCJuYW0iOjEsIm5hbXAiOiJyaWdodCIsImNvbSI6MSwiY29tcCI6ImRvd24iLCJwcmljZSI6MCwiYm9yIjoxLCJjb2wiOjEsImJidG4iOjEsInByb2QiOjAsImFtcCI6ZmFsc2V9","src":"https:\/\/hbb.afl.rakuten.co.jp\/hgb\/391491f7.14cbe979.391491f8.285a1313\/?me_id=1213310&item_id=19887666&pc=https%3A%2F%2Fthumbnail.image.rakuten.co.jp%2F%400_mall%2Fbook%2Fcabinet%2F6029%2F4988013916029.jpg"},{"id":116,"alb_id":null,"art_id":2,"name":"test7","release_date":"2024-03-03","link":null,"aff_id":16,"created_at":"2024-03-03 11:00:30","updated_at":"2024-03-03 11:00:30","art_name":"Official\u9aed\u7537dism","href":"https:\/\/hb.afl.rakuten.co.jp\/ichiba\/391491f7.14cbe979.391491f8.285a1313\/?pc=https%3A%2F%2Fitem.rakuten.co.jp%2Fbook%2F16174628%2F&link_type=pict&ut=eyJwYWdlIjoiaXRlbSIsInR5cGUiOiJwaWN0Iiwic2l6ZSI6IjI0MHgyNDAiLCJuYW0iOjEsIm5hbXAiOiJyaWdodCIsImNvbSI6MSwiY29tcCI6ImRvd24iLCJwcmljZSI6MCwiYm9yIjoxLCJjb2wiOjEsImJidG4iOjEsInByb2QiOjAsImFtcCI6ZmFsc2V9","src":"https:\/\/hbb.afl.rakuten.co.jp\/hgb\/391491f7.14cbe979.391491f8.285a1313\/?me_id=1213310&item_id=19887666&pc=https%3A%2F%2Fthumbnail.image.rakuten.co.jp%2F%400_mall%2Fbook%2Fcabinet%2F6029%2F4988013916029.jpg"},{"id":115,"alb_id":null,"art_id":6,"name":"test","release_date":"2024-02-20","link":null,"aff_id":null,"created_at":"2024-02-21 22:23:59","updated_at":"2024-02-21 22:23:59","art_name":"\u58f0\u306b\u306a\u3089\u306a\u3044\u3088"},{"id":114,"alb_id":null,"art_id":6,"name":"test","release_date":"2024-02-20","link":null,"aff_id":null,"created_at":"2024-02-21 22:20:31","updated_at":"2024-02-21 22:20:31","art_name":"\u58f0\u306b\u306a\u3089\u306a\u3044\u3088"}]  
[2024-03-05 23:29:44] local.DEBUG: failure  
[2024-03-05 23:29:44] local.DEBUG: obj=[{"id":118,"alb_id":null,"art_id":2,"name":"test3","release_date":"2024-03-11","link":"https:\/\/XXX","aff_id":21,"created_at":"2024-03-05 23:26:33","updated_at":"2024-03-05 23:26:33","art_name":"Official\u9aed\u7537dism","href":"https:\/\/hb.afl.rakuten.co.jp\/ichiba\/391491f7.14cbe979.391491f8.285a1313\/?pc=https%3A%2F%2Fitem.rakuten.co.jp%2Fbook%2F16174628%2F&link_type=pict&ut=eyJwYWdlIjoiaXRlbSIsInR5cGUiOiJwaWN0Iiwic2l6ZSI6IjI0MHgyNDAiLCJuYW0iOjEsIm5hbXAiOiJyaWdodCIsImNvbSI6MSwiY29tcCI6ImRvd24iLCJwcmljZSI6MCwiYm9yIjoxLCJjb2wiOjEsImJidG4iOjEsInByb2QiOjAsImFtcCI6ZmFsc2V9","src":"https:\/\/hbb.afl.rakuten.co.jp\/hgb\/391491f7.14cbe979.391491f8.285a1313\/?me_id=1213310&item_id=19887666&pc=https%3A%2F%2Fthumbnail.image.rakuten.co.jp%2F%400_mall%2Fbook%2Fcabinet%2F6029%2F4988013916029.jpg"},{"id":117,"alb_id":null,"art_id":6,"name":"test3","release_date":"2024-03-11","link":null,"aff_id":20,"created_at":"2024-03-05 23:25:29","updated_at":"2024-03-05 23:25:29","art_name":"\u58f0\u306b\u306a\u3089\u306a\u3044\u3088","href":"https:\/\/hb.afl.rakuten.co.jp\/ichiba\/391491f7.14cbe979.391491f8.285a1313\/?pc=https%3A%2F%2Fitem.rakuten.co.jp%2Fbook%2F16174628%2F&link_type=pict&ut=eyJwYWdlIjoiaXRlbSIsInR5cGUiOiJwaWN0Iiwic2l6ZSI6IjI0MHgyNDAiLCJuYW0iOjEsIm5hbXAiOiJyaWdodCIsImNvbSI6MSwiY29tcCI6ImRvd24iLCJwcmljZSI6MCwiYm9yIjoxLCJjb2wiOjEsImJidG4iOjEsInByb2QiOjAsImFtcCI6ZmFsc2V9","src":"https:\/\/hbb.afl.rakuten.co.jp\/hgb\/391491f7.14cbe979.391491f8.285a1313\/?me_id=1213310&item_id=19887666&pc=https%3A%2F%2Fthumbnail.image.rakuten.co.jp%2F%400_mall%2Fbook%2Fcabinet%2F6029%2F4988013916029.jpg"},{"id":116,"alb_id":null,"art_id":2,"name":"test7","release_date":"2024-03-03","link":null,"aff_id":16,"created_at":"2024-03-03 11:00:30","updated_at":"2024-03-03 11:00:30","art_name":"Official\u9aed\u7537dism","href":"https:\/\/hb.afl.rakuten.co.jp\/ichiba\/391491f7.14cbe979.391491f8.285a1313\/?pc=https%3A%2F%2Fitem.rakuten.co.jp%2Fbook%2F16174628%2F&link_type=pict&ut=eyJwYWdlIjoiaXRlbSIsInR5cGUiOiJwaWN0Iiwic2l6ZSI6IjI0MHgyNDAiLCJuYW0iOjEsIm5hbXAiOiJyaWdodCIsImNvbSI6MSwiY29tcCI6ImRvd24iLCJwcmljZSI6MCwiYm9yIjoxLCJjb2wiOjEsImJidG4iOjEsInByb2QiOjAsImFtcCI6ZmFsc2V9","src":"https:\/\/hbb.afl.rakuten.co.jp\/hgb\/391491f7.14cbe979.391491f8.285a1313\/?me_id=1213310&item_id=19887666&pc=https%3A%2F%2Fthumbnail.image.rakuten.co.jp%2F%400_mall%2Fbook%2Fcabinet%2F6029%2F4988013916029.jpg"},{"id":115,"alb_id":null,"art_id":6,"name":"test","release_date":"2024-02-20","link":null,"aff_id":null,"created_at":"2024-02-21 22:23:59","updated_at":"2024-02-21 22:23:59","art_name":"\u58f0\u306b\u306a\u3089\u306a\u3044\u3088"},{"id":114,"alb_id":null,"art_id":6,"name":"test","release_date":"2024-02-20","link":null,"aff_id":null,"created_at":"2024-02-21 22:20:31","updated_at":"2024-02-21 22:20:31","art_name":"\u58f0\u306b\u306a\u3089\u306a\u3044\u3088"}]  
[2024-03-05 23:30:02] local.DEBUG: failure  
[2024-03-05 23:30:02] local.DEBUG: obj=[{"id":118,"alb_id":null,"art_id":2,"name":"test3","release_date":"2024-03-11","link":"https:\/\/XXX","aff_id":21,"created_at":"2024-03-05 23:26:33","updated_at":"2024-03-05 23:26:33","art_name":"Official\u9aed\u7537dism","href":"https:\/\/hb.afl.rakuten.co.jp\/ichiba\/391491f7.14cbe979.391491f8.285a1313\/?pc=https%3A%2F%2Fitem.rakuten.co.jp%2Fbook%2F16174628%2F&link_type=pict&ut=eyJwYWdlIjoiaXRlbSIsInR5cGUiOiJwaWN0Iiwic2l6ZSI6IjI0MHgyNDAiLCJuYW0iOjEsIm5hbXAiOiJyaWdodCIsImNvbSI6MSwiY29tcCI6ImRvd24iLCJwcmljZSI6MCwiYm9yIjoxLCJjb2wiOjEsImJidG4iOjEsInByb2QiOjAsImFtcCI6ZmFsc2V9","src":"https:\/\/hbb.afl.rakuten.co.jp\/hgb\/391491f7.14cbe979.391491f8.285a1313\/?me_id=1213310&item_id=19887666&pc=https%3A%2F%2Fthumbnail.image.rakuten.co.jp%2F%400_mall%2Fbook%2Fcabinet%2F6029%2F4988013916029.jpg"},{"id":117,"alb_id":null,"art_id":6,"name":"test3","release_date":"2024-03-11","link":null,"aff_id":20,"created_at":"2024-03-05 23:25:29","updated_at":"2024-03-05 23:25:29","art_name":"\u58f0\u306b\u306a\u3089\u306a\u3044\u3088","href":"https:\/\/hb.afl.rakuten.co.jp\/ichiba\/391491f7.14cbe979.391491f8.285a1313\/?pc=https%3A%2F%2Fitem.rakuten.co.jp%2Fbook%2F16174628%2F&link_type=pict&ut=eyJwYWdlIjoiaXRlbSIsInR5cGUiOiJwaWN0Iiwic2l6ZSI6IjI0MHgyNDAiLCJuYW0iOjEsIm5hbXAiOiJyaWdodCIsImNvbSI6MSwiY29tcCI6ImRvd24iLCJwcmljZSI6MCwiYm9yIjoxLCJjb2wiOjEsImJidG4iOjEsInByb2QiOjAsImFtcCI6ZmFsc2V9","src":"https:\/\/hbb.afl.rakuten.co.jp\/hgb\/391491f7.14cbe979.391491f8.285a1313\/?me_id=1213310&item_id=19887666&pc=https%3A%2F%2Fthumbnail.image.rakuten.co.jp%2F%400_mall%2Fbook%2Fcabinet%2F6029%2F4988013916029.jpg"},{"id":116,"alb_id":null,"art_id":2,"name":"test7","release_date":"2024-03-03","link":null,"aff_id":16,"created_at":"2024-03-03 11:00:30","updated_at":"2024-03-03 11:00:30","art_name":"Official\u9aed\u7537dism","href":"https:\/\/hb.afl.rakuten.co.jp\/ichiba\/391491f7.14cbe979.391491f8.285a1313\/?pc=https%3A%2F%2Fitem.rakuten.co.jp%2Fbook%2F16174628%2F&link_type=pict&ut=eyJwYWdlIjoiaXRlbSIsInR5cGUiOiJwaWN0Iiwic2l6ZSI6IjI0MHgyNDAiLCJuYW0iOjEsIm5hbXAiOiJyaWdodCIsImNvbSI6MSwiY29tcCI6ImRvd24iLCJwcmljZSI6MCwiYm9yIjoxLCJjb2wiOjEsImJidG4iOjEsInByb2QiOjAsImFtcCI6ZmFsc2V9","src":"https:\/\/hbb.afl.rakuten.co.jp\/hgb\/391491f7.14cbe979.391491f8.285a1313\/?me_id=1213310&item_id=19887666&pc=https%3A%2F%2Fthumbnail.image.rakuten.co.jp%2F%400_mall%2Fbook%2Fcabinet%2F6029%2F4988013916029.jpg"},{"id":115,"alb_id":null,"art_id":6,"name":"test","release_date":"2024-02-20","link":null,"aff_id":null,"created_at":"2024-02-21 22:23:59","updated_at":"2024-02-21 22:23:59","art_name":"\u58f0\u306b\u306a\u3089\u306a\u3044\u3088"},{"id":114,"alb_id":null,"art_id":6,"name":"test","release_date":"2024-02-20","link":null,"aff_id":null,"created_at":"2024-02-21 22:20:31","updated_at":"2024-02-21 22:20:31","art_name":"\u58f0\u306b\u306a\u3089\u306a\u3044\u3088"}]  
[2024-03-05 23:32:36] local.DEBUG: failure  
[2024-03-05 23:32:36] local.DEBUG: obj=[{"id":118,"alb_id":null,"art_id":2,"name":"test3","release_date":"2024-03-11","link":"https:\/\/XXX","aff_id":21,"created_at":"2024-03-05 23:26:33","updated_at":"2024-03-05 23:26:33","art_name":"Official\u9aed\u7537dism","href":"https:\/\/hb.afl.rakuten.co.jp\/ichiba\/391491f7.14cbe979.391491f8.285a1313\/?pc=https%3A%2F%2Fitem.rakuten.co.jp%2Fbook%2F16174628%2F&link_type=pict&ut=eyJwYWdlIjoiaXRlbSIsInR5cGUiOiJwaWN0Iiwic2l6ZSI6IjI0MHgyNDAiLCJuYW0iOjEsIm5hbXAiOiJyaWdodCIsImNvbSI6MSwiY29tcCI6ImRvd24iLCJwcmljZSI6MCwiYm9yIjoxLCJjb2wiOjEsImJidG4iOjEsInByb2QiOjAsImFtcCI6ZmFsc2V9","src":"https:\/\/hbb.afl.rakuten.co.jp\/hgb\/391491f7.14cbe979.391491f8.285a1313\/?me_id=1213310&item_id=19887666&pc=https%3A%2F%2Fthumbnail.image.rakuten.co.jp%2F%400_mall%2Fbook%2Fcabinet%2F6029%2F4988013916029.jpg"},{"id":117,"alb_id":null,"art_id":6,"name":"test3","release_date":"2024-03-11","link":null,"aff_id":20,"created_at":"2024-03-05 23:25:29","updated_at":"2024-03-05 23:25:29","art_name":"\u58f0\u306b\u306a\u3089\u306a\u3044\u3088","href":"https:\/\/hb.afl.rakuten.co.jp\/ichiba\/391491f7.14cbe979.391491f8.285a1313\/?pc=https%3A%2F%2Fitem.rakuten.co.jp%2Fbook%2F16174628%2F&link_type=pict&ut=eyJwYWdlIjoiaXRlbSIsInR5cGUiOiJwaWN0Iiwic2l6ZSI6IjI0MHgyNDAiLCJuYW0iOjEsIm5hbXAiOiJyaWdodCIsImNvbSI6MSwiY29tcCI6ImRvd24iLCJwcmljZSI6MCwiYm9yIjoxLCJjb2wiOjEsImJidG4iOjEsInByb2QiOjAsImFtcCI6ZmFsc2V9","src":"https:\/\/hbb.afl.rakuten.co.jp\/hgb\/391491f7.14cbe979.391491f8.285a1313\/?me_id=1213310&item_id=19887666&pc=https%3A%2F%2Fthumbnail.image.rakuten.co.jp%2F%400_mall%2Fbook%2Fcabinet%2F6029%2F4988013916029.jpg"},{"id":116,"alb_id":null,"art_id":2,"name":"test7","release_date":"2024-03-03","link":null,"aff_id":16,"created_at":"2024-03-03 11:00:30","updated_at":"2024-03-03 11:00:30","art_name":"Official\u9aed\u7537dism","href":"https:\/\/hb.afl.rakuten.co.jp\/ichiba\/391491f7.14cbe979.391491f8.285a1313\/?pc=https%3A%2F%2Fitem.rakuten.co.jp%2Fbook%2F16174628%2F&link_type=pict&ut=eyJwYWdlIjoiaXRlbSIsInR5cGUiOiJwaWN0Iiwic2l6ZSI6IjI0MHgyNDAiLCJuYW0iOjEsIm5hbXAiOiJyaWdodCIsImNvbSI6MSwiY29tcCI6ImRvd24iLCJwcmljZSI6MCwiYm9yIjoxLCJjb2wiOjEsImJidG4iOjEsInByb2QiOjAsImFtcCI6ZmFsc2V9","src":"https:\/\/hbb.afl.rakuten.co.jp\/hgb\/391491f7.14cbe979.391491f8.285a1313\/?me_id=1213310&item_id=19887666&pc=https%3A%2F%2Fthumbnail.image.rakuten.co.jp%2F%400_mall%2Fbook%2Fcabinet%2F6029%2F4988013916029.jpg"},{"id":115,"alb_id":null,"art_id":6,"name":"test","release_date":"2024-02-20","link":null,"aff_id":null,"created_at":"2024-02-21 22:23:59","updated_at":"2024-02-21 22:23:59","art_name":"\u58f0\u306b\u306a\u3089\u306a\u3044\u3088"},{"id":114,"alb_id":null,"art_id":6,"name":"test","release_date":"2024-02-20","link":null,"aff_id":null,"created_at":"2024-02-21 22:20:31","updated_at":"2024-02-21 22:20:31","art_name":"\u58f0\u306b\u306a\u3089\u306a\u3044\u3088"}]  
[2024-03-05 23:33:06] local.DEBUG: failure  
[2024-03-05 23:33:06] local.DEBUG: obj=[{"id":118,"alb_id":null,"art_id":2,"name":"test3","release_date":"2024-03-11","link":"https:\/\/XXX","aff_id":21,"created_at":"2024-03-05 23:26:33","updated_at":"2024-03-05 23:26:33","art_name":"Official\u9aed\u7537dism","href":"https:\/\/hb.afl.rakuten.co.jp\/ichiba\/391491f7.14cbe979.391491f8.285a1313\/?pc=https%3A%2F%2Fitem.rakuten.co.jp%2Fbook%2F16174628%2F&link_type=pict&ut=eyJwYWdlIjoiaXRlbSIsInR5cGUiOiJwaWN0Iiwic2l6ZSI6IjI0MHgyNDAiLCJuYW0iOjEsIm5hbXAiOiJyaWdodCIsImNvbSI6MSwiY29tcCI6ImRvd24iLCJwcmljZSI6MCwiYm9yIjoxLCJjb2wiOjEsImJidG4iOjEsInByb2QiOjAsImFtcCI6ZmFsc2V9","src":"https:\/\/hbb.afl.rakuten.co.jp\/hgb\/391491f7.14cbe979.391491f8.285a1313\/?me_id=1213310&item_id=19887666&pc=https%3A%2F%2Fthumbnail.image.rakuten.co.jp%2F%400_mall%2Fbook%2Fcabinet%2F6029%2F4988013916029.jpg"},{"id":117,"alb_id":null,"art_id":6,"name":"test3","release_date":"2024-03-11","link":null,"aff_id":20,"created_at":"2024-03-05 23:25:29","updated_at":"2024-03-05 23:25:29","art_name":"\u58f0\u306b\u306a\u3089\u306a\u3044\u3088","href":"https:\/\/hb.afl.rakuten.co.jp\/ichiba\/391491f7.14cbe979.391491f8.285a1313\/?pc=https%3A%2F%2Fitem.rakuten.co.jp%2Fbook%2F16174628%2F&link_type=pict&ut=eyJwYWdlIjoiaXRlbSIsInR5cGUiOiJwaWN0Iiwic2l6ZSI6IjI0MHgyNDAiLCJuYW0iOjEsIm5hbXAiOiJyaWdodCIsImNvbSI6MSwiY29tcCI6ImRvd24iLCJwcmljZSI6MCwiYm9yIjoxLCJjb2wiOjEsImJidG4iOjEsInByb2QiOjAsImFtcCI6ZmFsc2V9","src":"https:\/\/hbb.afl.rakuten.co.jp\/hgb\/391491f7.14cbe979.391491f8.285a1313\/?me_id=1213310&item_id=19887666&pc=https%3A%2F%2Fthumbnail.image.rakuten.co.jp%2F%400_mall%2Fbook%2Fcabinet%2F6029%2F4988013916029.jpg"},{"id":116,"alb_id":null,"art_id":2,"name":"test7","release_date":"2024-03-03","link":null,"aff_id":16,"created_at":"2024-03-03 11:00:30","updated_at":"2024-03-03 11:00:30","art_name":"Official\u9aed\u7537dism","href":"https:\/\/hb.afl.rakuten.co.jp\/ichiba\/391491f7.14cbe979.391491f8.285a1313\/?pc=https%3A%2F%2Fitem.rakuten.co.jp%2Fbook%2F16174628%2F&link_type=pict&ut=eyJwYWdlIjoiaXRlbSIsInR5cGUiOiJwaWN0Iiwic2l6ZSI6IjI0MHgyNDAiLCJuYW0iOjEsIm5hbXAiOiJyaWdodCIsImNvbSI6MSwiY29tcCI6ImRvd24iLCJwcmljZSI6MCwiYm9yIjoxLCJjb2wiOjEsImJidG4iOjEsInByb2QiOjAsImFtcCI6ZmFsc2V9","src":"https:\/\/hbb.afl.rakuten.co.jp\/hgb\/391491f7.14cbe979.391491f8.285a1313\/?me_id=1213310&item_id=19887666&pc=https%3A%2F%2Fthumbnail.image.rakuten.co.jp%2F%400_mall%2Fbook%2Fcabinet%2F6029%2F4988013916029.jpg"},{"id":115,"alb_id":null,"art_id":6,"name":"test","release_date":"2024-02-20","link":null,"aff_id":null,"created_at":"2024-02-21 22:23:59","updated_at":"2024-02-21 22:23:59","art_name":"\u58f0\u306b\u306a\u3089\u306a\u3044\u3088"},{"id":114,"alb_id":null,"art_id":6,"name":"test","release_date":"2024-02-20","link":null,"aff_id":null,"created_at":"2024-02-21 22:20:31","updated_at":"2024-02-21 22:20:31","art_name":"\u58f0\u306b\u306a\u3089\u306a\u3044\u3088"}]  
[2024-04-27 12:05:17] local.DEBUG: failure  
[2024-04-27 12:05:17] local.DEBUG: obj=[{"id":5,"user_id":1,"name":"\u304a\u3059\u3059\u3081\u767b\u9332\u30c6\u30b9\u30c8\u3000\u66f21\u3000edit2","category":0,"disp_flag":1,"sort_num":1,"created_at":"2024-03-21 01:05:08","updated_at":"2024-04-08 17:34:18","count":5,"detail":[{"id":6,"name":"Unwanted","art_name":"Avril Lavigne"},{"id":9,"name":"Things I'll Never Say","art_name":"Avril Lavigne"},{"id":9,"name":"Things I'll Never Say","art_name":"Avril Lavigne"}]},{"id":13,"user_id":1,"name":"\u304a\u3059\u3059\u3081\u66f22","category":0,"disp_flag":1,"sort_num":2,"created_at":"2024-03-28 22:50:47","updated_at":"2024-04-08 17:34:18"},{"id":17,"user_id":1,"name":"\u304a\u3059\u3059\u3081\u66f26","category":0,"disp_flag":1,"sort_num":6,"created_at":"2024-03-29 02:00:57","updated_at":"2024-04-05 13:09:55"}]  
[2024-04-27 12:05:50] local.DEBUG: failure  
[2024-04-27 12:05:50] local.DEBUG: obj=[{"id":5,"user_id":1,"name":"\u304a\u3059\u3059\u3081\u767b\u9332\u30c6\u30b9\u30c8\u3000\u66f21\u3000edit2","category":0,"disp_flag":1,"sort_num":1,"created_at":"2024-03-21 01:05:08","updated_at":"2024-04-08 17:34:18","count":5,"detail":[{"id":6,"name":"Unwanted","art_name":"Avril Lavigne"},{"id":9,"name":"Things I'll Never Say","art_name":"Avril Lavigne"},{"id":9,"name":"Things I'll Never Say","art_name":"Avril Lavigne"}]},{"id":13,"user_id":1,"name":"\u304a\u3059\u3059\u3081\u66f22","category":0,"disp_flag":1,"sort_num":2,"created_at":"2024-03-28 22:50:47","updated_at":"2024-04-08 17:34:18"},{"id":17,"user_id":1,"name":"\u304a\u3059\u3059\u3081\u66f26","category":0,"disp_flag":1,"sort_num":6,"created_at":"2024-03-29 02:00:57","updated_at":"2024-04-05 13:09:55"}]  
[2024-04-27 12:05:50] local.DEBUG: failure  
[2024-04-27 12:05:50] local.DEBUG: obj=  
[2024-04-27 12:05:50] local.DEBUG: failure  
[2024-04-27 12:05:50] local.DEBUG: obj=  
[2024-04-27 12:19:02] local.DEBUG: failure  
[2024-04-27 12:19:02] local.DEBUG: obj=[{"id":5,"user_id":1,"name":"\u304a\u3059\u3059\u3081\u767b\u9332\u30c6\u30b9\u30c8\u3000\u66f21\u3000edit2","category":0,"disp_flag":1,"sort_num":1,"created_at":"2024-03-21 01:05:08","updated_at":"2024-04-08 17:34:18","count":5,"detail":[{"id":6,"name":"Unwanted","art_name":"Avril Lavigne"},{"id":9,"name":"Things I'll Never Say","art_name":"Avril Lavigne"},{"id":9,"name":"Things I'll Never Say","art_name":"Avril Lavigne"}]},{"id":13,"user_id":1,"name":"\u304a\u3059\u3059\u3081\u66f22","category":0,"disp_flag":1,"sort_num":2,"created_at":"2024-03-28 22:50:47","updated_at":"2024-04-08 17:34:18"},{"id":17,"user_id":1,"name":"\u304a\u3059\u3059\u3081\u66f26","category":0,"disp_flag":1,"sort_num":6,"created_at":"2024-03-29 02:00:57","updated_at":"2024-04-05 13:09:55"}]  
[2024-04-27 12:19:02] local.DEBUG: failure  
[2024-04-27 12:19:02] local.DEBUG: obj=  
[2024-04-27 12:19:02] local.DEBUG: failure  
[2024-04-27 12:19:02] local.DEBUG: obj=  
[2024-04-27 12:22:21] local.DEBUG: failure  
[2024-04-27 12:22:21] local.DEBUG: obj=[{"id":5,"user_id":1,"name":"\u304a\u3059\u3059\u3081\u767b\u9332\u30c6\u30b9\u30c8\u3000\u66f21\u3000edit2","category":0,"disp_flag":1,"sort_num":1,"created_at":"2024-03-21 01:05:08","updated_at":"2024-04-08 17:34:18","count":5,"detail":[]},{"id":13,"user_id":1,"name":"\u304a\u3059\u3059\u3081\u66f22","category":0,"disp_flag":1,"sort_num":2,"created_at":"2024-03-28 22:50:47","updated_at":"2024-04-08 17:34:18"},{"id":17,"user_id":1,"name":"\u304a\u3059\u3059\u3081\u66f26","category":0,"disp_flag":1,"sort_num":6,"created_at":"2024-03-29 02:00:57","updated_at":"2024-04-05 13:09:55"}]  
[2024-04-27 12:22:21] local.DEBUG: failure  
[2024-04-27 12:22:21] local.DEBUG: obj=  
[2024-04-27 12:22:21] local.DEBUG: failure  
[2024-04-27 12:22:21] local.DEBUG: obj=  
[2024-04-27 12:22:48] local.DEBUG: failure  
[2024-04-27 12:22:48] local.DEBUG: obj=[{"id":5,"user_id":1,"name":"\u304a\u3059\u3059\u3081\u767b\u9332\u30c6\u30b9\u30c8\u3000\u66f21\u3000edit2","category":0,"disp_flag":1,"sort_num":1,"created_at":"2024-03-21 01:05:08","updated_at":"2024-04-08 17:34:18","count":5,"detail":[]},{"id":13,"user_id":1,"name":"\u304a\u3059\u3059\u3081\u66f22","category":0,"disp_flag":1,"sort_num":2,"created_at":"2024-03-28 22:50:47","updated_at":"2024-04-08 17:34:18"},{"id":17,"user_id":1,"name":"\u304a\u3059\u3059\u3081\u66f26","category":0,"disp_flag":1,"sort_num":6,"created_at":"2024-03-29 02:00:57","updated_at":"2024-04-05 13:09:55"}]  
[2024-04-27 12:22:48] local.DEBUG: failure  
[2024-04-27 12:22:48] local.DEBUG: obj=  
[2024-04-27 12:22:48] local.DEBUG: failure  
[2024-04-27 12:22:48] local.DEBUG: obj=  
[2024-04-27 12:27:52] local.DEBUG: failure  
[2024-04-27 12:27:52] local.DEBUG: obj=[{"id":5,"user_id":1,"name":"\u304a\u3059\u3059\u3081\u767b\u9332\u30c6\u30b9\u30c8\u3000\u66f21\u3000edit2","category":0,"disp_flag":1,"sort_num":1,"created_at":"2024-03-21 01:05:08","updated_at":"2024-04-08 17:34:18","count":5,"detail":[{"id":102,"name":"Bling-Bang-Bang-Born","art_name":"Creepy Nuts"}]},{"id":13,"user_id":1,"name":"\u304a\u3059\u3059\u3081\u66f22","category":0,"disp_flag":1,"sort_num":2,"created_at":"2024-03-28 22:50:47","updated_at":"2024-04-08 17:34:18","count":0,"detail":[]},{"id":17,"user_id":1,"name":"\u304a\u3059\u3059\u3081\u66f26","category":0,"disp_flag":1,"sort_num":6,"created_at":"2024-03-29 02:00:57","updated_at":"2024-04-05 13:09:55","count":0,"detail":[]}]  
[2024-05-18 17:34:16] local.DEBUG: failure  
[2024-05-18 17:34:16] local.DEBUG: obj=[{"id":5,"user_id":1,"name":"\u304a\u3059\u3059\u3081\u767b\u9332\u30c6\u30b9\u30c8\u3000\u66f21\u3000edit2","category":0,"disp_flag":1,"sort_num":1,"created_at":"2024-03-21 01:05:08","updated_at":"2024-04-08 17:34:18","count":5,"detail":[{"id":102,"name":"Bling-Bang-Bang-Born","art_name":"Creepy Nuts"}]},{"id":13,"user_id":1,"name":"\u304a\u3059\u3059\u3081\u66f22","category":0,"disp_flag":1,"sort_num":2,"created_at":"2024-03-28 22:50:47","updated_at":"2024-05-18 17:26:10","count":1,"detail":[]},{"id":14,"user_id":1,"name":"\u304a\u3059\u3059\u3081\u66f23","category":0,"disp_flag":1,"sort_num":3,"created_at":"2024-03-28 22:50:53","updated_at":"2024-05-18 17:30:47","count":0,"detail":[]},{"id":17,"user_id":1,"name":"\u304a\u3059\u3059\u3081\u66f26","category":0,"disp_flag":1,"sort_num":6,"created_at":"2024-03-29 02:00:57","updated_at":"2024-04-05 13:09:55","count":0,"detail":[]}]  
[2024-05-18 17:34:16] local.DEBUG: failure  
[2024-05-18 17:34:16] local.DEBUG: obj=[{"id":8,"user_id":1,"name":"\u304a\u3059\u3059\u3081\u767b\u9332\u30c6\u30b9\u30c8\u3000\u30a2\u30eb\u30d0\u30e0\uff11","category":2,"disp_flag":1,"sort_num":1,"created_at":"2024-03-21 01:07:10","updated_at":"2024-04-08 17:35:02","count":1}]  
[2024-05-18 17:34:16] local.DEBUG: failure  
[2024-05-18 17:34:16] local.DEBUG: obj=[{"id":11,"user_id":1,"name":"\u304a\u3059\u3059\u3081\u767b\u9332\u30c6\u30b9\u30c8\u3000\uff8c\uff9f\uff9a\uff72\uff98\uff7d\uff842\u3000edit","category":3,"disp_flag":1,"sort_num":1,"created_at":"2024-03-21 01:08:44","updated_at":"2024-04-08 17:35:47","count":1}]  
[2024-05-18 17:34:25] local.DEBUG: failure  
[2024-05-18 17:34:25] local.DEBUG: obj=[{"id":5,"user_id":1,"name":"\u304a\u3059\u3059\u3081\u767b\u9332\u30c6\u30b9\u30c8\u3000\u66f21\u3000edit2","category":0,"disp_flag":1,"sort_num":1,"created_at":"2024-03-21 01:05:08","updated_at":"2024-04-08 17:34:18","count":5,"detail":[{"id":102,"name":"Bling-Bang-Bang-Born","art_name":"Creepy Nuts"}]},{"id":13,"user_id":1,"name":"\u304a\u3059\u3059\u3081\u66f22","category":0,"disp_flag":1,"sort_num":2,"created_at":"2024-03-28 22:50:47","updated_at":"2024-05-18 17:26:10","count":1,"detail":[]},{"id":14,"user_id":1,"name":"\u304a\u3059\u3059\u3081\u66f23","category":0,"disp_flag":1,"sort_num":3,"created_at":"2024-03-28 22:50:53","updated_at":"2024-05-18 17:30:47","count":0,"detail":[]},{"id":17,"user_id":1,"name":"\u304a\u3059\u3059\u3081\u66f26","category":0,"disp_flag":1,"sort_num":6,"created_at":"2024-03-29 02:00:57","updated_at":"2024-04-05 13:09:55","count":0,"detail":[]}]  
[2024-05-22 17:17:32] local.DEBUG: failure  
[2024-05-22 17:17:32] local.ERROR: Object of class stdClass could not be converted to string {"userId":1,"exception":"[object] (Error(code: 0): Object of class stdClass could not be converted to string at C:\\xampp\\htdocs\\app01\\app\\Helpers\\CustomFunctions.php:94)
[stacktrace]
#0 C:\\xampp\\htdocs\\app01\\app\\Models\\Playlist.php(54): setAffData(Object(stdClass))
#1 C:\\xampp\\htdocs\\app01\\app\\Http\\Controllers\\Admin\\AdminPlaylistController.php(110): App\\Models\\Playlist::getPlaylist_detail('9')
#2 C:\\xampp\\htdocs\\app01\\vendor\\laravel\\framework\\src\\Illuminate\\Routing\\Controller.php(54): App\\Http\\Controllers\\Admin\\AdminPlaylistController->playlist_chg_detail(Object(Illuminate\\Http\\Request))
#3 C:\\xampp\\htdocs\\app01\\vendor\\laravel\\framework\\src\\Illuminate\\Routing\\ControllerDispatcher.php(43): Illuminate\\Routing\\Controller->callAction('playlist_chg_de...', Array)
#4 C:\\xampp\\htdocs\\app01\\vendor\\laravel\\framework\\src\\Illuminate\\Routing\\Route.php(259): Illuminate\\Routing\\ControllerDispatcher->dispatch(Object(Illuminate\\Routing\\Route), Object(App\\Http\\Controllers\\Admin\\AdminPlaylistController), 'playlist_chg_de...')
#5 C:\\xampp\\htdocs\\app01\\vendor\\laravel\\framework\\src\\Illuminate\\Routing\\Route.php(205): Illuminate\\Routing\\Route->runController()
#6 C:\\xampp\\htdocs\\app01\\vendor\\laravel\\framework\\src\\Illuminate\\Routing\\Router.php(806): Illuminate\\Routing\\Route->run()
#7 C:\\xampp\\htdocs\\app01\\vendor\\laravel\\framework\\src\\Illuminate\\Pipeline\\Pipeline.php(144): Illuminate\\Routing\\Router->Illuminate\\Routing\\{closure}(Object(Illuminate\\Http\\Request))
#8 C:\\xampp\\htdocs\\app01\\app\\Http\\Middleware\\AdminMiddleware.php(16): Illuminate\\Pipeline\\Pipeline->Illuminate\\Pipeline\\{closure}(Object(Illuminate\\Http\\Request))
#9 C:\\xampp\\htdocs\\app01\\vendor\\laravel\\framework\\src\\Illuminate\\Pipeline\\Pipeline.php(183): App\\Http\\Middleware\\AdminMiddleware->handle(Object(Illuminate\\Http\\Request), Object(Closure))
#10 C:\\xampp\\htdocs\\app01\\vendor\\laravel\\framework\\src\\Illuminate\\Routing\\Middleware\\SubstituteBindings.php(50): Illuminate\\Pipeline\\Pipeline->Illuminate\\Pipeline\\{closure}(Object(Illuminate\\Http\\Request))
#11 C:\\xampp\\htdocs\\app01\\vendor\\laravel\\framework\\src\\Illuminate\\Pipeline\\Pipeline.php(183): Illuminate\\Routing\\Middleware\\SubstituteBindings->handle(Object(Illuminate\\Http\\Request), Object(Closure))
#12 C:\\xampp\\htdocs\\app01\\vendor\\laravel\\framework\\src\\Illuminate\\Auth\\Middleware\\Authenticate.php(57): Illuminate\\Pipeline\\Pipeline->Illuminate\\Pipeline\\{closure}(Object(Illuminate\\Http\\Request))
#13 C:\\xampp\\htdocs\\app01\\vendor\\laravel\\framework\\src\\Illuminate\\Pipeline\\Pipeline.php(183): Illuminate\\Auth\\Middleware\\Authenticate->handle(Object(Illuminate\\Http\\Request), Object(Closure))
#14 C:\\xampp\\htdocs\\app01\\vendor\\laravel\\framework\\src\\Illuminate\\Foundation\\Http\\Middleware\\VerifyCsrfToken.php(78): Illuminate\\Pipeline\\Pipeline->Illuminate\\Pipeline\\{closure}(Object(Illuminate\\Http\\Request))
#15 C:\\xampp\\htdocs\\app01\\vendor\\laravel\\framework\\src\\Illuminate\\Pipeline\\Pipeline.php(183): Illuminate\\Foundation\\Http\\Middleware\\VerifyCsrfToken->handle(Object(Illuminate\\Http\\Request), Object(Closure))
#16 C:\\xampp\\htdocs\\app01\\vendor\\laravel\\framework\\src\\Illuminate\\View\\Middleware\\ShareErrorsFromSession.php(49): Illuminate\\Pipeline\\Pipeline->Illuminate\\Pipeline\\{closure}(Object(Illuminate\\Http\\Request))
#17 C:\\xampp\\htdocs\\app01\\vendor\\laravel\\framework\\src\\Illuminate\\Pipeline\\Pipeline.php(183): Illuminate\\View\\Middleware\\ShareErrorsFromSession->handle(Object(Illuminate\\Http\\Request), Object(Closure))
#18 C:\\xampp\\htdocs\\app01\\vendor\\laravel\\framework\\src\\Illuminate\\Session\\Middleware\\StartSession.php(121): Illuminate\\Pipeline\\Pipeline->Illuminate\\Pipeline\\{closure}(Object(Illuminate\\Http\\Request))
#19 C:\\xampp\\htdocs\\app01\\vendor\\laravel\\framework\\src\\Illuminate\\Session\\Middleware\\StartSession.php(64): Illuminate\\Session\\Middleware\\StartSession->handleStatefulRequest(Object(Illuminate\\Http\\Request), Object(Illuminate\\Session\\Store), Object(Closure))
#20 C:\\xampp\\htdocs\\app01\\vendor\\laravel\\framework\\src\\Illuminate\\Pipeline\\Pipeline.php(183): Illuminate\\Session\\Middleware\\StartSession->handle(Object(Illuminate\\Http\\Request), Object(Closure))
#21 C:\\xampp\\htdocs\\app01\\vendor\\laravel\\framework\\src\\Illuminate\\Cookie\\Middleware\\AddQueuedCookiesToResponse.php(37): Illuminate\\Pipeline\\Pipeline->Illuminate\\Pipeline\\{closure}(Object(Illuminate\\Http\\Request))
#22 C:\\xampp\\htdocs\\app01\\vendor\\laravel\\framework\\src\\Illuminate\\Pipeline\\Pipeline.php(183): Illuminate\\Cookie\\Middleware\\AddQueuedCookiesToResponse->handle(Object(Illuminate\\Http\\Request), Object(Closure))
#23 C:\\xampp\\htdocs\\app01\\vendor\\laravel\\framework\\src\\Illuminate\\Cookie\\Middleware\\EncryptCookies.php(67): Illuminate\\Pipeline\\Pipeline->Illuminate\\Pipeline\\{closure}(Object(Illuminate\\Http\\Request))
#24 C:\\xampp\\htdocs\\app01\\vendor\\laravel\\framework\\src\\Illuminate\\Pipeline\\Pipeline.php(183): Illuminate\\Cookie\\Middleware\\EncryptCookies->handle(Object(Illuminate\\Http\\Request), Object(Closure))
#25 C:\\xampp\\htdocs\\app01\\vendor\\laravel\\framework\\src\\Illuminate\\Pipeline\\Pipeline.php(119): Illuminate\\Pipeline\\Pipeline->Illuminate\\Pipeline\\{closure}(Object(Illuminate\\Http\\Request))
#26 C:\\xampp\\htdocs\\app01\\vendor\\laravel\\framework\\src\\Illuminate\\Routing\\Router.php(805): Illuminate\\Pipeline\\Pipeline->then(Object(Closure))
#27 C:\\xampp\\htdocs\\app01\\vendor\\laravel\\framework\\src\\Illuminate\\Routing\\Router.php(784): Illuminate\\Routing\\Router->runRouteWithinStack(Object(Illuminate\\Routing\\Route), Object(Illuminate\\Http\\Request))
#28 C:\\xampp\\htdocs\\app01\\vendor\\laravel\\framework\\src\\Illuminate\\Routing\\Router.php(748): Illuminate\\Routing\\Router->runRoute(Object(Illuminate\\Http\\Request), Object(Illuminate\\Routing\\Route))
#29 C:\\xampp\\htdocs\\app01\\vendor\\laravel\\framework\\src\\Illuminate\\Routing\\Router.php(737): Illuminate\\Routing\\Router->dispatchToRoute(Object(Illuminate\\Http\\Request))
#30 C:\\xampp\\htdocs\\app01\\vendor\\laravel\\framework\\src\\Illuminate\\Foundation\\Http\\Kernel.php(200): Illuminate\\Routing\\Router->dispatch(Object(Illuminate\\Http\\Request))
#31 C:\\xampp\\htdocs\\app01\\vendor\\laravel\\framework\\src\\Illuminate\\Pipeline\\Pipeline.php(144): Illuminate\\Foundation\\Http\\Kernel->Illuminate\\Foundation\\Http\\{closure}(Object(Illuminate\\Http\\Request))
#32 C:\\xampp\\htdocs\\app01\\vendor\\laravel\\framework\\src\\Illuminate\\Foundation\\Http\\Middleware\\TransformsRequest.php(21): Illuminate\\Pipeline\\Pipeline->Illuminate\\Pipeline\\{closure}(Object(Illuminate\\Http\\Request))
#33 C:\\xampp\\htdocs\\app01\\vendor\\laravel\\framework\\src\\Illuminate\\Foundation\\Http\\Middleware\\ConvertEmptyStringsToNull.php(31): Illuminate\\Foundation\\Http\\Middleware\\TransformsRequest->handle(Object(Illuminate\\Http\\Request), Object(Closure))
#34 C:\\xampp\\htdocs\\app01\\vendor\\laravel\\framework\\src\\Illuminate\\Pipeline\\Pipeline.php(183): Illuminate\\Foundation\\Http\\Middleware\\ConvertEmptyStringsToNull->handle(Object(Illuminate\\Http\\Request), Object(Closure))
#35 C:\\xampp\\htdocs\\app01\\vendor\\laravel\\framework\\src\\Illuminate\\Foundation\\Http\\Middleware\\TransformsRequest.php(21): Illuminate\\Pipeline\\Pipeline->Illuminate\\Pipeline\\{closure}(Object(Illuminate\\Http\\Request))
#36 C:\\xampp\\htdocs\\app01\\vendor\\laravel\\framework\\src\\Illuminate\\Foundation\\Http\\Middleware\\TrimStrings.php(40): Illuminate\\Foundation\\Http\\Middleware\\TransformsRequest->handle(Object(Illuminate\\Http\\Request), Object(Closure))
#37 C:\\xampp\\htdocs\\app01\\vendor\\laravel\\framework\\src\\Illuminate\\Pipeline\\Pipeline.php(183): Illuminate\\Foundation\\Http\\Middleware\\TrimStrings->handle(Object(Illuminate\\Http\\Request), Object(Closure))
#38 C:\\xampp\\htdocs\\app01\\vendor\\laravel\\framework\\src\\Illuminate\\Foundation\\Http\\Middleware\\ValidatePostSize.php(27): Illuminate\\Pipeline\\Pipeline->Illuminate\\Pipeline\\{closure}(Object(Illuminate\\Http\\Request))
#39 C:\\xampp\\htdocs\\app01\\vendor\\laravel\\framework\\src\\Illuminate\\Pipeline\\Pipeline.php(183): Illuminate\\Foundation\\Http\\Middleware\\ValidatePostSize->handle(Object(Illuminate\\Http\\Request), Object(Closure))
#40 C:\\xampp\\htdocs\\app01\\vendor\\laravel\\framework\\src\\Illuminate\\Foundation\\Http\\Middleware\\PreventRequestsDuringMaintenance.php(99): Illuminate\\Pipeline\\Pipeline->Illuminate\\Pipeline\\{closure}(Object(Illuminate\\Http\\Request))
#41 C:\\xampp\\htdocs\\app01\\vendor\\laravel\\framework\\src\\Illuminate\\Pipeline\\Pipeline.php(183): Illuminate\\Foundation\\Http\\Middleware\\PreventRequestsDuringMaintenance->handle(Object(Illuminate\\Http\\Request), Object(Closure))
#42 C:\\xampp\\htdocs\\app01\\vendor\\laravel\\framework\\src\\Illuminate\\Http\\Middleware\\HandleCors.php(49): Illuminate\\Pipeline\\Pipeline->Illuminate\\Pipeline\\{closure}(Object(Illuminate\\Http\\Request))
#43 C:\\xampp\\htdocs\\app01\\vendor\\laravel\\framework\\src\\Illuminate\\Pipeline\\Pipeline.php(183): Illuminate\\Http\\Middleware\\HandleCors->handle(Object(Illuminate\\Http\\Request), Object(Closure))
#44 C:\\xampp\\htdocs\\app01\\vendor\\laravel\\framework\\src\\Illuminate\\Http\\Middleware\\TrustProxies.php(39): Illuminate\\Pipeline\\Pipeline->Illuminate\\Pipeline\\{closure}(Object(Illuminate\\Http\\Request))
#45 C:\\xampp\\htdocs\\app01\\vendor\\laravel\\framework\\src\\Illuminate\\Pipeline\\Pipeline.php(183): Illuminate\\Http\\Middleware\\TrustProxies->handle(Object(Illuminate\\Http\\Request), Object(Closure))
#46 C:\\xampp\\htdocs\\app01\\vendor\\laravel\\framework\\src\\Illuminate\\Pipeline\\Pipeline.php(119): Illuminate\\Pipeline\\Pipeline->Illuminate\\Pipeline\\{closure}(Object(Illuminate\\Http\\Request))
#47 C:\\xampp\\htdocs\\app01\\vendor\\laravel\\framework\\src\\Illuminate\\Foundation\\Http\\Kernel.php(175): Illuminate\\Pipeline\\Pipeline->then(Object(Closure))
#48 C:\\xampp\\htdocs\\app01\\vendor\\laravel\\framework\\src\\Illuminate\\Foundation\\Http\\Kernel.php(144): Illuminate\\Foundation\\Http\\Kernel->sendRequestThroughRouter(Object(Illuminate\\Http\\Request))
#49 C:\\xampp\\htdocs\\app01\\public\\index.php(51): Illuminate\\Foundation\\Http\\Kernel->handle(Object(Illuminate\\Http\\Request))
#50 C:\\xampp\\htdocs\\app01\\server.php(21): require_once('C:\\\\xampp\\\\htdocs...')
#51 {main}
"} 
[2024-05-22 17:18:07] local.DEBUG: failure  
[2024-05-22 17:33:30] local.DEBUG: failure  
[2024-05-22 17:33:30] local.ERROR: Object of class stdClass could not be converted to string {"userId":1,"exception":"[object] (Error(code: 0): Object of class stdClass could not be converted to string at C:\\xampp\\htdocs\\app01\\app\\Helpers\\CustomFunctions.php:94)
[stacktrace]
#0 C:\\xampp\\htdocs\\app01\\app\\Models\\Playlist.php(64): setAffData(Object(stdClass))
#1 C:\\xampp\\htdocs\\app01\\app\\Http\\Controllers\\Admin\\AdminPlaylistController.php(110): App\\Models\\Playlist::getPlaylist_detail('9')
#2 C:\\xampp\\htdocs\\app01\\vendor\\laravel\\framework\\src\\Illuminate\\Routing\\Controller.php(54): App\\Http\\Controllers\\Admin\\AdminPlaylistController->playlist_chg_detail(Object(Illuminate\\Http\\Request))
#3 C:\\xampp\\htdocs\\app01\\vendor\\laravel\\framework\\src\\Illuminate\\Routing\\ControllerDispatcher.php(43): Illuminate\\Routing\\Controller->callAction('playlist_chg_de...', Array)
#4 C:\\xampp\\htdocs\\app01\\vendor\\laravel\\framework\\src\\Illuminate\\Routing\\Route.php(259): Illuminate\\Routing\\ControllerDispatcher->dispatch(Object(Illuminate\\Routing\\Route), Object(App\\Http\\Controllers\\Admin\\AdminPlaylistController), 'playlist_chg_de...')
#5 C:\\xampp\\htdocs\\app01\\vendor\\laravel\\framework\\src\\Illuminate\\Routing\\Route.php(205): Illuminate\\Routing\\Route->runController()
#6 C:\\xampp\\htdocs\\app01\\vendor\\laravel\\framework\\src\\Illuminate\\Routing\\Router.php(806): Illuminate\\Routing\\Route->run()
#7 C:\\xampp\\htdocs\\app01\\vendor\\laravel\\framework\\src\\Illuminate\\Pipeline\\Pipeline.php(144): Illuminate\\Routing\\Router->Illuminate\\Routing\\{closure}(Object(Illuminate\\Http\\Request))
#8 C:\\xampp\\htdocs\\app01\\app\\Http\\Middleware\\AdminMiddleware.php(16): Illuminate\\Pipeline\\Pipeline->Illuminate\\Pipeline\\{closure}(Object(Illuminate\\Http\\Request))
#9 C:\\xampp\\htdocs\\app01\\vendor\\laravel\\framework\\src\\Illuminate\\Pipeline\\Pipeline.php(183): App\\Http\\Middleware\\AdminMiddleware->handle(Object(Illuminate\\Http\\Request), Object(Closure))
#10 C:\\xampp\\htdocs\\app01\\vendor\\laravel\\framework\\src\\Illuminate\\Routing\\Middleware\\SubstituteBindings.php(50): Illuminate\\Pipeline\\Pipeline->Illuminate\\Pipeline\\{closure}(Object(Illuminate\\Http\\Request))
#11 C:\\xampp\\htdocs\\app01\\vendor\\laravel\\framework\\src\\Illuminate\\Pipeline\\Pipeline.php(183): Illuminate\\Routing\\Middleware\\SubstituteBindings->handle(Object(Illuminate\\Http\\Request), Object(Closure))
#12 C:\\xampp\\htdocs\\app01\\vendor\\laravel\\framework\\src\\Illuminate\\Auth\\Middleware\\Authenticate.php(57): Illuminate\\Pipeline\\Pipeline->Illuminate\\Pipeline\\{closure}(Object(Illuminate\\Http\\Request))
#13 C:\\xampp\\htdocs\\app01\\vendor\\laravel\\framework\\src\\Illuminate\\Pipeline\\Pipeline.php(183): Illuminate\\Auth\\Middleware\\Authenticate->handle(Object(Illuminate\\Http\\Request), Object(Closure))
#14 C:\\xampp\\htdocs\\app01\\vendor\\laravel\\framework\\src\\Illuminate\\Foundation\\Http\\Middleware\\VerifyCsrfToken.php(78): Illuminate\\Pipeline\\Pipeline->Illuminate\\Pipeline\\{closure}(Object(Illuminate\\Http\\Request))
#15 C:\\xampp\\htdocs\\app01\\vendor\\laravel\\framework\\src\\Illuminate\\Pipeline\\Pipeline.php(183): Illuminate\\Foundation\\Http\\Middleware\\VerifyCsrfToken->handle(Object(Illuminate\\Http\\Request), Object(Closure))
#16 C:\\xampp\\htdocs\\app01\\vendor\\laravel\\framework\\src\\Illuminate\\View\\Middleware\\ShareErrorsFromSession.php(49): Illuminate\\Pipeline\\Pipeline->Illuminate\\Pipeline\\{closure}(Object(Illuminate\\Http\\Request))
#17 C:\\xampp\\htdocs\\app01\\vendor\\laravel\\framework\\src\\Illuminate\\Pipeline\\Pipeline.php(183): Illuminate\\View\\Middleware\\ShareErrorsFromSession->handle(Object(Illuminate\\Http\\Request), Object(Closure))
#18 C:\\xampp\\htdocs\\app01\\vendor\\laravel\\framework\\src\\Illuminate\\Session\\Middleware\\StartSession.php(121): Illuminate\\Pipeline\\Pipeline->Illuminate\\Pipeline\\{closure}(Object(Illuminate\\Http\\Request))
#19 C:\\xampp\\htdocs\\app01\\vendor\\laravel\\framework\\src\\Illuminate\\Session\\Middleware\\StartSession.php(64): Illuminate\\Session\\Middleware\\StartSession->handleStatefulRequest(Object(Illuminate\\Http\\Request), Object(Illuminate\\Session\\Store), Object(Closure))
#20 C:\\xampp\\htdocs\\app01\\vendor\\laravel\\framework\\src\\Illuminate\\Pipeline\\Pipeline.php(183): Illuminate\\Session\\Middleware\\StartSession->handle(Object(Illuminate\\Http\\Request), Object(Closure))
#21 C:\\xampp\\htdocs\\app01\\vendor\\laravel\\framework\\src\\Illuminate\\Cookie\\Middleware\\AddQueuedCookiesToResponse.php(37): Illuminate\\Pipeline\\Pipeline->Illuminate\\Pipeline\\{closure}(Object(Illuminate\\Http\\Request))
#22 C:\\xampp\\htdocs\\app01\\vendor\\laravel\\framework\\src\\Illuminate\\Pipeline\\Pipeline.php(183): Illuminate\\Cookie\\Middleware\\AddQueuedCookiesToResponse->handle(Object(Illuminate\\Http\\Request), Object(Closure))
#23 C:\\xampp\\htdocs\\app01\\vendor\\laravel\\framework\\src\\Illuminate\\Cookie\\Middleware\\EncryptCookies.php(67): Illuminate\\Pipeline\\Pipeline->Illuminate\\Pipeline\\{closure}(Object(Illuminate\\Http\\Request))
#24 C:\\xampp\\htdocs\\app01\\vendor\\laravel\\framework\\src\\Illuminate\\Pipeline\\Pipeline.php(183): Illuminate\\Cookie\\Middleware\\EncryptCookies->handle(Object(Illuminate\\Http\\Request), Object(Closure))
#25 C:\\xampp\\htdocs\\app01\\vendor\\laravel\\framework\\src\\Illuminate\\Pipeline\\Pipeline.php(119): Illuminate\\Pipeline\\Pipeline->Illuminate\\Pipeline\\{closure}(Object(Illuminate\\Http\\Request))
#26 C:\\xampp\\htdocs\\app01\\vendor\\laravel\\framework\\src\\Illuminate\\Routing\\Router.php(805): Illuminate\\Pipeline\\Pipeline->then(Object(Closure))
#27 C:\\xampp\\htdocs\\app01\\vendor\\laravel\\framework\\src\\Illuminate\\Routing\\Router.php(784): Illuminate\\Routing\\Router->runRouteWithinStack(Object(Illuminate\\Routing\\Route), Object(Illuminate\\Http\\Request))
#28 C:\\xampp\\htdocs\\app01\\vendor\\laravel\\framework\\src\\Illuminate\\Routing\\Router.php(748): Illuminate\\Routing\\Router->runRoute(Object(Illuminate\\Http\\Request), Object(Illuminate\\Routing\\Route))
#29 C:\\xampp\\htdocs\\app01\\vendor\\laravel\\framework\\src\\Illuminate\\Routing\\Router.php(737): Illuminate\\Routing\\Router->dispatchToRoute(Object(Illuminate\\Http\\Request))
#30 C:\\xampp\\htdocs\\app01\\vendor\\laravel\\framework\\src\\Illuminate\\Foundation\\Http\\Kernel.php(200): Illuminate\\Routing\\Router->dispatch(Object(Illuminate\\Http\\Request))
#31 C:\\xampp\\htdocs\\app01\\vendor\\laravel\\framework\\src\\Illuminate\\Pipeline\\Pipeline.php(144): Illuminate\\Foundation\\Http\\Kernel->Illuminate\\Foundation\\Http\\{closure}(Object(Illuminate\\Http\\Request))
#32 C:\\xampp\\htdocs\\app01\\vendor\\laravel\\framework\\src\\Illuminate\\Foundation\\Http\\Middleware\\TransformsRequest.php(21): Illuminate\\Pipeline\\Pipeline->Illuminate\\Pipeline\\{closure}(Object(Illuminate\\Http\\Request))
#33 C:\\xampp\\htdocs\\app01\\vendor\\laravel\\framework\\src\\Illuminate\\Foundation\\Http\\Middleware\\ConvertEmptyStringsToNull.php(31): Illuminate\\Foundation\\Http\\Middleware\\TransformsRequest->handle(Object(Illuminate\\Http\\Request), Object(Closure))
#34 C:\\xampp\\htdocs\\app01\\vendor\\laravel\\framework\\src\\Illuminate\\Pipeline\\Pipeline.php(183): Illuminate\\Foundation\\Http\\Middleware\\ConvertEmptyStringsToNull->handle(Object(Illuminate\\Http\\Request), Object(Closure))
#35 C:\\xampp\\htdocs\\app01\\vendor\\laravel\\framework\\src\\Illuminate\\Foundation\\Http\\Middleware\\TransformsRequest.php(21): Illuminate\\Pipeline\\Pipeline->Illuminate\\Pipeline\\{closure}(Object(Illuminate\\Http\\Request))
#36 C:\\xampp\\htdocs\\app01\\vendor\\laravel\\framework\\src\\Illuminate\\Foundation\\Http\\Middleware\\TrimStrings.php(40): Illuminate\\Foundation\\Http\\Middleware\\TransformsRequest->handle(Object(Illuminate\\Http\\Request), Object(Closure))
#37 C:\\xampp\\htdocs\\app01\\vendor\\laravel\\framework\\src\\Illuminate\\Pipeline\\Pipeline.php(183): Illuminate\\Foundation\\Http\\Middleware\\TrimStrings->handle(Object(Illuminate\\Http\\Request), Object(Closure))
#38 C:\\xampp\\htdocs\\app01\\vendor\\laravel\\framework\\src\\Illuminate\\Foundation\\Http\\Middleware\\ValidatePostSize.php(27): Illuminate\\Pipeline\\Pipeline->Illuminate\\Pipeline\\{closure}(Object(Illuminate\\Http\\Request))
#39 C:\\xampp\\htdocs\\app01\\vendor\\laravel\\framework\\src\\Illuminate\\Pipeline\\Pipeline.php(183): Illuminate\\Foundation\\Http\\Middleware\\ValidatePostSize->handle(Object(Illuminate\\Http\\Request), Object(Closure))
#40 C:\\xampp\\htdocs\\app01\\vendor\\laravel\\framework\\src\\Illuminate\\Foundation\\Http\\Middleware\\PreventRequestsDuringMaintenance.php(99): Illuminate\\Pipeline\\Pipeline->Illuminate\\Pipeline\\{closure}(Object(Illuminate\\Http\\Request))
#41 C:\\xampp\\htdocs\\app01\\vendor\\laravel\\framework\\src\\Illuminate\\Pipeline\\Pipeline.php(183): Illuminate\\Foundation\\Http\\Middleware\\PreventRequestsDuringMaintenance->handle(Object(Illuminate\\Http\\Request), Object(Closure))
#42 C:\\xampp\\htdocs\\app01\\vendor\\laravel\\framework\\src\\Illuminate\\Http\\Middleware\\HandleCors.php(49): Illuminate\\Pipeline\\Pipeline->Illuminate\\Pipeline\\{closure}(Object(Illuminate\\Http\\Request))
#43 C:\\xampp\\htdocs\\app01\\vendor\\laravel\\framework\\src\\Illuminate\\Pipeline\\Pipeline.php(183): Illuminate\\Http\\Middleware\\HandleCors->handle(Object(Illuminate\\Http\\Request), Object(Closure))
#44 C:\\xampp\\htdocs\\app01\\vendor\\laravel\\framework\\src\\Illuminate\\Http\\Middleware\\TrustProxies.php(39): Illuminate\\Pipeline\\Pipeline->Illuminate\\Pipeline\\{closure}(Object(Illuminate\\Http\\Request))
#45 C:\\xampp\\htdocs\\app01\\vendor\\laravel\\framework\\src\\Illuminate\\Pipeline\\Pipeline.php(183): Illuminate\\Http\\Middleware\\TrustProxies->handle(Object(Illuminate\\Http\\Request), Object(Closure))
#46 C:\\xampp\\htdocs\\app01\\vendor\\laravel\\framework\\src\\Illuminate\\Pipeline\\Pipeline.php(119): Illuminate\\Pipeline\\Pipeline->Illuminate\\Pipeline\\{closure}(Object(Illuminate\\Http\\Request))
#47 C:\\xampp\\htdocs\\app01\\vendor\\laravel\\framework\\src\\Illuminate\\Foundation\\Http\\Kernel.php(175): Illuminate\\Pipeline\\Pipeline->then(Object(Closure))
#48 C:\\xampp\\htdocs\\app01\\vendor\\laravel\\framework\\src\\Illuminate\\Foundation\\Http\\Kernel.php(144): Illuminate\\Foundation\\Http\\Kernel->sendRequestThroughRouter(Object(Illuminate\\Http\\Request))
#49 C:\\xampp\\htdocs\\app01\\public\\index.php(51): Illuminate\\Foundation\\Http\\Kernel->handle(Object(Illuminate\\Http\\Request))
#50 C:\\xampp\\htdocs\\app01\\server.php(21): require_once('C:\\\\xampp\\\\htdocs...')
#51 {main}
"} 
[2024-05-22 17:39:31] local.DEBUG: failure  
[2024-05-22 17:39:31] local.ERROR: Object of class stdClass could not be converted to string {"userId":1,"exception":"[object] (Error(code: 0): Object of class stdClass could not be converted to string at C:\\xampp\\htdocs\\app01\\app\\Helpers\\CustomFunctions.php:94)
[stacktrace]
#0 C:\\xampp\\htdocs\\app01\\app\\Models\\Playlist.php(65): setAffData(Object(stdClass))
#1 C:\\xampp\\htdocs\\app01\\app\\Http\\Controllers\\Admin\\AdminPlaylistController.php(110): App\\Models\\Playlist::getPlaylist_detail('9')
#2 C:\\xampp\\htdocs\\app01\\vendor\\laravel\\framework\\src\\Illuminate\\Routing\\Controller.php(54): App\\Http\\Controllers\\Admin\\AdminPlaylistController->playlist_chg_detail(Object(Illuminate\\Http\\Request))
#3 C:\\xampp\\htdocs\\app01\\vendor\\laravel\\framework\\src\\Illuminate\\Routing\\ControllerDispatcher.php(43): Illuminate\\Routing\\Controller->callAction('playlist_chg_de...', Array)
#4 C:\\xampp\\htdocs\\app01\\vendor\\laravel\\framework\\src\\Illuminate\\Routing\\Route.php(259): Illuminate\\Routing\\ControllerDispatcher->dispatch(Object(Illuminate\\Routing\\Route), Object(App\\Http\\Controllers\\Admin\\AdminPlaylistController), 'playlist_chg_de...')
#5 C:\\xampp\\htdocs\\app01\\vendor\\laravel\\framework\\src\\Illuminate\\Routing\\Route.php(205): Illuminate\\Routing\\Route->runController()
#6 C:\\xampp\\htdocs\\app01\\vendor\\laravel\\framework\\src\\Illuminate\\Routing\\Router.php(806): Illuminate\\Routing\\Route->run()
#7 C:\\xampp\\htdocs\\app01\\vendor\\laravel\\framework\\src\\Illuminate\\Pipeline\\Pipeline.php(144): Illuminate\\Routing\\Router->Illuminate\\Routing\\{closure}(Object(Illuminate\\Http\\Request))
#8 C:\\xampp\\htdocs\\app01\\app\\Http\\Middleware\\AdminMiddleware.php(16): Illuminate\\Pipeline\\Pipeline->Illuminate\\Pipeline\\{closure}(Object(Illuminate\\Http\\Request))
#9 C:\\xampp\\htdocs\\app01\\vendor\\laravel\\framework\\src\\Illuminate\\Pipeline\\Pipeline.php(183): App\\Http\\Middleware\\AdminMiddleware->handle(Object(Illuminate\\Http\\Request), Object(Closure))
#10 C:\\xampp\\htdocs\\app01\\vendor\\laravel\\framework\\src\\Illuminate\\Routing\\Middleware\\SubstituteBindings.php(50): Illuminate\\Pipeline\\Pipeline->Illuminate\\Pipeline\\{closure}(Object(Illuminate\\Http\\Request))
#11 C:\\xampp\\htdocs\\app01\\vendor\\laravel\\framework\\src\\Illuminate\\Pipeline\\Pipeline.php(183): Illuminate\\Routing\\Middleware\\SubstituteBindings->handle(Object(Illuminate\\Http\\Request), Object(Closure))
#12 C:\\xampp\\htdocs\\app01\\vendor\\laravel\\framework\\src\\Illuminate\\Auth\\Middleware\\Authenticate.php(57): Illuminate\\Pipeline\\Pipeline->Illuminate\\Pipeline\\{closure}(Object(Illuminate\\Http\\Request))
#13 C:\\xampp\\htdocs\\app01\\vendor\\laravel\\framework\\src\\Illuminate\\Pipeline\\Pipeline.php(183): Illuminate\\Auth\\Middleware\\Authenticate->handle(Object(Illuminate\\Http\\Request), Object(Closure))
#14 C:\\xampp\\htdocs\\app01\\vendor\\laravel\\framework\\src\\Illuminate\\Foundation\\Http\\Middleware\\VerifyCsrfToken.php(78): Illuminate\\Pipeline\\Pipeline->Illuminate\\Pipeline\\{closure}(Object(Illuminate\\Http\\Request))
#15 C:\\xampp\\htdocs\\app01\\vendor\\laravel\\framework\\src\\Illuminate\\Pipeline\\Pipeline.php(183): Illuminate\\Foundation\\Http\\Middleware\\VerifyCsrfToken->handle(Object(Illuminate\\Http\\Request), Object(Closure))
#16 C:\\xampp\\htdocs\\app01\\vendor\\laravel\\framework\\src\\Illuminate\\View\\Middleware\\ShareErrorsFromSession.php(49): Illuminate\\Pipeline\\Pipeline->Illuminate\\Pipeline\\{closure}(Object(Illuminate\\Http\\Request))
#17 C:\\xampp\\htdocs\\app01\\vendor\\laravel\\framework\\src\\Illuminate\\Pipeline\\Pipeline.php(183): Illuminate\\View\\Middleware\\ShareErrorsFromSession->handle(Object(Illuminate\\Http\\Request), Object(Closure))
#18 C:\\xampp\\htdocs\\app01\\vendor\\laravel\\framework\\src\\Illuminate\\Session\\Middleware\\StartSession.php(121): Illuminate\\Pipeline\\Pipeline->Illuminate\\Pipeline\\{closure}(Object(Illuminate\\Http\\Request))
#19 C:\\xampp\\htdocs\\app01\\vendor\\laravel\\framework\\src\\Illuminate\\Session\\Middleware\\StartSession.php(64): Illuminate\\Session\\Middleware\\StartSession->handleStatefulRequest(Object(Illuminate\\Http\\Request), Object(Illuminate\\Session\\Store), Object(Closure))
#20 C:\\xampp\\htdocs\\app01\\vendor\\laravel\\framework\\src\\Illuminate\\Pipeline\\Pipeline.php(183): Illuminate\\Session\\Middleware\\StartSession->handle(Object(Illuminate\\Http\\Request), Object(Closure))
#21 C:\\xampp\\htdocs\\app01\\vendor\\laravel\\framework\\src\\Illuminate\\Cookie\\Middleware\\AddQueuedCookiesToResponse.php(37): Illuminate\\Pipeline\\Pipeline->Illuminate\\Pipeline\\{closure}(Object(Illuminate\\Http\\Request))
#22 C:\\xampp\\htdocs\\app01\\vendor\\laravel\\framework\\src\\Illuminate\\Pipeline\\Pipeline.php(183): Illuminate\\Cookie\\Middleware\\AddQueuedCookiesToResponse->handle(Object(Illuminate\\Http\\Request), Object(Closure))
#23 C:\\xampp\\htdocs\\app01\\vendor\\laravel\\framework\\src\\Illuminate\\Cookie\\Middleware\\EncryptCookies.php(67): Illuminate\\Pipeline\\Pipeline->Illuminate\\Pipeline\\{closure}(Object(Illuminate\\Http\\Request))
#24 C:\\xampp\\htdocs\\app01\\vendor\\laravel\\framework\\src\\Illuminate\\Pipeline\\Pipeline.php(183): Illuminate\\Cookie\\Middleware\\EncryptCookies->handle(Object(Illuminate\\Http\\Request), Object(Closure))
#25 C:\\xampp\\htdocs\\app01\\vendor\\laravel\\framework\\src\\Illuminate\\Pipeline\\Pipeline.php(119): Illuminate\\Pipeline\\Pipeline->Illuminate\\Pipeline\\{closure}(Object(Illuminate\\Http\\Request))
#26 C:\\xampp\\htdocs\\app01\\vendor\\laravel\\framework\\src\\Illuminate\\Routing\\Router.php(805): Illuminate\\Pipeline\\Pipeline->then(Object(Closure))
#27 C:\\xampp\\htdocs\\app01\\vendor\\laravel\\framework\\src\\Illuminate\\Routing\\Router.php(784): Illuminate\\Routing\\Router->runRouteWithinStack(Object(Illuminate\\Routing\\Route), Object(Illuminate\\Http\\Request))
#28 C:\\xampp\\htdocs\\app01\\vendor\\laravel\\framework\\src\\Illuminate\\Routing\\Router.php(748): Illuminate\\Routing\\Router->runRoute(Object(Illuminate\\Http\\Request), Object(Illuminate\\Routing\\Route))
#29 C:\\xampp\\htdocs\\app01\\vendor\\laravel\\framework\\src\\Illuminate\\Routing\\Router.php(737): Illuminate\\Routing\\Router->dispatchToRoute(Object(Illuminate\\Http\\Request))
#30 C:\\xampp\\htdocs\\app01\\vendor\\laravel\\framework\\src\\Illuminate\\Foundation\\Http\\Kernel.php(200): Illuminate\\Routing\\Router->dispatch(Object(Illuminate\\Http\\Request))
#31 C:\\xampp\\htdocs\\app01\\vendor\\laravel\\framework\\src\\Illuminate\\Pipeline\\Pipeline.php(144): Illuminate\\Foundation\\Http\\Kernel->Illuminate\\Foundation\\Http\\{closure}(Object(Illuminate\\Http\\Request))
#32 C:\\xampp\\htdocs\\app01\\vendor\\laravel\\framework\\src\\Illuminate\\Foundation\\Http\\Middleware\\TransformsRequest.php(21): Illuminate\\Pipeline\\Pipeline->Illuminate\\Pipeline\\{closure}(Object(Illuminate\\Http\\Request))
#33 C:\\xampp\\htdocs\\app01\\vendor\\laravel\\framework\\src\\Illuminate\\Foundation\\Http\\Middleware\\ConvertEmptyStringsToNull.php(31): Illuminate\\Foundation\\Http\\Middleware\\TransformsRequest->handle(Object(Illuminate\\Http\\Request), Object(Closure))
#34 C:\\xampp\\htdocs\\app01\\vendor\\laravel\\framework\\src\\Illuminate\\Pipeline\\Pipeline.php(183): Illuminate\\Foundation\\Http\\Middleware\\ConvertEmptyStringsToNull->handle(Object(Illuminate\\Http\\Request), Object(Closure))
#35 C:\\xampp\\htdocs\\app01\\vendor\\laravel\\framework\\src\\Illuminate\\Foundation\\Http\\Middleware\\TransformsRequest.php(21): Illuminate\\Pipeline\\Pipeline->Illuminate\\Pipeline\\{closure}(Object(Illuminate\\Http\\Request))
#36 C:\\xampp\\htdocs\\app01\\vendor\\laravel\\framework\\src\\Illuminate\\Foundation\\Http\\Middleware\\TrimStrings.php(40): Illuminate\\Foundation\\Http\\Middleware\\TransformsRequest->handle(Object(Illuminate\\Http\\Request), Object(Closure))
#37 C:\\xampp\\htdocs\\app01\\vendor\\laravel\\framework\\src\\Illuminate\\Pipeline\\Pipeline.php(183): Illuminate\\Foundation\\Http\\Middleware\\TrimStrings->handle(Object(Illuminate\\Http\\Request), Object(Closure))
#38 C:\\xampp\\htdocs\\app01\\vendor\\laravel\\framework\\src\\Illuminate\\Foundation\\Http\\Middleware\\ValidatePostSize.php(27): Illuminate\\Pipeline\\Pipeline->Illuminate\\Pipeline\\{closure}(Object(Illuminate\\Http\\Request))
#39 C:\\xampp\\htdocs\\app01\\vendor\\laravel\\framework\\src\\Illuminate\\Pipeline\\Pipeline.php(183): Illuminate\\Foundation\\Http\\Middleware\\ValidatePostSize->handle(Object(Illuminate\\Http\\Request), Object(Closure))
#40 C:\\xampp\\htdocs\\app01\\vendor\\laravel\\framework\\src\\Illuminate\\Foundation\\Http\\Middleware\\PreventRequestsDuringMaintenance.php(99): Illuminate\\Pipeline\\Pipeline->Illuminate\\Pipeline\\{closure}(Object(Illuminate\\Http\\Request))
#41 C:\\xampp\\htdocs\\app01\\vendor\\laravel\\framework\\src\\Illuminate\\Pipeline\\Pipeline.php(183): Illuminate\\Foundation\\Http\\Middleware\\PreventRequestsDuringMaintenance->handle(Object(Illuminate\\Http\\Request), Object(Closure))
#42 C:\\xampp\\htdocs\\app01\\vendor\\laravel\\framework\\src\\Illuminate\\Http\\Middleware\\HandleCors.php(49): Illuminate\\Pipeline\\Pipeline->Illuminate\\Pipeline\\{closure}(Object(Illuminate\\Http\\Request))
#43 C:\\xampp\\htdocs\\app01\\vendor\\laravel\\framework\\src\\Illuminate\\Pipeline\\Pipeline.php(183): Illuminate\\Http\\Middleware\\HandleCors->handle(Object(Illuminate\\Http\\Request), Object(Closure))
#44 C:\\xampp\\htdocs\\app01\\vendor\\laravel\\framework\\src\\Illuminate\\Http\\Middleware\\TrustProxies.php(39): Illuminate\\Pipeline\\Pipeline->Illuminate\\Pipeline\\{closure}(Object(Illuminate\\Http\\Request))
#45 C:\\xampp\\htdocs\\app01\\vendor\\laravel\\framework\\src\\Illuminate\\Pipeline\\Pipeline.php(183): Illuminate\\Http\\Middleware\\TrustProxies->handle(Object(Illuminate\\Http\\Request), Object(Closure))
#46 C:\\xampp\\htdocs\\app01\\vendor\\laravel\\framework\\src\\Illuminate\\Pipeline\\Pipeline.php(119): Illuminate\\Pipeline\\Pipeline->Illuminate\\Pipeline\\{closure}(Object(Illuminate\\Http\\Request))
#47 C:\\xampp\\htdocs\\app01\\vendor\\laravel\\framework\\src\\Illuminate\\Foundation\\Http\\Kernel.php(175): Illuminate\\Pipeline\\Pipeline->then(Object(Closure))
#48 C:\\xampp\\htdocs\\app01\\vendor\\laravel\\framework\\src\\Illuminate\\Foundation\\Http\\Kernel.php(144): Illuminate\\Foundation\\Http\\Kernel->sendRequestThroughRouter(Object(Illuminate\\Http\\Request))
#49 C:\\xampp\\htdocs\\app01\\public\\index.php(51): Illuminate\\Foundation\\Http\\Kernel->handle(Object(Illuminate\\Http\\Request))
#50 C:\\xampp\\htdocs\\app01\\server.php(21): require_once('C:\\\\xampp\\\\htdocs...')
#51 {main}
"} 
[2024-05-22 17:43:25] local.DEBUG: failure  
[2024-05-22 17:43:25] local.ERROR: Object of class stdClass could not be converted to string {"userId":1,"exception":"[object] (Error(code: 0): Object of class stdClass could not be converted to string at C:\\xampp\\htdocs\\app01\\app\\Helpers\\CustomFunctions.php:94)
[stacktrace]
#0 C:\\xampp\\htdocs\\app01\\app\\Models\\Playlist.php(65): setAffData(Object(stdClass))
#1 C:\\xampp\\htdocs\\app01\\app\\Http\\Controllers\\Admin\\AdminPlaylistController.php(110): App\\Models\\Playlist::getPlaylist_detail('9')
#2 C:\\xampp\\htdocs\\app01\\vendor\\laravel\\framework\\src\\Illuminate\\Routing\\Controller.php(54): App\\Http\\Controllers\\Admin\\AdminPlaylistController->playlist_chg_detail(Object(Illuminate\\Http\\Request))
#3 C:\\xampp\\htdocs\\app01\\vendor\\laravel\\framework\\src\\Illuminate\\Routing\\ControllerDispatcher.php(43): Illuminate\\Routing\\Controller->callAction('playlist_chg_de...', Array)
#4 C:\\xampp\\htdocs\\app01\\vendor\\laravel\\framework\\src\\Illuminate\\Routing\\Route.php(259): Illuminate\\Routing\\ControllerDispatcher->dispatch(Object(Illuminate\\Routing\\Route), Object(App\\Http\\Controllers\\Admin\\AdminPlaylistController), 'playlist_chg_de...')
#5 C:\\xampp\\htdocs\\app01\\vendor\\laravel\\framework\\src\\Illuminate\\Routing\\Route.php(205): Illuminate\\Routing\\Route->runController()
#6 C:\\xampp\\htdocs\\app01\\vendor\\laravel\\framework\\src\\Illuminate\\Routing\\Router.php(806): Illuminate\\Routing\\Route->run()
#7 C:\\xampp\\htdocs\\app01\\vendor\\laravel\\framework\\src\\Illuminate\\Pipeline\\Pipeline.php(144): Illuminate\\Routing\\Router->Illuminate\\Routing\\{closure}(Object(Illuminate\\Http\\Request))
#8 C:\\xampp\\htdocs\\app01\\app\\Http\\Middleware\\AdminMiddleware.php(16): Illuminate\\Pipeline\\Pipeline->Illuminate\\Pipeline\\{closure}(Object(Illuminate\\Http\\Request))
#9 C:\\xampp\\htdocs\\app01\\vendor\\laravel\\framework\\src\\Illuminate\\Pipeline\\Pipeline.php(183): App\\Http\\Middleware\\AdminMiddleware->handle(Object(Illuminate\\Http\\Request), Object(Closure))
#10 C:\\xampp\\htdocs\\app01\\vendor\\laravel\\framework\\src\\Illuminate\\Routing\\Middleware\\SubstituteBindings.php(50): Illuminate\\Pipeline\\Pipeline->Illuminate\\Pipeline\\{closure}(Object(Illuminate\\Http\\Request))
#11 C:\\xampp\\htdocs\\app01\\vendor\\laravel\\framework\\src\\Illuminate\\Pipeline\\Pipeline.php(183): Illuminate\\Routing\\Middleware\\SubstituteBindings->handle(Object(Illuminate\\Http\\Request), Object(Closure))
#12 C:\\xampp\\htdocs\\app01\\vendor\\laravel\\framework\\src\\Illuminate\\Auth\\Middleware\\Authenticate.php(57): Illuminate\\Pipeline\\Pipeline->Illuminate\\Pipeline\\{closure}(Object(Illuminate\\Http\\Request))
#13 C:\\xampp\\htdocs\\app01\\vendor\\laravel\\framework\\src\\Illuminate\\Pipeline\\Pipeline.php(183): Illuminate\\Auth\\Middleware\\Authenticate->handle(Object(Illuminate\\Http\\Request), Object(Closure))
#14 C:\\xampp\\htdocs\\app01\\vendor\\laravel\\framework\\src\\Illuminate\\Foundation\\Http\\Middleware\\VerifyCsrfToken.php(78): Illuminate\\Pipeline\\Pipeline->Illuminate\\Pipeline\\{closure}(Object(Illuminate\\Http\\Request))
#15 C:\\xampp\\htdocs\\app01\\vendor\\laravel\\framework\\src\\Illuminate\\Pipeline\\Pipeline.php(183): Illuminate\\Foundation\\Http\\Middleware\\VerifyCsrfToken->handle(Object(Illuminate\\Http\\Request), Object(Closure))
#16 C:\\xampp\\htdocs\\app01\\vendor\\laravel\\framework\\src\\Illuminate\\View\\Middleware\\ShareErrorsFromSession.php(49): Illuminate\\Pipeline\\Pipeline->Illuminate\\Pipeline\\{closure}(Object(Illuminate\\Http\\Request))
#17 C:\\xampp\\htdocs\\app01\\vendor\\laravel\\framework\\src\\Illuminate\\Pipeline\\Pipeline.php(183): Illuminate\\View\\Middleware\\ShareErrorsFromSession->handle(Object(Illuminate\\Http\\Request), Object(Closure))
#18 C:\\xampp\\htdocs\\app01\\vendor\\laravel\\framework\\src\\Illuminate\\Session\\Middleware\\StartSession.php(121): Illuminate\\Pipeline\\Pipeline->Illuminate\\Pipeline\\{closure}(Object(Illuminate\\Http\\Request))
#19 C:\\xampp\\htdocs\\app01\\vendor\\laravel\\framework\\src\\Illuminate\\Session\\Middleware\\StartSession.php(64): Illuminate\\Session\\Middleware\\StartSession->handleStatefulRequest(Object(Illuminate\\Http\\Request), Object(Illuminate\\Session\\Store), Object(Closure))
#20 C:\\xampp\\htdocs\\app01\\vendor\\laravel\\framework\\src\\Illuminate\\Pipeline\\Pipeline.php(183): Illuminate\\Session\\Middleware\\StartSession->handle(Object(Illuminate\\Http\\Request), Object(Closure))
#21 C:\\xampp\\htdocs\\app01\\vendor\\laravel\\framework\\src\\Illuminate\\Cookie\\Middleware\\AddQueuedCookiesToResponse.php(37): Illuminate\\Pipeline\\Pipeline->Illuminate\\Pipeline\\{closure}(Object(Illuminate\\Http\\Request))
#22 C:\\xampp\\htdocs\\app01\\vendor\\laravel\\framework\\src\\Illuminate\\Pipeline\\Pipeline.php(183): Illuminate\\Cookie\\Middleware\\AddQueuedCookiesToResponse->handle(Object(Illuminate\\Http\\Request), Object(Closure))
#23 C:\\xampp\\htdocs\\app01\\vendor\\laravel\\framework\\src\\Illuminate\\Cookie\\Middleware\\EncryptCookies.php(67): Illuminate\\Pipeline\\Pipeline->Illuminate\\Pipeline\\{closure}(Object(Illuminate\\Http\\Request))
#24 C:\\xampp\\htdocs\\app01\\vendor\\laravel\\framework\\src\\Illuminate\\Pipeline\\Pipeline.php(183): Illuminate\\Cookie\\Middleware\\EncryptCookies->handle(Object(Illuminate\\Http\\Request), Object(Closure))
#25 C:\\xampp\\htdocs\\app01\\vendor\\laravel\\framework\\src\\Illuminate\\Pipeline\\Pipeline.php(119): Illuminate\\Pipeline\\Pipeline->Illuminate\\Pipeline\\{closure}(Object(Illuminate\\Http\\Request))
#26 C:\\xampp\\htdocs\\app01\\vendor\\laravel\\framework\\src\\Illuminate\\Routing\\Router.php(805): Illuminate\\Pipeline\\Pipeline->then(Object(Closure))
#27 C:\\xampp\\htdocs\\app01\\vendor\\laravel\\framework\\src\\Illuminate\\Routing\\Router.php(784): Illuminate\\Routing\\Router->runRouteWithinStack(Object(Illuminate\\Routing\\Route), Object(Illuminate\\Http\\Request))
#28 C:\\xampp\\htdocs\\app01\\vendor\\laravel\\framework\\src\\Illuminate\\Routing\\Router.php(748): Illuminate\\Routing\\Router->runRoute(Object(Illuminate\\Http\\Request), Object(Illuminate\\Routing\\Route))
#29 C:\\xampp\\htdocs\\app01\\vendor\\laravel\\framework\\src\\Illuminate\\Routing\\Router.php(737): Illuminate\\Routing\\Router->dispatchToRoute(Object(Illuminate\\Http\\Request))
#30 C:\\xampp\\htdocs\\app01\\vendor\\laravel\\framework\\src\\Illuminate\\Foundation\\Http\\Kernel.php(200): Illuminate\\Routing\\Router->dispatch(Object(Illuminate\\Http\\Request))
#31 C:\\xampp\\htdocs\\app01\\vendor\\laravel\\framework\\src\\Illuminate\\Pipeline\\Pipeline.php(144): Illuminate\\Foundation\\Http\\Kernel->Illuminate\\Foundation\\Http\\{closure}(Object(Illuminate\\Http\\Request))
#32 C:\\xampp\\htdocs\\app01\\vendor\\laravel\\framework\\src\\Illuminate\\Foundation\\Http\\Middleware\\TransformsRequest.php(21): Illuminate\\Pipeline\\Pipeline->Illuminate\\Pipeline\\{closure}(Object(Illuminate\\Http\\Request))
#33 C:\\xampp\\htdocs\\app01\\vendor\\laravel\\framework\\src\\Illuminate\\Foundation\\Http\\Middleware\\ConvertEmptyStringsToNull.php(31): Illuminate\\Foundation\\Http\\Middleware\\TransformsRequest->handle(Object(Illuminate\\Http\\Request), Object(Closure))
#34 C:\\xampp\\htdocs\\app01\\vendor\\laravel\\framework\\src\\Illuminate\\Pipeline\\Pipeline.php(183): Illuminate\\Foundation\\Http\\Middleware\\ConvertEmptyStringsToNull->handle(Object(Illuminate\\Http\\Request), Object(Closure))
#35 C:\\xampp\\htdocs\\app01\\vendor\\laravel\\framework\\src\\Illuminate\\Foundation\\Http\\Middleware\\TransformsRequest.php(21): Illuminate\\Pipeline\\Pipeline->Illuminate\\Pipeline\\{closure}(Object(Illuminate\\Http\\Request))
#36 C:\\xampp\\htdocs\\app01\\vendor\\laravel\\framework\\src\\Illuminate\\Foundation\\Http\\Middleware\\TrimStrings.php(40): Illuminate\\Foundation\\Http\\Middleware\\TransformsRequest->handle(Object(Illuminate\\Http\\Request), Object(Closure))
#37 C:\\xampp\\htdocs\\app01\\vendor\\laravel\\framework\\src\\Illuminate\\Pipeline\\Pipeline.php(183): Illuminate\\Foundation\\Http\\Middleware\\TrimStrings->handle(Object(Illuminate\\Http\\Request), Object(Closure))
#38 C:\\xampp\\htdocs\\app01\\vendor\\laravel\\framework\\src\\Illuminate\\Foundation\\Http\\Middleware\\ValidatePostSize.php(27): Illuminate\\Pipeline\\Pipeline->Illuminate\\Pipeline\\{closure}(Object(Illuminate\\Http\\Request))
#39 C:\\xampp\\htdocs\\app01\\vendor\\laravel\\framework\\src\\Illuminate\\Pipeline\\Pipeline.php(183): Illuminate\\Foundation\\Http\\Middleware\\ValidatePostSize->handle(Object(Illuminate\\Http\\Request), Object(Closure))
#40 C:\\xampp\\htdocs\\app01\\vendor\\laravel\\framework\\src\\Illuminate\\Foundation\\Http\\Middleware\\PreventRequestsDuringMaintenance.php(99): Illuminate\\Pipeline\\Pipeline->Illuminate\\Pipeline\\{closure}(Object(Illuminate\\Http\\Request))
#41 C:\\xampp\\htdocs\\app01\\vendor\\laravel\\framework\\src\\Illuminate\\Pipeline\\Pipeline.php(183): Illuminate\\Foundation\\Http\\Middleware\\PreventRequestsDuringMaintenance->handle(Object(Illuminate\\Http\\Request), Object(Closure))
#42 C:\\xampp\\htdocs\\app01\\vendor\\laravel\\framework\\src\\Illuminate\\Http\\Middleware\\HandleCors.php(49): Illuminate\\Pipeline\\Pipeline->Illuminate\\Pipeline\\{closure}(Object(Illuminate\\Http\\Request))
#43 C:\\xampp\\htdocs\\app01\\vendor\\laravel\\framework\\src\\Illuminate\\Pipeline\\Pipeline.php(183): Illuminate\\Http\\Middleware\\HandleCors->handle(Object(Illuminate\\Http\\Request), Object(Closure))
#44 C:\\xampp\\htdocs\\app01\\vendor\\laravel\\framework\\src\\Illuminate\\Http\\Middleware\\TrustProxies.php(39): Illuminate\\Pipeline\\Pipeline->Illuminate\\Pipeline\\{closure}(Object(Illuminate\\Http\\Request))
#45 C:\\xampp\\htdocs\\app01\\vendor\\laravel\\framework\\src\\Illuminate\\Pipeline\\Pipeline.php(183): Illuminate\\Http\\Middleware\\TrustProxies->handle(Object(Illuminate\\Http\\Request), Object(Closure))
#46 C:\\xampp\\htdocs\\app01\\vendor\\laravel\\framework\\src\\Illuminate\\Pipeline\\Pipeline.php(119): Illuminate\\Pipeline\\Pipeline->Illuminate\\Pipeline\\{closure}(Object(Illuminate\\Http\\Request))
#47 C:\\xampp\\htdocs\\app01\\vendor\\laravel\\framework\\src\\Illuminate\\Foundation\\Http\\Kernel.php(175): Illuminate\\Pipeline\\Pipeline->then(Object(Closure))
#48 C:\\xampp\\htdocs\\app01\\vendor\\laravel\\framework\\src\\Illuminate\\Foundation\\Http\\Kernel.php(144): Illuminate\\Foundation\\Http\\Kernel->sendRequestThroughRouter(Object(Illuminate\\Http\\Request))
#49 C:\\xampp\\htdocs\\app01\\public\\index.php(51): Illuminate\\Foundation\\Http\\Kernel->handle(Object(Illuminate\\Http\\Request))
#50 C:\\xampp\\htdocs\\app01\\server.php(21): require_once('C:\\\\xampp\\\\htdocs...')
#51 {main}
"} 
[2024-05-22 17:43:36] local.DEBUG: failure  
